<?xml version="1.0" encoding="UTF-8" standalone="yes"?><!DOCTYPE report PUBLIC "-//JACOCO//DTD Report 1.0//EN" "report.dtd"><report name="CHIAConstraint"><sessioninfo id="" start="1455026651538" dump="1455026652603"/><sessioninfo id="it.polimi.constraints.components.SubPropertyTest testHashCode" start="1455026652608" dump="1455026652787"/><sessioninfo id="" start="1455026652792" dump="1455026652795"/><sessioninfo id="it.polimi.constraints.components.SubPropertyTest testGetAutomaton" start="1455026652804" dump="1455026652806"/><sessioninfo id="" start="1455026652812" dump="1455026652814"/><sessioninfo id="it.polimi.constraints.components.SubPropertyTest testGetOutgoingTransitions" start="1455026652819" dump="1455026652831"/><sessioninfo id="" start="1455026652835" dump="1455026652836"/><sessioninfo id="it.polimi.constraints.components.SubPropertyTest testAddIncomingTransition" start="1455026652841" dump="1455026652843"/><sessioninfo id="" start="1455026652851" dump="1455026652852"/><sessioninfo id="it.polimi.constraints.components.SubPropertyTest testGetIncomingTransitions" start="1455026652860" dump="1455026652865"/><sessioninfo id="" start="1455026652873" dump="1455026652875"/><sessioninfo id="it.polimi.constraints.components.SubPropertyTest testSubProperty" start="1455026652881" dump="1455026652883"/><sessioninfo id="" start="1455026652890" dump="1455026652891"/><sessioninfo id="it.polimi.constraints.components.SubPropertyTest testSubPropertyNullBA" start="1455026652896" dump="1455026652898"/><sessioninfo id="" start="1455026652903" dump="1455026652941"/><sessioninfo id="it.polimi.constraints.ConstraintTest testConstraint" start="1455026652970" dump="1455026653000"/><sessioninfo id="" start="1455026653008" dump="1455026653009"/><sessioninfo id="it.polimi.constraints.ConstraintTest testAddSubPropertyNull" start="1455026653020" dump="1455026653022"/><sessioninfo id="" start="1455026653027" dump="1455026653028"/><sessioninfo id="it.polimi.constraints.ConstraintTest testAddSubPropertyIllegalArgument" start="1455026653039" dump="1455026653046"/><sessioninfo id="" start="1455026653050" dump="1455026653052"/><sessioninfo id="it.polimi.constraints.ConstraintTest testAddSubProperty" start="1455026653056" dump="1455026653058"/><sessioninfo id="" start="1455026653065" dump="1455026653067"/><sessioninfo id="it.polimi.constraints.ConstraintTest testGetSubProperties" start="1455026653072" dump="1455026653073"/><sessioninfo id="" start="1455026653078" dump="1455026653079"/><sessioninfo id="it.polimi.constraints.ConstraintTest testGetSubProperty" start="1455026653084" dump="1455026653085"/><sessioninfo id="" start="1455026653089" dump="1455026653090"/><sessioninfo id="it.polimi.constraints.ConstraintTest testGetSubPropertyNullState" start="1455026653096" dump="1455026653097"/><sessioninfo id="" start="1455026653100" dump="1455026653101"/><sessioninfo id="it.polimi.constraints.ConstraintTest testGetSubPropertyIllegalState" start="1455026653106" dump="1455026653108"/><sessioninfo id="" start="1455026653117" dump="1455026653119"/><sessioninfo id="it.polimi.constraints.ConstraintTest testGetConstrainedStates" start="1455026653124" dump="1455026653129"/><sessioninfo id="" start="1455026653135" dump="1455026653146"/><sessioninfo id="it.polimi.constraints.transitions.LabeledPluggingTransitionTest testToString" start="1455026653153" dump="1455026653169"/><sessioninfo id="" start="1455026653180" dump="1455026653182"/><sessioninfo id="it.polimi.constraints.transitions.LabeledPluggingTransitionTest testLabeledPluggingTransition" start="1455026653187" dump="1455026653189"/><sessioninfo id="" start="1455026653195" dump="1455026653196"/><sessioninfo id="it.polimi.constraints.transitions.LabeledPluggingTransitionTest testLabeledPluggingTransitionConstructor" start="1455026653201" dump="1455026653202"/><sessioninfo id="" start="1455026653206" dump="1455026653207"/><sessioninfo id="it.polimi.constraints.transitions.LabeledPluggingTransitionTest testLabeledPluggingGetColor" start="1455026653211" dump="1455026653213"/><sessioninfo id="" start="1455026653219" dump="1455026653235"/><sessioninfo id="it.polimi.constraints.transitions.PluggingTransitionTest testToString" start="1455026653240" dump="1455026653244"/><sessioninfo id="" start="1455026653248" dump="1455026653248"/><sessioninfo id="it.polimi.constraints.transitions.PluggingTransitionTest testEqualsObject" start="1455026653253" dump="1455026653254"/><sessioninfo id="" start="1455026653261" dump="1455026653262"/><sessioninfo id="it.polimi.constraints.transitions.PluggingTransitionTest testHashCode" start="1455026653274" dump="1455026653278"/><sessioninfo id="" start="1455026653283" dump="1455026653284"/><sessioninfo id="it.polimi.constraints.transitions.PluggingTransitionTest testPluggingTransitionNullTransition" start="1455026653288" dump="1455026653289"/><sessioninfo id="" start="1455026653292" dump="1455026653293"/><sessioninfo id="it.polimi.constraints.transitions.PluggingTransitionTest testPluggingTransitionNullDestinationState" start="1455026653298" dump="1455026653299"/><sessioninfo id="" start="1455026653304" dump="1455026653305"/><sessioninfo id="it.polimi.constraints.transitions.PluggingTransitionTest testPluggingTransitionNullSourceState" start="1455026653308" dump="1455026653310"/><sessioninfo id="" start="1455026653314" dump="1455026653315"/><sessioninfo id="it.polimi.constraints.transitions.PluggingTransitionTest testPluggingTransition" start="1455026653324" dump="1455026653326"/><sessioninfo id="" start="1455026653333" dump="1455026653334"/><sessioninfo id="it.polimi.constraints.transitions.PluggingTransitionTest testGetSource" start="1455026653340" dump="1455026653341"/><sessioninfo id="" start="1455026653346" dump="1455026653347"/><sessioninfo id="it.polimi.constraints.transitions.PluggingTransitionTest testGetDestination" start="1455026653353" dump="1455026653353"/><sessioninfo id="" start="1455026653359" dump="1455026653360"/><sessioninfo id="it.polimi.constraints.transitions.PluggingTransitionTest testGetTransition" start="1455026653375" dump="1455026653376"/><sessioninfo id="" start="1455026653382" dump="1455026653383"/><sessioninfo id="it.polimi.constraints.transitions.PluggingTransitionTest testIsIncomingTrue" start="1455026653388" dump="1455026653389"/><sessioninfo id="" start="1455026653395" dump="1455026653396"/><sessioninfo id="it.polimi.constraints.transitions.PluggingTransitionTest testIsIncomingFalse" start="1455026653400" dump="1455026653402"/><sessioninfo id="" start="1455026653407" dump="1455026653408"/><sessioninfo id="it.polimi.constraints.transitions.PluggingTransitionTest testEquals" start="1455026653411" dump="1455026653413"/><sessioninfo id="" start="1455026653416" dump="1455026653418"/><sessioninfo id="it.polimi.constraints.transitions.PluggingTransitionTest testEqualHashCode" start="1455026653423" dump="1455026653426"/><sessioninfo id="" start="1455026653432" dump="1455026653440"/><sessioninfo id="it.polimi.constraints.transitions.PluggingTransitionTest testEqualHashCode2" start="1455026653447" dump="1455026653450"/><sessioninfo id="" start="1455026653455" dump="1455026653455"/><sessioninfo id="it.polimi.constraints.transitions.PluggingTransitionTest testEqualHashCode3" start="1455026653460" dump="1455026653463"/><sessioninfo id="" start="1455026653467" dump="1455026653468"/><sessioninfo id="it.polimi.constraints.transitions.PluggingTransitionTest testEqualHashCode4" start="1455026653470" dump="1455026653472"/><sessioninfo id="" start="1455026653478" dump="1455026653479"/><sessioninfo id="it.polimi.constraints.transitions.PluggingTransitionTest testEqualHashCode5" start="1455026653483" dump="1455026653484"/><sessioninfo id="" start="1455026653489" dump="1455026653490"/><sessioninfo id="it.polimi.constraints.transitions.PluggingTransitionTest testEqualHashCode6" start="1455026653493" dump="1455026653495"/><sessioninfo id="" start="1455026653499" dump="1455026653500"/><sessioninfo id="it.polimi.constraints.transitions.PluggingTransitionTest testEqualHashCode7" start="1455026653503" dump="1455026653504"/><sessioninfo id="" start="1455026653509" dump="1455026653509"/><sessioninfo id="it.polimi.constraints.transitions.PluggingTransitionTest testEqualHashCode8" start="1455026653513" dump="1455026653514"/><sessioninfo id="" start="1455026653518" dump="1455026653518"/><sessioninfo id="it.polimi.constraints.transitions.PluggingTransitionTest testEqualHashCode9" start="1455026653521" dump="1455026653522"/><sessioninfo id="" start="1455026653527" dump="1455026653540"/><sessioninfo id="it.polimi.constraints.utils.InjectorShouldTest notRemoveStatesFromTheIBA" start="1455026653549" dump="1455026653651"/><sessioninfo id="" start="1455026653656" dump="1455026653658"/><sessioninfo id="it.polimi.constraints.utils.InjectorShouldTest notRemoveBlackBoxStatesFromTheIBA" start="1455026653664" dump="1455026653668"/><sessioninfo id="" start="1455026653677" dump="1455026653678"/><sessioninfo id="it.polimi.constraints.utils.InjectorShouldTest notRemoveAcceptingStatesFromTheIBA" start="1455026653686" dump="1455026653693"/><sessioninfo id="" start="1455026653699" dump="1455026653700"/><sessioninfo id="it.polimi.constraints.utils.InjectorShouldTest notRemoveInitialStatesFromTheIBA" start="1455026653705" dump="1455026653708"/><sessioninfo id="" start="1455026653714" dump="1455026653714"/><sessioninfo id="it.polimi.constraints.utils.InjectorShouldTest insertTheReplacementStatesIntoTheIBA" start="1455026653718" dump="1455026653722"/><sessioninfo id="" start="1455026653727" dump="1455026653728"/><sessioninfo id="it.polimi.constraints.utils.InjectorShouldTest insertTheBlackBoxReplacementStatesIntoTheIBA" start="1455026653733" dump="1455026653740"/><sessioninfo id="" start="1455026653744" dump="1455026653745"/><sessioninfo id="it.polimi.constraints.utils.InjectorShouldTest notRemoveTheInitialStatesOfTheReplacement" start="1455026653750" dump="1455026653753"/><sessioninfo id="" start="1455026653759" dump="1455026653759"/><sessioninfo id="it.polimi.constraints.utils.InjectorShouldTest notAddOtherAcceTheInitialReplacementStatesIntoTheIBA" start="1455026653764" dump="1455026653767"/><sessioninfo id="" start="1455026653773" dump="1455026653773"/><sessioninfo id="it.polimi.constraints.utils.InjectorShouldTest throwAnExceptionIfThePredecessorOfTheIncomingTransitionWasNotAPredecessorOfTheBlackBoxState" start="1455026653778" dump="1455026653780"/><sessioninfo id="" start="1455026653785" dump="1455026653786"/><sessioninfo id="it.polimi.constraints.utils.InjectorShouldTest throwAnExceptionIfThePredecessorOfTheOutgoingTransitionWasNotAPredecessorOfTheBlackBoxState" start="1455026653794" dump="1455026653797"/><sessioninfo id="" start="1455026653802" dump="1455026653802"/><sessioninfo id="it.polimi.constraints.utils.InjectorShouldTest insertTheAcceptingReplacementStatesIntoTheIBA" start="1455026653806" dump="1455026653808"/><sessioninfo id="" start="1455026653811" dump="1455026653812"/><sessioninfo id="it.polimi.constraints.utils.InjectorShouldTest insertTheReplacementTransitionsIntoTheIBA" start="1455026653816" dump="1455026653817"/><sessioninfo id="" start="1455026653820" dump="1455026653821"/><sessioninfo id="it.polimi.constraints.utils.InjectorShouldTest injectTheIncomingTransitionsOfTheReplacement" start="1455026653824" dump="1455026653827"/><sessioninfo id="" start="1455026653831" dump="1455026653832"/><sessioninfo id="it.polimi.constraints.utils.InjectorShouldTest injectTheOutgoingTransitionsOfTheReplacement" start="1455026653835" dump="1455026653838"/><sessioninfo id="" start="1455026653845" dump="1455026653854"/><sessioninfo id="it.polimi.constraints.reachability.ReachabilityEntryTest testToString" start="1455026653860" dump="1455026653863"/><sessioninfo id="" start="1455026653868" dump="1455026653869"/><sessioninfo id="it.polimi.constraints.reachability.ReachabilityEntryTest testGetIncomingTransition" start="1455026653873" dump="1455026653874"/><sessioninfo id="" start="1455026653877" dump="1455026653878"/><sessioninfo id="it.polimi.constraints.reachability.ReachabilityEntryTest testGetOutgoingTransition" start="1455026653882" dump="1455026653883"/><sessioninfo id="" start="1455026653890" dump="1455026653891"/><sessioninfo id="it.polimi.constraints.reachability.ReachabilityEntryTest testReachabilityEntry" start="1455026653899" dump="1455026653902"/><sessioninfo id="" start="1455026653907" dump="1455026653907"/><sessioninfo id="it.polimi.constraints.reachability.ReachabilityEntryTest testReachabilityEntryNullOutgoing" start="1455026653911" dump="1455026653912"/><sessioninfo id="" start="1455026653916" dump="1455026653917"/><sessioninfo id="it.polimi.constraints.reachability.ReachabilityEntryTest testReachabilityEntryNullIncoming" start="1455026653922" dump="1455026653924"/><sessioninfo id="" start="1455026653943" dump="1455026653944"/><sessioninfo id="it.polimi.constraints.reachability.ReachabilityEntryTest testGetIncomingTransitionIllegalIncoming" start="1455026653955" dump="1455026653956"/><sessioninfo id="" start="1455026653962" dump="1455026653963"/><sessioninfo id="it.polimi.constraints.reachability.ReachabilityEntryTest testGetIncomingTransitionIllegalOutgoing" start="1455026653969" dump="1455026653970"/><sessioninfo id="" start="1455026653977" dump="1455026653978"/><sessioninfo id="it.polimi.constraints.reachability.ReachabilityEntryTest testIsModelAccepting" start="1455026653984" dump="1455026653985"/><sessioninfo id="" start="1455026653989" dump="1455026653990"/><sessioninfo id="it.polimi.constraints.reachability.ReachabilityEntryTest testIsClaimAccepting" start="1455026653998" dump="1455026653999"/><sessioninfo id="" start="1455026654005" dump="1455026654029"/><sessioninfo id="it.polimi.constraints.components.ReplacementTest testReplacement" start="1455026654034" dump="1455026654036"/><sessioninfo id="" start="1455026654041" dump="1455026654042"/><sessioninfo id="it.polimi.constraints.components.ReplacementTest testReplacement1" start="1455026654067" dump="1455026654068"/><sessioninfo id="" start="1455026654074" dump="1455026654075"/><sessioninfo id="it.polimi.constraints.components.ReplacementTest testReplacement2" start="1455026654079" dump="1455026654081"/><sessioninfo id="" start="1455026654086" dump="1455026654087"/><sessioninfo id="it.polimi.constraints.components.ReplacementTest testReplacement3" start="1455026654098" dump="1455026654100"/><sessioninfo id="" start="1455026654105" dump="1455026654106"/><sessioninfo id="it.polimi.constraints.components.ReplacementTest testReplacement4" start="1455026654111" dump="1455026654113"/><sessioninfo id="" start="1455026654118" dump="1455026654119"/><sessioninfo id="it.polimi.constraints.components.ReplacementTest testGetAutomaton" start="1455026654125" dump="1455026654126"/><sessioninfo id="" start="1455026654131" dump="1455026654132"/><sessioninfo id="it.polimi.constraints.components.ReplacementTest testAddOutgoingTransition" start="1455026654137" dump="1455026654161"/><sessioninfo id="" start="1455026654166" dump="1455026654167"/><sessioninfo id="it.polimi.constraints.components.ReplacementTest testGetOutgoingTransitions" start="1455026654172" dump="1455026654174"/><sessioninfo id="" start="1455026654179" dump="1455026654180"/><sessioninfo id="it.polimi.constraints.components.ReplacementTest testGetOutgoingTransitionsStateStateSetOfIGraphProposition" start="1455026654186" dump="1455026654188"/><sessioninfo id="" start="1455026654193" dump="1455026654194"/><sessioninfo id="it.polimi.constraints.components.ReplacementTest testHasOutgoingTransition" start="1455026654202" dump="1455026654204"/><sessioninfo id="" start="1455026654210" dump="1455026654211"/><sessioninfo id="it.polimi.constraints.components.ReplacementTest testAddIncomingTransition" start="1455026654217" dump="1455026654218"/><sessioninfo id="" start="1455026654226" dump="1455026654227"/><sessioninfo id="it.polimi.constraints.components.ReplacementTest testGetIncomingTransitions" start="1455026654233" dump="1455026654233"/><sessioninfo id="" start="1455026654239" dump="1455026654240"/><sessioninfo id="it.polimi.constraints.components.ReplacementTest testGetIncomingTransitionsStateSetOfIGraphProposition" start="1455026654246" dump="1455026654249"/><sessioninfo id="" start="1455026654261" dump="1455026654263"/><sessioninfo id="it.polimi.constraints.components.ReplacementTest testHasIncomingTransition" start="1455026654270" dump="1455026654272"/><sessioninfo id="" start="1455026654278" dump="1455026654279"/><sessioninfo id="it.polimi.constraints.components.ReplacementTest testRemovePluggingOutgoingTransition" start="1455026654284" dump="1455026654286"/><sessioninfo id="" start="1455026654291" dump="1455026654293"/><sessioninfo id="it.polimi.constraints.components.ReplacementTest testRemovePluggingIncomingTransition" start="1455026654299" dump="1455026654306"/><sessioninfo id="" start="1455026654312" dump="1455026654314"/><sessioninfo id="it.polimi.constraints.components.ReplacementTest testRemovePluggingTransitionNull" start="1455026654321" dump="1455026654323"/><sessioninfo id="" start="1455026654330" dump="1455026654330"/><sessioninfo id="it.polimi.constraints.components.ReplacementTest testRemovePluggingIllegalTransition" start="1455026654335" dump="1455026654336"/><sessioninfo id="" start="1455026654342" dump="1455026654361"/><sessioninfo id="it.polimi.constraints.reachability.ReachabilityRelationTest testToString" start="1455026654371" dump="1455026654372"/><sessioninfo id="" start="1455026654378" dump="1455026654379"/><sessioninfo id="it.polimi.constraints.reachability.ReachabilityRelationTest testGet" start="1455026654389" dump="1455026654401"/><sessioninfo id="" start="1455026654409" dump="1455026654409"/><sessioninfo id="it.polimi.constraints.reachability.ReachabilityRelationTest testReachabilityRelation" start="1455026654415" dump="1455026654416"/><sessioninfo id="" start="1455026654422" dump="1455026654423"/><sessioninfo id="it.polimi.constraints.reachability.ReachabilityRelationTest testAddTransitionNullIncoming" start="1455026654427" dump="1455026654428"/><sessioninfo id="" start="1455026654434" dump="1455026654434"/><sessioninfo id="it.polimi.constraints.reachability.ReachabilityRelationTest testAddTransitionNullOutgoing" start="1455026654441" dump="1455026654442"/><sessioninfo id="" start="1455026654449" dump="1455026654450"/><sessioninfo id="it.polimi.constraints.reachability.ReachabilityRelationTest testAddTransitionIllegalOutgoing" start="1455026654454" dump="1455026654455"/><sessioninfo id="" start="1455026654465" dump="1455026654466"/><sessioninfo id="it.polimi.constraints.reachability.ReachabilityRelationTest testAddTransitionIllegalIncoming" start="1455026654471" dump="1455026654473"/><sessioninfo id="" start="1455026654479" dump="1455026654479"/><sessioninfo id="it.polimi.constraints.reachability.ReachabilityRelationTest testAddTransition" start="1455026654485" dump="1455026654486"/><sessioninfo id="" start="1455026654492" dump="1455026654492"/><sessioninfo id="it.polimi.constraints.reachability.ReachabilityRelationTest testGetReachabilityAcceptingMap" start="1455026654498" dump="1455026654499"/><sessioninfo id="" start="1455026654506" dump="1455026654510"/><sessioninfo id="it.polimi.constraints.components.ComponentTest testComponentNullState" start="1455026654517" dump="1455026654519"/><sessioninfo id="" start="1455026654526" dump="1455026654527"/><sessioninfo id="it.polimi.constraints.components.ComponentTest testComponent" start="1455026654531" dump="1455026654532"/><sessioninfo id="" start="1455026654538" dump="1455026654542"/><sessioninfo id="it.polimi.constraints.components.ComponentTest testGetId" start="1455026654549" dump="1455026654550"/><sessioninfo id="" start="1455026654563" dump="1455026654564"/><sessioninfo id="it.polimi.constraints.components.ComponentTest testGetModelState" start="1455026654572" dump="1455026654574"/><sessioninfo id="" start="1455026654582" dump="1455026654583"/><sessioninfo id="it.polimi.constraints.components.ComponentTest testToString" start="1455026654591" dump="1455026654592"/><sessioninfo id="" start="1455026654597" dump="1455026654598"/><sessioninfo id="it.polimi.constraints.components.ComponentTest testEqualsObject" start="1455026654603" dump="1455026654605"/><sessioninfo id="" start="1455026654615" dump="1455026654616"/><sessioninfo id="it.polimi.constraints.components.ComponentTest testHashCode" start="1455026654622" dump="1455026654623"/><sessioninfo id="it.polimi.constraints.components.ComponentTest testHashCode" start="1455026654630" dump="1455026654638"/><package name="it/polimi/constraints/utils"><class name="it/polimi/constraints/utils/Injector"><method name="&lt;init&gt;" desc="(Lit/polimi/automata/IBA;Lit/polimi/constraints/components/Replacement;)V" line="52"><counter type="INSTRUCTION" missed="0" covered="77"/><counter type="BRANCH" missed="0" covered="8"/><counter type="LINE" missed="0" covered="23"/><counter type="COMPLEXITY" missed="0" covered="5"/><counter type="METHOD" missed="0" covered="1"/></method><method name="perform" desc="()Lit/polimi/automata/IBA;" line="94"><counter type="INSTRUCTION" missed="0" covered="24"/><counter type="LINE" missed="0" covered="7"/><counter type="COMPLEXITY" missed="0" covered="1"/><counter type="METHOD" missed="0" covered="1"/></method><method name="addIncomingTransitions" desc="(Lit/polimi/automata/IBA;)V" line="114"><counter type="INSTRUCTION" missed="0" covered="26"/><counter type="BRANCH" missed="0" covered="2"/><counter type="LINE" missed="0" covered="8"/><counter type="COMPLEXITY" missed="0" covered="2"/><counter type="METHOD" missed="0" covered="1"/></method><method name="addOutgoingTransitions" desc="(Lit/polimi/automata/IBA;)V" line="135"><counter type="INSTRUCTION" missed="0" covered="26"/><counter type="BRANCH" missed="0" covered="2"/><counter type="LINE" missed="0" covered="8"/><counter type="COMPLEXITY" missed="0" covered="2"/><counter type="METHOD" missed="0" covered="1"/></method><method name="injectTheAutomaton" desc="(Lit/polimi/automata/IBA;Lit/polimi/automata/IBA;)V" line="154"><counter type="INSTRUCTION" missed="0" covered="105"/><counter type="BRANCH" missed="0" covered="12"/><counter type="LINE" missed="0" covered="23"/><counter type="COMPLEXITY" missed="0" covered="7"/><counter type="METHOD" missed="0" covered="1"/></method><counter type="INSTRUCTION" missed="0" covered="258"/><counter type="BRANCH" missed="0" covered="24"/><counter type="LINE" missed="0" covered="69"/><counter type="COMPLEXITY" missed="0" covered="17"/><counter type="METHOD" missed="0" covered="5"/><counter type="CLASS" missed="0" covered="1"/></class><sourcefile name="Injector.java"><line nr="52" mi="0" ci="3" mb="0" cb="0"/><line nr="53" mi="0" ci="4" mb="0" cb="0"/><line nr="55" mi="0" ci="4" mb="0" cb="0"/><line nr="57" mi="0" ci="1" mb="0" cb="0"/><line nr="58" mi="0" ci="1" mb="0" cb="0"/><line nr="59" mi="0" ci="4" mb="0" cb="0"/><line nr="60" mi="0" ci="1" mb="0" cb="0"/><line nr="62" mi="0" ci="3" mb="0" cb="0"/><line nr="64" mi="0" ci="10" mb="0" cb="2"/><line nr="65" mi="0" ci="1" mb="0" cb="0"/><line nr="66" mi="0" ci="6" mb="0" cb="2"/><line nr="67" mi="0" ci="1" mb="0" cb="0"/><line nr="68" mi="0" ci="5" mb="0" cb="0"/><line nr="71" mi="0" ci="1" mb="0" cb="0"/><line nr="73" mi="0" ci="10" mb="0" cb="2"/><line nr="74" mi="0" ci="1" mb="0" cb="0"/><line nr="75" mi="0" ci="6" mb="0" cb="2"/><line nr="76" mi="0" ci="1" mb="0" cb="0"/><line nr="77" mi="0" ci="5" mb="0" cb="0"/><line nr="80" mi="0" ci="1" mb="0" cb="0"/><line nr="82" mi="0" ci="4" mb="0" cb="0"/><line nr="83" mi="0" ci="3" mb="0" cb="0"/><line nr="84" mi="0" ci="1" mb="0" cb="0"/><line nr="94" mi="0" ci="3" mb="0" cb="0"/><line nr="96" mi="0" ci="4" mb="0" cb="0"/><line nr="97" mi="0" ci="4" mb="0" cb="0"/><line nr="98" mi="0" ci="5" mb="0" cb="0"/><line nr="99" mi="0" ci="3" mb="0" cb="0"/><line nr="100" mi="0" ci="3" mb="0" cb="0"/><line nr="101" mi="0" ci="2" mb="0" cb="0"/><line nr="114" mi="0" ci="4" mb="0" cb="0"/><line nr="117" mi="0" ci="11" mb="0" cb="2"/><line nr="118" mi="0" ci="1" mb="0" cb="0"/><line nr="119" mi="0" ci="5" mb="0" cb="0"/><line nr="120" mi="0" ci="2" mb="0" cb="0"/><line nr="121" mi="0" ci="1" mb="0" cb="0"/><line nr="122" mi="0" ci="1" mb="0" cb="0"/><line nr="123" mi="0" ci="1" mb="0" cb="0"/><line nr="135" mi="0" ci="4" mb="0" cb="0"/><line nr="137" mi="0" ci="11" mb="0" cb="2"/><line nr="138" mi="0" ci="1" mb="0" cb="0"/><line nr="139" mi="0" ci="5" mb="0" cb="0"/><line nr="140" mi="0" ci="2" mb="0" cb="0"/><line nr="141" mi="0" ci="1" mb="0" cb="0"/><line nr="142" mi="0" ci="1" mb="0" cb="0"/><line nr="143" mi="0" ci="1" mb="0" cb="0"/><line nr="154" mi="0" ci="2" mb="0" cb="0"/><line nr="155" mi="0" ci="2" mb="0" cb="0"/><line nr="157" mi="0" ci="4" mb="0" cb="0"/><line nr="160" mi="0" ci="11" mb="0" cb="2"/><line nr="161" mi="0" ci="3" mb="0" cb="0"/><line nr="162" mi="0" ci="1" mb="0" cb="0"/><line nr="163" mi="0" ci="11" mb="0" cb="2"/><line nr="164" mi="0" ci="3" mb="0" cb="0"/><line nr="165" mi="0" ci="1" mb="0" cb="0"/><line nr="166" mi="0" ci="11" mb="0" cb="2"/><line nr="167" mi="0" ci="3" mb="0" cb="0"/><line nr="168" mi="0" ci="1" mb="0" cb="0"/><line nr="169" mi="0" ci="11" mb="0" cb="2"/><line nr="170" mi="0" ci="3" mb="0" cb="0"/><line nr="171" mi="0" ci="1" mb="0" cb="0"/><line nr="172" mi="0" ci="11" mb="0" cb="2"/><line nr="173" mi="0" ci="3" mb="0" cb="0"/><line nr="174" mi="0" ci="1" mb="0" cb="0"/><line nr="177" mi="0" ci="11" mb="0" cb="2"/><line nr="178" mi="0" ci="7" mb="0" cb="0"/><line nr="179" mi="0" ci="2" mb="0" cb="0"/><line nr="180" mi="0" ci="1" mb="0" cb="0"/><line nr="181" mi="0" ci="1" mb="0" cb="0"/><counter type="INSTRUCTION" missed="0" covered="258"/><counter type="BRANCH" missed="0" covered="24"/><counter type="LINE" missed="0" covered="69"/><counter type="COMPLEXITY" missed="0" covered="17"/><counter type="METHOD" missed="0" covered="5"/><counter type="CLASS" missed="0" covered="1"/></sourcefile><counter type="INSTRUCTION" missed="0" covered="258"/><counter type="BRANCH" missed="0" covered="24"/><counter type="LINE" missed="0" covered="69"/><counter type="COMPLEXITY" missed="0" covered="17"/><counter type="METHOD" missed="0" covered="5"/><counter type="CLASS" missed="0" covered="1"/></package><package name="it/polimi/constraints"><class name="it/polimi/constraints/Constraint"><method name="&lt;init&gt;" desc="()V" line="44"><counter type="INSTRUCTION" missed="0" covered="11"/><counter type="LINE" missed="0" covered="4"/><counter type="COMPLEXITY" missed="0" covered="1"/><counter type="METHOD" missed="0" covered="1"/></method><method name="getSubProperties" desc="()Ljava/util/Set;" line="55"><counter type="INSTRUCTION" missed="0" covered="4"/><counter type="LINE" missed="0" covered="1"/><counter type="COMPLEXITY" missed="0" covered="1"/><counter type="METHOD" missed="0" covered="1"/></method><method name="getSubProperty" desc="(Lit/polimi/automata/state/State;)Lit/polimi/constraints/components/SubProperty;" line="70"><counter type="INSTRUCTION" missed="0" covered="23"/><counter type="LINE" missed="0" covered="4"/><counter type="COMPLEXITY" missed="0" covered="1"/><counter type="METHOD" missed="0" covered="1"/></method><method name="addSubProperty" desc="(Lit/polimi/constraints/components/SubProperty;)V" line="89"><counter type="INSTRUCTION" missed="0" covered="36"/><counter type="BRANCH" missed="0" covered="2"/><counter type="LINE" missed="0" covered="7"/><counter type="COMPLEXITY" missed="0" covered="2"/><counter type="METHOD" missed="0" covered="1"/></method><method name="getConstrainedStates" desc="()Ljava/util/Set;" line="105"><counter type="INSTRUCTION" missed="0" covered="4"/><counter type="LINE" missed="0" covered="1"/><counter type="COMPLEXITY" missed="0" covered="1"/><counter type="METHOD" missed="0" covered="1"/></method><method name="toString" desc="()Ljava/lang/String;" line="113"><counter type="INSTRUCTION" missed="12" covered="0"/><counter type="LINE" missed="1" covered="0"/><counter type="COMPLEXITY" missed="1" covered="0"/><counter type="METHOD" missed="1" covered="0"/></method><counter type="INSTRUCTION" missed="12" covered="78"/><counter type="BRANCH" missed="0" covered="2"/><counter type="LINE" missed="1" covered="17"/><counter type="COMPLEXITY" missed="1" covered="6"/><counter type="METHOD" missed="1" covered="5"/><counter type="CLASS" missed="0" covered="1"/></class><sourcefile name="Constraint.java"><line nr="44" mi="0" ci="2" mb="0" cb="0"/><line nr="45" mi="0" ci="5" mb="0" cb="0"/><line nr="46" mi="0" ci="3" mb="0" cb="0"/><line nr="47" mi="0" ci="1" mb="0" cb="0"/><line nr="55" mi="0" ci="4" mb="0" cb="0"/><line nr="70" mi="0" ci="4" mb="0" cb="0"/><line nr="72" mi="0" ci="4" mb="0" cb="0"/><line nr="73" mi="0" ci="9" mb="0" cb="0"/><line nr="75" mi="0" ci="6" mb="0" cb="0"/><line nr="89" mi="0" ci="4" mb="0" cb="0"/><line nr="91" mi="0" ci="4" mb="0" cb="0"/><line nr="92" mi="0" ci="12" mb="0" cb="2"/><line nr="94" mi="0" ci="3" mb="0" cb="0"/><line nr="95" mi="0" ci="5" mb="0" cb="0"/><line nr="96" mi="0" ci="7" mb="0" cb="0"/><line nr="97" mi="0" ci="1" mb="0" cb="0"/><line nr="105" mi="0" ci="4" mb="0" cb="0"/><line nr="113" mi="12" ci="0" mb="0" cb="0"/><counter type="INSTRUCTION" missed="12" covered="78"/><counter type="BRANCH" missed="0" covered="2"/><counter type="LINE" missed="1" covered="17"/><counter type="COMPLEXITY" missed="1" covered="6"/><counter type="METHOD" missed="1" covered="5"/><counter type="CLASS" missed="0" covered="1"/></sourcefile><counter type="INSTRUCTION" missed="12" covered="78"/><counter type="BRANCH" missed="0" covered="2"/><counter type="LINE" missed="1" covered="17"/><counter type="COMPLEXITY" missed="1" covered="6"/><counter type="METHOD" missed="1" covered="5"/><counter type="CLASS" missed="0" covered="1"/></package><package name="it/polimi/constraints/reachability"><class name="it/polimi/constraints/reachability/ReachabilityRelation"><method name="&lt;init&gt;" desc="()V" line="33"><counter type="INSTRUCTION" missed="0" covered="6"/><counter type="LINE" missed="0" covered="3"/><counter type="COMPLEXITY" missed="0" covered="1"/><counter type="METHOD" missed="0" covered="1"/></method><method name="addTransition" desc="(Lit/polimi/constraints/transitions/LabeledPluggingTransition;Lit/polimi/constraints/transitions/LabeledPluggingTransition;Ljava/lang/Boolean;Ljava/lang/Boolean;)V" line="62"><counter type="INSTRUCTION" missed="0" covered="38"/><counter type="BRANCH" missed="0" covered="2"/><counter type="LINE" missed="0" covered="11"/><counter type="COMPLEXITY" missed="0" covered="2"/><counter type="METHOD" missed="0" covered="1"/></method><method name="getReachabilityAcceptingMap" desc="()Lcom/google/common/collect/Multimap;" line="88"><counter type="INSTRUCTION" missed="0" covered="3"/><counter type="LINE" missed="0" covered="1"/><counter type="COMPLEXITY" missed="0" covered="1"/><counter type="METHOD" missed="0" covered="1"/></method><method name="get" desc="(Lit/polimi/automata/state/State;)Ljava/util/Collection;" line="100"><counter type="INSTRUCTION" missed="0" covered="5"/><counter type="LINE" missed="0" covered="1"/><counter type="COMPLEXITY" missed="0" covered="1"/><counter type="METHOD" missed="0" covered="1"/></method><method name="toString" desc="()Ljava/lang/String;" line="108"><counter type="INSTRUCTION" missed="0" covered="12"/><counter type="LINE" missed="0" covered="1"/><counter type="COMPLEXITY" missed="0" covered="1"/><counter type="METHOD" missed="0" covered="1"/></method><counter type="INSTRUCTION" missed="0" covered="64"/><counter type="BRANCH" missed="0" covered="2"/><counter type="LINE" missed="0" covered="17"/><counter type="COMPLEXITY" missed="0" covered="6"/><counter type="METHOD" missed="0" covered="5"/><counter type="CLASS" missed="0" covered="1"/></class><class name="it/polimi/constraints/reachability/ReachabilityEntry"><method name="&lt;init&gt;" desc="(Lit/polimi/constraints/transitions/LabeledPluggingTransition;Lit/polimi/constraints/transitions/LabeledPluggingTransition;ZZ)V" line="60"><counter type="INSTRUCTION" missed="0" covered="35"/><counter type="BRANCH" missed="0" covered="2"/><counter type="LINE" missed="0" covered="10"/><counter type="COMPLEXITY" missed="0" covered="2"/><counter type="METHOD" missed="0" covered="1"/></method><method name="getIncomingTransition" desc="()Lit/polimi/constraints/transitions/LabeledPluggingTransition;" line="80"><counter type="INSTRUCTION" missed="0" covered="3"/><counter type="LINE" missed="0" covered="1"/><counter type="COMPLEXITY" missed="0" covered="1"/><counter type="METHOD" missed="0" covered="1"/></method><method name="getOutgoingTransition" desc="()Lit/polimi/constraints/transitions/LabeledPluggingTransition;" line="87"><counter type="INSTRUCTION" missed="0" covered="3"/><counter type="LINE" missed="0" covered="1"/><counter type="COMPLEXITY" missed="0" covered="1"/><counter type="METHOD" missed="0" covered="1"/></method><method name="isModelAccepting" desc="()Z" line="96"><counter type="INSTRUCTION" missed="0" covered="3"/><counter type="LINE" missed="0" covered="1"/><counter type="COMPLEXITY" missed="0" covered="1"/><counter type="METHOD" missed="0" covered="1"/></method><method name="isClaimAccepting" desc="()Z" line="105"><counter type="INSTRUCTION" missed="0" covered="3"/><counter type="LINE" missed="0" covered="1"/><counter type="COMPLEXITY" missed="0" covered="1"/><counter type="METHOD" missed="0" covered="1"/></method><method name="toString" desc="()Ljava/lang/String;" line="113"><counter type="INSTRUCTION" missed="0" covered="27"/><counter type="LINE" missed="0" covered="1"/><counter type="COMPLEXITY" missed="0" covered="1"/><counter type="METHOD" missed="0" covered="1"/></method><counter type="INSTRUCTION" missed="0" covered="74"/><counter type="BRANCH" missed="0" covered="2"/><counter type="LINE" missed="0" covered="15"/><counter type="COMPLEXITY" missed="0" covered="7"/><counter type="METHOD" missed="0" covered="6"/><counter type="CLASS" missed="0" covered="1"/></class><sourcefile name="ReachabilityEntry.java"><line nr="60" mi="0" ci="2" mb="0" cb="0"/><line nr="61" mi="0" ci="4" mb="0" cb="0"/><line nr="63" mi="0" ci="4" mb="0" cb="0"/><line nr="65" mi="0" ci="4" mb="0" cb="0"/><line nr="67" mi="0" ci="8" mb="0" cb="2"/><line nr="69" mi="0" ci="3" mb="0" cb="0"/><line nr="70" mi="0" ci="3" mb="0" cb="0"/><line nr="71" mi="0" ci="3" mb="0" cb="0"/><line nr="72" mi="0" ci="3" mb="0" cb="0"/><line nr="74" mi="0" ci="1" mb="0" cb="0"/><line nr="80" mi="0" ci="3" mb="0" cb="0"/><line nr="87" mi="0" ci="3" mb="0" cb="0"/><line nr="96" mi="0" ci="3" mb="0" cb="0"/><line nr="105" mi="0" ci="3" mb="0" cb="0"/><line nr="113" mi="0" ci="27" mb="0" cb="0"/><counter type="INSTRUCTION" missed="0" covered="74"/><counter type="BRANCH" missed="0" covered="2"/><counter type="LINE" missed="0" covered="15"/><counter type="COMPLEXITY" missed="0" covered="7"/><counter type="METHOD" missed="0" covered="6"/><counter type="CLASS" missed="0" covered="1"/></sourcefile><sourcefile name="ReachabilityRelation.java"><line nr="33" mi="0" ci="2" mb="0" cb="0"/><line nr="34" mi="0" ci="3" mb="0" cb="0"/><line nr="35" mi="0" ci="1" mb="0" cb="0"/><line nr="62" mi="0" ci="4" mb="0" cb="0"/><line nr="64" mi="0" ci="4" mb="0" cb="0"/><line nr="66" mi="0" ci="1" mb="0" cb="0"/><line nr="67" mi="0" ci="7" mb="0" cb="2"/><line nr="69" mi="0" ci="1" mb="0" cb="0"/><line nr="70" mi="0" ci="3" mb="0" cb="0"/><line nr="73" mi="0" ci="5" mb="0" cb="0"/><line nr="74" mi="0" ci="2" mb="0" cb="0"/><line nr="75" mi="0" ci="3" mb="0" cb="0"/><line nr="76" mi="0" ci="7" mb="0" cb="0"/><line nr="78" mi="0" ci="1" mb="0" cb="0"/><line nr="88" mi="0" ci="3" mb="0" cb="0"/><line nr="100" mi="0" ci="5" mb="0" cb="0"/><line nr="108" mi="0" ci="12" mb="0" cb="0"/><counter type="INSTRUCTION" missed="0" covered="64"/><counter type="BRANCH" missed="0" covered="2"/><counter type="LINE" missed="0" covered="17"/><counter type="COMPLEXITY" missed="0" covered="6"/><counter type="METHOD" missed="0" covered="5"/><counter type="CLASS" missed="0" covered="1"/></sourcefile><counter type="INSTRUCTION" missed="0" covered="138"/><counter type="BRANCH" missed="0" covered="4"/><counter type="LINE" missed="0" covered="32"/><counter type="COMPLEXITY" missed="0" covered="13"/><counter type="METHOD" missed="0" covered="11"/><counter type="CLASS" missed="0" covered="2"/></package><package name="it/polimi/constraints/transitions"><class name="it/polimi/constraints/transitions/TransitionToElementTransformer"><method name="&lt;init&gt;" desc="(Lorg/w3c/dom/Document;)V" line="38"><counter type="INSTRUCTION" missed="10" covered="0"/><counter type="LINE" missed="4" covered="0"/><counter type="COMPLEXITY" missed="1" covered="0"/><counter type="METHOD" missed="1" covered="0"/></method><method name="transform" desc="(Lit/polimi/automata/transition/Transition;)Lorg/w3c/dom/Element;" line="54"><counter type="INSTRUCTION" missed="42" covered="0"/><counter type="LINE" missed="12" covered="0"/><counter type="COMPLEXITY" missed="1" covered="0"/><counter type="METHOD" missed="1" covered="0"/></method><counter type="INSTRUCTION" missed="52" covered="0"/><counter type="LINE" missed="16" covered="0"/><counter type="COMPLEXITY" missed="2" covered="0"/><counter type="METHOD" missed="2" covered="0"/><counter type="CLASS" missed="1" covered="0"/></class><class name="it/polimi/constraints/transitions/PluggingTransition"><method name="&lt;init&gt;" desc="(ILit/polimi/automata/state/State;Lit/polimi/automata/state/State;Lit/polimi/automata/transition/Transition;Z)V" line="70"><counter type="INSTRUCTION" missed="0" covered="32"/><counter type="LINE" missed="0" covered="11"/><counter type="COMPLEXITY" missed="0" covered="1"/><counter type="METHOD" missed="0" covered="1"/></method><method name="&lt;init&gt;" desc="(Lit/polimi/automata/state/State;Lit/polimi/automata/state/State;Lit/polimi/automata/transition/Transition;Z)V" line="107"><counter type="INSTRUCTION" missed="0" covered="12"/><counter type="LINE" missed="0" covered="3"/><counter type="COMPLEXITY" missed="0" covered="1"/><counter type="METHOD" missed="0" covered="1"/></method><method name="getSource" desc="()Lit/polimi/automata/state/State;" line="122"><counter type="INSTRUCTION" missed="0" covered="3"/><counter type="LINE" missed="0" covered="1"/><counter type="COMPLEXITY" missed="0" covered="1"/><counter type="METHOD" missed="0" covered="1"/></method><method name="getDestination" desc="()Lit/polimi/automata/state/State;" line="134"><counter type="INSTRUCTION" missed="0" covered="3"/><counter type="LINE" missed="0" covered="1"/><counter type="COMPLEXITY" missed="0" covered="1"/><counter type="METHOD" missed="0" covered="1"/></method><method name="getTransition" desc="()Lit/polimi/automata/transition/Transition;" line="143"><counter type="INSTRUCTION" missed="0" covered="3"/><counter type="LINE" missed="0" covered="1"/><counter type="COMPLEXITY" missed="0" covered="1"/><counter type="METHOD" missed="0" covered="1"/></method><method name="isIncoming" desc="()Z" line="154"><counter type="INSTRUCTION" missed="0" covered="3"/><counter type="LINE" missed="0" covered="1"/><counter type="COMPLEXITY" missed="0" covered="1"/><counter type="METHOD" missed="0" covered="1"/></method><method name="toString" desc="()Ljava/lang/String;" line="171"><counter type="INSTRUCTION" missed="0" covered="27"/><counter type="LINE" missed="0" covered="1"/><counter type="COMPLEXITY" missed="0" covered="1"/><counter type="METHOD" missed="0" covered="1"/></method><method name="hashCode" desc="()I" line="183"><counter type="INSTRUCTION" missed="6" covered="51"/><counter type="BRANCH" missed="3" covered="5"/><counter type="LINE" missed="0" covered="9"/><counter type="COMPLEXITY" missed="3" covered="2"/><counter type="METHOD" missed="0" covered="1"/></method><method name="equals" desc="(Ljava/lang/Object;)Z" line="201"><counter type="INSTRUCTION" missed="25" covered="53"/><counter type="BRANCH" missed="14" covered="12"/><counter type="LINE" missed="11" covered="14"/><counter type="COMPLEXITY" missed="11" covered="3"/><counter type="METHOD" missed="0" covered="1"/></method><method name="&lt;clinit&gt;" desc="()V" line="20"><counter type="INSTRUCTION" missed="0" covered="3"/><counter type="LINE" missed="0" covered="1"/><counter type="COMPLEXITY" missed="0" covered="1"/><counter type="METHOD" missed="0" covered="1"/></method><counter type="INSTRUCTION" missed="31" covered="190"/><counter type="BRANCH" missed="17" covered="17"/><counter type="LINE" missed="11" covered="43"/><counter type="COMPLEXITY" missed="14" covered="13"/><counter type="METHOD" missed="0" covered="10"/><counter type="CLASS" missed="0" covered="1"/></class><class name="it/polimi/constraints/transitions/Label"><method name="values" desc="()[Lit/polimi/constraints/transitions/Label;" line="13"><counter type="INSTRUCTION" missed="4" covered="0"/><counter type="LINE" missed="1" covered="0"/><counter type="COMPLEXITY" missed="1" covered="0"/><counter type="METHOD" missed="1" covered="0"/></method><method name="valueOf" desc="(Ljava/lang/String;)Lit/polimi/constraints/transitions/Label;" line="13"><counter type="INSTRUCTION" missed="5" covered="0"/><counter type="LINE" missed="1" covered="0"/><counter type="COMPLEXITY" missed="1" covered="0"/><counter type="METHOD" missed="1" covered="0"/></method><method name="&lt;init&gt;" desc="(Ljava/lang/String;I)V" line="13"><counter type="INSTRUCTION" missed="0" covered="5"/><counter type="LINE" missed="0" covered="1"/><counter type="COMPLEXITY" missed="0" covered="1"/><counter type="METHOD" missed="0" covered="1"/></method><method name="&lt;clinit&gt;" desc="()V" line="13"><counter type="INSTRUCTION" missed="0" covered="44"/><counter type="LINE" missed="0" covered="5"/><counter type="COMPLEXITY" missed="0" covered="1"/><counter type="METHOD" missed="0" covered="1"/></method><counter type="INSTRUCTION" missed="9" covered="49"/><counter type="LINE" missed="0" covered="5"/><counter type="COMPLEXITY" missed="2" covered="2"/><counter type="METHOD" missed="2" covered="2"/><counter type="CLASS" missed="0" covered="1"/></class><class name="it/polimi/constraints/transitions/LabeledPluggingTransition"><method name="&lt;init&gt;" desc="(ILit/polimi/automata/state/State;Lit/polimi/automata/state/State;Lit/polimi/automata/transition/Transition;ZLit/polimi/constraints/transitions/Label;)V" line="64"><counter type="INSTRUCTION" missed="0" covered="15"/><counter type="LINE" missed="0" covered="4"/><counter type="COMPLEXITY" missed="0" covered="1"/><counter type="METHOD" missed="0" covered="1"/></method><method name="&lt;init&gt;" desc="(Lit/polimi/automata/state/State;Lit/polimi/automata/state/State;Lit/polimi/automata/transition/Transition;ZLit/polimi/constraints/transitions/Label;)V" line="93"><counter type="INSTRUCTION" missed="0" covered="13"/><counter type="LINE" missed="0" covered="3"/><counter type="COMPLEXITY" missed="0" covered="1"/><counter type="METHOD" missed="0" covered="1"/></method><method name="toString" desc="()Ljava/lang/String;" line="104"><counter type="INSTRUCTION" missed="0" covered="32"/><counter type="LINE" missed="0" covered="4"/><counter type="COMPLEXITY" missed="0" covered="1"/><counter type="METHOD" missed="0" covered="1"/></method><method name="getLabel" desc="()Lit/polimi/constraints/transitions/Label;" line="116"><counter type="INSTRUCTION" missed="0" covered="3"/><counter type="LINE" missed="0" covered="1"/><counter type="COMPLEXITY" missed="0" covered="1"/><counter type="METHOD" missed="0" covered="1"/></method><method name="setLabel" desc="(Lit/polimi/constraints/transitions/Label;)V" line="128"><counter type="INSTRUCTION" missed="0" covered="8"/><counter type="LINE" missed="0" covered="3"/><counter type="COMPLEXITY" missed="0" covered="1"/><counter type="METHOD" missed="0" covered="1"/></method><method name="&lt;clinit&gt;" desc="()V" line="31"><counter type="INSTRUCTION" missed="0" covered="3"/><counter type="LINE" missed="0" covered="1"/><counter type="COMPLEXITY" missed="0" covered="1"/><counter type="METHOD" missed="0" covered="1"/></method><counter type="INSTRUCTION" missed="0" covered="74"/><counter type="LINE" missed="0" covered="16"/><counter type="COMPLEXITY" missed="0" covered="6"/><counter type="METHOD" missed="0" covered="6"/><counter type="CLASS" missed="0" covered="1"/></class><sourcefile name="PluggingTransition.java"><line nr="20" mi="0" ci="3" mb="0" cb="0"/><line nr="70" mi="0" ci="3" mb="0" cb="0"/><line nr="71" mi="0" ci="4" mb="0" cb="0"/><line nr="72" mi="0" ci="4" mb="0" cb="0"/><line nr="74" mi="0" ci="4" mb="0" cb="0"/><line nr="76" mi="0" ci="2" mb="0" cb="0"/><line nr="77" mi="0" ci="2" mb="0" cb="0"/><line nr="80" mi="0" ci="3" mb="0" cb="0"/><line nr="81" mi="0" ci="3" mb="0" cb="0"/><line nr="82" mi="0" ci="3" mb="0" cb="0"/><line nr="83" mi="0" ci="3" mb="0" cb="0"/><line nr="84" mi="0" ci="1" mb="0" cb="0"/><line nr="107" mi="0" ci="7" mb="0" cb="0"/><line nr="109" mi="0" ci="4" mb="0" cb="0"/><line nr="111" mi="0" ci="1" mb="0" cb="0"/><line nr="122" mi="0" ci="3" mb="0" cb="0"/><line nr="134" mi="0" ci="3" mb="0" cb="0"/><line nr="143" mi="0" ci="3" mb="0" cb="0"/><line nr="154" mi="0" ci="3" mb="0" cb="0"/><line nr="171" mi="0" ci="27" mb="0" cb="0"/><line nr="183" mi="0" ci="2" mb="0" cb="0"/><line nr="184" mi="0" ci="3" mb="0" cb="0"/><line nr="185" mi="2" ci="8" mb="1" cb="1"/><line nr="186" mi="0" ci="3" mb="0" cb="0"/><line nr="187" mi="0" ci="11" mb="0" cb="2"/><line nr="188" mi="2" ci="11" mb="1" cb="1"/><line nr="189" mi="2" ci="8" mb="1" cb="1"/><line nr="190" mi="0" ci="3" mb="0" cb="0"/><line nr="191" mi="0" ci="2" mb="0" cb="0"/><line nr="201" mi="0" ci="3" mb="0" cb="2"/><line nr="202" mi="0" ci="2" mb="0" cb="0"/><line nr="203" mi="0" ci="4" mb="0" cb="2"/><line nr="204" mi="0" ci="2" mb="0" cb="0"/><line nr="205" mi="0" ci="5" mb="1" cb="1"/><line nr="206" mi="2" ci="0" mb="0" cb="0"/><line nr="207" mi="0" ci="3" mb="0" cb="0"/><line nr="208" mi="0" ci="3" mb="1" cb="1"/><line nr="209" mi="3" ci="0" mb="2" cb="0"/><line nr="210" mi="2" ci="0" mb="0" cb="0"/><line nr="211" mi="0" ci="6" mb="1" cb="1"/><line nr="212" mi="2" ci="0" mb="0" cb="0"/><line nr="213" mi="0" ci="5" mb="1" cb="1"/><line nr="214" mi="2" ci="0" mb="0" cb="0"/><line nr="215" mi="0" ci="3" mb="1" cb="1"/><line nr="216" mi="3" ci="0" mb="2" cb="0"/><line nr="217" mi="2" ci="0" mb="0" cb="0"/><line nr="218" mi="0" ci="6" mb="1" cb="1"/><line nr="219" mi="2" ci="0" mb="0" cb="0"/><line nr="220" mi="0" ci="3" mb="1" cb="1"/><line nr="221" mi="3" ci="0" mb="2" cb="0"/><line nr="222" mi="2" ci="0" mb="0" cb="0"/><line nr="223" mi="0" ci="6" mb="1" cb="1"/><line nr="224" mi="2" ci="0" mb="0" cb="0"/><line nr="225" mi="0" ci="2" mb="0" cb="0"/><counter type="INSTRUCTION" missed="31" covered="190"/><counter type="BRANCH" missed="17" covered="17"/><counter type="LINE" missed="11" covered="43"/><counter type="COMPLEXITY" missed="14" covered="13"/><counter type="METHOD" missed="0" covered="10"/><counter type="CLASS" missed="0" covered="1"/></sourcefile><sourcefile name="LabeledPluggingTransition.java"><line nr="31" mi="0" ci="3" mb="0" cb="0"/><line nr="64" mi="0" ci="7" mb="0" cb="0"/><line nr="65" mi="0" ci="4" mb="0" cb="0"/><line nr="68" mi="0" ci="3" mb="0" cb="0"/><line nr="69" mi="0" ci="1" mb="0" cb="0"/><line nr="93" mi="0" ci="8" mb="0" cb="0"/><line nr="95" mi="0" ci="4" mb="0" cb="0"/><line nr="97" mi="0" ci="1" mb="0" cb="0"/><line nr="104" mi="0" ci="11" mb="0" cb="0"/><line nr="105" mi="0" ci="5" mb="0" cb="0"/><line nr="106" mi="0" ci="5" mb="0" cb="0"/><line nr="107" mi="0" ci="11" mb="0" cb="0"/><line nr="116" mi="0" ci="3" mb="0" cb="0"/><line nr="128" mi="0" ci="4" mb="0" cb="0"/><line nr="130" mi="0" ci="3" mb="0" cb="0"/><line nr="131" mi="0" ci="1" mb="0" cb="0"/><counter type="INSTRUCTION" missed="0" covered="74"/><counter type="LINE" missed="0" covered="16"/><counter type="COMPLEXITY" missed="0" covered="6"/><counter type="METHOD" missed="0" covered="6"/><counter type="CLASS" missed="0" covered="1"/></sourcefile><sourcefile name="TransitionToElementTransformer.java"><line nr="38" mi="2" ci="0" mb="0" cb="0"/><line nr="39" mi="4" ci="0" mb="0" cb="0"/><line nr="40" mi="3" ci="0" mb="0" cb="0"/><line nr="41" mi="1" ci="0" mb="0" cb="0"/><line nr="54" mi="4" ci="0" mb="0" cb="0"/><line nr="57" mi="3" ci="0" mb="0" cb="0"/><line nr="58" mi="2" ci="0" mb="0" cb="0"/><line nr="60" mi="5" ci="0" mb="0" cb="0"/><line nr="61" mi="5" ci="0" mb="0" cb="0"/><line nr="62" mi="4" ci="0" mb="0" cb="0"/><line nr="65" mi="3" ci="0" mb="0" cb="0"/><line nr="66" mi="2" ci="0" mb="0" cb="0"/><line nr="68" mi="6" ci="0" mb="0" cb="0"/><line nr="69" mi="2" ci="0" mb="0" cb="0"/><line nr="70" mi="4" ci="0" mb="0" cb="0"/><line nr="72" mi="2" ci="0" mb="0" cb="0"/><counter type="INSTRUCTION" missed="52" covered="0"/><counter type="LINE" missed="16" covered="0"/><counter type="COMPLEXITY" missed="2" covered="0"/><counter type="METHOD" missed="2" covered="0"/><counter type="CLASS" missed="1" covered="0"/></sourcefile><sourcefile name="Label.java"><line nr="13" mi="9" ci="25" mb="0" cb="0"/><line nr="17" mi="0" ci="6" mb="0" cb="0"/><line nr="21" mi="0" ci="6" mb="0" cb="0"/><line nr="26" mi="0" ci="6" mb="0" cb="0"/><line nr="31" mi="0" ci="6" mb="0" cb="0"/><counter type="INSTRUCTION" missed="9" covered="49"/><counter type="LINE" missed="0" covered="5"/><counter type="COMPLEXITY" missed="2" covered="2"/><counter type="METHOD" missed="2" covered="2"/><counter type="CLASS" missed="0" covered="1"/></sourcefile><counter type="INSTRUCTION" missed="92" covered="313"/><counter type="BRANCH" missed="17" covered="17"/><counter type="LINE" missed="27" covered="64"/><counter type="COMPLEXITY" missed="18" covered="21"/><counter type="METHOD" missed="4" covered="18"/><counter type="CLASS" missed="1" covered="3"/></package><package name="it/polimi/constraints/components"><class name="it/polimi/constraints/components/SubProperty"><method name="&lt;init&gt;" desc="(Lit/polimi/automata/state/State;Lit/polimi/automata/BA;)V" line="80"><counter type="INSTRUCTION" missed="0" covered="53"/><counter type="LINE" missed="0" covered="14"/><counter type="COMPLEXITY" missed="0" covered="1"/><counter type="METHOD" missed="0" covered="1"/></method><method name="getAutomaton" desc="()Lit/polimi/automata/BA;" line="104"><counter type="INSTRUCTION" missed="0" covered="3"/><counter type="LINE" missed="0" covered="1"/><counter type="COMPLEXITY" missed="0" covered="1"/><counter type="METHOD" missed="0" covered="1"/></method><method name="getOutgoingTransitions" desc="()Ljava/util/Set;" line="115"><counter type="INSTRUCTION" missed="0" covered="8"/><counter type="LINE" missed="0" covered="3"/><counter type="COMPLEXITY" missed="0" covered="1"/><counter type="METHOD" missed="0" covered="1"/></method><method name="getIncomingTransitions" desc="()Ljava/util/Set;" line="128"><counter type="INSTRUCTION" missed="0" covered="8"/><counter type="LINE" missed="0" covered="3"/><counter type="COMPLEXITY" missed="0" covered="1"/><counter type="METHOD" missed="0" covered="1"/></method><method name="addIncomingTransition" desc="(Lit/polimi/constraints/transitions/LabeledPluggingTransition;)V" line="143"><counter type="INSTRUCTION" missed="5" covered="28"/><counter type="BRANCH" missed="2" covered="2"/><counter type="LINE" missed="1" covered="6"/><counter type="COMPLEXITY" missed="2" covered="1"/><counter type="METHOD" missed="0" covered="1"/></method><method name="getIncomingTransition" desc="(Lit/polimi/constraints/transitions/LabeledPluggingTransition;)Lit/polimi/constraints/transitions/LabeledPluggingTransition;" line="160"><counter type="INSTRUCTION" missed="20" covered="0"/><counter type="LINE" missed="5" covered="0"/><counter type="COMPLEXITY" missed="1" covered="0"/><counter type="METHOD" missed="1" covered="0"/></method><method name="getOutgoingTransition" desc="(Lit/polimi/constraints/transitions/LabeledPluggingTransition;)Lit/polimi/constraints/transitions/LabeledPluggingTransition;" line="171"><counter type="INSTRUCTION" missed="20" covered="0"/><counter type="LINE" missed="5" covered="0"/><counter type="COMPLEXITY" missed="1" covered="0"/><counter type="METHOD" missed="1" covered="0"/></method><method name="addOutgoingTransition" desc="(Lit/polimi/constraints/transitions/LabeledPluggingTransition;)V" line="190"><counter type="INSTRUCTION" missed="6" covered="35"/><counter type="BRANCH" missed="2" covered="2"/><counter type="LINE" missed="2" covered="8"/><counter type="COMPLEXITY" missed="2" covered="1"/><counter type="METHOD" missed="0" covered="1"/></method><method name="removePluggingTransition" desc="(Lit/polimi/constraints/transitions/LabeledPluggingTransition;)V" line="215"><counter type="INSTRUCTION" missed="40" covered="0"/><counter type="BRANCH" missed="8" covered="0"/><counter type="LINE" missed="9" covered="0"/><counter type="COMPLEXITY" missed="5" covered="0"/><counter type="METHOD" missed="1" covered="0"/></method><method name="addReachabilityRelation" desc="(Lit/polimi/constraints/transitions/LabeledPluggingTransition;Lit/polimi/constraints/transitions/LabeledPluggingTransition;Ljava/lang/Boolean;Ljava/lang/Boolean;)V" line="257"><counter type="INSTRUCTION" missed="46" covered="0"/><counter type="LINE" missed="10" covered="0"/><counter type="COMPLEXITY" missed="1" covered="0"/><counter type="METHOD" missed="1" covered="0"/></method><method name="getLowerReachabilityRelation" desc="()Lit/polimi/constraints/reachability/ReachabilityRelation;" line="282"><counter type="INSTRUCTION" missed="3" covered="0"/><counter type="LINE" missed="1" covered="0"/><counter type="COMPLEXITY" missed="1" covered="0"/><counter type="METHOD" missed="1" covered="0"/></method><method name="getUpperReachabilityRelation" desc="()Lit/polimi/constraints/reachability/ReachabilityRelation;" line="286"><counter type="INSTRUCTION" missed="3" covered="0"/><counter type="LINE" missed="1" covered="0"/><counter type="COMPLEXITY" missed="1" covered="0"/><counter type="METHOD" missed="1" covered="0"/></method><method name="addPossibleReachabilityRelation" desc="(Lit/polimi/constraints/transitions/LabeledPluggingTransition;Lit/polimi/constraints/transitions/LabeledPluggingTransition;Ljava/lang/Boolean;Ljava/lang/Boolean;)V" line="318"><counter type="INSTRUCTION" missed="46" covered="0"/><counter type="LINE" missed="10" covered="0"/><counter type="COMPLEXITY" missed="1" covered="0"/><counter type="METHOD" missed="1" covered="0"/></method><method name="toString" desc="()Ljava/lang/String;" line="344"><counter type="INSTRUCTION" missed="47" covered="0"/><counter type="LINE" missed="1" covered="0"/><counter type="COMPLEXITY" missed="1" covered="0"/><counter type="METHOD" missed="1" covered="0"/></method><method name="isIndispensable" desc="()Z" line="354"><counter type="INSTRUCTION" missed="3" covered="0"/><counter type="LINE" missed="1" covered="0"/><counter type="COMPLEXITY" missed="1" covered="0"/><counter type="METHOD" missed="1" covered="0"/></method><method name="setIndispensable" desc="(Z)V" line="358"><counter type="INSTRUCTION" missed="0" covered="4"/><counter type="LINE" missed="0" covered="2"/><counter type="COMPLEXITY" missed="0" covered="1"/><counter type="METHOD" missed="0" covered="1"/></method><method name="getGreenIncomingTransitions" desc="()Ljava/util/Set;" line="367"><counter type="INSTRUCTION" missed="4" covered="0"/><counter type="LINE" missed="1" covered="0"/><counter type="COMPLEXITY" missed="1" covered="0"/><counter type="METHOD" missed="1" covered="0"/></method><method name="setGreenIncomingTransition" desc="(Lit/polimi/constraints/transitions/LabeledPluggingTransition;)V" line="386"><counter type="INSTRUCTION" missed="27" covered="0"/><counter type="BRANCH" missed="2" covered="0"/><counter type="LINE" missed="8" covered="0"/><counter type="COMPLEXITY" missed="2" covered="0"/><counter type="METHOD" missed="1" covered="0"/></method><method name="setYellowIncomingTransition" desc="(Lit/polimi/constraints/transitions/LabeledPluggingTransition;)V" line="402"><counter type="INSTRUCTION" missed="27" covered="0"/><counter type="BRANCH" missed="2" covered="0"/><counter type="LINE" missed="8" covered="0"/><counter type="COMPLEXITY" missed="2" covered="0"/><counter type="METHOD" missed="1" covered="0"/></method><method name="incrementNumberRedOutgoingTransitions" desc="()V" line="418"><counter type="INSTRUCTION" missed="7" covered="0"/><counter type="LINE" missed="2" covered="0"/><counter type="COMPLEXITY" missed="1" covered="0"/><counter type="METHOD" missed="1" covered="0"/></method><method name="incrementNumberYellowOutgoingTransitions" desc="()V" line="422"><counter type="INSTRUCTION" missed="7" covered="0"/><counter type="LINE" missed="2" covered="0"/><counter type="COMPLEXITY" missed="1" covered="0"/><counter type="METHOD" missed="1" covered="0"/></method><method name="decrementNumberYellowOutgoingTransitions" desc="()V" line="426"><counter type="INSTRUCTION" missed="7" covered="0"/><counter type="LINE" missed="2" covered="0"/><counter type="COMPLEXITY" missed="1" covered="0"/><counter type="METHOD" missed="1" covered="0"/></method><method name="getNumYellowIncomingTransitions" desc="()I" line="433"><counter type="INSTRUCTION" missed="4" covered="0"/><counter type="LINE" missed="1" covered="0"/><counter type="COMPLEXITY" missed="1" covered="0"/><counter type="METHOD" missed="1" covered="0"/></method><method name="getNumIncomingTransitions" desc="()I" line="440"><counter type="INSTRUCTION" missed="4" covered="0"/><counter type="LINE" missed="1" covered="0"/><counter type="COMPLEXITY" missed="1" covered="0"/><counter type="METHOD" missed="1" covered="0"/></method><method name="getNumRedOutgoingTransitions" desc="()I" line="447"><counter type="INSTRUCTION" missed="3" covered="0"/><counter type="LINE" missed="1" covered="0"/><counter type="COMPLEXITY" missed="1" covered="0"/><counter type="METHOD" missed="1" covered="0"/></method><method name="setNumRedOutgoingTransitions" desc="(I)V" line="455"><counter type="INSTRUCTION" missed="4" covered="0"/><counter type="LINE" missed="2" covered="0"/><counter type="COMPLEXITY" missed="1" covered="0"/><counter type="METHOD" missed="1" covered="0"/></method><method name="getNumYellowOutgoingTransitions" desc="()I" line="462"><counter type="INSTRUCTION" missed="0" covered="3"/><counter type="LINE" missed="0" covered="1"/><counter type="COMPLEXITY" missed="0" covered="1"/><counter type="METHOD" missed="0" covered="1"/></method><method name="setNumYellowOutgoingTransitions" desc="(I)V" line="470"><counter type="INSTRUCTION" missed="0" covered="4"/><counter type="LINE" missed="0" covered="2"/><counter type="COMPLEXITY" missed="0" covered="1"/><counter type="METHOD" missed="0" covered="1"/></method><method name="getNumOutgoingTransitions" desc="()I" line="477"><counter type="INSTRUCTION" missed="0" covered="3"/><counter type="LINE" missed="0" covered="1"/><counter type="COMPLEXITY" missed="0" covered="1"/><counter type="METHOD" missed="0" covered="1"/></method><method name="setNumOutgoingTransitions" desc="(I)V" line="485"><counter type="INSTRUCTION" missed="0" covered="4"/><counter type="LINE" missed="0" covered="2"/><counter type="COMPLEXITY" missed="0" covered="1"/><counter type="METHOD" missed="0" covered="1"/></method><counter type="INSTRUCTION" missed="333" covered="153"/><counter type="BRANCH" missed="16" covered="4"/><counter type="LINE" missed="74" covered="43"/><counter type="COMPLEXITY" missed="29" covered="11"/><counter type="METHOD" missed="19" covered="11"/><counter type="CLASS" missed="0" covered="1"/></class><class name="it/polimi/constraints/components/Replacement"><method name="&lt;init&gt;" desc="(Lit/polimi/automata/state/State;Lit/polimi/automata/IBA;Ljava/util/Set;Ljava/util/Set;)V" line="78"><counter type="INSTRUCTION" missed="0" covered="63"/><counter type="BRANCH" missed="0" covered="4"/><counter type="LINE" missed="0" covered="16"/><counter type="COMPLEXITY" missed="0" covered="3"/><counter type="METHOD" missed="0" covered="1"/></method><method name="getAutomaton" desc="()Lit/polimi/automata/IBA;" line="106"><counter type="INSTRUCTION" missed="0" covered="3"/><counter type="LINE" missed="0" covered="1"/><counter type="COMPLEXITY" missed="0" covered="1"/><counter type="METHOD" missed="0" covered="1"/></method><method name="addOutgoingTransition" desc="(Lit/polimi/constraints/transitions/PluggingTransition;)V" line="122"><counter type="INSTRUCTION" missed="0" covered="43"/><counter type="LINE" missed="0" covered="11"/><counter type="COMPLEXITY" missed="0" covered="1"/><counter type="METHOD" missed="0" covered="1"/></method><method name="getOutgoingTransitions" desc="()Ljava/util/Set;" line="145"><counter type="INSTRUCTION" missed="0" covered="4"/><counter type="LINE" missed="0" covered="1"/><counter type="COMPLEXITY" missed="0" covered="1"/><counter type="METHOD" missed="0" covered="1"/></method><method name="getOutgoingTransitions" desc="(Lit/polimi/automata/state/State;Lit/polimi/automata/state/State;Ljava/util/Set;)Ljava/util/Collection;" line="171"><counter type="INSTRUCTION" missed="0" covered="30"/><counter type="LINE" missed="0" covered="6"/><counter type="COMPLEXITY" missed="0" covered="1"/><counter type="METHOD" missed="0" covered="1"/></method><method name="hasOutgoingTransition" desc="(Lit/polimi/automata/state/State;Lit/polimi/automata/state/State;Ljava/util/Set;)Z" line="206"><counter type="INSTRUCTION" missed="0" covered="39"/><counter type="BRANCH" missed="0" covered="2"/><counter type="LINE" missed="0" covered="8"/><counter type="COMPLEXITY" missed="0" covered="2"/><counter type="METHOD" missed="0" covered="1"/></method><method name="addIncomingTransition" desc="(Lit/polimi/constraints/transitions/PluggingTransition;)V" line="235"><counter type="INSTRUCTION" missed="0" covered="41"/><counter type="LINE" missed="0" covered="11"/><counter type="COMPLEXITY" missed="0" covered="1"/><counter type="METHOD" missed="0" covered="1"/></method><method name="getIncomingTransitions" desc="()Ljava/util/Set;" line="259"><counter type="INSTRUCTION" missed="0" covered="4"/><counter type="LINE" missed="0" covered="1"/><counter type="COMPLEXITY" missed="0" covered="1"/><counter type="METHOD" missed="0" covered="1"/></method><method name="getIncomingTransitions" desc="(Lit/polimi/automata/state/State;Ljava/util/Set;)Ljava/util/Collection;" line="283"><counter type="INSTRUCTION" missed="0" covered="13"/><counter type="LINE" missed="0" covered="3"/><counter type="COMPLEXITY" missed="0" covered="1"/><counter type="METHOD" missed="0" covered="1"/></method><method name="hasIncomingTransition" desc="(Lit/polimi/automata/state/State;Ljava/util/Set;)Z" line="311"><counter type="INSTRUCTION" missed="0" covered="18"/><counter type="BRANCH" missed="0" covered="2"/><counter type="LINE" missed="0" covered="3"/><counter type="COMPLEXITY" missed="0" covered="2"/><counter type="METHOD" missed="0" covered="1"/></method><method name="removePluggingTransition" desc="(Lit/polimi/constraints/transitions/PluggingTransition;)V" line="331"><counter type="INSTRUCTION" missed="0" covered="69"/><counter type="BRANCH" missed="0" covered="8"/><counter type="LINE" missed="0" covered="15"/><counter type="COMPLEXITY" missed="0" covered="5"/><counter type="METHOD" missed="0" covered="1"/></method><method name="toString" desc="()Ljava/lang/String;" line="356"><counter type="INSTRUCTION" missed="0" covered="26"/><counter type="LINE" missed="0" covered="1"/><counter type="COMPLEXITY" missed="0" covered="1"/><counter type="METHOD" missed="0" covered="1"/></method><counter type="INSTRUCTION" missed="0" covered="353"/><counter type="BRANCH" missed="0" covered="16"/><counter type="LINE" missed="0" covered="77"/><counter type="COMPLEXITY" missed="0" covered="20"/><counter type="METHOD" missed="0" covered="12"/><counter type="CLASS" missed="0" covered="1"/></class><class name="it/polimi/constraints/components/RefinementGenerator"><method name="&lt;init&gt;" desc="(Lit/polimi/automata/IBA;Lit/polimi/constraints/components/Replacement;)V" line="41"><counter type="INSTRUCTION" missed="18" covered="0"/><counter type="LINE" missed="6" covered="0"/><counter type="COMPLEXITY" missed="1" covered="0"/><counter type="METHOD" missed="1" covered="0"/></method><method name="checkValidReplacement" desc="()V" line="59"><counter type="INSTRUCTION" missed="56" covered="0"/><counter type="BRANCH" missed="10" covered="0"/><counter type="LINE" missed="11" covered="0"/><counter type="COMPLEXITY" missed="6" covered="0"/><counter type="METHOD" missed="1" covered="0"/></method><method name="perform" desc="()Lit/polimi/automata/IBA;" line="85"><counter type="INSTRUCTION" missed="162" covered="0"/><counter type="BRANCH" missed="14" covered="0"/><counter type="LINE" missed="42" covered="0"/><counter type="COMPLEXITY" missed="8" covered="0"/><counter type="METHOD" missed="1" covered="0"/></method><method name="checkInTransitions" desc="()V" line="146"><counter type="INSTRUCTION" missed="125" covered="0"/><counter type="BRANCH" missed="20" covered="0"/><counter type="LINE" missed="27" covered="0"/><counter type="COMPLEXITY" missed="11" covered="0"/><counter type="METHOD" missed="1" covered="0"/></method><method name="checkOutTransitions" desc="()V" line="191"><counter type="INSTRUCTION" missed="131" covered="0"/><counter type="BRANCH" missed="20" covered="0"/><counter type="LINE" missed="30" covered="0"/><counter type="COMPLEXITY" missed="11" covered="0"/><counter type="METHOD" missed="1" covered="0"/></method><counter type="INSTRUCTION" missed="492" covered="0"/><counter type="BRANCH" missed="64" covered="0"/><counter type="LINE" missed="116" covered="0"/><counter type="COMPLEXITY" missed="37" covered="0"/><counter type="METHOD" missed="5" covered="0"/><counter type="CLASS" missed="1" covered="0"/></class><class name="it/polimi/constraints/components/Component"><method name="&lt;init&gt;" desc="(Lit/polimi/automata/state/State;)V" line="45"><counter type="INSTRUCTION" missed="0" covered="17"/><counter type="LINE" missed="0" covered="6"/><counter type="COMPLEXITY" missed="0" covered="1"/><counter type="METHOD" missed="0" covered="1"/></method><method name="getId" desc="()I" line="60"><counter type="INSTRUCTION" missed="0" covered="3"/><counter type="LINE" missed="0" covered="1"/><counter type="COMPLEXITY" missed="0" covered="1"/><counter type="METHOD" missed="0" covered="1"/></method><method name="getModelState" desc="()Lit/polimi/automata/state/State;" line="69"><counter type="INSTRUCTION" missed="0" covered="3"/><counter type="LINE" missed="0" covered="1"/><counter type="COMPLEXITY" missed="0" covered="1"/><counter type="METHOD" missed="0" covered="1"/></method><method name="toString" desc="()Ljava/lang/String;" line="77"><counter type="INSTRUCTION" missed="14" covered="0"/><counter type="LINE" missed="1" covered="0"/><counter type="COMPLEXITY" missed="1" covered="0"/><counter type="METHOD" missed="1" covered="0"/></method><method name="hashCode" desc="()I" line="85"><counter type="INSTRUCTION" missed="0" covered="21"/><counter type="LINE" missed="0" covered="5"/><counter type="COMPLEXITY" missed="0" covered="1"/><counter type="METHOD" missed="0" covered="1"/></method><method name="equals" desc="(Ljava/lang/Object;)Z" line="97"><counter type="INSTRUCTION" missed="0" covered="36"/><counter type="BRANCH" missed="0" covered="10"/><counter type="LINE" missed="0" covered="12"/><counter type="COMPLEXITY" missed="0" covered="6"/><counter type="METHOD" missed="0" covered="1"/></method><method name="&lt;clinit&gt;" desc="()V" line="24"><counter type="INSTRUCTION" missed="0" covered="3"/><counter type="LINE" missed="0" covered="1"/><counter type="COMPLEXITY" missed="0" covered="1"/><counter type="METHOD" missed="0" covered="1"/></method><counter type="INSTRUCTION" missed="14" covered="83"/><counter type="BRANCH" missed="0" covered="10"/><counter type="LINE" missed="1" covered="26"/><counter type="COMPLEXITY" missed="1" covered="11"/><counter type="METHOD" missed="1" covered="6"/><counter type="CLASS" missed="0" covered="1"/></class><sourcefile name="RefinementGenerator.java"><line nr="41" mi="3" ci="0" mb="0" cb="0"/><line nr="42" mi="4" ci="0" mb="0" cb="0"/><line nr="44" mi="4" ci="0" mb="0" cb="0"/><line nr="46" mi="3" ci="0" mb="0" cb="0"/><line nr="47" mi="3" ci="0" mb="0" cb="0"/><line nr="49" mi="1" ci="0" mb="0" cb="0"/><line nr="59" mi="8" ci="0" mb="2" cb="0"/><line nr="60" mi="5" ci="0" mb="0" cb="0"/><line nr="63" mi="10" ci="0" mb="2" cb="0"/><line nr="64" mi="4" ci="0" mb="2" cb="0"/><line nr="65" mi="5" ci="0" mb="0" cb="0"/><line nr="68" mi="10" ci="0" mb="2" cb="0"/><line nr="69" mi="4" ci="0" mb="2" cb="0"/><line nr="70" mi="5" ci="0" mb="0" cb="0"/><line nr="73" mi="2" ci="0" mb="0" cb="0"/><line nr="74" mi="2" ci="0" mb="0" cb="0"/><line nr="76" mi="1" ci="0" mb="0" cb="0"/><line nr="85" mi="2" ci="0" mb="0" cb="0"/><line nr="86" mi="4" ci="0" mb="0" cb="0"/><line nr="88" mi="3" ci="0" mb="0" cb="0"/><line nr="89" mi="3" ci="0" mb="0" cb="0"/><line nr="91" mi="5" ci="0" mb="0" cb="0"/><line nr="92" mi="13" ci="0" mb="2" cb="0"/><line nr="93" mi="3" ci="0" mb="0" cb="0"/><line nr="94" mi="5" ci="0" mb="0" cb="0"/><line nr="95" mi="2" ci="0" mb="2" cb="0"/><line nr="96" mi="3" ci="0" mb="0" cb="0"/><line nr="98" mi="5" ci="0" mb="0" cb="0"/><line nr="99" mi="2" ci="0" mb="2" cb="0"/><line nr="100" mi="3" ci="0" mb="0" cb="0"/><line nr="102" mi="5" ci="0" mb="0" cb="0"/><line nr="103" mi="2" ci="0" mb="2" cb="0"/><line nr="104" mi="3" ci="0" mb="0" cb="0"/><line nr="106" mi="1" ci="0" mb="0" cb="0"/><line nr="107" mi="12" ci="0" mb="2" cb="0"/><line nr="108" mi="1" ci="0" mb="0" cb="0"/><line nr="110" mi="6" ci="0" mb="0" cb="0"/><line nr="111" mi="3" ci="0" mb="0" cb="0"/><line nr="112" mi="6" ci="0" mb="0" cb="0"/><line nr="113" mi="3" ci="0" mb="0" cb="0"/><line nr="114" mi="4" ci="0" mb="0" cb="0"/><line nr="116" mi="1" ci="0" mb="0" cb="0"/><line nr="118" mi="11" ci="0" mb="2" cb="0"/><line nr="119" mi="1" ci="0" mb="0" cb="0"/><line nr="120" mi="6" ci="0" mb="0" cb="0"/><line nr="121" mi="3" ci="0" mb="0" cb="0"/><line nr="122" mi="1" ci="0" mb="0" cb="0"/><line nr="124" mi="5" ci="0" mb="0" cb="0"/><line nr="125" mi="2" ci="0" mb="0" cb="0"/><line nr="126" mi="1" ci="0" mb="0" cb="0"/><line nr="127" mi="11" ci="0" mb="2" cb="0"/><line nr="128" mi="1" ci="0" mb="0" cb="0"/><line nr="129" mi="6" ci="0" mb="0" cb="0"/><line nr="130" mi="3" ci="0" mb="0" cb="0"/><line nr="131" mi="1" ci="0" mb="0" cb="0"/><line nr="133" mi="5" ci="0" mb="0" cb="0"/><line nr="134" mi="2" ci="0" mb="0" cb="0"/><line nr="135" mi="1" ci="0" mb="0" cb="0"/><line nr="137" mi="2" ci="0" mb="0" cb="0"/><line nr="146" mi="14" ci="0" mb="2" cb="0"/><line nr="147" mi="1" ci="0" mb="0" cb="0"/><line nr="148" mi="2" ci="0" mb="0" cb="0"/><line nr="149" mi="11" ci="0" mb="2" cb="0"/><line nr="150" mi="1" ci="0" mb="0" cb="0"/><line nr="151" mi="6" ci="0" mb="2" cb="0"/><line nr="152" mi="6" ci="0" mb="2" cb="0"/><line nr="153" mi="1" ci="0" mb="0" cb="0"/><line nr="154" mi="2" ci="0" mb="0" cb="0"/><line nr="156" mi="1" ci="0" mb="0" cb="0"/><line nr="157" mi="2" ci="0" mb="2" cb="0"/><line nr="158" mi="14" ci="0" mb="0" cb="0"/><line nr="163" mi="1" ci="0" mb="0" cb="0"/><line nr="164" mi="11" ci="0" mb="2" cb="0"/><line nr="165" mi="1" ci="0" mb="0" cb="0"/><line nr="166" mi="2" ci="0" mb="0" cb="0"/><line nr="167" mi="13" ci="0" mb="2" cb="0"/><line nr="168" mi="2" ci="0" mb="0" cb="0"/><line nr="170" mi="6" ci="0" mb="2" cb="0"/><line nr="171" mi="6" ci="0" mb="2" cb="0"/><line nr="172" mi="1" ci="0" mb="0" cb="0"/><line nr="173" mi="2" ci="0" mb="0" cb="0"/><line nr="175" mi="1" ci="0" mb="0" cb="0"/><line nr="176" mi="2" ci="0" mb="2" cb="0"/><line nr="177" mi="14" ci="0" mb="0" cb="0"/><line nr="182" mi="1" ci="0" mb="0" cb="0"/><line nr="183" mi="1" ci="0" mb="0" cb="0"/><line nr="191" mi="13" ci="0" mb="2" cb="0"/><line nr="192" mi="2" ci="0" mb="0" cb="0"/><line nr="193" mi="2" ci="0" mb="0" cb="0"/><line nr="194" mi="11" ci="0" mb="2" cb="0"/><line nr="195" mi="1" ci="0" mb="0" cb="0"/><line nr="196" mi="6" ci="0" mb="2" cb="0"/><line nr="198" mi="4" ci="0" mb="0" cb="0"/><line nr="199" mi="2" ci="0" mb="2" cb="0"/><line nr="200" mi="1" ci="0" mb="0" cb="0"/><line nr="201" mi="2" ci="0" mb="0" cb="0"/><line nr="203" mi="1" ci="0" mb="0" cb="0"/><line nr="204" mi="2" ci="0" mb="2" cb="0"/><line nr="205" mi="13" ci="0" mb="0" cb="0"/><line nr="209" mi="7" ci="0" mb="0" cb="0"/><line nr="212" mi="1" ci="0" mb="0" cb="0"/><line nr="213" mi="11" ci="0" mb="2" cb="0"/><line nr="214" mi="1" ci="0" mb="0" cb="0"/><line nr="215" mi="2" ci="0" mb="0" cb="0"/><line nr="216" mi="13" ci="0" mb="2" cb="0"/><line nr="217" mi="2" ci="0" mb="0" cb="0"/><line nr="219" mi="6" ci="0" mb="2" cb="0"/><line nr="221" mi="4" ci="0" mb="0" cb="0"/><line nr="222" mi="2" ci="0" mb="2" cb="0"/><line nr="223" mi="1" ci="0" mb="0" cb="0"/><line nr="224" mi="2" ci="0" mb="0" cb="0"/><line nr="226" mi="1" ci="0" mb="0" cb="0"/><line nr="227" mi="2" ci="0" mb="2" cb="0"/><line nr="228" mi="14" ci="0" mb="0" cb="0"/><line nr="233" mi="1" ci="0" mb="0" cb="0"/><line nr="234" mi="1" ci="0" mb="0" cb="0"/><counter type="INSTRUCTION" missed="492" covered="0"/><counter type="BRANCH" missed="64" covered="0"/><counter type="LINE" missed="116" covered="0"/><counter type="COMPLEXITY" missed="37" covered="0"/><counter type="METHOD" missed="5" covered="0"/><counter type="CLASS" missed="1" covered="0"/></sourcefile><sourcefile name="Replacement.java"><line nr="78" mi="0" ci="3" mb="0" cb="0"/><line nr="79" mi="0" ci="4" mb="0" cb="0"/><line nr="81" mi="0" ci="4" mb="0" cb="0"/><line nr="83" mi="0" ci="4" mb="0" cb="0"/><line nr="86" mi="0" ci="5" mb="0" cb="0"/><line nr="87" mi="0" ci="5" mb="0" cb="0"/><line nr="88" mi="0" ci="3" mb="0" cb="0"/><line nr="89" mi="0" ci="3" mb="0" cb="0"/><line nr="90" mi="0" ci="3" mb="0" cb="0"/><line nr="91" mi="0" ci="10" mb="0" cb="2"/><line nr="92" mi="0" ci="3" mb="0" cb="0"/><line nr="93" mi="0" ci="1" mb="0" cb="0"/><line nr="94" mi="0" ci="10" mb="0" cb="2"/><line nr="95" mi="0" ci="3" mb="0" cb="0"/><line nr="96" mi="0" ci="1" mb="0" cb="0"/><line nr="98" mi="0" ci="1" mb="0" cb="0"/><line nr="106" mi="0" ci="3" mb="0" cb="0"/><line nr="122" mi="0" ci="4" mb="0" cb="0"/><line nr="124" mi="0" ci="2" mb="0" cb="0"/><line nr="125" mi="0" ci="1" mb="0" cb="0"/><line nr="126" mi="0" ci="9" mb="0" cb="0"/><line nr="127" mi="0" ci="1" mb="0" cb="0"/><line nr="129" mi="0" ci="5" mb="0" cb="0"/><line nr="131" mi="0" ci="5" mb="0" cb="0"/><line nr="132" mi="0" ci="7" mb="0" cb="0"/><line nr="134" mi="0" ci="4" mb="0" cb="0"/><line nr="135" mi="0" ci="4" mb="0" cb="0"/><line nr="137" mi="0" ci="1" mb="0" cb="0"/><line nr="145" mi="0" ci="4" mb="0" cb="0"/><line nr="171" mi="0" ci="4" mb="0" cb="0"/><line nr="172" mi="0" ci="2" mb="0" cb="0"/><line nr="173" mi="0" ci="1" mb="0" cb="0"/><line nr="174" mi="0" ci="13" mb="0" cb="0"/><line nr="179" mi="0" ci="8" mb="0" cb="0"/><line nr="180" mi="0" ci="2" mb="0" cb="0"/><line nr="206" mi="0" ci="4" mb="0" cb="0"/><line nr="207" mi="0" ci="4" mb="0" cb="0"/><line nr="209" mi="0" ci="4" mb="0" cb="0"/><line nr="211" mi="0" ci="2" mb="0" cb="0"/><line nr="212" mi="0" ci="1" mb="0" cb="0"/><line nr="213" mi="0" ci="13" mb="0" cb="0"/><line nr="218" mi="0" ci="5" mb="0" cb="0"/><line nr="219" mi="0" ci="6" mb="0" cb="2"/><line nr="235" mi="0" ci="4" mb="0" cb="0"/><line nr="237" mi="0" ci="2" mb="0" cb="0"/><line nr="238" mi="0" ci="1" mb="0" cb="0"/><line nr="239" mi="0" ci="9" mb="0" cb="0"/><line nr="240" mi="0" ci="1" mb="0" cb="0"/><line nr="242" mi="0" ci="5" mb="0" cb="0"/><line nr="245" mi="0" ci="5" mb="0" cb="0"/><line nr="246" mi="0" ci="7" mb="0" cb="0"/><line nr="248" mi="0" ci="3" mb="0" cb="0"/><line nr="249" mi="0" ci="3" mb="0" cb="0"/><line nr="251" mi="0" ci="1" mb="0" cb="0"/><line nr="259" mi="0" ci="4" mb="0" cb="0"/><line nr="283" mi="0" ci="4" mb="0" cb="0"/><line nr="285" mi="0" ci="7" mb="0" cb="0"/><line nr="286" mi="0" ci="2" mb="0" cb="0"/><line nr="311" mi="0" ci="4" mb="0" cb="0"/><line nr="312" mi="0" ci="4" mb="0" cb="0"/><line nr="315" mi="0" ci="10" mb="0" cb="2"/><line nr="331" mi="0" ci="4" mb="0" cb="0"/><line nr="332" mi="0" ci="1" mb="0" cb="0"/><line nr="333" mi="0" ci="6" mb="0" cb="2"/><line nr="334" mi="0" ci="8" mb="0" cb="2"/><line nr="336" mi="0" ci="5" mb="0" cb="2"/><line nr="337" mi="0" ci="5" mb="0" cb="0"/><line nr="339" mi="0" ci="7" mb="0" cb="0"/><line nr="341" mi="0" ci="3" mb="0" cb="0"/><line nr="342" mi="0" ci="4" mb="0" cb="0"/><line nr="344" mi="0" ci="5" mb="0" cb="2"/><line nr="345" mi="0" ci="5" mb="0" cb="0"/><line nr="346" mi="0" ci="7" mb="0" cb="0"/><line nr="348" mi="0" ci="5" mb="0" cb="0"/><line nr="349" mi="0" ci="3" mb="0" cb="0"/><line nr="352" mi="0" ci="1" mb="0" cb="0"/><line nr="356" mi="0" ci="26" mb="0" cb="0"/><counter type="INSTRUCTION" missed="0" covered="353"/><counter type="BRANCH" missed="0" covered="16"/><counter type="LINE" missed="0" covered="77"/><counter type="COMPLEXITY" missed="0" covered="20"/><counter type="METHOD" missed="0" covered="12"/><counter type="CLASS" missed="0" covered="1"/></sourcefile><sourcefile name="Component.java"><line nr="24" mi="0" ci="3" mb="0" cb="0"/><line nr="45" mi="0" ci="2" mb="0" cb="0"/><line nr="46" mi="0" ci="4" mb="0" cb="0"/><line nr="49" mi="0" ci="3" mb="0" cb="0"/><line nr="50" mi="0" ci="4" mb="0" cb="0"/><line nr="51" mi="0" ci="3" mb="0" cb="0"/><line nr="52" mi="0" ci="1" mb="0" cb="0"/><line nr="60" mi="0" ci="3" mb="0" cb="0"/><line nr="69" mi="0" ci="3" mb="0" cb="0"/><line nr="77" mi="14" ci="0" mb="0" cb="0"/><line nr="85" mi="0" ci="2" mb="0" cb="0"/><line nr="86" mi="0" ci="2" mb="0" cb="0"/><line nr="87" mi="0" ci="7" mb="0" cb="0"/><line nr="88" mi="0" ci="8" mb="0" cb="0"/><line nr="89" mi="0" ci="2" mb="0" cb="0"/><line nr="97" mi="0" ci="3" mb="0" cb="2"/><line nr="98" mi="0" ci="2" mb="0" cb="0"/><line nr="99" mi="0" ci="2" mb="0" cb="2"/><line nr="100" mi="0" ci="2" mb="0" cb="0"/><line nr="101" mi="0" ci="5" mb="0" cb="2"/><line nr="102" mi="0" ci="2" mb="0" cb="0"/><line nr="103" mi="0" ci="3" mb="0" cb="0"/><line nr="104" mi="0" ci="6" mb="0" cb="2"/><line nr="105" mi="0" ci="2" mb="0" cb="0"/><line nr="106" mi="0" ci="5" mb="0" cb="2"/><line nr="107" mi="0" ci="2" mb="0" cb="0"/><line nr="108" mi="0" ci="2" mb="0" cb="0"/><counter type="INSTRUCTION" missed="14" covered="83"/><counter type="BRANCH" missed="0" covered="10"/><counter type="LINE" missed="1" covered="26"/><counter type="COMPLEXITY" missed="1" covered="11"/><counter type="METHOD" missed="1" covered="6"/><counter type="CLASS" missed="0" covered="1"/></sourcefile><sourcefile name="SubProperty.java"><line nr="80" mi="0" ci="3" mb="0" cb="0"/><line nr="82" mi="0" ci="4" mb="0" cb="0"/><line nr="84" mi="0" ci="3" mb="0" cb="0"/><line nr="85" mi="0" ci="5" mb="0" cb="0"/><line nr="86" mi="0" ci="5" mb="0" cb="0"/><line nr="87" mi="0" ci="5" mb="0" cb="0"/><line nr="88" mi="0" ci="5" mb="0" cb="0"/><line nr="90" mi="0" ci="5" mb="0" cb="0"/><line nr="91" mi="0" ci="5" mb="0" cb="0"/><line nr="92" mi="0" ci="3" mb="0" cb="0"/><line nr="93" mi="0" ci="3" mb="0" cb="0"/><line nr="94" mi="0" ci="3" mb="0" cb="0"/><line nr="95" mi="0" ci="3" mb="0" cb="0"/><line nr="96" mi="0" ci="1" mb="0" cb="0"/><line nr="104" mi="0" ci="3" mb="0" cb="0"/><line nr="115" mi="0" ci="4" mb="0" cb="0"/><line nr="116" mi="0" ci="2" mb="0" cb="0"/><line nr="117" mi="0" ci="2" mb="0" cb="0"/><line nr="128" mi="0" ci="4" mb="0" cb="0"/><line nr="129" mi="0" ci="2" mb="0" cb="0"/><line nr="130" mi="0" ci="2" mb="0" cb="0"/><line nr="143" mi="0" ci="4" mb="0" cb="0"/><line nr="146" mi="0" ci="5" mb="1" cb="1"/><line nr="147" mi="5" ci="0" mb="0" cb="0"/><line nr="150" mi="0" ci="5" mb="1" cb="1"/><line nr="151" mi="0" ci="5" mb="0" cb="0"/><line nr="154" mi="0" ci="8" mb="0" cb="0"/><line nr="156" mi="0" ci="1" mb="0" cb="0"/><line nr="160" mi="4" ci="0" mb="0" cb="0"/><line nr="162" mi="3" ci="0" mb="0" cb="0"/><line nr="163" mi="1" ci="0" mb="0" cb="0"/><line nr="164" mi="4" ci="0" mb="0" cb="0"/><line nr="166" mi="8" ci="0" mb="0" cb="0"/><line nr="171" mi="4" ci="0" mb="0" cb="0"/><line nr="173" mi="3" ci="0" mb="0" cb="0"/><line nr="174" mi="1" ci="0" mb="0" cb="0"/><line nr="175" mi="4" ci="0" mb="0" cb="0"/><line nr="177" mi="8" ci="0" mb="0" cb="0"/><line nr="190" mi="0" ci="5" mb="1" cb="1"/><line nr="191" mi="3" ci="0" mb="0" cb="0"/><line nr="192" mi="3" ci="0" mb="0" cb="0"/><line nr="194" mi="0" ci="5" mb="1" cb="1"/><line nr="195" mi="0" ci="3" mb="0" cb="0"/><line nr="196" mi="0" ci="3" mb="0" cb="0"/><line nr="198" mi="0" ci="6" mb="0" cb="0"/><line nr="199" mi="0" ci="4" mb="0" cb="0"/><line nr="200" mi="0" ci="8" mb="0" cb="0"/><line nr="201" mi="0" ci="1" mb="0" cb="0"/><line nr="215" mi="4" ci="0" mb="0" cb="0"/><line nr="216" mi="1" ci="0" mb="0" cb="0"/><line nr="217" mi="6" ci="0" mb="2" cb="0"/><line nr="218" mi="8" ci="0" mb="2" cb="0"/><line nr="220" mi="5" ci="0" mb="2" cb="0"/><line nr="221" mi="5" ci="0" mb="0" cb="0"/><line nr="223" mi="5" ci="0" mb="2" cb="0"/><line nr="224" mi="5" ci="0" mb="0" cb="0"/><line nr="226" mi="1" ci="0" mb="0" cb="0"/><line nr="257" mi="4" ci="0" mb="0" cb="0"/><line nr="259" mi="4" ci="0" mb="0" cb="0"/><line nr="261" mi="1" ci="0" mb="0" cb="0"/><line nr="262" mi="1" ci="0" mb="0" cb="0"/><line nr="263" mi="13" ci="0" mb="0" cb="0"/><line nr="268" mi="1" ci="0" mb="0" cb="0"/><line nr="269" mi="1" ci="0" mb="0" cb="0"/><line nr="270" mi="13" ci="0" mb="0" cb="0"/><line nr="276" mi="7" ci="0" mb="0" cb="0"/><line nr="279" mi="1" ci="0" mb="0" cb="0"/><line nr="282" mi="3" ci="0" mb="0" cb="0"/><line nr="286" mi="3" ci="0" mb="0" cb="0"/><line nr="318" mi="4" ci="0" mb="0" cb="0"/><line nr="320" mi="4" ci="0" mb="0" cb="0"/><line nr="322" mi="1" ci="0" mb="0" cb="0"/><line nr="323" mi="1" ci="0" mb="0" cb="0"/><line nr="324" mi="13" ci="0" mb="0" cb="0"/><line nr="329" mi="1" ci="0" mb="0" cb="0"/><line nr="330" mi="1" ci="0" mb="0" cb="0"/><line nr="331" mi="13" ci="0" mb="0" cb="0"/><line nr="337" mi="7" ci="0" mb="0" cb="0"/><line nr="340" mi="1" ci="0" mb="0" cb="0"/><line nr="344" mi="47" ci="0" mb="0" cb="0"/><line nr="354" mi="3" ci="0" mb="0" cb="0"/><line nr="358" mi="0" ci="3" mb="0" cb="0"/><line nr="359" mi="0" ci="1" mb="0" cb="0"/><line nr="367" mi="4" ci="0" mb="0" cb="0"/><line nr="386" mi="4" ci="0" mb="0" cb="0"/><line nr="388" mi="2" ci="0" mb="0" cb="0"/><line nr="389" mi="1" ci="0" mb="0" cb="0"/><line nr="390" mi="4" ci="0" mb="0" cb="0"/><line nr="393" mi="5" ci="0" mb="2" cb="0"/><line nr="394" mi="5" ci="0" mb="0" cb="0"/><line nr="396" mi="5" ci="0" mb="0" cb="0"/><line nr="398" mi="1" ci="0" mb="0" cb="0"/><line nr="402" mi="4" ci="0" mb="0" cb="0"/><line nr="404" mi="2" ci="0" mb="0" cb="0"/><line nr="405" mi="1" ci="0" mb="0" cb="0"/><line nr="406" mi="4" ci="0" mb="0" cb="0"/><line nr="409" mi="5" ci="0" mb="2" cb="0"/><line nr="410" mi="5" ci="0" mb="0" cb="0"/><line nr="413" mi="5" ci="0" mb="0" cb="0"/><line nr="415" mi="1" ci="0" mb="0" cb="0"/><line nr="418" mi="6" ci="0" mb="0" cb="0"/><line nr="419" mi="1" ci="0" mb="0" cb="0"/><line nr="422" mi="6" ci="0" mb="0" cb="0"/><line nr="423" mi="1" ci="0" mb="0" cb="0"/><line nr="426" mi="6" ci="0" mb="0" cb="0"/><line nr="427" mi="1" ci="0" mb="0" cb="0"/><line nr="433" mi="4" ci="0" mb="0" cb="0"/><line nr="440" mi="4" ci="0" mb="0" cb="0"/><line nr="447" mi="3" ci="0" mb="0" cb="0"/><line nr="455" mi="3" ci="0" mb="0" cb="0"/><line nr="456" mi="1" ci="0" mb="0" cb="0"/><line nr="462" mi="0" ci="3" mb="0" cb="0"/><line nr="470" mi="0" ci="3" mb="0" cb="0"/><line nr="471" mi="0" ci="1" mb="0" cb="0"/><line nr="477" mi="0" ci="3" mb="0" cb="0"/><line nr="485" mi="0" ci="3" mb="0" cb="0"/><line nr="486" mi="0" ci="1" mb="0" cb="0"/><counter type="INSTRUCTION" missed="333" covered="153"/><counter type="BRANCH" missed="16" covered="4"/><counter type="LINE" missed="74" covered="43"/><counter type="COMPLEXITY" missed="29" covered="11"/><counter type="METHOD" missed="19" covered="11"/><counter type="CLASS" missed="0" covered="1"/></sourcefile><counter type="INSTRUCTION" missed="839" covered="589"/><counter type="BRANCH" missed="80" covered="30"/><counter type="LINE" missed="191" covered="146"/><counter type="COMPLEXITY" missed="67" covered="42"/><counter type="METHOD" missed="25" covered="29"/><counter type="CLASS" missed="1" covered="3"/></package><counter type="INSTRUCTION" missed="943" covered="1376"/><counter type="BRANCH" missed="97" covered="77"/><counter type="LINE" missed="219" covered="328"/><counter type="COMPLEXITY" missed="86" covered="99"/><counter type="METHOD" missed="30" covered="68"/><counter type="CLASS" missed="2" covered="10"/></report>