<?xml version="1.0" encoding="UTF-8" standalone="yes"?><!DOCTYPE report PUBLIC "-//JACOCO//DTD Report 1.0//EN" "report.dtd"><report name="CHIAContraintComputation"><sessioninfo id="" start="1455026698049" dump="1455026698987"/><sessioninfo id="it.polimi.constraintcomputation.reachability.statepresence.acceptingmodel.AcceptingModelStatePathCheckerTest testAcceptingClaimStatePathChecker1" start="1455026698993" dump="1455026699172"/><sessioninfo id="" start="1455026699181" dump="1455026699182"/><sessioninfo id="it.polimi.constraintcomputation.reachability.statepresence.acceptingmodel.AcceptingModelStatePathCheckerTest testAcceptingClaimStatePathChecker2" start="1455026699187" dump="1455026699188"/><sessioninfo id="" start="1455026699193" dump="1455026699195"/><sessioninfo id="it.polimi.constraintcomputation.reachability.statepresence.acceptingmodel.AcceptingModelStatePathCheckerTest testAcceptingClaimStatePathChecker3" start="1455026699200" dump="1455026699205"/><sessioninfo id="" start="1455026699210" dump="1455026699211"/><sessioninfo id="it.polimi.constraintcomputation.reachability.statepresence.acceptingmodel.AcceptingModelStatePathCheckerTest testAcceptingClaimStatePathChecker" start="1455026699238" dump="1455026699246"/><sessioninfo id="" start="1455026699251" dump="1455026699252"/><sessioninfo id="it.polimi.constraintcomputation.reachability.statepresence.acceptingmodel.AcceptingModelStatePathCheckerTest testPerform1" start="1455026699256" dump="1455026699363"/><sessioninfo id="" start="1455026699367" dump="1455026699393"/><sessioninfo id="it.polimi.constraintcomputation.ConstraintComputation1Test test" start="1455026699399" dump="1455026699884"/><sessioninfo id="" start="1455026699892" dump="1455026699909"/><sessioninfo id="it.polimi.constraintcomputation.subpropertyidentifier.labeling.TransitionLabelerTest testPerform2" start="1455026699918" dump="1455026699924"/><sessioninfo id="" start="1455026699930" dump="1455026699931"/><sessioninfo id="it.polimi.constraintcomputation.subpropertyidentifier.labeling.TransitionLabelerTest testPerform3" start="1455026699941" dump="1455026699947"/><sessioninfo id="" start="1455026699959" dump="1455026699960"/><sessioninfo id="it.polimi.constraintcomputation.subpropertyidentifier.labeling.TransitionLabelerTest testPerform1" start="1455026699973" dump="1455026699977"/><sessioninfo id="" start="1455026699984" dump="1455026699985"/><sessioninfo id="it.polimi.constraintcomputation.subpropertyidentifier.labeling.TransitionLabelerTest testTransitionLabeler1" start="1455026699993" dump="1455026699994"/><sessioninfo id="" start="1455026700002" dump="1455026700004"/><sessioninfo id="it.polimi.constraintcomputation.subpropertyidentifier.labeling.TransitionLabelerTest testTransitionLabeler" start="1455026700016" dump="1455026700018"/><sessioninfo id="" start="1455026700029" dump="1455026700046"/><sessioninfo id="it.polimi.constraintcomputation.subpropertyidentifier.labeling.ForwardLabelerTest testPerform2" start="1455026700059" dump="1455026700062"/><sessioninfo id="" start="1455026700072" dump="1455026700074"/><sessioninfo id="it.polimi.constraintcomputation.subpropertyidentifier.labeling.ForwardLabelerTest testPerform3" start="1455026700082" dump="1455026700087"/><sessioninfo id="" start="1455026700094" dump="1455026700095"/><sessioninfo id="it.polimi.constraintcomputation.subpropertyidentifier.labeling.ForwardLabelerTest testPerform4" start="1455026700112" dump="1455026700117"/><sessioninfo id="" start="1455026700124" dump="1455026700125"/><sessioninfo id="it.polimi.constraintcomputation.subpropertyidentifier.labeling.ForwardLabelerTest testForwardLabeler2" start="1455026700134" dump="1455026700136"/><sessioninfo id="" start="1455026700145" dump="1455026700146"/><sessioninfo id="it.polimi.constraintcomputation.subpropertyidentifier.labeling.ForwardLabelerTest testForwardLabeler3" start="1455026700155" dump="1455026700158"/><sessioninfo id="" start="1455026700171" dump="1455026700172"/><sessioninfo id="it.polimi.constraintcomputation.subpropertyidentifier.labeling.ForwardLabelerTest testForwardLabeler1" start="1455026700180" dump="1455026700182"/><sessioninfo id="" start="1455026700188" dump="1455026700189"/><sessioninfo id="it.polimi.constraintcomputation.subpropertyidentifier.labeling.ForwardLabelerTest testForwardLabeler4" start="1455026700198" dump="1455026700199"/><sessioninfo id="" start="1455026700207" dump="1455026700208"/><sessioninfo id="it.polimi.constraintcomputation.subpropertyidentifier.labeling.ForwardLabelerTest testPerform5" start="1455026700219" dump="1455026700223"/><sessioninfo id="" start="1455026700237" dump="1455026700238"/><sessioninfo id="it.polimi.constraintcomputation.subpropertyidentifier.labeling.ForwardLabelerTest testPerform6" start="1455026700244" dump="1455026700248"/><sessioninfo id="" start="1455026700255" dump="1455026700256"/><sessioninfo id="it.polimi.constraintcomputation.subpropertyidentifier.labeling.ForwardLabelerTest testPerform7" start="1455026700267" dump="1455026700272"/><sessioninfo id="" start="1455026700280" dump="1455026700281"/><sessioninfo id="it.polimi.constraintcomputation.subpropertyidentifier.labeling.ForwardLabelerTest testPerform1" start="1455026700288" dump="1455026700289"/><sessioninfo id="" start="1455026700295" dump="1455026700297"/><sessioninfo id="it.polimi.constraintcomputation.ConstraintComputation3Test test" start="1455026700309" dump="1455026700481"/><sessioninfo id="" start="1455026700493" dump="1455026700501"/><sessioninfo id="it.polimi.constraintcomputation.cleaner.AutomatonCleanerTest testClean1" start="1455026700513" dump="1455026700517"/><sessioninfo id="" start="1455026700526" dump="1455026700527"/><sessioninfo id="it.polimi.constraintcomputation.cleaner.AutomatonCleanerTest testAutomatonCleaner" start="1455026700536" dump="1455026700537"/><sessioninfo id="" start="1455026700547" dump="1455026700548"/><sessioninfo id="it.polimi.constraintcomputation.cleaner.AutomatonCleanerTest testAutomatonCleaner_NullPointerException" start="1455026700554" dump="1455026700555"/><sessioninfo id="" start="1455026700564" dump="1455026700567"/><sessioninfo id="it.polimi.constraintcomputation.cleaner.AutomatonCleanerTest testClean2" start="1455026700576" dump="1455026700577"/><sessioninfo id="" start="1455026700584" dump="1455026700584"/><sessioninfo id="it.polimi.constraintcomputation.cleaner.AutomatonCleanerTest testClean3" start="1455026700594" dump="1455026700596"/><sessioninfo id="" start="1455026700602" dump="1455026700603"/><sessioninfo id="it.polimi.constraintcomputation.cleaner.AutomatonCleanerTest testClean4" start="1455026700611" dump="1455026700614"/><sessioninfo id="" start="1455026700627" dump="1455026700630"/><sessioninfo id="it.polimi.constraintcomputation.cleaner.AutomatonCleanerTest testClean5" start="1455026700641" dump="1455026700647"/><sessioninfo id="" start="1455026700657" dump="1455026700749"/><sessioninfo id="it.polimi.constraintcomputation.reachability.statepresence.acceptingclaim.AcceptingClaimStatePathCheckerTest testAcceptingClaimStatePathChecker1" start="1455026700761" dump="1455026700763"/><sessioninfo id="" start="1455026700789" dump="1455026700791"/><sessioninfo id="it.polimi.constraintcomputation.reachability.statepresence.acceptingclaim.AcceptingClaimStatePathCheckerTest testAcceptingClaimStatePathChecker2" start="1455026700804" dump="1455026700807"/><sessioninfo id="" start="1455026700816" dump="1455026700817"/><sessioninfo id="it.polimi.constraintcomputation.reachability.statepresence.acceptingclaim.AcceptingClaimStatePathCheckerTest testAcceptingClaimStatePathChecker3" start="1455026700830" dump="1455026700832"/><sessioninfo id="" start="1455026700843" dump="1455026700844"/><sessioninfo id="it.polimi.constraintcomputation.reachability.statepresence.acceptingclaim.AcceptingClaimStatePathCheckerTest testAcceptingClaimStatePathChecker" start="1455026700853" dump="1455026700854"/><sessioninfo id="" start="1455026700862" dump="1455026700862"/><sessioninfo id="it.polimi.constraintcomputation.reachability.statepresence.acceptingclaim.AcceptingClaimStatePathCheckerTest testPerform1" start="1455026700884" dump="1455026700887"/><sessioninfo id="" start="1455026700896" dump="1455026700911"/><sessioninfo id="it.polimi.constraintcomputation.ConstraintComputation6Test testConstraintGenerator1" start="1455026700919" dump="1455026700920"/><sessioninfo id="" start="1455026700939" dump="1455026700940"/><sessioninfo id="it.polimi.constraintcomputation.ConstraintComputation6Test testConstraintGenerator2" start="1455026700949" dump="1455026700953"/><sessioninfo id="" start="1455026700961" dump="1455026700962"/><sessioninfo id="it.polimi.constraintcomputation.ConstraintComputation6Test testConstraintGenerator3" start="1455026700968" dump="1455026700970"/><sessioninfo id="" start="1455026700981" dump="1455026700982"/><sessioninfo id="it.polimi.constraintcomputation.ConstraintComputation6Test testConstraintGenerator4" start="1455026700988" dump="1455026701001"/><sessioninfo id="" start="1455026701010" dump="1455026701010"/><sessioninfo id="it.polimi.constraintcomputation.ConstraintComputation6Test testConstraintGenerator5" start="1455026701019" dump="1455026701047"/><sessioninfo id="" start="1455026701056" dump="1455026701057"/><sessioninfo id="it.polimi.constraintcomputation.ConstraintComputation6Test testConstraintGenerator6" start="1455026701063" dump="1455026701083"/><sessioninfo id="" start="1455026701091" dump="1455026701105"/><sessioninfo id="it.polimi.constraintcomputation.reachability.statepresence.StatePresencePathCheckerTest testStatePresencePathChecker1" start="1455026701112" dump="1455026701113"/><sessioninfo id="" start="1455026701119" dump="1455026701119"/><sessioninfo id="it.polimi.constraintcomputation.reachability.statepresence.StatePresencePathCheckerTest testStatePresencePathChecker2" start="1455026701127" dump="1455026701134"/><sessioninfo id="" start="1455026701147" dump="1455026701149"/><sessioninfo id="it.polimi.constraintcomputation.reachability.statepresence.StatePresencePathCheckerTest testStatePresencePathChecker3" start="1455026701156" dump="1455026701157"/><sessioninfo id="" start="1455026701164" dump="1455026701165"/><sessioninfo id="it.polimi.constraintcomputation.reachability.statepresence.StatePresencePathCheckerTest testStatePresencePathChecker4" start="1455026701171" dump="1455026701172"/><sessioninfo id="" start="1455026701179" dump="1455026701180"/><sessioninfo id="it.polimi.constraintcomputation.reachability.statepresence.StatePresencePathCheckerTest testStatePresencePathChecker5" start="1455026701190" dump="1455026701191"/><sessioninfo id="" start="1455026701198" dump="1455026701198"/><sessioninfo id="it.polimi.constraintcomputation.reachability.statepresence.StatePresencePathCheckerTest testStatePresencePathChecker6" start="1455026701204" dump="1455026701205"/><sessioninfo id="" start="1455026701211" dump="1455026701212"/><sessioninfo id="it.polimi.constraintcomputation.reachability.statepresence.StatePresencePathCheckerTest testStatePresencePathChecker7" start="1455026701218" dump="1455026701218"/><sessioninfo id="" start="1455026701225" dump="1455026701225"/><sessioninfo id="it.polimi.constraintcomputation.reachability.statepresence.StatePresencePathCheckerTest testIsReachableByPassingAnInterestingState1" start="1455026701234" dump="1455026701236"/><sessioninfo id="" start="1455026701248" dump="1455026701249"/><sessioninfo id="it.polimi.constraintcomputation.reachability.statepresence.StatePresencePathCheckerTest testIsReachableByPassingAnInterestingState2" start="1455026701254" dump="1455026701255"/><sessioninfo id="" start="1455026701263" dump="1455026701263"/><sessioninfo id="it.polimi.constraintcomputation.reachability.statepresence.StatePresencePathCheckerTest testIsReachableByPassingAnInterestingState3" start="1455026701269" dump="1455026701270"/><sessioninfo id="" start="1455026701278" dump="1455026701279"/><sessioninfo id="it.polimi.constraintcomputation.reachability.statepresence.StatePresencePathCheckerTest testIsReachableByPassingAnInterestingState4" start="1455026701287" dump="1455026701288"/><sessioninfo id="" start="1455026701296" dump="1455026701297"/><sessioninfo id="it.polimi.constraintcomputation.reachability.statepresence.StatePresencePathCheckerTest testIsReachableByPassingAnInterestingState5" start="1455026701302" dump="1455026701303"/><sessioninfo id="" start="1455026701310" dump="1455026701311"/><sessioninfo id="it.polimi.constraintcomputation.reachability.statepresence.StatePresencePathCheckerTest testIsReachableByPassingAnInterestingState6" start="1455026701317" dump="1455026701317"/><sessioninfo id="" start="1455026701323" dump="1455026701324"/><sessioninfo id="it.polimi.constraintcomputation.reachability.statepresence.StatePresencePathCheckerTest testIsReachableByPassingAnInterestingState7" start="1455026701330" dump="1455026701331"/><sessioninfo id="" start="1455026701338" dump="1455026701339"/><sessioninfo id="it.polimi.constraintcomputation.reachability.statepresence.StatePresencePathCheckerTest testIsReachableByPassingAnInterestingState8" start="1455026701345" dump="1455026701346"/><sessioninfo id="" start="1455026701352" dump="1455026701353"/><sessioninfo id="it.polimi.constraintcomputation.reachability.statepresence.StatePresencePathCheckerTest testIsReachableByPassingAnInterestingState9" start="1455026701359" dump="1455026701361"/><sessioninfo id="" start="1455026701366" dump="1455026701367"/><sessioninfo id="it.polimi.constraintcomputation.reachability.statepresence.StatePresencePathCheckerTest testIsReachableByPassingAnInterestingState10" start="1455026701372" dump="1455026701373"/><sessioninfo id="" start="1455026701380" dump="1455026701380"/><sessioninfo id="it.polimi.constraintcomputation.reachability.statepresence.StatePresencePathCheckerTest testIsReachableByPassingAnInterestingState11" start="1455026701387" dump="1455026701389"/><sessioninfo id="" start="1455026701396" dump="1455026701397"/><sessioninfo id="it.polimi.constraintcomputation.reachability.statepresence.StatePresencePathCheckerTest testIsReachableByPassingAnInterestingState12" start="1455026701402" dump="1455026701403"/><sessioninfo id="" start="1455026701410" dump="1455026701410"/><sessioninfo id="it.polimi.constraintcomputation.reachability.statepresence.StatePresencePathCheckerTest testIsReachableByPassingAnInterestingState13" start="1455026701416" dump="1455026701416"/><sessioninfo id="" start="1455026701422" dump="1455026701424"/><sessioninfo id="it.polimi.constraintcomputation.ConstraintComputation5Test test" start="1455026701446" dump="1455026701513"/><sessioninfo id="" start="1455026701523" dump="1455026701531"/><sessioninfo id="it.polimi.constraintcomputation.subpropertyidentifier.labeling.BackwardLabelerTest testBackwardLabeler1" start="1455026701538" dump="1455026701540"/><sessioninfo id="" start="1455026701550" dump="1455026701551"/><sessioninfo id="it.polimi.constraintcomputation.subpropertyidentifier.labeling.BackwardLabelerTest testBackwardLabeler2" start="1455026701558" dump="1455026701563"/><sessioninfo id="" start="1455026701569" dump="1455026701570"/><sessioninfo id="it.polimi.constraintcomputation.subpropertyidentifier.labeling.BackwardLabelerTest testBackwardLabeler3" start="1455026701578" dump="1455026701579"/><sessioninfo id="" start="1455026701585" dump="1455026701585"/><sessioninfo id="it.polimi.constraintcomputation.subpropertyidentifier.labeling.BackwardLabelerTest testBackwardLabeler4" start="1455026701592" dump="1455026701593"/><sessioninfo id="" start="1455026701601" dump="1455026701602"/><sessioninfo id="it.polimi.constraintcomputation.subpropertyidentifier.labeling.BackwardLabelerTest testPerform2" start="1455026701609" dump="1455026701613"/><sessioninfo id="" start="1455026701619" dump="1455026701620"/><sessioninfo id="it.polimi.constraintcomputation.subpropertyidentifier.labeling.BackwardLabelerTest testPerform3" start="1455026701626" dump="1455026701629"/><sessioninfo id="" start="1455026701637" dump="1455026701638"/><sessioninfo id="it.polimi.constraintcomputation.subpropertyidentifier.labeling.BackwardLabelerTest testPerform4" start="1455026701645" dump="1455026701650"/><sessioninfo id="" start="1455026701657" dump="1455026701657"/><sessioninfo id="it.polimi.constraintcomputation.subpropertyidentifier.labeling.BackwardLabelerTest testPerform1" start="1455026701665" dump="1455026701666"/><sessioninfo id="" start="1455026701672" dump="1455026701674"/><sessioninfo id="it.polimi.constraintcomputation.ConstraintComputation2Test test" start="1455026701682" dump="1455026701729"/><sessioninfo id="" start="1455026701737" dump="1455026701739"/><sessioninfo id="it.polimi.constraintcomputation.ConstraintComputation4Test test" start="1455026701746" dump="1455026701789"/><sessioninfo id="" start="1455026701800" dump="1455026701804"/><sessioninfo id="it.polimi.constraintcomputation.reachability.ReachabilityIdentifierTest testReachabilityIdentifier1" start="1455026701812" dump="1455026701813"/><sessioninfo id="" start="1455026701819" dump="1455026701820"/><sessioninfo id="it.polimi.constraintcomputation.reachability.ReachabilityIdentifierTest testReachabilityIdentifier2" start="1455026701827" dump="1455026701828"/><sessioninfo id="" start="1455026701833" dump="1455026701834"/><sessioninfo id="it.polimi.constraintcomputation.reachability.ReachabilityIdentifierTest testComputeReachability" start="1455026701843" dump="1455026701849"/><sessioninfo id="" start="1455026701860" dump="1455026701861"/><sessioninfo id="it.polimi.constraintcomputation.reachability.ReachabilityIdentifierTest testComputeReachability2" start="1455026701868" dump="1455026701872"/><sessioninfo id="" start="1455026701880" dump="1455026701881"/><sessioninfo id="it.polimi.constraintcomputation.reachability.ReachabilityIdentifierTest testComputeReachability3" start="1455026701889" dump="1455026701897"/><sessioninfo id="" start="1455026701908" dump="1455026701909"/><sessioninfo id="it.polimi.constraintcomputation.reachability.ReachabilityIdentifierTest testComputeReachability4" start="1455026701917" dump="1455026701922"/><sessioninfo id="" start="1455026701930" dump="1455026701931"/><sessioninfo id="it.polimi.constraintcomputation.reachability.ReachabilityIdentifierTest testComputeReachability5" start="1455026701962" dump="1455026701985"/><sessioninfo id="" start="1455026701996" dump="1455026702030"/><sessioninfo id="it.polimi.constraintcomputation.subpropertyidentifier.SubPropertyIdentifierTest testSubPropertyIdentifier1" start="1455026702055" dump="1455026702057"/><sessioninfo id="" start="1455026702068" dump="1455026702082"/><sessioninfo id="it.polimi.constraintcomputation.subpropertyidentifier.SubPropertyIdentifierTest testSubPropertyIdentifier2" start="1455026702111" dump="1455026702115"/><sessioninfo id="" start="1455026702150" dump="1455026702155"/><sessioninfo id="it.polimi.constraintcomputation.subpropertyidentifier.SubPropertyIdentifierTest testSubPropertyIdentifier3" start="1455026702166" dump="1455026702168"/><sessioninfo id="" start="1455026702181" dump="1455026702182"/><sessioninfo id="it.polimi.constraintcomputation.subpropertyidentifier.SubPropertyIdentifierTest testSubPropertyIdentifier4" start="1455026702191" dump="1455026702193"/><sessioninfo id="" start="1455026702203" dump="1455026702204"/><sessioninfo id="it.polimi.constraintcomputation.subpropertyidentifier.SubPropertyIdentifierTest testSubPropertyIdentifier5" start="1455026702214" dump="1455026702216"/><sessioninfo id="" start="1455026702225" dump="1455026702226"/><sessioninfo id="it.polimi.constraintcomputation.subpropertyidentifier.SubPropertyIdentifierTest testPerformPropositionsOfTheSubPropertyBa" start="1455026702239" dump="1455026702241"/><sessioninfo id="" start="1455026702251" dump="1455026702252"/><sessioninfo id="it.polimi.constraintcomputation.subpropertyidentifier.SubPropertyIdentifierTest testPerformStatesOfTheSubPropertyBa" start="1455026702261" dump="1455026702264"/><sessioninfo id="" start="1455026702274" dump="1455026702275"/><sessioninfo id="it.polimi.constraintcomputation.subpropertyidentifier.SubPropertyIdentifierTest testPerformInternalTransitionsOfTheSubPropertyBa" start="1455026702286" dump="1455026702288"/><sessioninfo id="" start="1455026702298" dump="1455026702298"/><sessioninfo id="it.polimi.constraintcomputation.subpropertyidentifier.SubPropertyIdentifierTest testPerformIncomingTransitionsOfTheSubPropertyBa" start="1455026702307" dump="1455026702312"/><sessioninfo id="" start="1455026702323" dump="1455026702328"/><sessioninfo id="it.polimi.constraintcomputation.subpropertyidentifier.SubPropertyIdentifierTest testIsInTransition1" start="1455026702344" dump="1455026702348"/><sessioninfo id="" start="1455026702355" dump="1455026702356"/><sessioninfo id="it.polimi.constraintcomputation.subpropertyidentifier.SubPropertyIdentifierTest testIsInTransition2" start="1455026702366" dump="1455026702368"/><sessioninfo id="" start="1455026702375" dump="1455026702376"/><sessioninfo id="it.polimi.constraintcomputation.subpropertyidentifier.SubPropertyIdentifierTest testIsInTransition3" start="1455026702386" dump="1455026702388"/><sessioninfo id="" start="1455026702399" dump="1455026702399"/><sessioninfo id="it.polimi.constraintcomputation.subpropertyidentifier.SubPropertyIdentifierTest testIsInTransition4" start="1455026702407" dump="1455026702411"/><sessioninfo id="" start="1455026702420" dump="1455026702421"/><sessioninfo id="it.polimi.constraintcomputation.subpropertyidentifier.SubPropertyIdentifierTest testIsOutTransition1" start="1455026702434" dump="1455026702438"/><sessioninfo id="" start="1455026702446" dump="1455026702447"/><sessioninfo id="it.polimi.constraintcomputation.subpropertyidentifier.SubPropertyIdentifierTest testIsOutTransition2" start="1455026702456" dump="1455026702459"/><sessioninfo id="" start="1455026702468" dump="1455026702468"/><sessioninfo id="it.polimi.constraintcomputation.subpropertyidentifier.SubPropertyIdentifierTest testIsOutTransition3" start="1455026702479" dump="1455026702487"/><sessioninfo id="" start="1455026702496" dump="1455026702500"/><sessioninfo id="it.polimi.constraintcomputation.subpropertyidentifier.SubPropertyIdentifierTest testIsOutTransition4" start="1455026702510" dump="1455026702512"/><sessioninfo id="" start="1455026702521" dump="1455026702522"/><sessioninfo id="it.polimi.constraintcomputation.subpropertyidentifier.SubPropertyIdentifierTest testGetIncomingTransition1" start="1455026702530" dump="1455026702532"/><sessioninfo id="" start="1455026702548" dump="1455026702548"/><sessioninfo id="it.polimi.constraintcomputation.subpropertyidentifier.SubPropertyIdentifierTest testGetIncomingTransition2" start="1455026702555" dump="1455026702557"/><sessioninfo id="" start="1455026702566" dump="1455026702567"/><sessioninfo id="it.polimi.constraintcomputation.subpropertyidentifier.SubPropertyIdentifierTest testGetIncomingTransition3" start="1455026702573" dump="1455026702575"/><sessioninfo id="" start="1455026702585" dump="1455026702586"/><sessioninfo id="it.polimi.constraintcomputation.subpropertyidentifier.SubPropertyIdentifierTest testGetIncomingTransition4" start="1455026702593" dump="1455026702595"/><sessioninfo id="" start="1455026702601" dump="1455026702602"/><sessioninfo id="it.polimi.constraintcomputation.subpropertyidentifier.SubPropertyIdentifierTest getOutgoingTransition1" start="1455026702612" dump="1455026702615"/><sessioninfo id="" start="1455026702620" dump="1455026702621"/><sessioninfo id="it.polimi.constraintcomputation.subpropertyidentifier.SubPropertyIdentifierTest testGetOutTransition2" start="1455026702628" dump="1455026702629"/><sessioninfo id="" start="1455026702636" dump="1455026702636"/><sessioninfo id="it.polimi.constraintcomputation.subpropertyidentifier.SubPropertyIdentifierTest testGetOutTransition3" start="1455026702644" dump="1455026702645"/><sessioninfo id="" start="1455026702651" dump="1455026702652"/><sessioninfo id="it.polimi.constraintcomputation.subpropertyidentifier.SubPropertyIdentifierTest testGetOutTransition4" start="1455026702659" dump="1455026702660"/><sessioninfo id="" start="1455026702667" dump="1455026702668"/><sessioninfo id="it.polimi.constraintcomputation.subpropertyidentifier.SubPropertyIdentifierTest testGetMapIntersectionTransitionIncomingPort1" start="1455026702674" dump="1455026702675"/><sessioninfo id="" start="1455026702681" dump="1455026702682"/><sessioninfo id="it.polimi.constraintcomputation.subpropertyidentifier.SubPropertyIdentifierTest testGetMapIntersectionTransitionIncomingPort2" start="1455026702689" dump="1455026702691"/><sessioninfo id="" start="1455026702697" dump="1455026702697"/><sessioninfo id="it.polimi.constraintcomputation.subpropertyidentifier.SubPropertyIdentifierTest testGetMapIntersectionTransitionOutgoingPorts1" start="1455026702703" dump="1455026702705"/><sessioninfo id="" start="1455026702713" dump="1455026702714"/><sessioninfo id="it.polimi.constraintcomputation.subpropertyidentifier.SubPropertyIdentifierTest testGetMapIntersectionTransitionOutgoingPorts2" start="1455026702722" dump="1455026702723"/><sessioninfo id="" start="1455026702730" dump="1455026702730"/><sessioninfo id="it.polimi.constraintcomputation.subpropertyidentifier.SubPropertyIdentifierTest testGetChecker" start="1455026702738" dump="1455026702741"/><sessioninfo id="it.polimi.constraintcomputation.subpropertyidentifier.SubPropertyIdentifierTest testGetChecker" start="1455026702747" dump="1455026702754"/><package name="it/polimi/constraintcomputation/subpropertyidentifier"><class name="it/polimi/constraintcomputation/subpropertyidentifier/SubPropertyIdentifier"><method name="&lt;init&gt;" desc="(Lit/polimi/checker/Checker;Lit/polimi/automata/state/State;)V" line="93"><counter type="INSTRUCTION" missed="0" covered="66"/><counter type="LINE" missed="0" covered="17"/><counter type="COMPLEXITY" missed="0" covered="1"/><counter type="METHOD" missed="0" covered="1"/></method><method name="perform" desc="()Lit/polimi/constraints/components/SubProperty;" line="133"><counter type="INSTRUCTION" missed="0" covered="17"/><counter type="BRANCH" missed="0" covered="2"/><counter type="LINE" missed="0" covered="7"/><counter type="COMPLEXITY" missed="0" covered="2"/><counter type="METHOD" missed="0" covered="1"/></method><method name="createTransitions" desc="()V" line="154"><counter type="INSTRUCTION" missed="0" covered="7"/><counter type="LINE" missed="0" covered="4"/><counter type="COMPLEXITY" missed="0" covered="1"/><counter type="METHOD" missed="0" covered="1"/></method><method name="addPropositions" desc="()V" line="167"><counter type="INSTRUCTION" missed="0" covered="10"/><counter type="LINE" missed="0" covered="4"/><counter type="COMPLEXITY" missed="0" covered="1"/><counter type="METHOD" missed="0" covered="1"/></method><method name="createStates" desc="()V" line="182"><counter type="INSTRUCTION" missed="0" covered="48"/><counter type="BRANCH" missed="0" covered="6"/><counter type="LINE" missed="0" covered="13"/><counter type="COMPLEXITY" missed="0" covered="4"/><counter type="METHOD" missed="0" covered="1"/></method><method name="createInternalTransitions" desc="()V" line="212"><counter type="INSTRUCTION" missed="0" covered="47"/><counter type="BRANCH" missed="0" covered="2"/><counter type="LINE" missed="0" covered="14"/><counter type="COMPLEXITY" missed="0" covered="2"/><counter type="METHOD" missed="0" covered="1"/></method><method name="createIncomingTransitions" desc="()V" line="235"><counter type="INSTRUCTION" missed="0" covered="81"/><counter type="BRANCH" missed="0" covered="8"/><counter type="LINE" missed="0" covered="23"/><counter type="COMPLEXITY" missed="0" covered="5"/><counter type="METHOD" missed="0" covered="1"/></method><method name="createOutgoingTransitions" desc="()V" line="293"><counter type="INSTRUCTION" missed="0" covered="71"/><counter type="BRANCH" missed="0" covered="6"/><counter type="LINE" missed="0" covered="21"/><counter type="COMPLEXITY" missed="0" covered="4"/><counter type="METHOD" missed="0" covered="1"/></method><method name="isInTransition" desc="(Lit/polimi/automata/transition/Transition;)Z" line="350"><counter type="INSTRUCTION" missed="0" covered="17"/><counter type="BRANCH" missed="0" covered="2"/><counter type="LINE" missed="0" covered="7"/><counter type="COMPLEXITY" missed="0" covered="2"/><counter type="METHOD" missed="0" covered="1"/></method><method name="isOutTransition" desc="(Lit/polimi/automata/transition/Transition;)Z" line="374"><counter type="INSTRUCTION" missed="0" covered="17"/><counter type="BRANCH" missed="0" covered="2"/><counter type="LINE" missed="0" covered="7"/><counter type="COMPLEXITY" missed="0" covered="2"/><counter type="METHOD" missed="0" covered="1"/></method><method name="getOutgoingTransition" desc="(Lit/polimi/automata/transition/Transition;)Lit/polimi/constraints/transitions/LabeledPluggingTransition;" line="403"><counter type="INSTRUCTION" missed="14" covered="36"/><counter type="BRANCH" missed="1" covered="1"/><counter type="LINE" missed="1" covered="9"/><counter type="COMPLEXITY" missed="1" covered="1"/><counter type="METHOD" missed="0" covered="1"/></method><method name="getIncomingTransition" desc="(Lit/polimi/automata/transition/Transition;)Lit/polimi/constraints/transitions/LabeledPluggingTransition;" line="435"><counter type="INSTRUCTION" missed="14" covered="36"/><counter type="BRANCH" missed="1" covered="1"/><counter type="LINE" missed="1" covered="9"/><counter type="COMPLEXITY" missed="1" covered="1"/><counter type="METHOD" missed="0" covered="1"/></method><method name="getMapIntersectionTransitionIncomingTransitions" desc="()Ljava/util/Map;" line="467"><counter type="INSTRUCTION" missed="0" covered="8"/><counter type="LINE" missed="0" covered="5"/><counter type="COMPLEXITY" missed="0" covered="1"/><counter type="METHOD" missed="0" covered="1"/></method><method name="getMapIntersectionTransitionOutgoingTransitions" desc="()Ljava/util/Map;" line="491"><counter type="INSTRUCTION" missed="0" covered="8"/><counter type="LINE" missed="0" covered="5"/><counter type="COMPLEXITY" missed="0" covered="1"/><counter type="METHOD" missed="0" covered="1"/></method><method name="getChecker" desc="()Lit/polimi/checker/Checker;" line="506"><counter type="INSTRUCTION" missed="0" covered="3"/><counter type="LINE" missed="0" covered="1"/><counter type="COMPLEXITY" missed="0" covered="1"/><counter type="METHOD" missed="0" covered="1"/></method><counter type="INSTRUCTION" missed="28" covered="472"/><counter type="BRANCH" missed="2" covered="30"/><counter type="LINE" missed="2" covered="146"/><counter type="COMPLEXITY" missed="2" covered="29"/><counter type="METHOD" missed="0" covered="15"/><counter type="CLASS" missed="0" covered="1"/></class><sourcefile name="SubPropertyIdentifier.java"><line nr="93" mi="0" ci="3" mb="0" cb="0"/><line nr="94" mi="0" ci="4" mb="0" cb="0"/><line nr="95" mi="0" ci="4" mb="0" cb="0"/><line nr="98" mi="0" ci="1" mb="0" cb="0"/><line nr="99" mi="0" ci="1" mb="0" cb="0"/><line nr="100" mi="0" ci="2" mb="0" cb="0"/><line nr="102" mi="0" ci="1" mb="0" cb="0"/><line nr="103" mi="0" ci="3" mb="0" cb="0"/><line nr="104" mi="0" ci="4" mb="0" cb="0"/><line nr="107" mi="0" ci="3" mb="0" cb="0"/><line nr="108" mi="0" ci="3" mb="0" cb="0"/><line nr="110" mi="0" ci="12" mb="0" cb="0"/><line nr="113" mi="0" ci="5" mb="0" cb="0"/><line nr="114" mi="0" ci="5" mb="0" cb="0"/><line nr="115" mi="0" ci="5" mb="0" cb="0"/><line nr="116" mi="0" ci="9" mb="0" cb="0"/><line nr="119" mi="0" ci="1" mb="0" cb="0"/><line nr="133" mi="0" ci="3" mb="0" cb="2"/><line nr="134" mi="0" ci="3" mb="0" cb="0"/><line nr="139" mi="0" ci="2" mb="0" cb="0"/><line nr="141" mi="0" ci="2" mb="0" cb="0"/><line nr="144" mi="0" ci="2" mb="0" cb="0"/><line nr="146" mi="0" ci="2" mb="0" cb="0"/><line nr="147" mi="0" ci="3" mb="0" cb="0"/><line nr="154" mi="0" ci="2" mb="0" cb="0"/><line nr="155" mi="0" ci="2" mb="0" cb="0"/><line nr="156" mi="0" ci="2" mb="0" cb="0"/><line nr="157" mi="0" ci="1" mb="0" cb="0"/><line nr="167" mi="0" ci="6" mb="0" cb="0"/><line nr="168" mi="0" ci="2" mb="0" cb="0"/><line nr="169" mi="0" ci="1" mb="0" cb="0"/><line nr="171" mi="0" ci="1" mb="0" cb="0"/><line nr="182" mi="0" ci="11" mb="0" cb="2"/><line nr="183" mi="0" ci="4" mb="0" cb="0"/><line nr="185" mi="0" ci="5" mb="0" cb="0"/><line nr="186" mi="0" ci="3" mb="0" cb="0"/><line nr="187" mi="0" ci="3" mb="0" cb="0"/><line nr="188" mi="0" ci="2" mb="0" cb="2"/><line nr="192" mi="0" ci="5" mb="0" cb="0"/><line nr="195" mi="0" ci="3" mb="0" cb="0"/><line nr="196" mi="0" ci="3" mb="0" cb="0"/><line nr="197" mi="0" ci="2" mb="0" cb="2"/><line nr="200" mi="0" ci="5" mb="0" cb="0"/><line nr="203" mi="0" ci="1" mb="0" cb="0"/><line nr="204" mi="0" ci="1" mb="0" cb="0"/><line nr="212" mi="0" ci="11" mb="0" cb="2"/><line nr="213" mi="0" ci="4" mb="0" cb="0"/><line nr="216" mi="0" ci="6" mb="0" cb="0"/><line nr="217" mi="0" ci="2" mb="0" cb="0"/><line nr="218" mi="0" ci="1" mb="0" cb="0"/><line nr="219" mi="0" ci="3" mb="0" cb="0"/><line nr="220" mi="0" ci="2" mb="0" cb="0"/><line nr="221" mi="0" ci="2" mb="0" cb="0"/><line nr="222" mi="0" ci="3" mb="0" cb="0"/><line nr="223" mi="0" ci="2" mb="0" cb="0"/><line nr="224" mi="0" ci="2" mb="0" cb="0"/><line nr="225" mi="0" ci="7" mb="0" cb="0"/><line nr="228" mi="0" ci="1" mb="0" cb="0"/><line nr="229" mi="0" ci="1" mb="0" cb="0"/><line nr="235" mi="0" ci="11" mb="0" cb="2"/><line nr="236" mi="0" ci="4" mb="0" cb="0"/><line nr="246" mi="0" ci="11" mb="0" cb="2"/><line nr="247" mi="0" ci="3" mb="0" cb="0"/><line nr="248" mi="0" ci="1" mb="0" cb="0"/><line nr="250" mi="0" ci="5" mb="0" cb="0"/><line nr="251" mi="0" ci="2" mb="0" cb="0"/><line nr="252" mi="0" ci="2" mb="0" cb="2"/><line nr="253" mi="0" ci="2" mb="0" cb="0"/><line nr="254" mi="0" ci="1" mb="0" cb="0"/><line nr="255" mi="0" ci="2" mb="0" cb="0"/><line nr="256" mi="0" ci="2" mb="0" cb="0"/><line nr="258" mi="0" ci="4" mb="0" cb="0"/><line nr="259" mi="0" ci="3" mb="0" cb="0"/><line nr="260" mi="0" ci="2" mb="0" cb="2"/><line nr="267" mi="0" ci="4" mb="0" cb="0"/><line nr="268" mi="0" ci="2" mb="0" cb="0"/><line nr="269" mi="0" ci="7" mb="0" cb="0"/><line nr="273" mi="0" ci="6" mb="0" cb="0"/><line nr="280" mi="0" ci="4" mb="0" cb="0"/><line nr="284" mi="0" ci="1" mb="0" cb="0"/><line nr="285" mi="0" ci="1" mb="0" cb="0"/><line nr="286" mi="0" ci="1" mb="0" cb="0"/><line nr="293" mi="0" ci="11" mb="0" cb="2"/><line nr="294" mi="0" ci="4" mb="0" cb="0"/><line nr="302" mi="0" ci="11" mb="0" cb="2"/><line nr="303" mi="0" ci="3" mb="0" cb="0"/><line nr="304" mi="0" ci="1" mb="0" cb="0"/><line nr="305" mi="0" ci="3" mb="0" cb="0"/><line nr="306" mi="0" ci="3" mb="0" cb="0"/><line nr="307" mi="0" ci="2" mb="0" cb="2"/><line nr="308" mi="0" ci="2" mb="0" cb="0"/><line nr="309" mi="0" ci="1" mb="0" cb="0"/><line nr="310" mi="0" ci="2" mb="0" cb="0"/><line nr="311" mi="0" ci="2" mb="0" cb="0"/><line nr="318" mi="0" ci="5" mb="0" cb="0"/><line nr="321" mi="0" ci="2" mb="0" cb="0"/><line nr="322" mi="0" ci="6" mb="0" cb="0"/><line nr="325" mi="0" ci="6" mb="0" cb="0"/><line nr="328" mi="0" ci="3" mb="0" cb="0"/><line nr="329" mi="0" ci="1" mb="0" cb="0"/><line nr="332" mi="0" ci="1" mb="0" cb="0"/><line nr="333" mi="0" ci="1" mb="0" cb="0"/><line nr="334" mi="0" ci="1" mb="0" cb="0"/><line nr="350" mi="0" ci="1" mb="0" cb="0"/><line nr="351" mi="0" ci="3" mb="0" cb="0"/><line nr="353" mi="0" ci="4" mb="0" cb="0"/><line nr="355" mi="0" ci="3" mb="0" cb="0"/><line nr="356" mi="0" ci="2" mb="0" cb="2"/><line nr="357" mi="0" ci="2" mb="0" cb="0"/><line nr="359" mi="0" ci="2" mb="0" cb="0"/><line nr="374" mi="0" ci="1" mb="0" cb="0"/><line nr="375" mi="0" ci="3" mb="0" cb="0"/><line nr="377" mi="0" ci="4" mb="0" cb="0"/><line nr="379" mi="0" ci="3" mb="0" cb="0"/><line nr="380" mi="0" ci="2" mb="0" cb="2"/><line nr="381" mi="0" ci="2" mb="0" cb="0"/><line nr="383" mi="0" ci="2" mb="0" cb="0"/><line nr="403" mi="0" ci="1" mb="0" cb="0"/><line nr="404" mi="0" ci="3" mb="0" cb="0"/><line nr="406" mi="0" ci="4" mb="0" cb="0"/><line nr="408" mi="0" ci="3" mb="0" cb="0"/><line nr="409" mi="0" ci="11" mb="0" cb="0"/><line nr="412" mi="0" ci="3" mb="0" cb="0"/><line nr="413" mi="0" ci="3" mb="0" cb="0"/><line nr="414" mi="0" ci="6" mb="1" cb="1"/><line nr="415" mi="14" ci="0" mb="0" cb="0"/><line nr="418" mi="0" ci="2" mb="0" cb="0"/><line nr="435" mi="0" ci="1" mb="0" cb="0"/><line nr="436" mi="0" ci="3" mb="0" cb="0"/><line nr="438" mi="0" ci="4" mb="0" cb="0"/><line nr="440" mi="0" ci="3" mb="0" cb="0"/><line nr="441" mi="0" ci="11" mb="0" cb="0"/><line nr="444" mi="0" ci="3" mb="0" cb="0"/><line nr="445" mi="0" ci="3" mb="0" cb="0"/><line nr="446" mi="0" ci="6" mb="1" cb="1"/><line nr="447" mi="14" ci="0" mb="0" cb="0"/><line nr="449" mi="0" ci="2" mb="0" cb="0"/><line nr="467" mi="0" ci="1" mb="0" cb="0"/><line nr="468" mi="0" ci="1" mb="0" cb="0"/><line nr="469" mi="0" ci="2" mb="0" cb="0"/><line nr="472" mi="0" ci="2" mb="0" cb="0"/><line nr="473" mi="0" ci="2" mb="0" cb="0"/><line nr="491" mi="0" ci="1" mb="0" cb="0"/><line nr="492" mi="0" ci="1" mb="0" cb="0"/><line nr="493" mi="0" ci="2" mb="0" cb="0"/><line nr="495" mi="0" ci="2" mb="0" cb="0"/><line nr="496" mi="0" ci="2" mb="0" cb="0"/><line nr="506" mi="0" ci="3" mb="0" cb="0"/><counter type="INSTRUCTION" missed="28" covered="472"/><counter type="BRANCH" missed="2" covered="30"/><counter type="LINE" missed="2" covered="146"/><counter type="COMPLEXITY" missed="2" covered="29"/><counter type="METHOD" missed="0" covered="15"/><counter type="CLASS" missed="0" covered="1"/></sourcefile><counter type="INSTRUCTION" missed="28" covered="472"/><counter type="BRANCH" missed="2" covered="30"/><counter type="LINE" missed="2" covered="146"/><counter type="COMPLEXITY" missed="2" covered="29"/><counter type="METHOD" missed="0" covered="15"/><counter type="CLASS" missed="0" covered="1"/></package><package name="it/polimi/constraintcomputation/subpropertyidentifier/labeling"><class name="it/polimi/constraintcomputation/subpropertyidentifier/labeling/ForwardLabeler"><method name="&lt;init&gt;" desc="(Ljava/util/Set;Lit/polimi/constraints/transitions/Label;Lit/polimi/constraintcomputation/subpropertyidentifier/SubPropertyIdentifier;)V" line="77"><counter type="INSTRUCTION" missed="0" covered="38"/><counter type="LINE" missed="0" covered="15"/><counter type="COMPLEXITY" missed="0" covered="1"/><counter type="METHOD" missed="0" covered="1"/></method><method name="perform" desc="(Lit/polimi/automata/state/State;)V" line="110"><counter type="INSTRUCTION" missed="0" covered="58"/><counter type="BRANCH" missed="0" covered="8"/><counter type="LINE" missed="0" covered="16"/><counter type="COMPLEXITY" missed="0" covered="5"/><counter type="METHOD" missed="0" covered="1"/></method><method name="label" desc="(Lit/polimi/automata/transition/Transition;)V" line="149"><counter type="INSTRUCTION" missed="0" covered="35"/><counter type="BRANCH" missed="0" covered="4"/><counter type="LINE" missed="0" covered="11"/><counter type="COMPLEXITY" missed="0" covered="3"/><counter type="METHOD" missed="0" covered="1"/></method><counter type="INSTRUCTION" missed="0" covered="131"/><counter type="BRANCH" missed="0" covered="12"/><counter type="LINE" missed="0" covered="42"/><counter type="COMPLEXITY" missed="0" covered="9"/><counter type="METHOD" missed="0" covered="3"/><counter type="CLASS" missed="0" covered="1"/></class><class name="it/polimi/constraintcomputation/subpropertyidentifier/labeling/TransitionLabeler"><method name="&lt;init&gt;" desc="(Lit/polimi/constraintcomputation/subpropertyidentifier/SubPropertyIdentifier;)V" line="63"><counter type="INSTRUCTION" missed="0" covered="10"/><counter type="LINE" missed="0" covered="4"/><counter type="COMPLEXITY" missed="0" covered="1"/><counter type="METHOD" missed="0" covered="1"/></method><method name="perform" desc="()V" line="75"><counter type="INSTRUCTION" missed="0" covered="19"/><counter type="LINE" missed="0" covered="8"/><counter type="COMPLEXITY" missed="0" covered="1"/><counter type="METHOD" missed="0" covered="1"/></method><method name="computeYellowOutgoingTransitions" desc="(Lit/polimi/automata/IntersectionBA;)V" line="95"><counter type="INSTRUCTION" missed="0" covered="25"/><counter type="LINE" missed="0" covered="7"/><counter type="COMPLEXITY" missed="0" covered="1"/><counter type="METHOD" missed="0" covered="1"/></method><method name="computeRedOutgoingTransitions" desc="(Lit/polimi/automata/IntersectionBA;)V" line="109"><counter type="INSTRUCTION" missed="0" covered="12"/><counter type="LINE" missed="0" covered="4"/><counter type="COMPLEXITY" missed="0" covered="1"/><counter type="METHOD" missed="0" covered="1"/></method><method name="computeYellowIncomingTransitions" desc="(Lit/polimi/automata/IntersectionBA;)V" line="123"><counter type="INSTRUCTION" missed="0" covered="51"/><counter type="BRANCH" missed="0" covered="2"/><counter type="LINE" missed="0" covered="13"/><counter type="COMPLEXITY" missed="0" covered="2"/><counter type="METHOD" missed="0" covered="1"/></method><method name="computeGreenIncomingTransitions" desc="(Lit/polimi/automata/IntersectionBA;)V" line="146"><counter type="INSTRUCTION" missed="0" covered="35"/><counter type="BRANCH" missed="0" covered="2"/><counter type="LINE" missed="0" covered="9"/><counter type="COMPLEXITY" missed="0" covered="2"/><counter type="METHOD" missed="0" covered="1"/></method><counter type="INSTRUCTION" missed="0" covered="152"/><counter type="BRANCH" missed="0" covered="4"/><counter type="LINE" missed="0" covered="45"/><counter type="COMPLEXITY" missed="0" covered="8"/><counter type="METHOD" missed="0" covered="6"/><counter type="CLASS" missed="0" covered="1"/></class><class name="it/polimi/constraintcomputation/subpropertyidentifier/labeling/BackwardLabeler"><method name="&lt;init&gt;" desc="(Ljava/util/Set;Lit/polimi/constraints/transitions/Label;Lit/polimi/constraintcomputation/subpropertyidentifier/SubPropertyIdentifier;)V" line="80"><counter type="INSTRUCTION" missed="0" covered="38"/><counter type="LINE" missed="0" covered="14"/><counter type="COMPLEXITY" missed="0" covered="1"/><counter type="METHOD" missed="0" covered="1"/></method><method name="perform" desc="()V" line="113"><counter type="INSTRUCTION" missed="4" covered="123"/><counter type="BRANCH" missed="2" covered="18"/><counter type="LINE" missed="1" covered="33"/><counter type="COMPLEXITY" missed="2" covered="9"/><counter type="METHOD" missed="0" covered="1"/></method><method name="label" desc="(Lit/polimi/automata/transition/Transition;)V" line="183"><counter type="INSTRUCTION" missed="0" covered="33"/><counter type="BRANCH" missed="0" covered="6"/><counter type="LINE" missed="0" covered="11"/><counter type="COMPLEXITY" missed="0" covered="4"/><counter type="METHOD" missed="0" covered="1"/></method><counter type="INSTRUCTION" missed="4" covered="194"/><counter type="BRANCH" missed="2" covered="24"/><counter type="LINE" missed="1" covered="58"/><counter type="COMPLEXITY" missed="2" covered="14"/><counter type="METHOD" missed="0" covered="3"/><counter type="CLASS" missed="0" covered="1"/></class><sourcefile name="BackwardLabeler.java"><line nr="80" mi="0" ci="2" mb="0" cb="0"/><line nr="81" mi="0" ci="4" mb="0" cb="0"/><line nr="83" mi="0" ci="4" mb="0" cb="0"/><line nr="85" mi="0" ci="1" mb="0" cb="0"/><line nr="86" mi="0" ci="1" mb="0" cb="0"/><line nr="87" mi="0" ci="2" mb="0" cb="0"/><line nr="88" mi="0" ci="4" mb="0" cb="0"/><line nr="91" mi="0" ci="3" mb="0" cb="0"/><line nr="92" mi="0" ci="2" mb="0" cb="0"/><line nr="93" mi="0" ci="3" mb="0" cb="0"/><line nr="94" mi="0" ci="3" mb="0" cb="0"/><line nr="95" mi="0" ci="3" mb="0" cb="0"/><line nr="96" mi="0" ci="5" mb="0" cb="0"/><line nr="97" mi="0" ci="1" mb="0" cb="0"/><line nr="113" mi="0" ci="4" mb="0" cb="0"/><line nr="114" mi="0" ci="2" mb="0" cb="0"/><line nr="117" mi="0" ci="3" mb="0" cb="0"/><line nr="118" mi="0" ci="3" mb="0" cb="0"/><line nr="119" mi="0" ci="1" mb="0" cb="0"/><line nr="120" mi="0" ci="2" mb="0" cb="0"/><line nr="122" mi="0" ci="4" mb="0" cb="0"/><line nr="124" mi="0" ci="10" mb="0" cb="2"/><line nr="127" mi="0" ci="5" mb="1" cb="1"/><line nr="128" mi="0" ci="4" mb="0" cb="2"/><line nr="129" mi="0" ci="1" mb="0" cb="0"/><line nr="130" mi="0" ci="4" mb="0" cb="2"/><line nr="131" mi="0" ci="5" mb="0" cb="0"/><line nr="134" mi="0" ci="5" mb="0" cb="0"/><line nr="135" mi="0" ci="5" mb="1" cb="1"/><line nr="136" mi="4" ci="0" mb="0" cb="0"/><line nr="141" mi="0" ci="1" mb="0" cb="0"/><line nr="144" mi="0" ci="3" mb="0" cb="2"/><line nr="146" mi="0" ci="5" mb="0" cb="0"/><line nr="147" mi="0" ci="5" mb="0" cb="0"/><line nr="149" mi="0" ci="4" mb="0" cb="0"/><line nr="151" mi="0" ci="12" mb="0" cb="2"/><line nr="152" mi="0" ci="1" mb="0" cb="0"/><line nr="153" mi="0" ci="3" mb="0" cb="0"/><line nr="154" mi="0" ci="2" mb="0" cb="0"/><line nr="157" mi="0" ci="4" mb="0" cb="0"/><line nr="158" mi="0" ci="4" mb="0" cb="2"/><line nr="161" mi="0" ci="4" mb="0" cb="0"/><line nr="165" mi="0" ci="5" mb="0" cb="2"/><line nr="166" mi="0" ci="5" mb="0" cb="2"/><line nr="167" mi="0" ci="4" mb="0" cb="0"/><line nr="171" mi="0" ci="1" mb="0" cb="0"/><line nr="172" mi="0" ci="1" mb="0" cb="0"/><line nr="173" mi="0" ci="1" mb="0" cb="0"/><line nr="183" mi="0" ci="3" mb="0" cb="0"/><line nr="184" mi="0" ci="4" mb="0" cb="2"/><line nr="187" mi="0" ci="5" mb="0" cb="2"/><line nr="188" mi="0" ci="3" mb="0" cb="0"/><line nr="189" mi="0" ci="1" mb="0" cb="0"/><line nr="192" mi="0" ci="5" mb="0" cb="2"/><line nr="193" mi="0" ci="3" mb="0" cb="0"/><line nr="194" mi="0" ci="1" mb="0" cb="0"/><line nr="197" mi="0" ci="6" mb="0" cb="0"/><line nr="198" mi="0" ci="1" mb="0" cb="0"/><line nr="200" mi="0" ci="1" mb="0" cb="0"/><counter type="INSTRUCTION" missed="4" covered="194"/><counter type="BRANCH" missed="2" covered="24"/><counter type="LINE" missed="1" covered="58"/><counter type="COMPLEXITY" missed="2" covered="14"/><counter type="METHOD" missed="0" covered="3"/><counter type="CLASS" missed="0" covered="1"/></sourcefile><sourcefile name="TransitionLabeler.java"><line nr="63" mi="0" ci="2" mb="0" cb="0"/><line nr="64" mi="0" ci="4" mb="0" cb="0"/><line nr="66" mi="0" ci="3" mb="0" cb="0"/><line nr="67" mi="0" ci="1" mb="0" cb="0"/><line nr="75" mi="0" ci="2" mb="0" cb="0"/><line nr="76" mi="0" ci="2" mb="0" cb="0"/><line nr="77" mi="0" ci="2" mb="0" cb="0"/><line nr="79" mi="0" ci="3" mb="0" cb="0"/><line nr="81" mi="0" ci="3" mb="0" cb="0"/><line nr="83" mi="0" ci="3" mb="0" cb="0"/><line nr="85" mi="0" ci="3" mb="0" cb="0"/><line nr="86" mi="0" ci="1" mb="0" cb="0"/><line nr="95" mi="0" ci="3" mb="0" cb="0"/><line nr="96" mi="0" ci="3" mb="0" cb="0"/><line nr="97" mi="0" ci="7" mb="0" cb="0"/><line nr="98" mi="0" ci="1" mb="0" cb="0"/><line nr="99" mi="0" ci="8" mb="0" cb="0"/><line nr="101" mi="0" ci="2" mb="0" cb="0"/><line nr="102" mi="0" ci="1" mb="0" cb="0"/><line nr="109" mi="0" ci="3" mb="0" cb="0"/><line nr="110" mi="0" ci="6" mb="0" cb="0"/><line nr="112" mi="0" ci="2" mb="0" cb="0"/><line nr="113" mi="0" ci="1" mb="0" cb="0"/><line nr="123" mi="0" ci="3" mb="0" cb="0"/><line nr="124" mi="0" ci="3" mb="0" cb="0"/><line nr="125" mi="0" ci="7" mb="0" cb="0"/><line nr="126" mi="0" ci="1" mb="0" cb="0"/><line nr="129" mi="0" ci="3" mb="0" cb="0"/><line nr="130" mi="0" ci="3" mb="0" cb="0"/><line nr="131" mi="0" ci="7" mb="0" cb="0"/><line nr="132" mi="0" ci="1" mb="0" cb="0"/><line nr="133" mi="0" ci="8" mb="0" cb="0"/><line nr="135" mi="0" ci="10" mb="0" cb="2"/><line nr="136" mi="0" ci="3" mb="0" cb="0"/><line nr="137" mi="0" ci="1" mb="0" cb="0"/><line nr="138" mi="0" ci="1" mb="0" cb="0"/><line nr="146" mi="0" ci="3" mb="0" cb="0"/><line nr="147" mi="0" ci="3" mb="0" cb="0"/><line nr="148" mi="0" ci="5" mb="0" cb="0"/><line nr="152" mi="0" ci="3" mb="0" cb="0"/><line nr="153" mi="0" ci="6" mb="0" cb="0"/><line nr="155" mi="0" ci="10" mb="0" cb="2"/><line nr="156" mi="0" ci="3" mb="0" cb="0"/><line nr="157" mi="0" ci="1" mb="0" cb="0"/><line nr="158" mi="0" ci="1" mb="0" cb="0"/><counter type="INSTRUCTION" missed="0" covered="152"/><counter type="BRANCH" missed="0" covered="4"/><counter type="LINE" missed="0" covered="45"/><counter type="COMPLEXITY" missed="0" covered="8"/><counter type="METHOD" missed="0" covered="6"/><counter type="CLASS" missed="0" covered="1"/></sourcefile><sourcefile name="ForwardLabeler.java"><line nr="77" mi="0" ci="2" mb="0" cb="0"/><line nr="78" mi="0" ci="4" mb="0" cb="0"/><line nr="80" mi="0" ci="4" mb="0" cb="0"/><line nr="82" mi="0" ci="1" mb="0" cb="0"/><line nr="83" mi="0" ci="1" mb="0" cb="0"/><line nr="84" mi="0" ci="1" mb="0" cb="0"/><line nr="85" mi="0" ci="3" mb="0" cb="0"/><line nr="86" mi="0" ci="2" mb="0" cb="0"/><line nr="89" mi="0" ci="3" mb="0" cb="0"/><line nr="90" mi="0" ci="2" mb="0" cb="0"/><line nr="91" mi="0" ci="3" mb="0" cb="0"/><line nr="92" mi="0" ci="3" mb="0" cb="0"/><line nr="93" mi="0" ci="3" mb="0" cb="0"/><line nr="94" mi="0" ci="5" mb="0" cb="0"/><line nr="95" mi="0" ci="1" mb="0" cb="0"/><line nr="110" mi="0" ci="4" mb="0" cb="0"/><line nr="112" mi="0" ci="2" mb="0" cb="0"/><line nr="113" mi="0" ci="1" mb="0" cb="0"/><line nr="114" mi="0" ci="4" mb="0" cb="0"/><line nr="118" mi="0" ci="5" mb="0" cb="0"/><line nr="121" mi="0" ci="12" mb="0" cb="2"/><line nr="122" mi="0" ci="1" mb="0" cb="0"/><line nr="123" mi="0" ci="3" mb="0" cb="0"/><line nr="124" mi="0" ci="2" mb="0" cb="0"/><line nr="128" mi="0" ci="5" mb="0" cb="2"/><line nr="129" mi="0" ci="5" mb="0" cb="2"/><line nr="130" mi="0" ci="4" mb="0" cb="0"/><line nr="135" mi="0" ci="5" mb="0" cb="2"/><line nr="136" mi="0" ci="3" mb="0" cb="0"/><line nr="139" mi="0" ci="1" mb="0" cb="0"/><line nr="140" mi="0" ci="1" mb="0" cb="0"/><line nr="149" mi="0" ci="3" mb="0" cb="0"/><line nr="150" mi="0" ci="2" mb="0" cb="0"/><line nr="151" mi="0" ci="4" mb="0" cb="2"/><line nr="153" mi="0" ci="5" mb="0" cb="0"/><line nr="155" mi="0" ci="5" mb="0" cb="0"/><line nr="157" mi="0" ci="4" mb="0" cb="2"/><line nr="158" mi="0" ci="5" mb="0" cb="0"/><line nr="159" mi="0" ci="1" mb="0" cb="0"/><line nr="160" mi="0" ci="4" mb="0" cb="0"/><line nr="161" mi="0" ci="1" mb="0" cb="0"/><line nr="165" mi="0" ci="1" mb="0" cb="0"/><counter type="INSTRUCTION" missed="0" covered="131"/><counter type="BRANCH" missed="0" covered="12"/><counter type="LINE" missed="0" covered="42"/><counter type="COMPLEXITY" missed="0" covered="9"/><counter type="METHOD" missed="0" covered="3"/><counter type="CLASS" missed="0" covered="1"/></sourcefile><counter type="INSTRUCTION" missed="4" covered="477"/><counter type="BRANCH" missed="2" covered="40"/><counter type="LINE" missed="1" covered="145"/><counter type="COMPLEXITY" missed="2" covered="31"/><counter type="METHOD" missed="0" covered="12"/><counter type="CLASS" missed="0" covered="3"/></package><package name="it/polimi/constraintcomputation/reachability/statepresence/acceptingmodel"><class name="it/polimi/constraintcomputation/reachability/statepresence/acceptingmodel/AcceptingModelStatePathChecker"><method name="&lt;init&gt;" desc="(Ljava/util/Set;Lit/polimi/checker/intersection/IntersectionBuilder;Ljava/util/Set;Ljava/util/Set;)V" line="60"><counter type="INSTRUCTION" missed="0" covered="56"/><counter type="BRANCH" missed="0" covered="4"/><counter type="LINE" missed="0" covered="14"/><counter type="COMPLEXITY" missed="0" covered="3"/><counter type="METHOD" missed="0" covered="1"/></method><method name="perform" desc="(Lit/polimi/automata/state/State;Lit/polimi/automata/state/State;)Ljava/lang/Boolean;" line="102"><counter type="INSTRUCTION" missed="0" covered="7"/><counter type="LINE" missed="0" covered="1"/><counter type="COMPLEXITY" missed="0" covered="1"/><counter type="METHOD" missed="0" covered="1"/></method><counter type="INSTRUCTION" missed="0" covered="63"/><counter type="BRANCH" missed="0" covered="4"/><counter type="LINE" missed="0" covered="15"/><counter type="COMPLEXITY" missed="0" covered="4"/><counter type="METHOD" missed="0" covered="2"/><counter type="CLASS" missed="0" covered="1"/></class><sourcefile name="AcceptingModelStatePathChecker.java"><line nr="60" mi="0" ci="2" mb="0" cb="0"/><line nr="61" mi="0" ci="4" mb="0" cb="0"/><line nr="63" mi="0" ci="4" mb="0" cb="0"/><line nr="66" mi="0" ci="4" mb="0" cb="0"/><line nr="67" mi="0" ci="3" mb="0" cb="0"/><line nr="68" mi="0" ci="10" mb="0" cb="2"/><line nr="69" mi="0" ci="4" mb="0" cb="0"/><line nr="70" mi="0" ci="5" mb="0" cb="2"/><line nr="71" mi="0" ci="4" mb="0" cb="0"/><line nr="73" mi="0" ci="1" mb="0" cb="0"/><line nr="75" mi="0" ci="4" mb="0" cb="0"/><line nr="76" mi="0" ci="5" mb="0" cb="0"/><line nr="78" mi="0" ci="5" mb="0" cb="0"/><line nr="80" mi="0" ci="1" mb="0" cb="0"/><line nr="102" mi="0" ci="7" mb="0" cb="0"/><counter type="INSTRUCTION" missed="0" covered="63"/><counter type="BRANCH" missed="0" covered="4"/><counter type="LINE" missed="0" covered="15"/><counter type="COMPLEXITY" missed="0" covered="4"/><counter type="METHOD" missed="0" covered="2"/><counter type="CLASS" missed="0" covered="1"/></sourcefile><counter type="INSTRUCTION" missed="0" covered="63"/><counter type="BRANCH" missed="0" covered="4"/><counter type="LINE" missed="0" covered="15"/><counter type="COMPLEXITY" missed="0" covered="4"/><counter type="METHOD" missed="0" covered="2"/><counter type="CLASS" missed="0" covered="1"/></package><package name="it/polimi/constraintcomputation/reachability"><class name="it/polimi/constraintcomputation/reachability/ReachableStatesIdentifier"><method name="&lt;init&gt;" desc="(Lit/polimi/automata/IntersectionBA;)V" line="13"><counter type="INSTRUCTION" missed="0" covered="6"/><counter type="LINE" missed="0" covered="3"/><counter type="COMPLEXITY" missed="0" covered="1"/><counter type="METHOD" missed="0" covered="1"/></method><method name="getReachableStates" desc="(Lit/polimi/automata/state/State;Ljava/util/Set;)Ljava/util/Set;" line="19"><counter type="INSTRUCTION" missed="0" covered="75"/><counter type="BRANCH" missed="0" covered="10"/><counter type="LINE" missed="0" covered="18"/><counter type="COMPLEXITY" missed="0" covered="6"/><counter type="METHOD" missed="0" covered="1"/></method><counter type="INSTRUCTION" missed="0" covered="81"/><counter type="BRANCH" missed="0" covered="10"/><counter type="LINE" missed="0" covered="21"/><counter type="COMPLEXITY" missed="0" covered="7"/><counter type="METHOD" missed="0" covered="2"/><counter type="CLASS" missed="0" covered="1"/></class><class name="it/polimi/constraintcomputation/reachability/ReachabilityIdentifier"><method name="&lt;init&gt;" desc="(Lit/polimi/constraintcomputation/subpropertyidentifier/SubPropertyIdentifier;)V" line="55"><counter type="INSTRUCTION" missed="0" covered="21"/><counter type="LINE" missed="0" covered="7"/><counter type="COMPLEXITY" missed="0" covered="1"/><counter type="METHOD" missed="0" covered="1"/></method><method name="perform" desc="()V" line="100"><counter type="INSTRUCTION" missed="0" covered="89"/><counter type="LINE" missed="0" covered="23"/><counter type="COMPLEXITY" missed="0" covered="1"/><counter type="METHOD" missed="0" covered="1"/></method><method name="computeLowerRechabilityRelation" desc="(Ljava/util/Map;Ljava/util/Map;)V" line="155"><counter type="INSTRUCTION" missed="0" covered="164"/><counter type="BRANCH" missed="3" covered="13"/><counter type="LINE" missed="0" covered="43"/><counter type="COMPLEXITY" missed="3" covered="6"/><counter type="METHOD" missed="0" covered="1"/></method><method name="computeUpperReachabilityRelation" desc="(Ljava/util/Map;Ljava/util/Map;)V" line="245"><counter type="INSTRUCTION" missed="0" covered="185"/><counter type="BRANCH" missed="1" covered="11"/><counter type="LINE" missed="0" covered="48"/><counter type="COMPLEXITY" missed="1" covered="6"/><counter type="METHOD" missed="0" covered="1"/></method><method name="getInterestingDestinationsStates" desc="(Ljava/util/Map;Lit/polimi/automata/IntersectionBA;)Ljava/util/Set;" line="340"><counter type="INSTRUCTION" missed="0" covered="37"/><counter type="BRANCH" missed="0" covered="4"/><counter type="LINE" missed="0" covered="10"/><counter type="COMPLEXITY" missed="0" covered="3"/><counter type="METHOD" missed="0" covered="1"/></method><method name="getInterestingSourceStates" desc="(Ljava/util/Map;Lit/polimi/automata/IntersectionBA;)Ljava/util/Set;" line="357"><counter type="INSTRUCTION" missed="0" covered="37"/><counter type="BRANCH" missed="0" covered="4"/><counter type="LINE" missed="0" covered="9"/><counter type="COMPLEXITY" missed="0" covered="3"/><counter type="METHOD" missed="0" covered="1"/></method><method name="computeStateOutgoingTransitions" desc="(Lit/polimi/automata/IntersectionBA;Ljava/util/Set;)Ljava/util/Map;" line="379"><counter type="INSTRUCTION" missed="0" covered="50"/><counter type="BRANCH" missed="0" covered="4"/><counter type="LINE" missed="0" covered="13"/><counter type="COMPLEXITY" missed="0" covered="3"/><counter type="METHOD" missed="0" covered="1"/></method><method name="computeStateIncomingTransitions" desc="(Lit/polimi/automata/IntersectionBA;Ljava/util/Set;)Ljava/util/Map;" line="417"><counter type="INSTRUCTION" missed="0" covered="50"/><counter type="BRANCH" missed="0" covered="4"/><counter type="LINE" missed="0" covered="13"/><counter type="COMPLEXITY" missed="0" covered="3"/><counter type="METHOD" missed="0" covered="1"/></method><method name="getReachabilityRelation" desc="(Lit/polimi/automata/IntersectionBA;Ljava/util/Set;Ljava/util/Set;Ljava/util/Set;)Ljava/util/Map;" line="450"><counter type="INSTRUCTION" missed="0" covered="52"/><counter type="BRANCH" missed="0" covered="2"/><counter type="LINE" missed="0" covered="11"/><counter type="COMPLEXITY" missed="0" covered="2"/><counter type="METHOD" missed="0" covered="1"/></method><method name="&lt;clinit&gt;" desc="()V" line="60"><counter type="INSTRUCTION" missed="0" covered="4"/><counter type="LINE" missed="0" covered="2"/><counter type="COMPLEXITY" missed="0" covered="1"/><counter type="METHOD" missed="0" covered="1"/></method><counter type="INSTRUCTION" missed="0" covered="689"/><counter type="BRANCH" missed="4" covered="42"/><counter type="LINE" missed="0" covered="179"/><counter type="COMPLEXITY" missed="4" covered="29"/><counter type="METHOD" missed="0" covered="10"/><counter type="CLASS" missed="0" covered="1"/></class><sourcefile name="ReachableStatesIdentifier.java"><line nr="13" mi="0" ci="2" mb="0" cb="0"/><line nr="14" mi="0" ci="3" mb="0" cb="0"/><line nr="15" mi="0" ci="1" mb="0" cb="0"/><line nr="19" mi="0" ci="4" mb="0" cb="0"/><line nr="20" mi="0" ci="4" mb="0" cb="0"/><line nr="21" mi="0" ci="4" mb="0" cb="0"/><line nr="23" mi="0" ci="6" mb="0" cb="2"/><line nr="24" mi="0" ci="4" mb="0" cb="0"/><line nr="26" mi="0" ci="4" mb="0" cb="0"/><line nr="27" mi="0" ci="3" mb="0" cb="2"/><line nr="28" mi="0" ci="5" mb="0" cb="0"/><line nr="29" mi="0" ci="4" mb="0" cb="0"/><line nr="30" mi="0" ci="4" mb="0" cb="0"/><line nr="31" mi="0" ci="13" mb="0" cb="2"/><line nr="32" mi="0" ci="4" mb="0" cb="2"/><line nr="33" mi="0" ci="4" mb="0" cb="2"/><line nr="34" mi="0" ci="4" mb="0" cb="0"/><line nr="36" mi="0" ci="4" mb="0" cb="0"/><line nr="38" mi="0" ci="1" mb="0" cb="0"/><line nr="39" mi="0" ci="1" mb="0" cb="0"/><line nr="40" mi="0" ci="2" mb="0" cb="0"/><counter type="INSTRUCTION" missed="0" covered="81"/><counter type="BRANCH" missed="0" covered="10"/><counter type="LINE" missed="0" covered="21"/><counter type="COMPLEXITY" missed="0" covered="7"/><counter type="METHOD" missed="0" covered="2"/><counter type="CLASS" missed="0" covered="1"/></sourcefile><sourcefile name="ReachabilityIdentifier.java"><line nr="55" mi="0" ci="6" mb="0" cb="0"/><line nr="60" mi="0" ci="2" mb="0" cb="0"/><line nr="61" mi="0" ci="2" mb="0" cb="0"/><line nr="83" mi="0" ci="2" mb="0" cb="0"/><line nr="84" mi="0" ci="4" mb="0" cb="0"/><line nr="87" mi="0" ci="3" mb="0" cb="0"/><line nr="88" mi="0" ci="2" mb="0" cb="0"/><line nr="89" mi="0" ci="3" mb="0" cb="0"/><line nr="90" mi="0" ci="1" mb="0" cb="0"/><line nr="100" mi="0" ci="2" mb="0" cb="0"/><line nr="101" mi="0" ci="3" mb="0" cb="0"/><line nr="102" mi="0" ci="8" mb="0" cb="0"/><line nr="103" mi="0" ci="3" mb="0" cb="0"/><line nr="107" mi="0" ci="2" mb="0" cb="0"/><line nr="108" mi="0" ci="3" mb="0" cb="0"/><line nr="109" mi="0" ci="8" mb="0" cb="0"/><line nr="110" mi="0" ci="3" mb="0" cb="0"/><line nr="115" mi="0" ci="5" mb="0" cb="0"/><line nr="116" mi="0" ci="2" mb="0" cb="0"/><line nr="118" mi="0" ci="8" mb="0" cb="0"/><line nr="120" mi="0" ci="3" mb="0" cb="0"/><line nr="125" mi="0" ci="5" mb="0" cb="0"/><line nr="126" mi="0" ci="2" mb="0" cb="0"/><line nr="128" mi="0" ci="8" mb="0" cb="0"/><line nr="130" mi="0" ci="3" mb="0" cb="0"/><line nr="132" mi="0" ci="3" mb="0" cb="0"/><line nr="134" mi="0" ci="4" mb="0" cb="0"/><line nr="137" mi="0" ci="3" mb="0" cb="0"/><line nr="138" mi="0" ci="3" mb="0" cb="0"/><line nr="140" mi="0" ci="4" mb="0" cb="0"/><line nr="143" mi="0" ci="3" mb="0" cb="0"/><line nr="144" mi="0" ci="1" mb="0" cb="0"/><line nr="155" mi="0" ci="2" mb="0" cb="0"/><line nr="156" mi="0" ci="2" mb="0" cb="0"/><line nr="160" mi="0" ci="5" mb="0" cb="0"/><line nr="161" mi="0" ci="3" mb="0" cb="0"/><line nr="162" mi="0" ci="1" mb="0" cb="0"/><line nr="164" mi="0" ci="5" mb="0" cb="0"/><line nr="167" mi="0" ci="5" mb="0" cb="0"/><line nr="171" mi="0" ci="3" mb="0" cb="0"/><line nr="172" mi="0" ci="3" mb="0" cb="0"/><line nr="173" mi="0" ci="7" mb="0" cb="0"/><line nr="176" mi="0" ci="3" mb="0" cb="0"/><line nr="179" mi="0" ci="3" mb="0" cb="0"/><line nr="180" mi="0" ci="7" mb="0" cb="0"/><line nr="187" mi="0" ci="5" mb="0" cb="0"/><line nr="188" mi="0" ci="2" mb="0" cb="0"/><line nr="190" mi="0" ci="2" mb="0" cb="0"/><line nr="192" mi="0" ci="1" mb="0" cb="0"/><line nr="194" mi="0" ci="11" mb="0" cb="2"/><line nr="195" mi="0" ci="13" mb="0" cb="2"/><line nr="196" mi="0" ci="2" mb="0" cb="0"/><line nr="197" mi="0" ci="2" mb="1" cb="1"/><line nr="198" mi="0" ci="2" mb="0" cb="0"/><line nr="199" mi="0" ci="2" mb="0" cb="2"/><line nr="202" mi="0" ci="13" mb="0" cb="2"/><line nr="205" mi="0" ci="13" mb="0" cb="2"/><line nr="207" mi="0" ci="3" mb="0" cb="0"/><line nr="208" mi="0" ci="2" mb="0" cb="0"/><line nr="209" mi="0" ci="3" mb="0" cb="0"/><line nr="210" mi="0" ci="2" mb="0" cb="0"/><line nr="212" mi="0" ci="2" mb="0" cb="0"/><line nr="213" mi="0" ci="2" mb="0" cb="0"/><line nr="214" mi="0" ci="2" mb="0" cb="0"/><line nr="215" mi="0" ci="2" mb="0" cb="0"/><line nr="216" mi="0" ci="10" mb="2" cb="2"/><line nr="217" mi="0" ci="8" mb="0" cb="0"/><line nr="218" mi="0" ci="1" mb="0" cb="0"/><line nr="222" mi="0" ci="4" mb="0" cb="0"/><line nr="225" mi="0" ci="1" mb="0" cb="0"/><line nr="228" mi="0" ci="1" mb="0" cb="0"/><line nr="229" mi="0" ci="1" mb="0" cb="0"/><line nr="232" mi="0" ci="1" mb="0" cb="0"/><line nr="233" mi="0" ci="1" mb="0" cb="0"/><line nr="234" mi="0" ci="1" mb="0" cb="0"/><line nr="245" mi="0" ci="2" mb="0" cb="0"/><line nr="246" mi="0" ci="2" mb="0" cb="0"/><line nr="248" mi="0" ci="3" mb="0" cb="0"/><line nr="249" mi="0" ci="3" mb="0" cb="0"/><line nr="252" mi="0" ci="6" mb="0" cb="0"/><line nr="253" mi="0" ci="2" mb="0" cb="0"/><line nr="258" mi="0" ci="5" mb="0" cb="0"/><line nr="259" mi="0" ci="3" mb="0" cb="0"/><line nr="261" mi="0" ci="5" mb="0" cb="0"/><line nr="262" mi="0" ci="5" mb="0" cb="0"/><line nr="265" mi="0" ci="3" mb="0" cb="0"/><line nr="266" mi="0" ci="9" mb="0" cb="0"/><line nr="271" mi="0" ci="9" mb="0" cb="0"/><line nr="274" mi="0" ci="3" mb="0" cb="0"/><line nr="275" mi="0" ci="3" mb="0" cb="0"/><line nr="282" mi="0" ci="6" mb="0" cb="0"/><line nr="285" mi="0" ci="2" mb="0" cb="0"/><line nr="287" mi="0" ci="1" mb="0" cb="0"/><line nr="288" mi="0" ci="11" mb="0" cb="2"/><line nr="290" mi="0" ci="13" mb="0" cb="2"/><line nr="291" mi="0" ci="2" mb="0" cb="0"/><line nr="292" mi="0" ci="2" mb="1" cb="1"/><line nr="293" mi="0" ci="2" mb="0" cb="0"/><line nr="294" mi="0" ci="2" mb="0" cb="2"/><line nr="297" mi="0" ci="13" mb="0" cb="2"/><line nr="300" mi="0" ci="13" mb="0" cb="2"/><line nr="302" mi="0" ci="3" mb="0" cb="0"/><line nr="303" mi="0" ci="2" mb="0" cb="0"/><line nr="304" mi="0" ci="3" mb="0" cb="0"/><line nr="305" mi="0" ci="2" mb="0" cb="0"/><line nr="307" mi="0" ci="2" mb="0" cb="0"/><line nr="308" mi="0" ci="2" mb="0" cb="0"/><line nr="309" mi="0" ci="2" mb="0" cb="0"/><line nr="310" mi="0" ci="2" mb="0" cb="0"/><line nr="311" mi="0" ci="8" mb="0" cb="0"/><line nr="312" mi="0" ci="1" mb="0" cb="0"/><line nr="316" mi="0" ci="4" mb="0" cb="0"/><line nr="319" mi="0" ci="1" mb="0" cb="0"/><line nr="322" mi="0" ci="1" mb="0" cb="0"/><line nr="323" mi="0" ci="1" mb="0" cb="0"/><line nr="327" mi="0" ci="1" mb="0" cb="0"/><line nr="328" mi="0" ci="1" mb="0" cb="0"/><line nr="329" mi="0" ci="9" mb="0" cb="0"/><line nr="330" mi="0" ci="1" mb="0" cb="0"/><line nr="331" mi="0" ci="1" mb="0" cb="0"/><line nr="332" mi="0" ci="4" mb="0" cb="0"/><line nr="334" mi="0" ci="3" mb="0" cb="0"/><line nr="335" mi="0" ci="1" mb="0" cb="0"/><line nr="340" mi="0" ci="4" mb="0" cb="0"/><line nr="341" mi="0" ci="10" mb="0" cb="2"/><line nr="342" mi="0" ci="1" mb="0" cb="0"/><line nr="344" mi="0" ci="10" mb="0" cb="2"/><line nr="345" mi="0" ci="2" mb="0" cb="0"/><line nr="346" mi="0" ci="2" mb="0" cb="0"/><line nr="347" mi="0" ci="4" mb="0" cb="0"/><line nr="349" mi="0" ci="1" mb="0" cb="0"/><line nr="350" mi="0" ci="1" mb="0" cb="0"/><line nr="351" mi="0" ci="2" mb="0" cb="0"/><line nr="357" mi="0" ci="4" mb="0" cb="0"/><line nr="358" mi="0" ci="10" mb="0" cb="2"/><line nr="359" mi="0" ci="1" mb="0" cb="0"/><line nr="361" mi="0" ci="10" mb="0" cb="2"/><line nr="362" mi="0" ci="4" mb="0" cb="0"/><line nr="363" mi="0" ci="4" mb="0" cb="0"/><line nr="365" mi="0" ci="1" mb="0" cb="0"/><line nr="366" mi="0" ci="1" mb="0" cb="0"/><line nr="367" mi="0" ci="2" mb="0" cb="0"/><line nr="379" mi="0" ci="4" mb="0" cb="0"/><line nr="381" mi="0" ci="10" mb="0" cb="2"/><line nr="383" mi="0" ci="2" mb="0" cb="0"/><line nr="384" mi="0" ci="2" mb="0" cb="0"/><line nr="385" mi="0" ci="2" mb="0" cb="0"/><line nr="386" mi="0" ci="2" mb="0" cb="2"/><line nr="387" mi="0" ci="7" mb="0" cb="0"/><line nr="390" mi="0" ci="5" mb="0" cb="0"/><line nr="391" mi="0" ci="2" mb="0" cb="0"/><line nr="392" mi="0" ci="1" mb="0" cb="0"/><line nr="394" mi="0" ci="8" mb="0" cb="0"/><line nr="396" mi="0" ci="3" mb="0" cb="0"/><line nr="397" mi="0" ci="2" mb="0" cb="0"/><line nr="417" mi="0" ci="4" mb="0" cb="0"/><line nr="419" mi="0" ci="10" mb="0" cb="2"/><line nr="421" mi="0" ci="2" mb="0" cb="0"/><line nr="422" mi="0" ci="2" mb="0" cb="0"/><line nr="423" mi="0" ci="2" mb="0" cb="0"/><line nr="424" mi="0" ci="2" mb="0" cb="2"/><line nr="425" mi="0" ci="7" mb="0" cb="0"/><line nr="428" mi="0" ci="5" mb="0" cb="0"/><line nr="429" mi="0" ci="2" mb="0" cb="0"/><line nr="430" mi="0" ci="1" mb="0" cb="0"/><line nr="431" mi="0" ci="8" mb="0" cb="0"/><line nr="433" mi="0" ci="3" mb="0" cb="0"/><line nr="434" mi="0" ci="2" mb="0" cb="0"/><line nr="450" mi="0" ci="4" mb="0" cb="0"/><line nr="451" mi="0" ci="4" mb="0" cb="0"/><line nr="456" mi="0" ci="3" mb="0" cb="0"/><line nr="458" mi="0" ci="5" mb="0" cb="0"/><line nr="460" mi="0" ci="4" mb="0" cb="0"/><line nr="462" mi="0" ci="10" mb="0" cb="2"/><line nr="463" mi="0" ci="8" mb="0" cb="0"/><line nr="464" mi="0" ci="1" mb="0" cb="0"/><line nr="466" mi="0" ci="8" mb="0" cb="0"/><line nr="467" mi="0" ci="3" mb="0" cb="0"/><line nr="468" mi="0" ci="2" mb="0" cb="0"/><counter type="INSTRUCTION" missed="0" covered="689"/><counter type="BRANCH" missed="4" covered="42"/><counter type="LINE" missed="0" covered="179"/><counter type="COMPLEXITY" missed="4" covered="29"/><counter type="METHOD" missed="0" covered="10"/><counter type="CLASS" missed="0" covered="1"/></sourcefile><counter type="INSTRUCTION" missed="0" covered="770"/><counter type="BRANCH" missed="4" covered="52"/><counter type="LINE" missed="0" covered="200"/><counter type="COMPLEXITY" missed="4" covered="36"/><counter type="METHOD" missed="0" covered="12"/><counter type="CLASS" missed="0" covered="2"/></package><package name="it/polimi/constraintcomputation/reachability/statepresence"><class name="it/polimi/constraintcomputation/reachability/statepresence/StatePresencePathChecker"><method name="&lt;init&gt;" desc="(Lit/polimi/automata/BA;Ljava/util/Set;Ljava/util/Set;)V" line="79"><counter type="INSTRUCTION" missed="0" covered="55"/><counter type="LINE" missed="0" covered="19"/><counter type="COMPLEXITY" missed="0" covered="1"/><counter type="METHOD" missed="0" covered="1"/></method><method name="isReachableByPassingAnInterestingState" desc="(Lit/polimi/automata/state/State;Lit/polimi/automata/state/State;)Z" line="135"><counter type="INSTRUCTION" missed="0" covered="53"/><counter type="BRANCH" missed="0" covered="2"/><counter type="LINE" missed="0" covered="14"/><counter type="COMPLEXITY" missed="0" covered="2"/><counter type="METHOD" missed="0" covered="1"/></method><method name="perform" desc="(Ljava/util/Set;Ljava/util/Set;)V" line="174"><counter type="INSTRUCTION" missed="0" covered="37"/><counter type="BRANCH" missed="0" covered="2"/><counter type="LINE" missed="0" covered="10"/><counter type="COMPLEXITY" missed="0" covered="2"/><counter type="METHOD" missed="0" covered="1"/></method><method name="findConnectedStates" desc="(Ljava/util/Set;Ljava/util/Set;Ljava/util/Set;Ljava/util/Set;)V" line="204"><counter type="INSTRUCTION" missed="0" covered="43"/><counter type="BRANCH" missed="0" covered="4"/><counter type="LINE" missed="0" covered="8"/><counter type="COMPLEXITY" missed="0" covered="3"/><counter type="METHOD" missed="0" covered="1"/></method><method name="backwardCheck" desc="(Lit/polimi/automata/state/State;)Ljava/util/Set;" line="228"><counter type="INSTRUCTION" missed="0" covered="73"/><counter type="BRANCH" missed="0" covered="8"/><counter type="LINE" missed="0" covered="18"/><counter type="COMPLEXITY" missed="0" covered="5"/><counter type="METHOD" missed="0" covered="1"/></method><method name="forwardCheck" desc="(Lit/polimi/automata/state/State;)Ljava/util/Set;" line="263"><counter type="INSTRUCTION" missed="0" covered="73"/><counter type="BRANCH" missed="0" covered="8"/><counter type="LINE" missed="0" covered="18"/><counter type="COMPLEXITY" missed="0" covered="5"/><counter type="METHOD" missed="0" covered="1"/></method><counter type="INSTRUCTION" missed="0" covered="334"/><counter type="BRANCH" missed="0" covered="24"/><counter type="LINE" missed="0" covered="87"/><counter type="COMPLEXITY" missed="0" covered="18"/><counter type="METHOD" missed="0" covered="6"/><counter type="CLASS" missed="0" covered="1"/></class><sourcefile name="StatePresencePathChecker.java"><line nr="79" mi="0" ci="2" mb="0" cb="0"/><line nr="80" mi="0" ci="4" mb="0" cb="0"/><line nr="81" mi="0" ci="4" mb="0" cb="0"/><line nr="83" mi="0" ci="4" mb="0" cb="0"/><line nr="86" mi="0" ci="1" mb="0" cb="0"/><line nr="87" mi="0" ci="1" mb="0" cb="0"/><line nr="88" mi="0" ci="4" mb="0" cb="0"/><line nr="91" mi="0" ci="1" mb="0" cb="0"/><line nr="92" mi="0" ci="1" mb="0" cb="0"/><line nr="93" mi="0" ci="4" mb="0" cb="0"/><line nr="96" mi="0" ci="2" mb="0" cb="0"/><line nr="97" mi="0" ci="1" mb="0" cb="0"/><line nr="98" mi="0" ci="2" mb="0" cb="0"/><line nr="100" mi="0" ci="3" mb="0" cb="0"/><line nr="101" mi="0" ci="6" mb="0" cb="0"/><line nr="102" mi="0" ci="6" mb="0" cb="0"/><line nr="104" mi="0" ci="5" mb="0" cb="0"/><line nr="105" mi="0" ci="3" mb="0" cb="0"/><line nr="109" mi="0" ci="1" mb="0" cb="0"/><line nr="135" mi="0" ci="4" mb="0" cb="0"/><line nr="137" mi="0" ci="4" mb="0" cb="0"/><line nr="138" mi="0" ci="4" mb="0" cb="0"/><line nr="140" mi="0" ci="7" mb="0" cb="0"/><line nr="142" mi="0" ci="7" mb="0" cb="0"/><line nr="144" mi="0" ci="3" mb="0" cb="0"/><line nr="145" mi="0" ci="1" mb="0" cb="0"/><line nr="146" mi="0" ci="2" mb="0" cb="0"/><line nr="148" mi="0" ci="3" mb="0" cb="0"/><line nr="149" mi="0" ci="1" mb="0" cb="0"/><line nr="150" mi="0" ci="2" mb="0" cb="0"/><line nr="153" mi="0" ci="5" mb="0" cb="2"/><line nr="154" mi="0" ci="2" mb="0" cb="0"/><line nr="157" mi="0" ci="8" mb="0" cb="0"/><line nr="174" mi="0" ci="11" mb="0" cb="2"/><line nr="175" mi="0" ci="4" mb="0" cb="0"/><line nr="176" mi="0" ci="4" mb="0" cb="0"/><line nr="177" mi="0" ci="6" mb="0" cb="0"/><line nr="179" mi="0" ci="2" mb="0" cb="0"/><line nr="180" mi="0" ci="2" mb="0" cb="0"/><line nr="182" mi="0" ci="1" mb="0" cb="0"/><line nr="184" mi="0" ci="3" mb="0" cb="0"/><line nr="185" mi="0" ci="3" mb="0" cb="0"/><line nr="186" mi="0" ci="1" mb="0" cb="0"/><line nr="204" mi="0" ci="4" mb="0" cb="0"/><line nr="205" mi="0" ci="4" mb="0" cb="0"/><line nr="206" mi="0" ci="10" mb="0" cb="2"/><line nr="207" mi="0" ci="5" mb="0" cb="2"/><line nr="208" mi="0" ci="9" mb="0" cb="0"/><line nr="210" mi="0" ci="9" mb="0" cb="0"/><line nr="213" mi="0" ci="1" mb="0" cb="0"/><line nr="214" mi="0" ci="1" mb="0" cb="0"/><line nr="228" mi="0" ci="4" mb="0" cb="0"/><line nr="229" mi="0" ci="3" mb="0" cb="0"/><line nr="231" mi="0" ci="4" mb="0" cb="0"/><line nr="233" mi="0" ci="4" mb="0" cb="0"/><line nr="234" mi="0" ci="4" mb="0" cb="0"/><line nr="235" mi="0" ci="4" mb="0" cb="0"/><line nr="236" mi="0" ci="3" mb="0" cb="2"/><line nr="237" mi="0" ci="5" mb="0" cb="0"/><line nr="238" mi="0" ci="4" mb="0" cb="0"/><line nr="239" mi="0" ci="4" mb="0" cb="0"/><line nr="240" mi="0" ci="13" mb="0" cb="2"/><line nr="241" mi="0" ci="7" mb="0" cb="2"/><line nr="242" mi="0" ci="2" mb="0" cb="2"/><line nr="243" mi="0" ci="4" mb="0" cb="0"/><line nr="244" mi="0" ci="4" mb="0" cb="0"/><line nr="246" mi="0" ci="1" mb="0" cb="0"/><line nr="247" mi="0" ci="1" mb="0" cb="0"/><line nr="248" mi="0" ci="2" mb="0" cb="0"/><line nr="263" mi="0" ci="4" mb="0" cb="0"/><line nr="264" mi="0" ci="3" mb="0" cb="0"/><line nr="265" mi="0" ci="4" mb="0" cb="0"/><line nr="266" mi="0" ci="4" mb="0" cb="0"/><line nr="267" mi="0" ci="4" mb="0" cb="0"/><line nr="268" mi="0" ci="4" mb="0" cb="0"/><line nr="269" mi="0" ci="3" mb="0" cb="2"/><line nr="270" mi="0" ci="5" mb="0" cb="0"/><line nr="271" mi="0" ci="4" mb="0" cb="0"/><line nr="272" mi="0" ci="4" mb="0" cb="0"/><line nr="273" mi="0" ci="13" mb="0" cb="2"/><line nr="274" mi="0" ci="7" mb="0" cb="2"/><line nr="275" mi="0" ci="2" mb="0" cb="2"/><line nr="276" mi="0" ci="4" mb="0" cb="0"/><line nr="277" mi="0" ci="4" mb="0" cb="0"/><line nr="279" mi="0" ci="1" mb="0" cb="0"/><line nr="280" mi="0" ci="1" mb="0" cb="0"/><line nr="281" mi="0" ci="2" mb="0" cb="0"/><counter type="INSTRUCTION" missed="0" covered="334"/><counter type="BRANCH" missed="0" covered="24"/><counter type="LINE" missed="0" covered="87"/><counter type="COMPLEXITY" missed="0" covered="18"/><counter type="METHOD" missed="0" covered="6"/><counter type="CLASS" missed="0" covered="1"/></sourcefile><counter type="INSTRUCTION" missed="0" covered="334"/><counter type="BRANCH" missed="0" covered="24"/><counter type="LINE" missed="0" covered="87"/><counter type="COMPLEXITY" missed="0" covered="18"/><counter type="METHOD" missed="0" covered="6"/><counter type="CLASS" missed="0" covered="1"/></package><package name="it/polimi/constraintcomputation/cleaner"><class name="it/polimi/constraintcomputation/cleaner/AutomatonCleaner"><method name="&lt;init&gt;" desc="(Lit/polimi/automata/BA;)V" line="52"><counter type="INSTRUCTION" missed="0" covered="10"/><counter type="LINE" missed="0" covered="4"/><counter type="COMPLEXITY" missed="0" covered="1"/><counter type="METHOD" missed="0" covered="1"/></method><method name="clean" desc="()Ljava/util/Set;" line="71"><counter type="INSTRUCTION" missed="0" covered="142"/><counter type="BRANCH" missed="0" covered="10"/><counter type="LINE" missed="0" covered="30"/><counter type="COMPLEXITY" missed="0" covered="6"/><counter type="METHOD" missed="0" covered="1"/></method><method name="&lt;clinit&gt;" desc="()V" line="35"><counter type="INSTRUCTION" missed="0" covered="4"/><counter type="LINE" missed="0" covered="2"/><counter type="COMPLEXITY" missed="0" covered="1"/><counter type="METHOD" missed="0" covered="1"/></method><counter type="INSTRUCTION" missed="0" covered="156"/><counter type="BRANCH" missed="0" covered="10"/><counter type="LINE" missed="0" covered="36"/><counter type="COMPLEXITY" missed="0" covered="8"/><counter type="METHOD" missed="0" covered="3"/><counter type="CLASS" missed="0" covered="1"/></class><sourcefile name="AutomatonCleaner.java"><line nr="35" mi="0" ci="2" mb="0" cb="0"/><line nr="36" mi="0" ci="2" mb="0" cb="0"/><line nr="52" mi="0" ci="2" mb="0" cb="0"/><line nr="53" mi="0" ci="4" mb="0" cb="0"/><line nr="55" mi="0" ci="3" mb="0" cb="0"/><line nr="57" mi="0" ci="1" mb="0" cb="0"/><line nr="71" mi="0" ci="3" mb="0" cb="0"/><line nr="75" mi="0" ci="4" mb="0" cb="0"/><line nr="76" mi="0" ci="3" mb="0" cb="0"/><line nr="77" mi="0" ci="1" mb="0" cb="0"/><line nr="78" mi="0" ci="2" mb="0" cb="0"/><line nr="84" mi="0" ci="4" mb="0" cb="0"/><line nr="85" mi="0" ci="10" mb="0" cb="2"/><line nr="86" mi="0" ci="6" mb="0" cb="2"/><line nr="89" mi="0" ci="4" mb="0" cb="2"/><line nr="90" mi="0" ci="5" mb="0" cb="0"/><line nr="95" mi="0" ci="5" mb="0" cb="0"/><line nr="96" mi="0" ci="7" mb="0" cb="2"/><line nr="97" mi="0" ci="4" mb="0" cb="0"/><line nr="101" mi="0" ci="1" mb="0" cb="0"/><line nr="103" mi="0" ci="11" mb="0" cb="0"/><line nr="106" mi="0" ci="4" mb="0" cb="0"/><line nr="107" mi="0" ci="3" mb="0" cb="2"/><line nr="109" mi="0" ci="5" mb="0" cb="0"/><line nr="110" mi="0" ci="4" mb="0" cb="0"/><line nr="111" mi="0" ci="4" mb="0" cb="0"/><line nr="113" mi="0" ci="5" mb="0" cb="0"/><line nr="114" mi="0" ci="3" mb="0" cb="0"/><line nr="115" mi="0" ci="4" mb="0" cb="0"/><line nr="116" mi="0" ci="4" mb="0" cb="0"/><line nr="117" mi="0" ci="1" mb="0" cb="0"/><line nr="119" mi="0" ci="11" mb="0" cb="0"/><line nr="120" mi="0" ci="11" mb="0" cb="0"/><line nr="123" mi="0" ci="7" mb="0" cb="0"/><line nr="124" mi="0" ci="4" mb="0" cb="0"/><line nr="126" mi="0" ci="2" mb="0" cb="0"/><counter type="INSTRUCTION" missed="0" covered="156"/><counter type="BRANCH" missed="0" covered="10"/><counter type="LINE" missed="0" covered="36"/><counter type="COMPLEXITY" missed="0" covered="8"/><counter type="METHOD" missed="0" covered="3"/><counter type="CLASS" missed="0" covered="1"/></sourcefile><counter type="INSTRUCTION" missed="0" covered="156"/><counter type="BRANCH" missed="0" covered="10"/><counter type="LINE" missed="0" covered="36"/><counter type="COMPLEXITY" missed="0" covered="8"/><counter type="METHOD" missed="0" covered="3"/><counter type="CLASS" missed="0" covered="1"/></package><package name="it/polimi/constraintcomputation/reachability/statepresence/acceptingclaim"><class name="it/polimi/constraintcomputation/reachability/statepresence/acceptingclaim/AcceptingClaimStatePathChecker"><method name="&lt;init&gt;" desc="(Ljava/util/Set;Lit/polimi/checker/intersection/IntersectionBuilder;Ljava/util/Set;Ljava/util/Set;)V" line="60"><counter type="INSTRUCTION" missed="0" covered="56"/><counter type="BRANCH" missed="0" covered="4"/><counter type="LINE" missed="0" covered="14"/><counter type="COMPLEXITY" missed="0" covered="3"/><counter type="METHOD" missed="0" covered="1"/></method><method name="perform" desc="(Lit/polimi/automata/state/State;Lit/polimi/automata/state/State;)Ljava/lang/Boolean;" line="101"><counter type="INSTRUCTION" missed="0" covered="7"/><counter type="LINE" missed="0" covered="1"/><counter type="COMPLEXITY" missed="0" covered="1"/><counter type="METHOD" missed="0" covered="1"/></method><counter type="INSTRUCTION" missed="0" covered="63"/><counter type="BRANCH" missed="0" covered="4"/><counter type="LINE" missed="0" covered="15"/><counter type="COMPLEXITY" missed="0" covered="4"/><counter type="METHOD" missed="0" covered="2"/><counter type="CLASS" missed="0" covered="1"/></class><sourcefile name="AcceptingClaimStatePathChecker.java"><line nr="60" mi="0" ci="2" mb="0" cb="0"/><line nr="62" mi="0" ci="4" mb="0" cb="0"/><line nr="64" mi="0" ci="4" mb="0" cb="0"/><line nr="66" mi="0" ci="4" mb="0" cb="0"/><line nr="67" mi="0" ci="3" mb="0" cb="0"/><line nr="68" mi="0" ci="10" mb="0" cb="2"/><line nr="69" mi="0" ci="4" mb="0" cb="0"/><line nr="70" mi="0" ci="5" mb="0" cb="2"/><line nr="71" mi="0" ci="4" mb="0" cb="0"/><line nr="73" mi="0" ci="1" mb="0" cb="0"/><line nr="74" mi="0" ci="4" mb="0" cb="0"/><line nr="75" mi="0" ci="5" mb="0" cb="0"/><line nr="77" mi="0" ci="5" mb="0" cb="0"/><line nr="79" mi="0" ci="1" mb="0" cb="0"/><line nr="101" mi="0" ci="7" mb="0" cb="0"/><counter type="INSTRUCTION" missed="0" covered="63"/><counter type="BRANCH" missed="0" covered="4"/><counter type="LINE" missed="0" covered="15"/><counter type="COMPLEXITY" missed="0" covered="4"/><counter type="METHOD" missed="0" covered="2"/><counter type="CLASS" missed="0" covered="1"/></sourcefile><counter type="INSTRUCTION" missed="0" covered="63"/><counter type="BRANCH" missed="0" covered="4"/><counter type="LINE" missed="0" covered="15"/><counter type="COMPLEXITY" missed="0" covered="4"/><counter type="METHOD" missed="0" covered="2"/><counter type="CLASS" missed="0" covered="1"/></package><package name="it/polimi/constraintcomputation"><class name="it/polimi/constraintcomputation/ConstraintGenerator"><method name="&lt;init&gt;" desc="(Lit/polimi/checker/Checker;)V" line="86"><counter type="INSTRUCTION" missed="0" covered="40"/><counter type="BRANCH" missed="0" covered="2"/><counter type="LINE" missed="0" covered="11"/><counter type="COMPLEXITY" missed="0" covered="2"/><counter type="METHOD" missed="0" covered="1"/></method><method name="perform" desc="()Lit/polimi/constraints/Constraint;" line="108"><counter type="INSTRUCTION" missed="0" covered="69"/><counter type="BRANCH" missed="0" covered="2"/><counter type="LINE" missed="0" covered="16"/><counter type="COMPLEXITY" missed="0" covered="2"/><counter type="METHOD" missed="0" covered="1"/></method><method name="cleanIntersectionAutomaton" desc="()V" line="134"><counter type="INSTRUCTION" missed="0" covered="42"/><counter type="BRANCH" missed="0" covered="2"/><counter type="LINE" missed="0" covered="11"/><counter type="COMPLEXITY" missed="0" covered="2"/><counter type="METHOD" missed="0" covered="1"/></method><method name="perform" desc="(Lit/polimi/automata/state/State;)Lit/polimi/constraints/Constraint;" line="167"><counter type="INSTRUCTION" missed="0" covered="61"/><counter type="LINE" missed="0" covered="14"/><counter type="COMPLEXITY" missed="0" covered="1"/><counter type="METHOD" missed="0" covered="1"/></method><method name="generateSubProperty" desc="(Lit/polimi/automata/state/State;)Lit/polimi/constraints/components/SubProperty;" line="208"><counter type="INSTRUCTION" missed="0" covered="30"/><counter type="LINE" missed="0" covered="6"/><counter type="COMPLEXITY" missed="0" covered="1"/><counter type="METHOD" missed="0" covered="1"/></method><method name="computeLabels" desc="(Lit/polimi/automata/state/State;)V" line="221"><counter type="INSTRUCTION" missed="0" covered="31"/><counter type="LINE" missed="0" covered="7"/><counter type="COMPLEXITY" missed="0" covered="1"/><counter type="METHOD" missed="0" covered="1"/></method><method name="computeLabels" desc="()V" line="238"><counter type="INSTRUCTION" missed="0" covered="23"/><counter type="BRANCH" missed="0" covered="2"/><counter type="LINE" missed="0" covered="6"/><counter type="COMPLEXITY" missed="0" covered="2"/><counter type="METHOD" missed="0" covered="1"/></method><method name="computeTransitionReachability" desc="()Lit/polimi/constraints/Constraint;" line="254"><counter type="INSTRUCTION" missed="0" covered="38"/><counter type="BRANCH" missed="0" covered="2"/><counter type="LINE" missed="0" covered="9"/><counter type="COMPLEXITY" missed="0" covered="2"/><counter type="METHOD" missed="0" covered="1"/></method><method name="computeTransitionReachability" desc="(Lit/polimi/automata/state/State;)Lit/polimi/constraints/Constraint;" line="271"><counter type="INSTRUCTION" missed="0" covered="33"/><counter type="LINE" missed="0" covered="7"/><counter type="COMPLEXITY" missed="0" covered="1"/><counter type="METHOD" missed="0" covered="1"/></method><method name="computeIndispensable" desc="(Lit/polimi/automata/state/State;)V" line="285"><counter type="INSTRUCTION" missed="5" covered="67"/><counter type="BRANCH" missed="1" covered="5"/><counter type="LINE" missed="1" covered="17"/><counter type="COMPLEXITY" missed="1" covered="3"/><counter type="METHOD" missed="0" covered="1"/></method><method name="computeIndispensable" desc="()V" line="313"><counter type="INSTRUCTION" missed="5" covered="61"/><counter type="BRANCH" missed="1" covered="7"/><counter type="LINE" missed="1" covered="17"/><counter type="COMPLEXITY" missed="1" covered="4"/><counter type="METHOD" missed="0" covered="1"/></method><method name="&lt;clinit&gt;" desc="()V" line="53"><counter type="INSTRUCTION" missed="0" covered="4"/><counter type="LINE" missed="0" covered="2"/><counter type="COMPLEXITY" missed="0" covered="1"/><counter type="METHOD" missed="0" covered="1"/></method><counter type="INSTRUCTION" missed="10" covered="499"/><counter type="BRANCH" missed="2" covered="22"/><counter type="LINE" missed="2" covered="123"/><counter type="COMPLEXITY" missed="2" covered="22"/><counter type="METHOD" missed="0" covered="12"/><counter type="CLASS" missed="0" covered="1"/></class><sourcefile name="ConstraintGenerator.java"><line nr="53" mi="0" ci="2" mb="0" cb="0"/><line nr="54" mi="0" ci="2" mb="0" cb="0"/><line nr="86" mi="0" ci="3" mb="0" cb="0"/><line nr="87" mi="0" ci="4" mb="0" cb="0"/><line nr="88" mi="0" ci="1" mb="0" cb="0"/><line nr="89" mi="0" ci="1" mb="0" cb="0"/><line nr="90" mi="0" ci="7" mb="0" cb="2"/><line nr="93" mi="0" ci="3" mb="0" cb="0"/><line nr="94" mi="0" ci="5" mb="0" cb="0"/><line nr="95" mi="0" ci="5" mb="0" cb="0"/><line nr="96" mi="0" ci="5" mb="0" cb="0"/><line nr="97" mi="0" ci="5" mb="0" cb="0"/><line nr="98" mi="0" ci="1" mb="0" cb="0"/><line nr="108" mi="0" ci="2" mb="0" cb="0"/><line nr="110" mi="0" ci="12" mb="0" cb="2"/><line nr="111" mi="0" ci="2" mb="0" cb="0"/><line nr="113" mi="0" ci="10" mb="0" cb="0"/><line nr="115" mi="0" ci="6" mb="0" cb="0"/><line nr="117" mi="0" ci="1" mb="0" cb="0"/><line nr="119" mi="0" ci="3" mb="0" cb="0"/><line nr="120" mi="0" ci="9" mb="0" cb="0"/><line nr="121" mi="0" ci="5" mb="0" cb="0"/><line nr="122" mi="0" ci="2" mb="0" cb="0"/><line nr="124" mi="0" ci="3" mb="0" cb="0"/><line nr="125" mi="0" ci="3" mb="0" cb="0"/><line nr="126" mi="0" ci="3" mb="0" cb="0"/><line nr="127" mi="0" ci="3" mb="0" cb="0"/><line nr="128" mi="0" ci="2" mb="0" cb="0"/><line nr="129" mi="0" ci="3" mb="0" cb="0"/><line nr="134" mi="0" ci="3" mb="0" cb="0"/><line nr="140" mi="0" ci="4" mb="0" cb="0"/><line nr="141" mi="0" ci="1" mb="0" cb="0"/><line nr="142" mi="0" ci="3" mb="0" cb="0"/><line nr="143" mi="0" ci="3" mb="0" cb="0"/><line nr="145" mi="0" ci="8" mb="0" cb="0"/><line nr="146" mi="0" ci="3" mb="0" cb="0"/><line nr="150" mi="0" ci="10" mb="0" cb="2"/><line nr="151" mi="0" ci="5" mb="0" cb="0"/><line nr="153" mi="0" ci="1" mb="0" cb="0"/><line nr="154" mi="0" ci="1" mb="0" cb="0"/><line nr="167" mi="0" ci="4" mb="0" cb="0"/><line nr="169" mi="0" ci="2" mb="0" cb="0"/><line nr="171" mi="0" ci="10" mb="0" cb="0"/><line nr="173" mi="0" ci="6" mb="0" cb="0"/><line nr="175" mi="0" ci="3" mb="0" cb="0"/><line nr="176" mi="0" ci="9" mb="0" cb="0"/><line nr="177" mi="0" ci="5" mb="0" cb="0"/><line nr="178" mi="0" ci="3" mb="0" cb="0"/><line nr="180" mi="0" ci="3" mb="0" cb="0"/><line nr="181" mi="0" ci="3" mb="0" cb="0"/><line nr="182" mi="0" ci="4" mb="0" cb="0"/><line nr="183" mi="0" ci="3" mb="0" cb="0"/><line nr="184" mi="0" ci="3" mb="0" cb="0"/><line nr="185" mi="0" ci="3" mb="0" cb="0"/><line nr="208" mi="0" ci="7" mb="0" cb="0"/><line nr="210" mi="0" ci="3" mb="0" cb="0"/><line nr="211" mi="0" ci="6" mb="0" cb="0"/><line nr="213" mi="0" ci="6" mb="0" cb="0"/><line nr="214" mi="0" ci="6" mb="0" cb="0"/><line nr="216" mi="0" ci="2" mb="0" cb="0"/><line nr="221" mi="0" ci="4" mb="0" cb="0"/><line nr="223" mi="0" ci="4" mb="0" cb="0"/><line nr="224" mi="0" ci="11" mb="0" cb="0"/><line nr="227" mi="0" ci="5" mb="0" cb="0"/><line nr="228" mi="0" ci="4" mb="0" cb="0"/><line nr="229" mi="0" ci="2" mb="0" cb="0"/><line nr="231" mi="0" ci="1" mb="0" cb="0"/><line nr="238" mi="0" ci="11" mb="0" cb="2"/><line nr="239" mi="0" ci="1" mb="0" cb="0"/><line nr="240" mi="0" ci="7" mb="0" cb="0"/><line nr="241" mi="0" ci="2" mb="0" cb="0"/><line nr="242" mi="0" ci="1" mb="0" cb="0"/><line nr="243" mi="0" ci="1" mb="0" cb="0"/><line nr="254" mi="0" ci="11" mb="0" cb="2"/><line nr="255" mi="0" ci="1" mb="0" cb="0"/><line nr="256" mi="0" ci="8" mb="0" cb="0"/><line nr="257" mi="0" ci="5" mb="0" cb="0"/><line nr="259" mi="0" ci="3" mb="0" cb="0"/><line nr="260" mi="0" ci="4" mb="0" cb="0"/><line nr="261" mi="0" ci="2" mb="0" cb="0"/><line nr="263" mi="0" ci="1" mb="0" cb="0"/><line nr="265" mi="0" ci="3" mb="0" cb="0"/><line nr="271" mi="0" ci="4" mb="0" cb="0"/><line nr="273" mi="0" ci="4" mb="0" cb="0"/><line nr="274" mi="0" ci="11" mb="0" cb="0"/><line nr="276" mi="0" ci="5" mb="0" cb="0"/><line nr="277" mi="0" ci="4" mb="0" cb="0"/><line nr="278" mi="0" ci="2" mb="0" cb="0"/><line nr="280" mi="0" ci="3" mb="0" cb="0"/><line nr="285" mi="0" ci="4" mb="0" cb="0"/><line nr="287" mi="0" ci="4" mb="0" cb="0"/><line nr="288" mi="0" ci="11" mb="0" cb="0"/><line nr="291" mi="0" ci="3" mb="0" cb="0"/><line nr="292" mi="0" ci="3" mb="0" cb="0"/><line nr="293" mi="0" ci="3" mb="0" cb="0"/><line nr="294" mi="0" ci="6" mb="0" cb="0"/><line nr="295" mi="0" ci="3" mb="0" cb="0"/><line nr="296" mi="0" ci="5" mb="0" cb="0"/><line nr="297" mi="0" ci="4" mb="0" cb="0"/><line nr="298" mi="0" ci="5" mb="0" cb="0"/><line nr="299" mi="0" ci="3" mb="1" cb="1"/><line nr="300" mi="5" ci="0" mb="0" cb="0"/><line nr="303" mi="0" ci="3" mb="0" cb="2"/><line nr="304" mi="0" ci="3" mb="0" cb="0"/><line nr="306" mi="0" ci="3" mb="0" cb="2"/><line nr="307" mi="0" ci="3" mb="0" cb="0"/><line nr="310" mi="0" ci="1" mb="0" cb="0"/><line nr="313" mi="0" ci="11" mb="0" cb="2"/><line nr="314" mi="0" ci="1" mb="0" cb="0"/><line nr="315" mi="0" ci="5" mb="0" cb="0"/><line nr="316" mi="0" ci="4" mb="0" cb="0"/><line nr="317" mi="0" ci="2" mb="0" cb="0"/><line nr="318" mi="0" ci="3" mb="0" cb="0"/><line nr="319" mi="0" ci="5" mb="0" cb="0"/><line nr="320" mi="0" ci="4" mb="0" cb="0"/><line nr="321" mi="0" ci="3" mb="0" cb="0"/><line nr="322" mi="0" ci="2" mb="0" cb="0"/><line nr="323" mi="0" ci="3" mb="1" cb="1"/><line nr="324" mi="5" ci="0" mb="0" cb="0"/><line nr="327" mi="0" ci="3" mb="0" cb="2"/><line nr="328" mi="0" ci="5" mb="0" cb="0"/><line nr="330" mi="0" ci="3" mb="0" cb="2"/><line nr="331" mi="0" ci="5" mb="0" cb="0"/><line nr="333" mi="0" ci="1" mb="0" cb="0"/><line nr="335" mi="0" ci="1" mb="0" cb="0"/><counter type="INSTRUCTION" missed="10" covered="499"/><counter type="BRANCH" missed="2" covered="22"/><counter type="LINE" missed="2" covered="123"/><counter type="COMPLEXITY" missed="2" covered="22"/><counter type="METHOD" missed="0" covered="12"/><counter type="CLASS" missed="0" covered="1"/></sourcefile><counter type="INSTRUCTION" missed="10" covered="499"/><counter type="BRANCH" missed="2" covered="22"/><counter type="LINE" missed="2" covered="123"/><counter type="COMPLEXITY" missed="2" covered="22"/><counter type="METHOD" missed="0" covered="12"/><counter type="CLASS" missed="0" covered="1"/></package><counter type="INSTRUCTION" missed="42" covered="2834"/><counter type="BRANCH" missed="10" covered="186"/><counter type="LINE" missed="5" covered="767"/><counter type="COMPLEXITY" missed="10" covered="152"/><counter type="METHOD" missed="0" covered="64"/><counter type="CLASS" missed="0" covered="11"/></report>