<?xml version="1.0" encoding="UTF-8" standalone="yes"?><!DOCTYPE report PUBLIC "-//JACOCO//DTD Report 1.0//EN" "report.dtd"><report name="CHIAReplacementChecker"><sessioninfo id="" start="1455026738381" dump="1455026740379"/><sessioninfo id="it.polimi.replacementchecker.buchiaccepting.ReplacementChecker13Test test" start="1455026740394" dump="1455026741620"/><sessioninfo id="" start="1455026741637" dump="1455026741643"/><sessioninfo id="it.polimi.replacementchecker.buchiaccepting.ReplacementChecker04Test test" start="1455026741660" dump="1455026741861"/><sessioninfo id="" start="1455026741870" dump="1455026741872"/><sessioninfo id="it.polimi.replacementchecker.buchiaccepting.ReplacementChecker08Test test" start="1455026741885" dump="1455026742061"/><sessioninfo id="" start="1455026742069" dump="1455026742076"/><sessioninfo id="it.polimi.replacementchecker.buchiaccepting.ReplacementChecker11Test test" start="1455026742086" dump="1455026742235"/><sessioninfo id="" start="1455026742248" dump="1455026742250"/><sessioninfo id="it.polimi.replacementchecker.buchiaccepting.ReplacementChecker02Test test" start="1455026742263" dump="1455026742383"/><sessioninfo id="" start="1455026742393" dump="1455026742395"/><sessioninfo id="it.polimi.replacementchecker.buchiaccepting.ReplacementChecker12Test test" start="1455026742405" dump="1455026742513"/><sessioninfo id="" start="1455026742525" dump="1455026742549"/><sessioninfo id="it.polimi.replacementchecker.buchiaccepting.ReplacementChecker09Test test" start="1455026742559" dump="1455026742667"/><sessioninfo id="" start="1455026742682" dump="1455026742782"/><sessioninfo id="it.polimi.replacementchecker.buchiaccepting.ReplacementChecker15Test test" start="1455026742793" dump="1455026743293"/><sessioninfo id="" start="1455026743308" dump="1455026743312"/><sessioninfo id="it.polimi.replacementchecker.buchiaccepting.ReplacementChecker07Test test" start="1455026743328" dump="1455026743430"/><sessioninfo id="" start="1455026743450" dump="1455026743459"/><sessioninfo id="it.polimi.replacementchecker.intersectionbuilder.UnderApproximationBuilderTest testIsGreenState" start="1455026743477" dump="1455026743481"/><sessioninfo id="" start="1455026743515" dump="1455026743516"/><sessioninfo id="it.polimi.replacementchecker.intersectionbuilder.UnderApproximationBuilderTest testIsRedState" start="1455026743542" dump="1455026743555"/><sessioninfo id="" start="1455026743576" dump="1455026743577"/><sessioninfo id="it.polimi.replacementchecker.intersectionbuilder.UnderApproximationBuilderTest testGetModelState" start="1455026743596" dump="1455026743603"/><sessioninfo id="" start="1455026743626" dump="1455026743627"/><sessioninfo id="it.polimi.replacementchecker.intersectionbuilder.UnderApproximationBuilderTest testUnderApproximationBuilder1" start="1455026743648" dump="1455026743653"/><sessioninfo id="" start="1455026743667" dump="1455026743668"/><sessioninfo id="it.polimi.replacementchecker.intersectionbuilder.UnderApproximationBuilderTest testUnderApproximationBuilder2" start="1455026743679" dump="1455026743680"/><sessioninfo id="" start="1455026743697" dump="1455026743698"/><sessioninfo id="it.polimi.replacementchecker.intersectionbuilder.UnderApproximationBuilderTest testUnderApproximationBuilder3" start="1455026743720" dump="1455026743722"/><sessioninfo id="" start="1455026743742" dump="1455026743743"/><sessioninfo id="it.polimi.replacementchecker.intersectionbuilder.UnderApproximationBuilderTest testUnderApproximationBuilder4" start="1455026743762" dump="1455026743763"/><sessioninfo id="" start="1455026743781" dump="1455026743782"/><sessioninfo id="it.polimi.replacementchecker.intersectionbuilder.UnderApproximationBuilderTest testPerform" start="1455026743798" dump="1455026743800"/><sessioninfo id="" start="1455026743882" dump="1455026743988"/><sessioninfo id="it.polimi.replacementchecker.acceptingpolicy.ReplacementAcceptingPolicyTest testReplacementAcceptingPolicy2" start="1455026744007" dump="1455026744010"/><sessioninfo id="" start="1455026744031" dump="1455026744032"/><sessioninfo id="it.polimi.replacementchecker.acceptingpolicy.ReplacementAcceptingPolicyTest testReplacementAcceptingPolicy3" start="1455026744048" dump="1455026744048"/><sessioninfo id="" start="1455026744076" dump="1455026744077"/><sessioninfo id="it.polimi.replacementchecker.acceptingpolicy.ReplacementAcceptingPolicyTest testComuteInitNumber2" start="1455026744090" dump="1455026744109"/><sessioninfo id="" start="1455026744139" dump="1455026744140"/><sessioninfo id="it.polimi.replacementchecker.acceptingpolicy.ReplacementAcceptingPolicyTest testComuteInitNumber3" start="1455026744156" dump="1455026744157"/><sessioninfo id="" start="1455026744178" dump="1455026744181"/><sessioninfo id="it.polimi.replacementchecker.acceptingpolicy.ReplacementAcceptingPolicyTest testComuteInitNumber4" start="1455026744198" dump="1455026744199"/><sessioninfo id="" start="1455026744216" dump="1455026744222"/><sessioninfo id="it.polimi.replacementchecker.acceptingpolicy.ReplacementAcceptingPolicyTest testReplacementAcceptingPolicy1" start="1455026744243" dump="1455026744244"/><sessioninfo id="" start="1455026744261" dump="1455026744263"/><sessioninfo id="it.polimi.replacementchecker.acceptingpolicy.ReplacementAcceptingPolicyTest testComuteInitNumber1" start="1455026744285" dump="1455026744291"/><sessioninfo id="" start="1455026744308" dump="1455026744309"/><sessioninfo id="it.polimi.replacementchecker.acceptingpolicy.ReplacementAcceptingPolicyTest testComuteInitNumber5" start="1455026744329" dump="1455026744330"/><sessioninfo id="" start="1455026744346" dump="1455026744347"/><sessioninfo id="it.polimi.replacementchecker.acceptingpolicy.ReplacementAcceptingPolicyTest testComuteNumber1" start="1455026744363" dump="1455026744365"/><sessioninfo id="" start="1455026744385" dump="1455026744386"/><sessioninfo id="it.polimi.replacementchecker.acceptingpolicy.ReplacementAcceptingPolicyTest testComuteNumber2" start="1455026744404" dump="1455026744405"/><sessioninfo id="" start="1455026744419" dump="1455026744420"/><sessioninfo id="it.polimi.replacementchecker.acceptingpolicy.ReplacementAcceptingPolicyTest testComuteNumber3" start="1455026744440" dump="1455026744441"/><sessioninfo id="" start="1455026744456" dump="1455026744457"/><sessioninfo id="it.polimi.replacementchecker.acceptingpolicy.ReplacementAcceptingPolicyTest testComuteNumber4" start="1455026744472" dump="1455026744473"/><sessioninfo id="" start="1455026744493" dump="1455026744494"/><sessioninfo id="it.polimi.replacementchecker.acceptingpolicy.ReplacementAcceptingPolicyTest testComuteNumber5" start="1455026744509" dump="1455026744510"/><sessioninfo id="" start="1455026744525" dump="1455026744526"/><sessioninfo id="it.polimi.replacementchecker.acceptingpolicy.ReplacementAcceptingPolicyTest testComuteNumber6" start="1455026744549" dump="1455026744551"/><sessioninfo id="" start="1455026744567" dump="1455026744568"/><sessioninfo id="it.polimi.replacementchecker.acceptingpolicy.ReplacementAcceptingPolicyTest testComuteNumber7" start="1455026744585" dump="1455026744587"/><sessioninfo id="" start="1455026744605" dump="1455026744606"/><sessioninfo id="it.polimi.replacementchecker.acceptingpolicy.ReplacementAcceptingPolicyTest testComuteNumber8" start="1455026744626" dump="1455026744628"/><sessioninfo id="" start="1455026744647" dump="1455026744648"/><sessioninfo id="it.polimi.replacementchecker.acceptingpolicy.ReplacementAcceptingPolicyTest testComuteNumber9" start="1455026744662" dump="1455026744663"/><sessioninfo id="" start="1455026744681" dump="1455026744682"/><sessioninfo id="it.polimi.replacementchecker.acceptingpolicy.ReplacementAcceptingPolicyTest testComuteNumber10" start="1455026744702" dump="1455026744704"/><sessioninfo id="" start="1455026744718" dump="1455026744719"/><sessioninfo id="it.polimi.replacementchecker.acceptingpolicy.ReplacementAcceptingPolicyTest testComuteNumber11" start="1455026744733" dump="1455026744734"/><sessioninfo id="" start="1455026744754" dump="1455026744755"/><sessioninfo id="it.polimi.replacementchecker.acceptingpolicy.ReplacementAcceptingPolicyTest testComuteNumber12" start="1455026744771" dump="1455026744772"/><sessioninfo id="" start="1455026744790" dump="1455026744791"/><sessioninfo id="it.polimi.replacementchecker.acceptingpolicy.ReplacementAcceptingPolicyTest testComuteNumber13" start="1455026744839" dump="1455026744841"/><sessioninfo id="" start="1455026744868" dump="1455026744871"/><sessioninfo id="it.polimi.replacementchecker.acceptingpolicy.ReplacementAcceptingPolicyTest testComuteNumber14" start="1455026744889" dump="1455026744891"/><sessioninfo id="" start="1455026744911" dump="1455026744912"/><sessioninfo id="it.polimi.replacementchecker.acceptingpolicy.ReplacementAcceptingPolicyTest testComuteNumber15" start="1455026744930" dump="1455026744932"/><sessioninfo id="" start="1455026744952" dump="1455026744958"/><sessioninfo id="it.polimi.replacementchecker.acceptingpolicy.ReplacementAcceptingPolicyTest testComuteNumber16" start="1455026744982" dump="1455026744983"/><sessioninfo id="" start="1455026745033" dump="1455026745035"/><sessioninfo id="it.polimi.replacementchecker.acceptingpolicy.ReplacementAcceptingPolicyTest testComuteNumber17" start="1455026745062" dump="1455026745063"/><sessioninfo id="" start="1455026745201" dump="1455026745203"/><sessioninfo id="it.polimi.replacementchecker.acceptingpolicy.ReplacementAcceptingPolicyTest testComuteNumber18" start="1455026745250" dump="1455026745251"/><sessioninfo id="" start="1455026745271" dump="1455026745272"/><sessioninfo id="it.polimi.replacementchecker.acceptingpolicy.ReplacementAcceptingPolicyTest testComuteNumber19" start="1455026745290" dump="1455026745292"/><sessioninfo id="" start="1455026745312" dump="1455026745313"/><sessioninfo id="it.polimi.replacementchecker.acceptingpolicy.ReplacementAcceptingPolicyTest testComuteNumber20" start="1455026745333" dump="1455026745334"/><sessioninfo id="" start="1455026745352" dump="1455026745353"/><sessioninfo id="it.polimi.replacementchecker.acceptingpolicy.ReplacementAcceptingPolicyTest testComuteNumber21" start="1455026745372" dump="1455026745376"/><sessioninfo id="" start="1455026745398" dump="1455026745398"/><sessioninfo id="it.polimi.replacementchecker.acceptingpolicy.ReplacementAcceptingPolicyTest testComuteNumber22" start="1455026745426" dump="1455026745428"/><sessioninfo id="" start="1455026745452" dump="1455026745460"/><sessioninfo id="it.polimi.replacementchecker.acceptingpolicy.ReplacementAcceptingPolicyTest testComuteNumber23" start="1455026745480" dump="1455026745483"/><sessioninfo id="" start="1455026745499" dump="1455026745500"/><sessioninfo id="it.polimi.replacementchecker.acceptingpolicy.ReplacementAcceptingPolicyTest testComuteNumber24" start="1455026745518" dump="1455026745519"/><sessioninfo id="" start="1455026745543" dump="1455026745544"/><sessioninfo id="it.polimi.replacementchecker.acceptingpolicy.ReplacementAcceptingPolicyTest testComuteNumber25" start="1455026745562" dump="1455026745563"/><sessioninfo id="" start="1455026745596" dump="1455026745597"/><sessioninfo id="it.polimi.replacementchecker.acceptingpolicy.ReplacementAcceptingPolicyTest testComuteNumber26" start="1455026745618" dump="1455026745619"/><sessioninfo id="" start="1455026745641" dump="1455026745642"/><sessioninfo id="it.polimi.replacementchecker.acceptingpolicy.ReplacementAcceptingPolicyTest testComuteNumber27" start="1455026745657" dump="1455026745658"/><sessioninfo id="" start="1455026745671" dump="1455026745671"/><sessioninfo id="it.polimi.replacementchecker.acceptingpolicy.ReplacementAcceptingPolicyTest testComuteNumber28" start="1455026745689" dump="1455026745691"/><sessioninfo id="" start="1455026745703" dump="1455026745704"/><sessioninfo id="it.polimi.replacementchecker.acceptingpolicy.ReplacementAcceptingPolicyTest testComuteNumber29" start="1455026745716" dump="1455026745717"/><sessioninfo id="" start="1455026745734" dump="1455026745735"/><sessioninfo id="it.polimi.replacementchecker.acceptingpolicy.ReplacementAcceptingPolicyTest testComuteNumber30" start="1455026745752" dump="1455026745753"/><sessioninfo id="" start="1455026745769" dump="1455026745820"/><sessioninfo id="it.polimi.replacementchecker.intersectionbuilder.ReplacementIntersectionBuilderTest testReplacementIntersectionBuilder1" start="1455026745851" dump="1455026745852"/><sessioninfo id="" start="1455026745868" dump="1455026745869"/><sessioninfo id="it.polimi.replacementchecker.intersectionbuilder.ReplacementIntersectionBuilderTest testReplacementIntersectionBuilder2" start="1455026745886" dump="1455026745887"/><sessioninfo id="" start="1455026745906" dump="1455026745908"/><sessioninfo id="it.polimi.replacementchecker.intersectionbuilder.ReplacementIntersectionBuilderTest testReplacementIntersectionBuilder3" start="1455026745922" dump="1455026745923"/><sessioninfo id="" start="1455026745945" dump="1455026745946"/><sessioninfo id="it.polimi.replacementchecker.intersectionbuilder.ReplacementIntersectionBuilderTest testReplacementIntersectionBuilder4" start="1455026745963" dump="1455026745964"/><sessioninfo id="" start="1455026745978" dump="1455026745979"/><sessioninfo id="it.polimi.replacementchecker.intersectionbuilder.ReplacementIntersectionBuilderTest testPerformPropositions" start="1455026745995" dump="1455026745999"/><sessioninfo id="" start="1455026746012" dump="1455026746013"/><sessioninfo id="it.polimi.replacementchecker.intersectionbuilder.ReplacementIntersectionBuilderTest testPerformGreenState" start="1455026746027" dump="1455026746029"/><sessioninfo id="" start="1455026746046" dump="1455026746048"/><sessioninfo id="it.polimi.replacementchecker.intersectionbuilder.ReplacementIntersectionBuilderTest testPerformGreenState2" start="1455026746063" dump="1455026746069"/><sessioninfo id="" start="1455026746082" dump="1455026746083"/><sessioninfo id="it.polimi.replacementchecker.intersectionbuilder.ReplacementIntersectionBuilderTest testPerformGreenState3" start="1455026746102" dump="1455026746103"/><sessioninfo id="" start="1455026746121" dump="1455026746122"/><sessioninfo id="it.polimi.replacementchecker.intersectionbuilder.ReplacementIntersectionBuilderTest testPerformYellowInitialState" start="1455026746138" dump="1455026746140"/><sessioninfo id="" start="1455026746160" dump="1455026746161"/><sessioninfo id="it.polimi.replacementchecker.intersectionbuilder.ReplacementIntersectionBuilderTest testPerformYellowInitialState2" start="1455026746177" dump="1455026746178"/><sessioninfo id="" start="1455026746195" dump="1455026746196"/><sessioninfo id="it.polimi.replacementchecker.intersectionbuilder.ReplacementIntersectionBuilderTest testPerformRedState" start="1455026746217" dump="1455026746218"/><sessioninfo id="" start="1455026746232" dump="1455026746233"/><sessioninfo id="it.polimi.replacementchecker.intersectionbuilder.ReplacementIntersectionBuilderTest testPerformRedState2" start="1455026746248" dump="1455026746249"/><sessioninfo id="" start="1455026746271" dump="1455026746271"/><sessioninfo id="it.polimi.replacementchecker.intersectionbuilder.ReplacementIntersectionBuilderTest testPerformRedState3" start="1455026746286" dump="1455026746288"/><sessioninfo id="" start="1455026746306" dump="1455026746308"/><sessioninfo id="it.polimi.replacementchecker.intersectionbuilder.ReplacementIntersectionBuilderTest testPerformYellowAcceptingState" start="1455026746324" dump="1455026746326"/><sessioninfo id="" start="1455026746344" dump="1455026746345"/><sessioninfo id="it.polimi.replacementchecker.intersectionbuilder.ReplacementIntersectionBuilderTest testPerformYellowAcceptingState2" start="1455026746364" dump="1455026746367"/><sessioninfo id="" start="1455026746418" dump="1455026746419"/><sessioninfo id="it.polimi.replacementchecker.intersectionbuilder.ReplacementIntersectionBuilderTest testPerformComputeIntersectionTransition" start="1455026746435" dump="1455026746437"/><sessioninfo id="" start="1455026746450" dump="1455026746451"/><sessioninfo id="it.polimi.replacementchecker.intersectionbuilder.ReplacementIntersectionBuilderTest testPerformComputeIntersectionTransition2" start="1455026746466" dump="1455026746468"/><sessioninfo id="" start="1455026746482" dump="1455026746482"/><sessioninfo id="it.polimi.replacementchecker.intersectionbuilder.ReplacementIntersectionBuilderTest testPerformComputeIntersectionTransition3" start="1455026746493" dump="1455026746494"/><sessioninfo id="" start="1455026746509" dump="1455026746510"/><sessioninfo id="it.polimi.replacementchecker.intersectionbuilder.ReplacementIntersectionBuilderTest testPerformComputeIntersectionTransition4" start="1455026746522" dump="1455026746523"/><sessioninfo id="" start="1455026746534" dump="1455026746535"/><sessioninfo id="it.polimi.replacementchecker.intersectionbuilder.ReplacementIntersectionBuilderTest testPerformComputeIntersectionTransition5" start="1455026746548" dump="1455026746549"/><sessioninfo id="" start="1455026746561" dump="1455026746562"/><sessioninfo id="it.polimi.replacementchecker.intersectionbuilder.ReplacementIntersectionBuilderTest testPerformComputeIntersectionTransition6" start="1455026746577" dump="1455026746578"/><sessioninfo id="" start="1455026746589" dump="1455026746589"/><sessioninfo id="it.polimi.replacementchecker.intersectionbuilder.ReplacementIntersectionBuilderTest testPerformComputeIntersectionReachabilityRelation" start="1455026746601" dump="1455026746603"/><sessioninfo id="" start="1455026746618" dump="1455026746619"/><sessioninfo id="it.polimi.replacementchecker.intersectionbuilder.ReplacementIntersectionBuilderTest testPerformComputeIntersectionReachabilityRelation2" start="1455026746632" dump="1455026746633"/><sessioninfo id="" start="1455026746646" dump="1455026746646"/><sessioninfo id="it.polimi.replacementchecker.intersectionbuilder.ReplacementIntersectionBuilderTest testPerformComputeIntersectionReachabilityRelation3" start="1455026746658" dump="1455026746660"/><sessioninfo id="" start="1455026746675" dump="1455026746676"/><sessioninfo id="it.polimi.replacementchecker.intersectionbuilder.ReplacementIntersectionBuilderTest testPerformComputeIntersectionReachabilityRelation4" start="1455026746688" dump="1455026746690"/><sessioninfo id="" start="1455026746703" dump="1455026746704"/><sessioninfo id="it.polimi.replacementchecker.intersectionbuilder.ReplacementIntersectionBuilderTest testPerformComputeIntersectionTransition_Internal_Accepting_State" start="1455026746720" dump="1455026746721"/><sessioninfo id="" start="1455026746734" dump="1455026746734"/><sessioninfo id="it.polimi.replacementchecker.intersectionbuilder.ReplacementIntersectionBuilderTest testPerformComputeIntersectionTransition_Internal_Initial_State" start="1455026746746" dump="1455026746747"/><sessioninfo id="" start="1455026746758" dump="1455026746759"/><sessioninfo id="it.polimi.replacementchecker.intersectionbuilder.ReplacementIntersectionBuilderTest testPerformComputeBlackBox" start="1455026746775" dump="1455026746776"/><sessioninfo id="" start="1455026746787" dump="1455026746788"/><sessioninfo id="it.polimi.replacementchecker.intersectionbuilder.ReplacementIntersectionBuilderTest testPerformAutomatonSelfLoop" start="1455026746800" dump="1455026746802"/><sessioninfo id="" start="1455026746818" dump="1455026746821"/><sessioninfo id="it.polimi.replacementchecker.intersectionbuilder.ReplacementIntersectionBuilderTest testGetIntersectionAutomaton" start="1455026746835" dump="1455026746837"/><sessioninfo id="" start="1455026746850" dump="1455026746851"/><sessioninfo id="it.polimi.replacementchecker.intersectionbuilder.ReplacementIntersectionBuilderTest testGetIntersectionStates" start="1455026746863" dump="1455026746865"/><sessioninfo id="" start="1455026746883" dump="1455026746883"/><sessioninfo id="it.polimi.replacementchecker.intersectionbuilder.ReplacementIntersectionBuilderTest testIsGreenState" start="1455026746895" dump="1455026746896"/><sessioninfo id="" start="1455026746909" dump="1455026746909"/><sessioninfo id="it.polimi.replacementchecker.intersectionbuilder.ReplacementIntersectionBuilderTest testIsRedState" start="1455026746924" dump="1455026746926"/><sessioninfo id="" start="1455026746938" dump="1455026746939"/><sessioninfo id="it.polimi.replacementchecker.intersectionbuilder.ReplacementIntersectionBuilderTest testGetModelState_NullPointer" start="1455026746950" dump="1455026746952"/><sessioninfo id="" start="1455026746963" dump="1455026746964"/><sessioninfo id="it.polimi.replacementchecker.intersectionbuilder.ReplacementIntersectionBuilderTest testGetModelState_IllegalArgument" start="1455026746977" dump="1455026746978"/><sessioninfo id="" start="1455026746990" dump="1455026746991"/><sessioninfo id="it.polimi.replacementchecker.intersectionbuilder.ReplacementIntersectionBuilderTest testGetModelState_IllegalArgument_GreenInitial" start="1455026747000" dump="1455026747002"/><sessioninfo id="" start="1455026747014" dump="1455026747014"/><sessioninfo id="it.polimi.replacementchecker.intersectionbuilder.ReplacementIntersectionBuilderTest testGetModelState_IllegalArgument_YellowInitial" start="1455026747027" dump="1455026747029"/><sessioninfo id="" start="1455026747040" dump="1455026747040"/><sessioninfo id="it.polimi.replacementchecker.intersectionbuilder.ReplacementIntersectionBuilderTest testGetModelState_IllegalArgument_RedAccepting" start="1455026747050" dump="1455026747052"/><sessioninfo id="" start="1455026747063" dump="1455026747064"/><sessioninfo id="it.polimi.replacementchecker.intersectionbuilder.ReplacementIntersectionBuilderTest testGetModelState_IllegalArgument_YellowAccepting" start="1455026747073" dump="1455026747075"/><sessioninfo id="" start="1455026747088" dump="1455026747089"/><sessioninfo id="it.polimi.replacementchecker.intersectionbuilder.ReplacementIntersectionBuilderTest testGetYellowInitialStateException" start="1455026747099" dump="1455026747101"/><sessioninfo id="" start="1455026747111" dump="1455026747114"/><sessioninfo id="it.polimi.replacementchecker.intersectionbuilder.ReplacementIntersectionBuilderTest testGetYellowAcceptingState" start="1455026747125" dump="1455026747127"/><sessioninfo id="" start="1455026747139" dump="1455026747140"/><sessioninfo id="it.polimi.replacementchecker.intersectionbuilder.ReplacementIntersectionBuilderTest testGetYellowAcceptingStateException" start="1455026747150" dump="1455026747152"/><sessioninfo id="" start="1455026747162" dump="1455026747163"/><sessioninfo id="it.polimi.replacementchecker.intersectionbuilder.ReplacementIntersectionBuilderTest testGetModelState" start="1455026747174" dump="1455026747178"/><sessioninfo id="" start="1455026747192" dump="1455026747193"/><sessioninfo id="it.polimi.replacementchecker.intersectionbuilder.ReplacementIntersectionBuilderTest testPerform" start="1455026747205" dump="1455026747207"/><sessioninfo id="" start="1455026747218" dump="1455026747224"/><sessioninfo id="it.polimi.replacementchecker.utils.UtilsTest testConstructor" start="1455026747239" dump="1455026747240"/><sessioninfo id="" start="1455026747251" dump="1455026747252"/><sessioninfo id="it.polimi.replacementchecker.utils.UtilsTest testIsOutgoingEqual1" start="1455026747266" dump="1455026747267"/><sessioninfo id="" start="1455026747280" dump="1455026747280"/><sessioninfo id="it.polimi.replacementchecker.utils.UtilsTest testIsOutgoingEqua2" start="1455026747294" dump="1455026747295"/><sessioninfo id="" start="1455026747305" dump="1455026747306"/><sessioninfo id="it.polimi.replacementchecker.utils.UtilsTest testIsOutgoingEqual3" start="1455026747316" dump="1455026747317"/><sessioninfo id="" start="1455026747328" dump="1455026747328"/><sessioninfo id="it.polimi.replacementchecker.utils.UtilsTest testIsOutgoingEqual4" start="1455026747341" dump="1455026747341"/><sessioninfo id="" start="1455026747352" dump="1455026747353"/><sessioninfo id="it.polimi.replacementchecker.utils.UtilsTest testIsOutgoingEqual5" start="1455026747366" dump="1455026747366"/><sessioninfo id="" start="1455026747378" dump="1455026747378"/><sessioninfo id="it.polimi.replacementchecker.utils.UtilsTest testIsIncomingEqual1" start="1455026747392" dump="1455026747393"/><sessioninfo id="" start="1455026747403" dump="1455026747404"/><sessioninfo id="it.polimi.replacementchecker.utils.UtilsTest testIsIncomingEqual2" start="1455026747414" dump="1455026747415"/><sessioninfo id="" start="1455026747441" dump="1455026747442"/><sessioninfo id="it.polimi.replacementchecker.utils.UtilsTest testIsIncomingEqual3" start="1455026747455" dump="1455026747456"/><sessioninfo id="" start="1455026747465" dump="1455026747466"/><sessioninfo id="it.polimi.replacementchecker.utils.UtilsTest testIsIncomingEqual4" start="1455026747475" dump="1455026747476"/><sessioninfo id="" start="1455026747487" dump="1455026747488"/><sessioninfo id="it.polimi.replacementchecker.utils.UtilsTest testIsIncomingEqual5" start="1455026747497" dump="1455026747499"/><sessioninfo id="" start="1455026747509" dump="1455026747512"/><sessioninfo id="it.polimi.replacementchecker.buchiaccepting.ReplacementChecker05Test test" start="1455026747523" dump="1455026747813"/><sessioninfo id="" start="1455026747829" dump="1455026747832"/><sessioninfo id="it.polimi.replacementchecker.buchiaccepting.ReplacementChecker10Test test" start="1455026747852" dump="1455026747985"/><sessioninfo id="" start="1455026748002" dump="1455026748018"/><sessioninfo id="it.polimi.replacementchecker.intersectionbuilder.OverApproximationBuilderTest testOverApproximationBuilder1" start="1455026748032" dump="1455026748034"/><sessioninfo id="" start="1455026748049" dump="1455026748050"/><sessioninfo id="it.polimi.replacementchecker.intersectionbuilder.OverApproximationBuilderTest testOverApproximationBuilder2" start="1455026748064" dump="1455026748065"/><sessioninfo id="" start="1455026748077" dump="1455026748078"/><sessioninfo id="it.polimi.replacementchecker.intersectionbuilder.OverApproximationBuilderTest testOverApproximationBuilder3" start="1455026748088" dump="1455026748089"/><sessioninfo id="" start="1455026748101" dump="1455026748102"/><sessioninfo id="it.polimi.replacementchecker.intersectionbuilder.OverApproximationBuilderTest testOverApproximationBuilder4" start="1455026748113" dump="1455026748116"/><sessioninfo id="" start="1455026748129" dump="1455026748130"/><sessioninfo id="it.polimi.replacementchecker.intersectionbuilder.OverApproximationBuilderTest testPerform" start="1455026748141" dump="1455026748142"/><sessioninfo id="" start="1455026748154" dump="1455026748155"/><sessioninfo id="it.polimi.replacementchecker.buchiaccepting.ReplacementChecker01Test test" start="1455026748187" dump="1455026748341"/><sessioninfo id="" start="1455026748362" dump="1455026748379"/><sessioninfo id="it.polimi.replacementchecker.buchiaccepting.ReplacementChecker14Test test" start="1455026748397" dump="1455026748560"/><sessioninfo id="" start="1455026748580" dump="1455026748583"/><sessioninfo id="it.polimi.replacementchecker.buchiaccepting.ReplacementChecker03Test test" start="1455026748604" dump="1455026748699"/><sessioninfo id="" start="1455026748713" dump="1455026748718"/><sessioninfo id="it.polimi.replacementchecker.ReplacementCheckerTest testReplacementChecker1" start="1455026748739" dump="1455026748741"/><sessioninfo id="" start="1455026748762" dump="1455026748763"/><sessioninfo id="it.polimi.replacementchecker.ReplacementCheckerTest testGetUpperIntersectionBA1" start="1455026748786" dump="1455026748788"/><sessioninfo id="" start="1455026748803" dump="1455026748804"/><sessioninfo id="it.polimi.replacementchecker.ReplacementCheckerTest testReplacementChecker2" start="1455026748819" dump="1455026748820"/><sessioninfo id="" start="1455026748846" dump="1455026748847"/><sessioninfo id="it.polimi.replacementchecker.ReplacementCheckerTest testReplacementChecker3" start="1455026748860" dump="1455026748862"/><sessioninfo id="" start="1455026748893" dump="1455026748894"/><sessioninfo id="it.polimi.replacementchecker.ReplacementCheckerTest testReplacementChecker4" start="1455026748910" dump="1455026748911"/><sessioninfo id="" start="1455026748931" dump="1455026748932"/><sessioninfo id="it.polimi.replacementchecker.ReplacementCheckerTest testGetReplacement" start="1455026748946" dump="1455026748947"/><sessioninfo id="" start="1455026748959" dump="1455026748959"/><sessioninfo id="it.polimi.replacementchecker.ReplacementCheckerTest testGetSubproperty" start="1455026748971" dump="1455026748972"/><sessioninfo id="" start="1455026748984" dump="1455026748985"/><sessioninfo id="it.polimi.replacementchecker.ReplacementCheckerTest testGetUpperIntersectionBA2" start="1455026749000" dump="1455026749002"/><sessioninfo id="" start="1455026749015" dump="1455026749016"/><sessioninfo id="it.polimi.replacementchecker.ReplacementCheckerTest testGetUpperIntersectionBA3" start="1455026749031" dump="1455026749035"/><sessioninfo id="" start="1455026749049" dump="1455026749050"/><sessioninfo id="it.polimi.replacementchecker.ReplacementCheckerTest testGetLowerIntersectionBA1" start="1455026749062" dump="1455026749063"/><sessioninfo id="" start="1455026749075" dump="1455026749075"/><sessioninfo id="it.polimi.replacementchecker.ReplacementCheckerTest testGetLowerIntersectionBA2" start="1455026749087" dump="1455026749104"/><sessioninfo id="" start="1455026749124" dump="1455026749125"/><sessioninfo id="it.polimi.replacementchecker.ReplacementCheckerTest testGetIntersectionAutomataSize_IllegalState" start="1455026749137" dump="1455026749139"/><sessioninfo id="" start="1455026749156" dump="1455026749157"/><sessioninfo id="it.polimi.replacementchecker.ReplacementCheckerTest testGetIntersectionAutomataSize" start="1455026749169" dump="1455026749170"/><sessioninfo id="" start="1455026749187" dump="1455026749188"/><sessioninfo id="it.polimi.replacementchecker.ReplacementCheckerTest testGetIntersectionAutomataSize2" start="1455026749208" dump="1455026749211"/><sessioninfo id="" start="1455026749222" dump="1455026749222"/><sessioninfo id="it.polimi.replacementchecker.ReplacementCheckerTest testIsTriviallySatisfied" start="1455026749235" dump="1455026749238"/><sessioninfo id="" start="1455026749259" dump="1455026749260"/><sessioninfo id="it.polimi.replacementchecker.ReplacementCheckerTest testGetCouterexample_IllegalStateException" start="1455026749270" dump="1455026749276"/><sessioninfo id="" start="1455026749286" dump="1455026749287"/><sessioninfo id="it.polimi.replacementchecker.ReplacementCheckerTest testGetCouterexample" start="1455026749302" dump="1455026749307"/><sessioninfo id="" start="1455026749318" dump="1455026749319"/><sessioninfo id="it.polimi.replacementchecker.ReplacementCheckerTest testGetFilteredCounterexample_IllegalStateException" start="1455026749331" dump="1455026749333"/><sessioninfo id="" start="1455026749346" dump="1455026749347"/><sessioninfo id="it.polimi.replacementchecker.ReplacementCheckerTest testGetFilteredCounterexample1" start="1455026749362" dump="1455026749365"/><sessioninfo id="" start="1455026749378" dump="1455026749378"/><sessioninfo id="it.polimi.replacementchecker.ReplacementCheckerTest testGetFilteredCounterexample2" start="1455026749390" dump="1455026749392"/><sessioninfo id="" start="1455026749415" dump="1455026749425"/><sessioninfo id="it.polimi.replacementchecker.buchiaccepting.ReplacementChecker06Test test" start="1455026749476" dump="1455026749682"/><sessioninfo id="" start="1455026749704" dump="1455026749708"/><sessioninfo id="it.polimi.replacementchecker.buchiaccepting.ReplacementChecker16Test test" start="1455026749721" dump="1455026749879"/><sessioninfo id="it.polimi.replacementchecker.buchiaccepting.ReplacementChecker16Test test" start="1455026749905" dump="1455026749915"/><package name="it/polimi/replacementchecker/acceptingpolicy"><class name="it/polimi/replacementchecker/acceptingpolicy/ReplacementAcceptingPolicy"><method name="&lt;init&gt;" desc="(Lit/polimi/constraints/components/SubProperty;Lit/polimi/constraints/components/Replacement;)V" line="35"><counter type="INSTRUCTION" missed="0" covered="17"/><counter type="LINE" missed="0" covered="6"/><counter type="COMPLEXITY" missed="0" covered="1"/><counter type="METHOD" missed="0" covered="1"/></method><method name="computeNumber" desc="(ZZILit/polimi/automata/state/State;Lit/polimi/automata/state/State;)I" line="83"><counter type="INSTRUCTION" missed="0" covered="122"/><counter type="BRANCH" missed="0" covered="34"/><counter type="LINE" missed="0" covered="29"/><counter type="COMPLEXITY" missed="0" covered="18"/><counter type="METHOD" missed="0" covered="1"/></method><method name="comuteInitNumber" desc="(Lit/polimi/automata/state/State;Lit/polimi/automata/state/State;)I" line="165"><counter type="INSTRUCTION" missed="0" covered="44"/><counter type="LINE" missed="0" covered="7"/><counter type="COMPLEXITY" missed="0" covered="1"/><counter type="METHOD" missed="0" covered="1"/></method><method name="comuteNumber" desc="(Lit/polimi/automata/state/State;Lit/polimi/automata/state/State;I)I" line="202"><counter type="INSTRUCTION" missed="0" covered="89"/><counter type="BRANCH" missed="0" covered="14"/><counter type="LINE" missed="0" covered="20"/><counter type="COMPLEXITY" missed="0" covered="8"/><counter type="METHOD" missed="0" covered="1"/></method><counter type="INSTRUCTION" missed="0" covered="272"/><counter type="BRANCH" missed="0" covered="48"/><counter type="LINE" missed="0" covered="62"/><counter type="COMPLEXITY" missed="0" covered="28"/><counter type="METHOD" missed="0" covered="4"/><counter type="CLASS" missed="0" covered="1"/></class><sourcefile name="ReplacementAcceptingPolicy.java"><line nr="35" mi="0" ci="2" mb="0" cb="0"/><line nr="36" mi="0" ci="4" mb="0" cb="0"/><line nr="38" mi="0" ci="4" mb="0" cb="0"/><line nr="40" mi="0" ci="3" mb="0" cb="0"/><line nr="41" mi="0" ci="3" mb="0" cb="0"/><line nr="43" mi="0" ci="1" mb="0" cb="0"/><line nr="83" mi="0" ci="4" mb="0" cb="0"/><line nr="85" mi="0" ci="4" mb="0" cb="0"/><line nr="87" mi="0" ci="6" mb="0" cb="0"/><line nr="88" mi="0" ci="11" mb="0" cb="0"/><line nr="91" mi="0" ci="6" mb="0" cb="0"/><line nr="92" mi="0" ci="11" mb="0" cb="0"/><line nr="95" mi="0" ci="7" mb="0" cb="2"/><line nr="97" mi="0" ci="8" mb="0" cb="2"/><line nr="103" mi="0" ci="7" mb="0" cb="6"/><line nr="104" mi="0" ci="2" mb="0" cb="0"/><line nr="108" mi="0" ci="5" mb="0" cb="4"/><line nr="109" mi="0" ci="2" mb="0" cb="0"/><line nr="113" mi="0" ci="5" mb="0" cb="2"/><line nr="114" mi="0" ci="3" mb="0" cb="0"/><line nr="115" mi="0" ci="2" mb="0" cb="2"/><line nr="116" mi="0" ci="2" mb="0" cb="0"/><line nr="120" mi="0" ci="6" mb="0" cb="4"/><line nr="122" mi="0" ci="3" mb="0" cb="0"/><line nr="123" mi="0" ci="2" mb="0" cb="2"/><line nr="124" mi="0" ci="2" mb="0" cb="0"/><line nr="127" mi="0" ci="4" mb="0" cb="4"/><line nr="128" mi="0" ci="2" mb="0" cb="0"/><line nr="131" mi="0" ci="4" mb="0" cb="2"/><line nr="132" mi="0" ci="3" mb="0" cb="0"/><line nr="133" mi="0" ci="2" mb="0" cb="2"/><line nr="134" mi="0" ci="2" mb="0" cb="0"/><line nr="137" mi="0" ci="3" mb="0" cb="2"/><line nr="138" mi="0" ci="2" mb="0" cb="0"/><line nr="141" mi="0" ci="2" mb="0" cb="0"/><line nr="165" mi="0" ci="4" mb="0" cb="0"/><line nr="167" mi="0" ci="4" mb="0" cb="0"/><line nr="169" mi="0" ci="6" mb="0" cb="0"/><line nr="170" mi="0" ci="11" mb="0" cb="0"/><line nr="172" mi="0" ci="6" mb="0" cb="0"/><line nr="173" mi="0" ci="11" mb="0" cb="0"/><line nr="175" mi="0" ci="2" mb="0" cb="0"/><line nr="202" mi="0" ci="4" mb="0" cb="0"/><line nr="204" mi="0" ci="4" mb="0" cb="0"/><line nr="206" mi="0" ci="6" mb="0" cb="0"/><line nr="207" mi="0" ci="11" mb="0" cb="0"/><line nr="209" mi="0" ci="6" mb="0" cb="0"/><line nr="210" mi="0" ci="11" mb="0" cb="0"/><line nr="212" mi="0" ci="7" mb="0" cb="2"/><line nr="214" mi="0" ci="8" mb="0" cb="2"/><line nr="217" mi="0" ci="2" mb="0" cb="0"/><line nr="219" mi="0" ci="4" mb="0" cb="2"/><line nr="220" mi="0" ci="3" mb="0" cb="0"/><line nr="221" mi="0" ci="2" mb="0" cb="2"/><line nr="222" mi="0" ci="2" mb="0" cb="0"/><line nr="224" mi="0" ci="5" mb="0" cb="2"/><line nr="225" mi="0" ci="3" mb="0" cb="0"/><line nr="226" mi="0" ci="2" mb="0" cb="2"/><line nr="227" mi="0" ci="2" mb="0" cb="0"/><line nr="230" mi="0" ci="3" mb="0" cb="2"/><line nr="231" mi="0" ci="2" mb="0" cb="0"/><line nr="233" mi="0" ci="2" mb="0" cb="0"/><counter type="INSTRUCTION" missed="0" covered="272"/><counter type="BRANCH" missed="0" covered="48"/><counter type="LINE" missed="0" covered="62"/><counter type="COMPLEXITY" missed="0" covered="28"/><counter type="METHOD" missed="0" covered="4"/><counter type="CLASS" missed="0" covered="1"/></sourcefile><counter type="INSTRUCTION" missed="0" covered="272"/><counter type="BRANCH" missed="0" covered="48"/><counter type="LINE" missed="0" covered="62"/><counter type="COMPLEXITY" missed="0" covered="28"/><counter type="METHOD" missed="0" covered="4"/><counter type="CLASS" missed="0" covered="1"/></package><package name="it/polimi/replacementchecker/utils"><class name="it/polimi/replacementchecker/utils/Utils"><method name="&lt;init&gt;" desc="()V" line="10"><counter type="INSTRUCTION" missed="0" covered="7"/><counter type="LINE" missed="0" covered="2"/><counter type="COMPLEXITY" missed="0" covered="1"/><counter type="METHOD" missed="0" covered="1"/></method><method name="isOutgoingEqual" desc="(Lit/polimi/constraints/transitions/PluggingTransition;Lit/polimi/constraints/transitions/LabeledPluggingTransition;)Z" line="31"><counter type="INSTRUCTION" missed="0" covered="26"/><counter type="BRANCH" missed="0" covered="4"/><counter type="LINE" missed="0" covered="10"/><counter type="COMPLEXITY" missed="0" covered="3"/><counter type="METHOD" missed="0" covered="1"/></method><method name="isIncomingEqual" desc="(Lit/polimi/constraints/transitions/PluggingTransition;Lit/polimi/constraints/transitions/LabeledPluggingTransition;)Z" line="66"><counter type="INSTRUCTION" missed="0" covered="26"/><counter type="BRANCH" missed="0" covered="4"/><counter type="LINE" missed="0" covered="10"/><counter type="COMPLEXITY" missed="0" covered="3"/><counter type="METHOD" missed="0" covered="1"/></method><counter type="INSTRUCTION" missed="0" covered="59"/><counter type="BRANCH" missed="0" covered="8"/><counter type="LINE" missed="0" covered="22"/><counter type="COMPLEXITY" missed="0" covered="7"/><counter type="METHOD" missed="0" covered="3"/><counter type="CLASS" missed="0" covered="1"/></class><sourcefile name="Utils.java"><line nr="10" mi="0" ci="2" mb="0" cb="0"/><line nr="11" mi="0" ci="5" mb="0" cb="0"/><line nr="31" mi="0" ci="4" mb="0" cb="0"/><line nr="33" mi="0" ci="4" mb="0" cb="0"/><line nr="36" mi="0" ci="1" mb="0" cb="0"/><line nr="37" mi="0" ci="1" mb="0" cb="0"/><line nr="38" mi="0" ci="2" mb="0" cb="0"/><line nr="39" mi="0" ci="4" mb="0" cb="2"/><line nr="40" mi="0" ci="5" mb="0" cb="2"/><line nr="41" mi="0" ci="1" mb="0" cb="0"/><line nr="42" mi="0" ci="2" mb="0" cb="0"/><line nr="45" mi="0" ci="2" mb="0" cb="0"/><line nr="66" mi="0" ci="4" mb="0" cb="0"/><line nr="68" mi="0" ci="4" mb="0" cb="0"/><line nr="71" mi="0" ci="1" mb="0" cb="0"/><line nr="72" mi="0" ci="1" mb="0" cb="0"/><line nr="73" mi="0" ci="2" mb="0" cb="0"/><line nr="74" mi="0" ci="4" mb="0" cb="2"/><line nr="75" mi="0" ci="5" mb="0" cb="2"/><line nr="76" mi="0" ci="1" mb="0" cb="0"/><line nr="77" mi="0" ci="2" mb="0" cb="0"/><line nr="80" mi="0" ci="2" mb="0" cb="0"/><counter type="INSTRUCTION" missed="0" covered="59"/><counter type="BRANCH" missed="0" covered="8"/><counter type="LINE" missed="0" covered="22"/><counter type="COMPLEXITY" missed="0" covered="7"/><counter type="METHOD" missed="0" covered="3"/><counter type="CLASS" missed="0" covered="1"/></sourcefile><counter type="INSTRUCTION" missed="0" covered="59"/><counter type="BRANCH" missed="0" covered="8"/><counter type="LINE" missed="0" covered="22"/><counter type="COMPLEXITY" missed="0" covered="7"/><counter type="METHOD" missed="0" covered="3"/><counter type="CLASS" missed="0" covered="1"/></package><package name="it/polimi/replacementchecker"><class name="it/polimi/replacementchecker/ReplacementChecker"><method name="&lt;init&gt;" desc="(Lit/polimi/constraints/components/Replacement;Lit/polimi/constraints/components/SubProperty;Lit/polimi/checker/intersection/acceptingpolicies/AcceptingPolicy;)V" line="106"><counter type="INSTRUCTION" missed="0" covered="50"/><counter type="LINE" missed="0" covered="15"/><counter type="COMPLEXITY" missed="0" covered="1"/><counter type="METHOD" missed="0" covered="1"/></method><method name="perform" desc="()Lit/polimi/checker/SatisfactionValue;" line="137"><counter type="INSTRUCTION" missed="0" covered="27"/><counter type="BRANCH" missed="0" covered="4"/><counter type="LINE" missed="0" covered="11"/><counter type="COMPLEXITY" missed="0" covered="3"/><counter type="METHOD" missed="0" covered="1"/></method><method name="checkNotSatisfied" desc="()Z" line="155"><counter type="INSTRUCTION" missed="0" covered="33"/><counter type="BRANCH" missed="0" covered="2"/><counter type="LINE" missed="0" covered="8"/><counter type="COMPLEXITY" missed="0" covered="2"/><counter type="METHOD" missed="0" covered="1"/></method><method name="checkPossiblySatisfied" desc="()Z" line="174"><counter type="INSTRUCTION" missed="0" covered="44"/><counter type="BRANCH" missed="0" covered="4"/><counter type="LINE" missed="0" covered="11"/><counter type="COMPLEXITY" missed="0" covered="3"/><counter type="METHOD" missed="0" covered="1"/></method><method name="getReplacement" desc="()Lit/polimi/constraints/components/Replacement;" line="200"><counter type="INSTRUCTION" missed="0" covered="3"/><counter type="LINE" missed="0" covered="1"/><counter type="COMPLEXITY" missed="0" covered="1"/><counter type="METHOD" missed="0" covered="1"/></method><method name="getSubproperty" desc="()Lit/polimi/constraints/components/SubProperty;" line="207"><counter type="INSTRUCTION" missed="0" covered="3"/><counter type="LINE" missed="0" covered="1"/><counter type="COMPLEXITY" missed="0" covered="1"/><counter type="METHOD" missed="0" covered="1"/></method><method name="getUpperIntersectionBA" desc="()Lit/polimi/automata/IntersectionBA;" line="218"><counter type="INSTRUCTION" missed="0" covered="15"/><counter type="BRANCH" missed="0" covered="2"/><counter type="LINE" missed="0" covered="5"/><counter type="COMPLEXITY" missed="0" covered="2"/><counter type="METHOD" missed="0" covered="1"/></method><method name="getLowerIntersectionBA" desc="()Lit/polimi/automata/IntersectionBA;" line="236"><counter type="INSTRUCTION" missed="0" covered="7"/><counter type="LINE" missed="0" covered="3"/><counter type="COMPLEXITY" missed="0" covered="1"/><counter type="METHOD" missed="0" covered="1"/></method><method name="getIntersectionAutomataSize" desc="()I" line="250"><counter type="INSTRUCTION" missed="0" covered="19"/><counter type="BRANCH" missed="0" covered="2"/><counter type="LINE" missed="0" covered="6"/><counter type="COMPLEXITY" missed="0" covered="2"/><counter type="METHOD" missed="0" covered="1"/></method><method name="isTriviallyPossiblySatisfied" desc="()Z" line="269"><counter type="INSTRUCTION" missed="0" covered="3"/><counter type="LINE" missed="0" covered="1"/><counter type="COMPLEXITY" missed="0" covered="1"/><counter type="METHOD" missed="0" covered="1"/></method><method name="setTriviallySatisfied" desc="(Z)V" line="277"><counter type="INSTRUCTION" missed="0" covered="4"/><counter type="LINE" missed="0" covered="2"/><counter type="COMPLEXITY" missed="0" covered="1"/><counter type="METHOD" missed="0" covered="1"/></method><method name="getCouterexample" desc="()Ljava/util/List;" line="290"><counter type="INSTRUCTION" missed="0" covered="12"/><counter type="BRANCH" missed="0" covered="2"/><counter type="LINE" missed="0" covered="3"/><counter type="COMPLEXITY" missed="0" covered="2"/><counter type="METHOD" missed="0" covered="1"/></method><method name="getFilteredCounterexample" desc="()Ljava/lang/String;" line="307"><counter type="INSTRUCTION" missed="0" covered="92"/><counter type="BRANCH" missed="0" covered="8"/><counter type="LINE" missed="0" covered="17"/><counter type="COMPLEXITY" missed="0" covered="5"/><counter type="METHOD" missed="0" covered="1"/></method><counter type="INSTRUCTION" missed="0" covered="312"/><counter type="BRANCH" missed="0" covered="24"/><counter type="LINE" missed="0" covered="84"/><counter type="COMPLEXITY" missed="0" covered="25"/><counter type="METHOD" missed="0" covered="13"/><counter type="CLASS" missed="0" covered="1"/></class><sourcefile name="ReplacementChecker.java"><line nr="106" mi="0" ci="3" mb="0" cb="0"/><line nr="107" mi="0" ci="4" mb="0" cb="0"/><line nr="109" mi="0" ci="4" mb="0" cb="0"/><line nr="111" mi="0" ci="4" mb="0" cb="0"/><line nr="113" mi="0" ci="3" mb="0" cb="0"/><line nr="114" mi="0" ci="1" mb="0" cb="0"/><line nr="115" mi="0" ci="1" mb="0" cb="0"/><line nr="116" mi="0" ci="9" mb="0" cb="0"/><line nr="117" mi="0" ci="1" mb="0" cb="0"/><line nr="120" mi="0" ci="7" mb="0" cb="0"/><line nr="123" mi="0" ci="3" mb="0" cb="0"/><line nr="124" mi="0" ci="3" mb="0" cb="0"/><line nr="125" mi="0" ci="3" mb="0" cb="0"/><line nr="126" mi="0" ci="3" mb="0" cb="0"/><line nr="127" mi="0" ci="1" mb="0" cb="0"/><line nr="137" mi="0" ci="3" mb="0" cb="2"/><line nr="138" mi="0" ci="2" mb="0" cb="0"/><line nr="139" mi="0" ci="3" mb="0" cb="0"/><line nr="140" mi="0" ci="2" mb="0" cb="0"/><line nr="142" mi="0" ci="3" mb="0" cb="2"/><line nr="143" mi="0" ci="2" mb="0" cb="0"/><line nr="144" mi="0" ci="3" mb="0" cb="0"/><line nr="145" mi="0" ci="2" mb="0" cb="0"/><line nr="148" mi="0" ci="2" mb="0" cb="0"/><line nr="149" mi="0" ci="3" mb="0" cb="0"/><line nr="150" mi="0" ci="2" mb="0" cb="0"/><line nr="155" mi="0" ci="11" mb="0" cb="0"/><line nr="158" mi="0" ci="3" mb="0" cb="0"/><line nr="159" mi="0" ci="2" mb="0" cb="0"/><line nr="160" mi="0" ci="6" mb="0" cb="0"/><line nr="163" mi="0" ci="3" mb="0" cb="2"/><line nr="164" mi="0" ci="4" mb="0" cb="0"/><line nr="166" mi="0" ci="2" mb="0" cb="0"/><line nr="168" mi="0" ci="2" mb="0" cb="0"/><line nr="174" mi="0" ci="4" mb="0" cb="2"/><line nr="175" mi="0" ci="5" mb="0" cb="0"/><line nr="176" mi="0" ci="3" mb="0" cb="0"/><line nr="177" mi="0" ci="2" mb="0" cb="0"/><line nr="180" mi="0" ci="3" mb="0" cb="0"/><line nr="181" mi="0" ci="10" mb="0" cb="0"/><line nr="184" mi="0" ci="4" mb="0" cb="0"/><line nr="186" mi="0" ci="6" mb="0" cb="0"/><line nr="189" mi="0" ci="3" mb="0" cb="2"/><line nr="190" mi="0" ci="2" mb="0" cb="0"/><line nr="192" mi="0" ci="2" mb="0" cb="0"/><line nr="200" mi="0" ci="3" mb="0" cb="0"/><line nr="207" mi="0" ci="3" mb="0" cb="0"/><line nr="218" mi="0" ci="1" mb="0" cb="0"/><line nr="219" mi="0" ci="3" mb="0" cb="0"/><line nr="221" mi="0" ci="7" mb="0" cb="2"/><line nr="222" mi="0" ci="1" mb="0" cb="0"/><line nr="225" mi="0" ci="3" mb="0" cb="0"/><line nr="236" mi="0" ci="1" mb="0" cb="0"/><line nr="237" mi="0" ci="3" mb="0" cb="0"/><line nr="239" mi="0" ci="3" mb="0" cb="0"/><line nr="250" mi="0" ci="1" mb="0" cb="0"/><line nr="251" mi="0" ci="3" mb="0" cb="0"/><line nr="253" mi="0" ci="4" mb="0" cb="0"/><line nr="254" mi="0" ci="3" mb="0" cb="2"/><line nr="255" mi="0" ci="6" mb="0" cb="0"/><line nr="257" mi="0" ci="2" mb="0" cb="0"/><line nr="269" mi="0" ci="3" mb="0" cb="0"/><line nr="277" mi="0" ci="3" mb="0" cb="0"/><line nr="278" mi="0" ci="1" mb="0" cb="0"/><line nr="290" mi="0" ci="8" mb="0" cb="2"/><line nr="291" mi="0" ci="1" mb="0" cb="0"/><line nr="293" mi="0" ci="3" mb="0" cb="0"/><line nr="307" mi="0" ci="8" mb="0" cb="2"/><line nr="308" mi="0" ci="1" mb="0" cb="0"/><line nr="311" mi="0" ci="4" mb="0" cb="0"/><line nr="313" mi="0" ci="2" mb="0" cb="0"/><line nr="314" mi="0" ci="2" mb="0" cb="0"/><line nr="315" mi="0" ci="3" mb="0" cb="2"/><line nr="316" mi="0" ci="4" mb="0" cb="0"/><line nr="318" mi="0" ci="7" mb="0" cb="2"/><line nr="319" mi="0" ci="17" mb="0" cb="0"/><line nr="321" mi="0" ci="7" mb="0" cb="2"/><line nr="322" mi="0" ci="5" mb="0" cb="0"/><line nr="324" mi="0" ci="3" mb="0" cb="0"/><line nr="325" mi="0" ci="4" mb="0" cb="0"/><line nr="326" mi="0" ci="14" mb="0" cb="0"/><line nr="327" mi="0" ci="7" mb="0" cb="0"/><line nr="330" mi="0" ci="1" mb="0" cb="0"/><line nr="331" mi="0" ci="3" mb="0" cb="0"/><counter type="INSTRUCTION" missed="0" covered="312"/><counter type="BRANCH" missed="0" covered="24"/><counter type="LINE" missed="0" covered="84"/><counter type="COMPLEXITY" missed="0" covered="25"/><counter type="METHOD" missed="0" covered="13"/><counter type="CLASS" missed="0" covered="1"/></sourcefile><counter type="INSTRUCTION" missed="0" covered="312"/><counter type="BRANCH" missed="0" covered="24"/><counter type="LINE" missed="0" covered="84"/><counter type="COMPLEXITY" missed="0" covered="25"/><counter type="METHOD" missed="0" covered="13"/><counter type="CLASS" missed="0" covered="1"/></package><package name="it/polimi/replacementchecker/intersectionbuilder"><class name="it/polimi/replacementchecker/intersectionbuilder/OverApproximationBuilder"><method name="&lt;init&gt;" desc="(Lit/polimi/constraints/components/Replacement;Lit/polimi/constraints/components/SubProperty;Lit/polimi/checker/intersection/acceptingpolicies/AcceptingPolicy;)V" line="39"><counter type="INSTRUCTION" missed="0" covered="23"/><counter type="LINE" missed="0" covered="6"/><counter type="COMPLEXITY" missed="0" covered="1"/><counter type="METHOD" missed="0" covered="1"/></method><method name="perform" desc="()Lit/polimi/automata/IntersectionBA;" line="57"><counter type="INSTRUCTION" missed="0" covered="4"/><counter type="LINE" missed="0" covered="1"/><counter type="COMPLEXITY" missed="0" covered="1"/><counter type="METHOD" missed="0" covered="1"/></method><counter type="INSTRUCTION" missed="0" covered="27"/><counter type="LINE" missed="0" covered="7"/><counter type="COMPLEXITY" missed="0" covered="2"/><counter type="METHOD" missed="0" covered="2"/><counter type="CLASS" missed="0" covered="1"/></class><class name="it/polimi/replacementchecker/intersectionbuilder/UnderApproximationBuilder"><method name="&lt;init&gt;" desc="(Lit/polimi/constraints/components/Replacement;Lit/polimi/constraints/components/SubProperty;Lit/polimi/checker/intersection/acceptingpolicies/AcceptingPolicy;)V" line="41"><counter type="INSTRUCTION" missed="0" covered="23"/><counter type="LINE" missed="0" covered="6"/><counter type="COMPLEXITY" missed="0" covered="1"/><counter type="METHOD" missed="0" covered="1"/></method><method name="perform" desc="()Lit/polimi/automata/IntersectionBA;" line="59"><counter type="INSTRUCTION" missed="0" covered="4"/><counter type="LINE" missed="0" covered="1"/><counter type="COMPLEXITY" missed="0" covered="1"/><counter type="METHOD" missed="0" covered="1"/></method><method name="isGreenState" desc="(Lit/polimi/automata/state/State;)Z" line="70"><counter type="INSTRUCTION" missed="0" covered="5"/><counter type="LINE" missed="0" covered="2"/><counter type="COMPLEXITY" missed="0" covered="1"/><counter type="METHOD" missed="0" covered="1"/></method><method name="isRedState" desc="(Lit/polimi/automata/state/State;)Z" line="82"><counter type="INSTRUCTION" missed="0" covered="5"/><counter type="LINE" missed="0" covered="2"/><counter type="COMPLEXITY" missed="0" covered="1"/><counter type="METHOD" missed="0" covered="1"/></method><method name="getModelState" desc="(Lit/polimi/automata/state/State;)Lit/polimi/automata/state/State;" line="104"><counter type="INSTRUCTION" missed="0" covered="5"/><counter type="LINE" missed="0" covered="2"/><counter type="COMPLEXITY" missed="0" covered="1"/><counter type="METHOD" missed="0" covered="1"/></method><counter type="INSTRUCTION" missed="0" covered="42"/><counter type="LINE" missed="0" covered="13"/><counter type="COMPLEXITY" missed="0" covered="5"/><counter type="METHOD" missed="0" covered="5"/><counter type="CLASS" missed="0" covered="1"/></class><class name="it/polimi/replacementchecker/intersectionbuilder/ReplacementIntersectionBuilder"><method name="&lt;init&gt;" desc="(Lit/polimi/constraints/components/Replacement;Lit/polimi/constraints/components/SubProperty;Z)V" line="157"><counter type="INSTRUCTION" missed="0" covered="128"/><counter type="BRANCH" missed="0" covered="2"/><counter type="LINE" missed="0" covered="32"/><counter type="COMPLEXITY" missed="0" covered="2"/><counter type="METHOD" missed="0" covered="1"/></method><method name="perform" desc="()Lit/polimi/automata/IntersectionBA;" line="204"><counter type="INSTRUCTION" missed="0" covered="82"/><counter type="BRANCH" missed="0" covered="10"/><counter type="LINE" missed="0" covered="23"/><counter type="COMPLEXITY" missed="0" covered="6"/><counter type="METHOD" missed="0" covered="1"/></method><method name="updateAlphabet" desc="()V" line="244"><counter type="INSTRUCTION" missed="0" covered="36"/><counter type="BRANCH" missed="0" covered="4"/><counter type="LINE" missed="0" covered="8"/><counter type="COMPLEXITY" missed="0" covered="3"/><counter type="METHOD" missed="0" covered="1"/></method><method name="addingGreenState" desc="()V" line="259"><counter type="INSTRUCTION" missed="0" covered="80"/><counter type="BRANCH" missed="0" covered="10"/><counter type="LINE" missed="0" covered="22"/><counter type="COMPLEXITY" missed="0" covered="6"/><counter type="METHOD" missed="0" covered="1"/></method><method name="addingYellowInitialState" desc="()V" line="305"><counter type="INSTRUCTION" missed="0" covered="73"/><counter type="BRANCH" missed="0" covered="8"/><counter type="LINE" missed="0" covered="20"/><counter type="COMPLEXITY" missed="0" covered="5"/><counter type="METHOD" missed="0" covered="1"/></method><method name="addingRedState" desc="()V" line="345"><counter type="INSTRUCTION" missed="0" covered="86"/><counter type="BRANCH" missed="0" covered="12"/><counter type="LINE" missed="0" covered="22"/><counter type="COMPLEXITY" missed="0" covered="7"/><counter type="METHOD" missed="0" covered="1"/></method><method name="addingYellowAcceptingState" desc="()V" line="391"><counter type="INSTRUCTION" missed="0" covered="79"/><counter type="BRANCH" missed="0" covered="10"/><counter type="LINE" missed="0" covered="20"/><counter type="COMPLEXITY" missed="0" covered="6"/><counter type="METHOD" missed="0" covered="1"/></method><method name="computeIntersection" desc="(Lit/polimi/automata/state/State;Lit/polimi/automata/state/State;I)Lit/polimi/automata/state/State;" line="438"><counter type="INSTRUCTION" missed="0" covered="141"/><counter type="BRANCH" missed="0" covered="10"/><counter type="LINE" missed="0" covered="29"/><counter type="COMPLEXITY" missed="0" covered="6"/><counter type="METHOD" missed="0" covered="1"/></method><method name="checkReachabilityTransitions" desc="(Lit/polimi/automata/state/State;Lit/polimi/automata/state/State;Lit/polimi/automata/state/State;I)V" line="522"><counter type="INSTRUCTION" missed="0" covered="101"/><counter type="BRANCH" missed="0" covered="6"/><counter type="LINE" missed="0" covered="32"/><counter type="COMPLEXITY" missed="0" covered="4"/><counter type="METHOD" missed="0" covered="1"/></method><method name="computeBlackBox" desc="(Lit/polimi/automata/state/State;Lit/polimi/automata/state/State;ILit/polimi/automata/state/State;)V" line="582"><counter type="INSTRUCTION" missed="0" covered="54"/><counter type="BRANCH" missed="0" covered="2"/><counter type="LINE" missed="0" covered="12"/><counter type="COMPLEXITY" missed="0" covered="2"/><counter type="METHOD" missed="0" covered="1"/></method><method name="updateVisitedStates" desc="(Lit/polimi/automata/state/State;Lit/polimi/automata/state/State;Lit/polimi/automata/state/State;I)V" line="609"><counter type="INSTRUCTION" missed="0" covered="106"/><counter type="BRANCH" missed="0" covered="4"/><counter type="LINE" missed="0" covered="23"/><counter type="COMPLEXITY" missed="0" covered="3"/><counter type="METHOD" missed="0" covered="1"/></method><method name="addStateIntoTheIntersectionAutomaton" desc="(Lit/polimi/automata/state/State;Lit/polimi/automata/state/State;Lit/polimi/automata/state/State;I)V" line="642"><counter type="INSTRUCTION" missed="0" covered="52"/><counter type="BRANCH" missed="0" covered="10"/><counter type="LINE" missed="0" covered="13"/><counter type="COMPLEXITY" missed="0" covered="6"/><counter type="METHOD" missed="0" covered="1"/></method><method name="checkVisitedStates" desc="(Lit/polimi/automata/state/State;Lit/polimi/automata/state/State;I)Z" line="668"><counter type="INSTRUCTION" missed="0" covered="19"/><counter type="LINE" missed="0" covered="7"/><counter type="COMPLEXITY" missed="0" covered="1"/><counter type="METHOD" missed="0" covered="1"/></method><method name="getIntersectionAutomaton" desc="()Lit/polimi/automata/IntersectionBA;" line="686"><counter type="INSTRUCTION" missed="0" covered="7"/><counter type="LINE" missed="0" covered="4"/><counter type="COMPLEXITY" missed="0" covered="1"/><counter type="METHOD" missed="0" covered="1"/></method><method name="getIntersectionStates" desc="(Lit/polimi/automata/state/State;Lit/polimi/automata/state/State;)Ljava/util/Set;" line="696"><counter type="INSTRUCTION" missed="0" covered="76"/><counter type="BRANCH" missed="0" covered="4"/><counter type="LINE" missed="0" covered="14"/><counter type="COMPLEXITY" missed="0" covered="3"/><counter type="METHOD" missed="0" covered="1"/></method><method name="isGreenState" desc="(Lit/polimi/automata/state/State;)Z" line="732"><counter type="INSTRUCTION" missed="0" covered="5"/><counter type="LINE" missed="0" covered="1"/><counter type="COMPLEXITY" missed="0" covered="1"/><counter type="METHOD" missed="0" covered="1"/></method><method name="isRedState" desc="(Lit/polimi/automata/state/State;)Z" line="743"><counter type="INSTRUCTION" missed="0" covered="5"/><counter type="LINE" missed="0" covered="1"/><counter type="COMPLEXITY" missed="0" covered="1"/><counter type="METHOD" missed="0" covered="1"/></method><method name="getModelState" desc="(Lit/polimi/automata/state/State;)Lit/polimi/automata/state/State;" line="764"><counter type="INSTRUCTION" missed="0" covered="57"/><counter type="BRANCH" missed="0" covered="8"/><counter type="LINE" missed="0" covered="16"/><counter type="COMPLEXITY" missed="0" covered="5"/><counter type="METHOD" missed="0" covered="1"/></method><method name="getYellowInitialState" desc="()Lit/polimi/automata/state/State;" line="795"><counter type="INSTRUCTION" missed="0" covered="11"/><counter type="BRANCH" missed="0" covered="2"/><counter type="LINE" missed="0" covered="3"/><counter type="COMPLEXITY" missed="0" covered="2"/><counter type="METHOD" missed="0" covered="1"/></method><method name="getGreenState" desc="()Lit/polimi/automata/state/State;" line="806"><counter type="INSTRUCTION" missed="0" covered="3"/><counter type="LINE" missed="0" covered="1"/><counter type="COMPLEXITY" missed="0" covered="1"/><counter type="METHOD" missed="0" covered="1"/></method><method name="getYellowAcceptingState" desc="()Lit/polimi/automata/state/State;" line="813"><counter type="INSTRUCTION" missed="0" covered="11"/><counter type="BRANCH" missed="0" covered="2"/><counter type="LINE" missed="0" covered="3"/><counter type="COMPLEXITY" missed="0" covered="2"/><counter type="METHOD" missed="0" covered="1"/></method><method name="getRedState" desc="()Lit/polimi/automata/state/State;" line="824"><counter type="INSTRUCTION" missed="0" covered="3"/><counter type="LINE" missed="0" covered="1"/><counter type="COMPLEXITY" missed="0" covered="1"/><counter type="METHOD" missed="0" covered="1"/></method><method name="getIntersectionTransitionsBlackBoxStatesMap" desc="()Ljava/util/Map;" line="831"><counter type="INSTRUCTION" missed="0" covered="4"/><counter type="LINE" missed="0" covered="2"/><counter type="COMPLEXITY" missed="0" covered="1"/><counter type="METHOD" missed="0" covered="1"/></method><counter type="INSTRUCTION" missed="0" covered="1219"/><counter type="BRANCH" missed="0" covered="104"/><counter type="LINE" missed="0" covered="309"/><counter type="COMPLEXITY" missed="0" covered="75"/><counter type="METHOD" missed="0" covered="23"/><counter type="CLASS" missed="0" covered="1"/></class><sourcefile name="ReplacementIntersectionBuilder.java"><line nr="157" mi="0" ci="3" mb="0" cb="0"/><line nr="158" mi="0" ci="4" mb="0" cb="0"/><line nr="160" mi="0" ci="4" mb="0" cb="0"/><line nr="162" mi="0" ci="7" mb="0" cb="0"/><line nr="163" mi="0" ci="7" mb="0" cb="0"/><line nr="164" mi="0" ci="7" mb="0" cb="0"/><line nr="165" mi="0" ci="5" mb="0" cb="0"/><line nr="166" mi="0" ci="2" mb="0" cb="0"/><line nr="168" mi="0" ci="2" mb="0" cb="2"/><line nr="169" mi="0" ci="4" mb="0" cb="0"/><line nr="170" mi="0" ci="4" mb="0" cb="0"/><line nr="171" mi="0" ci="2" mb="0" cb="0"/><line nr="172" mi="0" ci="3" mb="0" cb="0"/><line nr="174" mi="0" ci="4" mb="0" cb="0"/><line nr="175" mi="0" ci="2" mb="0" cb="0"/><line nr="176" mi="0" ci="2" mb="0" cb="0"/><line nr="179" mi="0" ci="5" mb="0" cb="0"/><line nr="180" mi="0" ci="3" mb="0" cb="0"/><line nr="181" mi="0" ci="5" mb="0" cb="0"/><line nr="182" mi="0" ci="3" mb="0" cb="0"/><line nr="183" mi="0" ci="3" mb="0" cb="0"/><line nr="184" mi="0" ci="7" mb="0" cb="0"/><line nr="186" mi="0" ci="5" mb="0" cb="0"/><line nr="187" mi="0" ci="5" mb="0" cb="0"/><line nr="188" mi="0" ci="3" mb="0" cb="0"/><line nr="189" mi="0" ci="3" mb="0" cb="0"/><line nr="190" mi="0" ci="5" mb="0" cb="0"/><line nr="191" mi="0" ci="5" mb="0" cb="0"/><line nr="192" mi="0" ci="5" mb="0" cb="0"/><line nr="193" mi="0" ci="5" mb="0" cb="0"/><line nr="194" mi="0" ci="3" mb="0" cb="0"/><line nr="195" mi="0" ci="1" mb="0" cb="0"/><line nr="204" mi="0" ci="3" mb="0" cb="2"/><line nr="205" mi="0" ci="2" mb="0" cb="0"/><line nr="206" mi="0" ci="2" mb="0" cb="0"/><line nr="208" mi="0" ci="3" mb="0" cb="2"/><line nr="209" mi="0" ci="2" mb="0" cb="0"/><line nr="211" mi="0" ci="12" mb="0" cb="2"/><line nr="212" mi="0" ci="12" mb="0" cb="2"/><line nr="213" mi="0" ci="1" mb="0" cb="0"/><line nr="214" mi="0" ci="9" mb="0" cb="0"/><line nr="215" mi="0" ci="1" mb="0" cb="0"/><line nr="217" mi="0" ci="1" mb="0" cb="0"/><line nr="218" mi="0" ci="1" mb="0" cb="0"/><line nr="219" mi="0" ci="2" mb="0" cb="0"/><line nr="220" mi="0" ci="3" mb="0" cb="2"/><line nr="221" mi="0" ci="2" mb="0" cb="0"/><line nr="223" mi="0" ci="4" mb="0" cb="0"/><line nr="224" mi="0" ci="3" mb="0" cb="0"/><line nr="226" mi="0" ci="4" mb="0" cb="0"/><line nr="227" mi="0" ci="3" mb="0" cb="0"/><line nr="230" mi="0" ci="4" mb="0" cb="0"/><line nr="231" mi="0" ci="3" mb="0" cb="0"/><line nr="234" mi="0" ci="2" mb="0" cb="0"/><line nr="236" mi="0" ci="3" mb="0" cb="0"/><line nr="244" mi="0" ci="12" mb="0" cb="2"/><line nr="245" mi="0" ci="4" mb="0" cb="0"/><line nr="246" mi="0" ci="1" mb="0" cb="0"/><line nr="247" mi="0" ci="12" mb="0" cb="2"/><line nr="248" mi="0" ci="1" mb="0" cb="0"/><line nr="249" mi="0" ci="4" mb="0" cb="0"/><line nr="250" mi="0" ci="1" mb="0" cb="0"/><line nr="251" mi="0" ci="1" mb="0" cb="0"/><line nr="259" mi="0" ci="5" mb="0" cb="0"/><line nr="260" mi="0" ci="5" mb="0" cb="0"/><line nr="262" mi="0" ci="11" mb="0" cb="2"/><line nr="263" mi="0" ci="1" mb="0" cb="0"/><line nr="264" mi="0" ci="4" mb="0" cb="2"/><line nr="265" mi="0" ci="11" mb="0" cb="2"/><line nr="266" mi="0" ci="1" mb="0" cb="0"/><line nr="271" mi="0" ci="6" mb="0" cb="2"/><line nr="272" mi="0" ci="1" mb="0" cb="0"/><line nr="276" mi="0" ci="4" mb="0" cb="2"/><line nr="279" mi="0" ci="4" mb="0" cb="0"/><line nr="280" mi="0" ci="2" mb="0" cb="0"/><line nr="281" mi="0" ci="2" mb="0" cb="0"/><line nr="284" mi="0" ci="3" mb="0" cb="0"/><line nr="285" mi="0" ci="2" mb="0" cb="0"/><line nr="286" mi="0" ci="7" mb="0" cb="0"/><line nr="288" mi="0" ci="4" mb="0" cb="0"/><line nr="289" mi="0" ci="2" mb="0" cb="0"/><line nr="290" mi="0" ci="2" mb="0" cb="0"/><line nr="294" mi="0" ci="1" mb="0" cb="0"/><line nr="296" mi="0" ci="1" mb="0" cb="0"/><line nr="297" mi="0" ci="1" mb="0" cb="0"/><line nr="305" mi="0" ci="5" mb="0" cb="0"/><line nr="306" mi="0" ci="5" mb="0" cb="0"/><line nr="308" mi="0" ci="11" mb="0" cb="2"/><line nr="309" mi="0" ci="1" mb="0" cb="0"/><line nr="311" mi="0" ci="4" mb="0" cb="2"/><line nr="312" mi="0" ci="11" mb="0" cb="2"/><line nr="313" mi="0" ci="1" mb="0" cb="0"/><line nr="317" mi="0" ci="4" mb="0" cb="2"/><line nr="320" mi="0" ci="4" mb="0" cb="0"/><line nr="321" mi="0" ci="2" mb="0" cb="0"/><line nr="322" mi="0" ci="2" mb="0" cb="0"/><line nr="324" mi="0" ci="3" mb="0" cb="0"/><line nr="325" mi="0" ci="2" mb="0" cb="0"/><line nr="326" mi="0" ci="7" mb="0" cb="0"/><line nr="328" mi="0" ci="4" mb="0" cb="0"/><line nr="329" mi="0" ci="2" mb="0" cb="0"/><line nr="330" mi="0" ci="2" mb="0" cb="0"/><line nr="333" mi="0" ci="1" mb="0" cb="0"/><line nr="335" mi="0" ci="1" mb="0" cb="0"/><line nr="336" mi="0" ci="1" mb="0" cb="0"/><line nr="345" mi="0" ci="5" mb="0" cb="0"/><line nr="346" mi="0" ci="10" mb="0" cb="0"/><line nr="347" mi="0" ci="1" mb="0" cb="0"/><line nr="348" mi="0" ci="11" mb="0" cb="2"/><line nr="349" mi="0" ci="1" mb="0" cb="0"/><line nr="350" mi="0" ci="4" mb="0" cb="2"/><line nr="351" mi="0" ci="11" mb="0" cb="2"/><line nr="352" mi="0" ci="1" mb="0" cb="0"/><line nr="358" mi="0" ci="6" mb="0" cb="2"/><line nr="359" mi="0" ci="1" mb="0" cb="0"/><line nr="360" mi="0" ci="4" mb="0" cb="2"/><line nr="363" mi="0" ci="2" mb="0" cb="0"/><line nr="364" mi="0" ci="2" mb="0" cb="0"/><line nr="366" mi="0" ci="2" mb="0" cb="0"/><line nr="368" mi="0" ci="1" mb="0" cb="0"/><line nr="372" mi="0" ci="10" mb="0" cb="2"/><line nr="373" mi="0" ci="9" mb="0" cb="0"/><line nr="375" mi="0" ci="1" mb="0" cb="0"/><line nr="377" mi="0" ci="1" mb="0" cb="0"/><line nr="380" mi="0" ci="1" mb="0" cb="0"/><line nr="382" mi="0" ci="1" mb="0" cb="0"/><line nr="383" mi="0" ci="1" mb="0" cb="0"/><line nr="391" mi="0" ci="5" mb="0" cb="0"/><line nr="392" mi="0" ci="10" mb="0" cb="0"/><line nr="394" mi="0" ci="1" mb="0" cb="0"/><line nr="395" mi="0" ci="11" mb="0" cb="2"/><line nr="396" mi="0" ci="1" mb="0" cb="0"/><line nr="397" mi="0" ci="4" mb="0" cb="2"/><line nr="398" mi="0" ci="11" mb="0" cb="2"/><line nr="399" mi="0" ci="1" mb="0" cb="0"/><line nr="401" mi="0" ci="4" mb="0" cb="2"/><line nr="404" mi="0" ci="2" mb="0" cb="0"/><line nr="405" mi="0" ci="2" mb="0" cb="0"/><line nr="406" mi="0" ci="2" mb="0" cb="0"/><line nr="407" mi="0" ci="1" mb="0" cb="0"/><line nr="411" mi="0" ci="10" mb="0" cb="2"/><line nr="412" mi="0" ci="9" mb="0" cb="0"/><line nr="414" mi="0" ci="1" mb="0" cb="0"/><line nr="416" mi="0" ci="1" mb="0" cb="0"/><line nr="419" mi="0" ci="1" mb="0" cb="0"/><line nr="421" mi="0" ci="1" mb="0" cb="0"/><line nr="422" mi="0" ci="1" mb="0" cb="0"/><line nr="438" mi="0" ci="6" mb="0" cb="0"/><line nr="440" mi="0" ci="6" mb="0" cb="0"/><line nr="441" mi="0" ci="1" mb="0" cb="0"/><line nr="444" mi="0" ci="6" mb="0" cb="2"/><line nr="445" mi="0" ci="6" mb="0" cb="0"/><line nr="446" mi="0" ci="7" mb="0" cb="0"/><line nr="449" mi="0" ci="7" mb="0" cb="0"/><line nr="451" mi="0" ci="6" mb="0" cb="0"/><line nr="453" mi="0" ci="6" mb="0" cb="0"/><line nr="457" mi="0" ci="12" mb="0" cb="2"/><line nr="458" mi="0" ci="1" mb="0" cb="0"/><line nr="462" mi="0" ci="11" mb="0" cb="2"/><line nr="463" mi="0" ci="3" mb="0" cb="0"/><line nr="466" mi="0" ci="6" mb="0" cb="2"/><line nr="471" mi="0" ci="3" mb="0" cb="0"/><line nr="472" mi="0" ci="2" mb="0" cb="0"/><line nr="473" mi="0" ci="4" mb="0" cb="0"/><line nr="474" mi="0" ci="2" mb="0" cb="0"/><line nr="476" mi="0" ci="7" mb="0" cb="0"/><line nr="479" mi="0" ci="6" mb="0" cb="0"/><line nr="482" mi="0" ci="4" mb="0" cb="0"/><line nr="483" mi="0" ci="2" mb="0" cb="0"/><line nr="485" mi="0" ci="6" mb="0" cb="0"/><line nr="488" mi="0" ci="1" mb="0" cb="0"/><line nr="489" mi="0" ci="1" mb="0" cb="0"/><line nr="491" mi="0" ci="6" mb="0" cb="0"/><line nr="494" mi="0" ci="5" mb="0" cb="2"/><line nr="495" mi="0" ci="6" mb="0" cb="0"/><line nr="498" mi="0" ci="2" mb="0" cb="0"/><line nr="522" mi="0" ci="4" mb="0" cb="0"/><line nr="524" mi="0" ci="4" mb="0" cb="0"/><line nr="526" mi="0" ci="4" mb="0" cb="0"/><line nr="529" mi="0" ci="3" mb="0" cb="0"/><line nr="530" mi="0" ci="2" mb="0" cb="0"/><line nr="532" mi="0" ci="10" mb="0" cb="2"/><line nr="533" mi="0" ci="1" mb="0" cb="0"/><line nr="534" mi="0" ci="2" mb="0" cb="0"/><line nr="536" mi="0" ci="6" mb="0" cb="2"/><line nr="537" mi="0" ci="2" mb="0" cb="0"/><line nr="538" mi="0" ci="2" mb="0" cb="0"/><line nr="540" mi="0" ci="1" mb="0" cb="0"/><line nr="541" mi="0" ci="2" mb="0" cb="0"/><line nr="543" mi="0" ci="12" mb="0" cb="2"/><line nr="544" mi="0" ci="1" mb="0" cb="0"/><line nr="546" mi="0" ci="2" mb="0" cb="0"/><line nr="548" mi="0" ci="2" mb="0" cb="0"/><line nr="549" mi="0" ci="5" mb="0" cb="0"/><line nr="550" mi="0" ci="2" mb="0" cb="0"/><line nr="551" mi="0" ci="3" mb="0" cb="0"/><line nr="553" mi="0" ci="2" mb="0" cb="0"/><line nr="555" mi="0" ci="2" mb="0" cb="0"/><line nr="557" mi="0" ci="1" mb="0" cb="0"/><line nr="558" mi="0" ci="2" mb="0" cb="0"/><line nr="559" mi="0" ci="1" mb="0" cb="0"/><line nr="560" mi="0" ci="3" mb="0" cb="0"/><line nr="561" mi="0" ci="6" mb="0" cb="0"/><line nr="564" mi="0" ci="5" mb="0" cb="0"/><line nr="565" mi="0" ci="6" mb="0" cb="0"/><line nr="567" mi="0" ci="1" mb="0" cb="0"/><line nr="569" mi="0" ci="1" mb="0" cb="0"/><line nr="570" mi="0" ci="1" mb="0" cb="0"/><line nr="582" mi="0" ci="13" mb="0" cb="2"/><line nr="583" mi="0" ci="1" mb="0" cb="0"/><line nr="585" mi="0" ci="4" mb="0" cb="0"/><line nr="586" mi="0" ci="2" mb="0" cb="0"/><line nr="588" mi="0" ci="7" mb="0" cb="0"/><line nr="591" mi="0" ci="6" mb="0" cb="0"/><line nr="594" mi="0" ci="4" mb="0" cb="0"/><line nr="595" mi="0" ci="3" mb="0" cb="0"/><line nr="597" mi="0" ci="6" mb="0" cb="0"/><line nr="601" mi="0" ci="6" mb="0" cb="0"/><line nr="604" mi="0" ci="1" mb="0" cb="0"/><line nr="605" mi="0" ci="1" mb="0" cb="0"/><line nr="609" mi="0" ci="2" mb="0" cb="0"/><line nr="610" mi="0" ci="2" mb="0" cb="0"/><line nr="611" mi="0" ci="2" mb="0" cb="0"/><line nr="612" mi="0" ci="2" mb="0" cb="0"/><line nr="614" mi="0" ci="9" mb="0" cb="0"/><line nr="615" mi="0" ci="2" mb="0" cb="0"/><line nr="617" mi="0" ci="5" mb="0" cb="2"/><line nr="618" mi="0" ci="4" mb="0" cb="0"/><line nr="619" mi="0" ci="4" mb="0" cb="0"/><line nr="620" mi="0" ci="6" mb="0" cb="0"/><line nr="621" mi="0" ci="5" mb="0" cb="0"/><line nr="622" mi="0" ci="6" mb="0" cb="0"/><line nr="624" mi="0" ci="1" mb="0" cb="0"/><line nr="625" mi="0" ci="8" mb="0" cb="2"/><line nr="626" mi="0" ci="4" mb="0" cb="0"/><line nr="627" mi="0" ci="6" mb="0" cb="0"/><line nr="628" mi="0" ci="9" mb="0" cb="0"/><line nr="629" mi="0" ci="1" mb="0" cb="0"/><line nr="630" mi="0" ci="13" mb="0" cb="0"/><line nr="631" mi="0" ci="2" mb="0" cb="0"/><line nr="635" mi="0" ci="6" mb="0" cb="0"/><line nr="636" mi="0" ci="6" mb="0" cb="0"/><line nr="637" mi="0" ci="1" mb="0" cb="0"/><line nr="642" mi="0" ci="4" mb="0" cb="0"/><line nr="643" mi="0" ci="8" mb="0" cb="2"/><line nr="644" mi="0" ci="3" mb="0" cb="0"/><line nr="645" mi="0" ci="2" mb="0" cb="2"/><line nr="649" mi="0" ci="2" mb="0" cb="2"/><line nr="650" mi="0" ci="4" mb="0" cb="0"/><line nr="655" mi="0" ci="3" mb="0" cb="2"/><line nr="656" mi="0" ci="4" mb="0" cb="0"/><line nr="658" mi="0" ci="5" mb="0" cb="2"/><line nr="659" mi="0" ci="4" mb="0" cb="0"/><line nr="662" mi="0" ci="6" mb="0" cb="0"/><line nr="663" mi="0" ci="6" mb="0" cb="0"/><line nr="664" mi="0" ci="1" mb="0" cb="0"/><line nr="668" mi="0" ci="2" mb="0" cb="0"/><line nr="669" mi="0" ci="2" mb="0" cb="0"/><line nr="670" mi="0" ci="2" mb="0" cb="0"/><line nr="671" mi="0" ci="2" mb="0" cb="0"/><line nr="673" mi="0" ci="7" mb="0" cb="0"/><line nr="674" mi="0" ci="2" mb="0" cb="0"/><line nr="675" mi="0" ci="2" mb="0" cb="0"/><line nr="686" mi="0" ci="1" mb="0" cb="0"/><line nr="687" mi="0" ci="1" mb="0" cb="0"/><line nr="688" mi="0" ci="2" mb="0" cb="0"/><line nr="690" mi="0" ci="3" mb="0" cb="0"/><line nr="696" mi="0" ci="4" mb="0" cb="0"/><line nr="698" mi="0" ci="4" mb="0" cb="0"/><line nr="700" mi="0" ci="6" mb="0" cb="0"/><line nr="701" mi="0" ci="11" mb="0" cb="0"/><line nr="703" mi="0" ci="2" mb="0" cb="0"/><line nr="704" mi="0" ci="1" mb="0" cb="0"/><line nr="705" mi="0" ci="13" mb="0" cb="0"/><line nr="710" mi="0" ci="5" mb="0" cb="2"/><line nr="711" mi="0" ci="4" mb="0" cb="0"/><line nr="713" mi="0" ci="8" mb="0" cb="2"/><line nr="715" mi="0" ci="4" mb="0" cb="0"/><line nr="717" mi="0" ci="7" mb="0" cb="0"/><line nr="718" mi="0" ci="3" mb="0" cb="0"/><line nr="719" mi="0" ci="4" mb="0" cb="0"/><line nr="732" mi="0" ci="5" mb="0" cb="0"/><line nr="743" mi="0" ci="5" mb="0" cb="0"/><line nr="764" mi="0" ci="2" mb="0" cb="0"/><line nr="765" mi="0" ci="2" mb="0" cb="0"/><line nr="767" mi="0" ci="2" mb="0" cb="0"/><line nr="768" mi="0" ci="1" mb="0" cb="0"/><line nr="769" mi="0" ci="4" mb="0" cb="0"/><line nr="772" mi="0" ci="3" mb="0" cb="0"/><line nr="773" mi="0" ci="7" mb="0" cb="2"/><line nr="775" mi="0" ci="3" mb="0" cb="0"/><line nr="776" mi="0" ci="7" mb="0" cb="2"/><line nr="778" mi="0" ci="3" mb="0" cb="0"/><line nr="779" mi="0" ci="1" mb="0" cb="0"/><line nr="780" mi="0" ci="6" mb="0" cb="2"/><line nr="782" mi="0" ci="3" mb="0" cb="0"/><line nr="783" mi="0" ci="1" mb="0" cb="0"/><line nr="784" mi="0" ci="6" mb="0" cb="2"/><line nr="787" mi="0" ci="6" mb="0" cb="0"/><line nr="795" mi="0" ci="3" mb="0" cb="2"/><line nr="796" mi="0" ci="5" mb="0" cb="0"/><line nr="799" mi="0" ci="3" mb="0" cb="0"/><line nr="806" mi="0" ci="3" mb="0" cb="0"/><line nr="813" mi="0" ci="3" mb="0" cb="2"/><line nr="814" mi="0" ci="5" mb="0" cb="0"/><line nr="817" mi="0" ci="3" mb="0" cb="0"/><line nr="824" mi="0" ci="3" mb="0" cb="0"/><line nr="831" mi="0" ci="2" mb="0" cb="0"/><line nr="832" mi="0" ci="2" mb="0" cb="0"/><counter type="INSTRUCTION" missed="0" covered="1219"/><counter type="BRANCH" missed="0" covered="104"/><counter type="LINE" missed="0" covered="309"/><counter type="COMPLEXITY" missed="0" covered="75"/><counter type="METHOD" missed="0" covered="23"/><counter type="CLASS" missed="0" covered="1"/></sourcefile><sourcefile name="UnderApproximationBuilder.java"><line nr="41" mi="0" ci="2" mb="0" cb="0"/><line nr="42" mi="0" ci="4" mb="0" cb="0"/><line nr="44" mi="0" ci="4" mb="0" cb="0"/><line nr="46" mi="0" ci="4" mb="0" cb="0"/><line nr="49" mi="0" ci="8" mb="0" cb="0"/><line nr="51" mi="0" ci="1" mb="0" cb="0"/><line nr="59" mi="0" ci="4" mb="0" cb="0"/><line nr="70" mi="0" ci="3" mb="0" cb="0"/><line nr="71" mi="0" ci="2" mb="0" cb="0"/><line nr="82" mi="0" ci="3" mb="0" cb="0"/><line nr="83" mi="0" ci="2" mb="0" cb="0"/><line nr="104" mi="0" ci="3" mb="0" cb="0"/><line nr="105" mi="0" ci="2" mb="0" cb="0"/><counter type="INSTRUCTION" missed="0" covered="42"/><counter type="LINE" missed="0" covered="13"/><counter type="COMPLEXITY" missed="0" covered="5"/><counter type="METHOD" missed="0" covered="5"/><counter type="CLASS" missed="0" covered="1"/></sourcefile><sourcefile name="OverApproximationBuilder.java"><line nr="39" mi="0" ci="2" mb="0" cb="0"/><line nr="40" mi="0" ci="4" mb="0" cb="0"/><line nr="42" mi="0" ci="4" mb="0" cb="0"/><line nr="44" mi="0" ci="4" mb="0" cb="0"/><line nr="47" mi="0" ci="8" mb="0" cb="0"/><line nr="49" mi="0" ci="1" mb="0" cb="0"/><line nr="57" mi="0" ci="4" mb="0" cb="0"/><counter type="INSTRUCTION" missed="0" covered="27"/><counter type="LINE" missed="0" covered="7"/><counter type="COMPLEXITY" missed="0" covered="2"/><counter type="METHOD" missed="0" covered="2"/><counter type="CLASS" missed="0" covered="1"/></sourcefile><counter type="INSTRUCTION" missed="0" covered="1288"/><counter type="BRANCH" missed="0" covered="104"/><counter type="LINE" missed="0" covered="329"/><counter type="COMPLEXITY" missed="0" covered="82"/><counter type="METHOD" missed="0" covered="30"/><counter type="CLASS" missed="0" covered="3"/></package><counter type="INSTRUCTION" missed="0" covered="1931"/><counter type="BRANCH" missed="0" covered="184"/><counter type="LINE" missed="0" covered="497"/><counter type="COMPLEXITY" missed="0" covered="142"/><counter type="METHOD" missed="0" covered="50"/><counter type="CLASS" missed="0" covered="6"/></report>