<?xml version="1.0" encoding="UTF-8" standalone="yes"?><!DOCTYPE report PUBLIC "-//JACOCO//DTD Report 1.0//EN" "report.dtd"><report name="CHIAChecker"><sessioninfo id="" start="1455026628209" dump="1455026629411"/><sessioninfo id="it.polimi.checker.ModelCheckingInfoTest testModelCheckingResults" start="1455026629416" dump="1455026629434"/><sessioninfo id="" start="1455026629440" dump="1455026629441"/><sessioninfo id="it.polimi.checker.ModelCheckingInfoTest testReset" start="1455026629445" dump="1455026629446"/><sessioninfo id="" start="1455026629450" dump="1455026629452"/><sessioninfo id="it.polimi.checker.ModelCheckingInfoTest testGetViolationTime" start="1455026629456" dump="1455026629458"/><sessioninfo id="" start="1455026629462" dump="1455026629463"/><sessioninfo id="it.polimi.checker.ModelCheckingInfoTest testSetViolationTime" start="1455026629468" dump="1455026629470"/><sessioninfo id="" start="1455026629475" dump="1455026629477"/><sessioninfo id="it.polimi.checker.ModelCheckingInfoTest testGetPossibleViolationTime" start="1455026629481" dump="1455026629482"/><sessioninfo id="" start="1455026629486" dump="1455026629489"/><sessioninfo id="it.polimi.checker.ModelCheckingInfoTest testSetPossibleViolationTime" start="1455026629493" dump="1455026629494"/><sessioninfo id="" start="1455026629499" dump="1455026629500"/><sessioninfo id="it.polimi.checker.ModelCheckingInfoTest testGetResult" start="1455026629505" dump="1455026629523"/><sessioninfo id="" start="1455026629551" dump="1455026629553"/><sessioninfo id="it.polimi.checker.ModelCheckingInfoTest testSetResult" start="1455026629559" dump="1455026629561"/><sessioninfo id="" start="1455026629567" dump="1455026629569"/><sessioninfo id="it.polimi.checker.ModelCheckingInfoTest testGetConstraintComputationTime" start="1455026629572" dump="1455026629573"/><sessioninfo id="" start="1455026629577" dump="1455026629579"/><sessioninfo id="it.polimi.checker.ModelCheckingInfoTest testSetConstraintComputationTime" start="1455026629586" dump="1455026629588"/><sessioninfo id="" start="1455026629594" dump="1455026629595"/><sessioninfo id="it.polimi.checker.ModelCheckingInfoTest testGetNumStatesSpecification" start="1455026629599" dump="1455026629600"/><sessioninfo id="" start="1455026629603" dump="1455026629604"/><sessioninfo id="it.polimi.checker.ModelCheckingInfoTest testSetNumStatesSpecification" start="1455026629608" dump="1455026629610"/><sessioninfo id="" start="1455026629613" dump="1455026629614"/><sessioninfo id="it.polimi.checker.ModelCheckingInfoTest testGetNumAcceptStatesSpecification" start="1455026629618" dump="1455026629619"/><sessioninfo id="" start="1455026629623" dump="1455026629624"/><sessioninfo id="it.polimi.checker.ModelCheckingInfoTest testSetNumAcceptStatesSpecification" start="1455026629627" dump="1455026629628"/><sessioninfo id="" start="1455026629642" dump="1455026629643"/><sessioninfo id="it.polimi.checker.ModelCheckingInfoTest testGetNumTransitionSpecification" start="1455026629646" dump="1455026629647"/><sessioninfo id="" start="1455026629651" dump="1455026629652"/><sessioninfo id="it.polimi.checker.ModelCheckingInfoTest testSetNumTransitionSpecification" start="1455026629655" dump="1455026629657"/><sessioninfo id="" start="1455026629661" dump="1455026629662"/><sessioninfo id="it.polimi.checker.ModelCheckingInfoTest testGetNumStatesModel" start="1455026629665" dump="1455026629666"/><sessioninfo id="" start="1455026629669" dump="1455026629670"/><sessioninfo id="it.polimi.checker.ModelCheckingInfoTest testSetNumStatesModel" start="1455026629675" dump="1455026629675"/><sessioninfo id="" start="1455026629679" dump="1455026629680"/><sessioninfo id="it.polimi.checker.ModelCheckingInfoTest testGetNumAcceptStatesModel" start="1455026629683" dump="1455026629684"/><sessioninfo id="" start="1455026629687" dump="1455026629688"/><sessioninfo id="it.polimi.checker.ModelCheckingInfoTest testSetNumAcceptStatesModel" start="1455026629691" dump="1455026629695"/><sessioninfo id="" start="1455026629698" dump="1455026629699"/><sessioninfo id="it.polimi.checker.ModelCheckingInfoTest testGetNumTransitionModel" start="1455026629702" dump="1455026629703"/><sessioninfo id="" start="1455026629706" dump="1455026629707"/><sessioninfo id="it.polimi.checker.ModelCheckingInfoTest testSetNumTransitionModel" start="1455026629712" dump="1455026629713"/><sessioninfo id="" start="1455026629716" dump="1455026629717"/><sessioninfo id="it.polimi.checker.ModelCheckingInfoTest testGetNumBlackBoxStatesModel" start="1455026629720" dump="1455026629720"/><sessioninfo id="" start="1455026629724" dump="1455026629725"/><sessioninfo id="it.polimi.checker.ModelCheckingInfoTest testSetNumBlackBoxStatesModel" start="1455026629729" dump="1455026629729"/><sessioninfo id="" start="1455026629733" dump="1455026629733"/><sessioninfo id="it.polimi.checker.ModelCheckingInfoTest testToStringHeader" start="1455026629737" dump="1455026629738"/><sessioninfo id="" start="1455026629741" dump="1455026629742"/><sessioninfo id="it.polimi.checker.ModelCheckingInfoTest testToString" start="1455026629746" dump="1455026629747"/><sessioninfo id="" start="1455026629750" dump="1455026629751"/><sessioninfo id="it.polimi.checker.ModelCheckingInfoTest testGetNumStatesIntersection" start="1455026629754" dump="1455026629755"/><sessioninfo id="" start="1455026629758" dump="1455026629759"/><sessioninfo id="it.polimi.checker.ModelCheckingInfoTest testSetNumStatesIntersection" start="1455026629763" dump="1455026629764"/><sessioninfo id="" start="1455026629768" dump="1455026629769"/><sessioninfo id="it.polimi.checker.ModelCheckingInfoTest testGetNumAcceptingStatesIntersection" start="1455026629771" dump="1455026629772"/><sessioninfo id="" start="1455026629775" dump="1455026629777"/><sessioninfo id="it.polimi.checker.ModelCheckingInfoTest testSetNumAcceptingStatesIntersection" start="1455026629780" dump="1455026629781"/><sessioninfo id="" start="1455026629785" dump="1455026629795"/><sessioninfo id="it.polimi.checker.ModelCheckingInfoTest testGetNumInitialStatesIntersection" start="1455026629797" dump="1455026629799"/><sessioninfo id="" start="1455026629802" dump="1455026629803"/><sessioninfo id="it.polimi.checker.ModelCheckingInfoTest testSetNumInitialStatesIntersection" start="1455026629807" dump="1455026629809"/><sessioninfo id="" start="1455026629813" dump="1455026629814"/><sessioninfo id="it.polimi.checker.ModelCheckingInfoTest testGetNumMixedStatesIntersection" start="1455026629818" dump="1455026629819"/><sessioninfo id="" start="1455026629821" dump="1455026629825"/><sessioninfo id="it.polimi.checker.ModelCheckingInfoTest testSetNumMixedStatesIntersection" start="1455026629828" dump="1455026629830"/><sessioninfo id="" start="1455026629833" dump="1455026629836"/><sessioninfo id="it.polimi.checker.ModelCheckingInfoTest testGetTotalVerificationTime" start="1455026629839" dump="1455026629840"/><sessioninfo id="" start="1455026629843" dump="1455026629844"/><sessioninfo id="it.polimi.checker.ModelCheckingInfoTest testSetTotalTime" start="1455026629847" dump="1455026629849"/><sessioninfo id="" start="1455026629856" dump="1455026629858"/><sessioninfo id="it.polimi.checker.ModelCheckingInfoTest testGetSimplificationTime" start="1455026629862" dump="1455026629863"/><sessioninfo id="" start="1455026629866" dump="1455026629866"/><sessioninfo id="it.polimi.checker.ModelCheckingInfoTest testSetSimplificationTime" start="1455026629869" dump="1455026629870"/><sessioninfo id="" start="1455026629873" dump="1455026629908"/><sessioninfo id="it.polimi.checker.intersection.IntersectionTransitionBuilderTest testIntersectionTransitionBuilder" start="1455026629911" dump="1455026629928"/><sessioninfo id="" start="1455026629935" dump="1455026629936"/><sessioninfo id="it.polimi.checker.intersection.IntersectionTransitionBuilderTest testSatisfiesNullClaimFormula" start="1455026629939" dump="1455026629947"/><sessioninfo id="" start="1455026629951" dump="1455026629951"/><sessioninfo id="it.polimi.checker.intersection.IntersectionTransitionBuilderTest testSatisfiesNullModelFormula" start="1455026629955" dump="1455026629956"/><sessioninfo id="" start="1455026629960" dump="1455026629961"/><sessioninfo id="it.polimi.checker.intersection.IntersectionTransitionBuilderTest testSatisfiesStuttering" start="1455026629965" dump="1455026629966"/><sessioninfo id="" start="1455026629970" dump="1455026629970"/><sessioninfo id="it.polimi.checker.intersection.IntersectionTransitionBuilderTest testSatisfiesSigma" start="1455026629973" dump="1455026629975"/><sessioninfo id="" start="1455026629979" dump="1455026629979"/><sessioninfo id="it.polimi.checker.intersection.IntersectionTransitionBuilderTest testClaimNegatedProposition" start="1455026629982" dump="1455026629982"/><sessioninfo id="" start="1455026629986" dump="1455026629986"/><sessioninfo id="it.polimi.checker.intersection.IntersectionTransitionBuilderTest testClaimProposition" start="1455026629989" dump="1455026629993"/><sessioninfo id="" start="1455026629997" dump="1455026629998"/><sessioninfo id="it.polimi.checker.intersection.IntersectionTransitionBuilderTest testClaimPropositionSatisfied" start="1455026630001" dump="1455026630002"/><sessioninfo id="" start="1455026630005" dump="1455026630005"/><sessioninfo id="it.polimi.checker.intersection.IntersectionTransitionBuilderTest testIsCompatibleNullModelTransition" start="1455026630009" dump="1455026630010"/><sessioninfo id="" start="1455026630013" dump="1455026630014"/><sessioninfo id="it.polimi.checker.intersection.IntersectionTransitionBuilderTest testIsCompatibleNullClaimTransition" start="1455026630017" dump="1455026630021"/><sessioninfo id="" start="1455026630025" dump="1455026630027"/><sessioninfo id="it.polimi.checker.intersection.IntersectionTransitionBuilderTest isCompatible" start="1455026630030" dump="1455026630031"/><sessioninfo id="" start="1455026630034" dump="1455026630035"/><sessioninfo id="it.polimi.checker.intersection.IntersectionTransitionBuilderTest testGetIntersectionNullClaimTransition" start="1455026630039" dump="1455026630040"/><sessioninfo id="" start="1455026630044" dump="1455026630044"/><sessioninfo id="it.polimi.checker.intersection.IntersectionTransitionBuilderTest testGetIntersectionTransition2" start="1455026630047" dump="1455026630048"/><sessioninfo id="" start="1455026630052" dump="1455026630052"/><sessioninfo id="it.polimi.checker.intersection.IntersectionTransitionBuilderTest testGetIntersectionTransition3" start="1455026630056" dump="1455026630057"/><sessioninfo id="" start="1455026630060" dump="1455026630061"/><sessioninfo id="it.polimi.checker.intersection.IntersectionTransitionBuilderTest testGetIntersectionTransition4" start="1455026630064" dump="1455026630065"/><sessioninfo id="" start="1455026630068" dump="1455026630068"/><sessioninfo id="it.polimi.checker.intersection.IntersectionTransitionBuilderTest testGetIntersectionTransition5" start="1455026630072" dump="1455026630074"/><sessioninfo id="" start="1455026630077" dump="1455026630078"/><sessioninfo id="it.polimi.checker.intersection.IntersectionTransitionBuilderTest testGetIntersectionTransition6" start="1455026630081" dump="1455026630082"/><sessioninfo id="" start="1455026630085" dump="1455026630085"/><sessioninfo id="it.polimi.checker.intersection.IntersectionTransitionBuilderTest testGetIntersectionTransition7" start="1455026630089" dump="1455026630090"/><sessioninfo id="" start="1455026630092" dump="1455026630095"/><sessioninfo id="it.polimi.checker.intersection.IntersectionBuilderGetAcceptingPolicyTest test" start="1455026630099" dump="1455026630202"/><sessioninfo id="" start="1455026630204" dump="1455026630208"/><sessioninfo id="it.polimi.checker.intersection.IntersectionBuilderGetClaimTest test" start="1455026630211" dump="1455026630212"/><sessioninfo id="" start="1455026630216" dump="1455026630227"/><sessioninfo id="it.polimi.checker.intersection.acceptingpolicies.BAAcceptingPolicyTest testComuteNumberNullClaimState" start="1455026630231" dump="1455026630236"/><sessioninfo id="" start="1455026630240" dump="1455026630240"/><sessioninfo id="it.polimi.checker.intersection.acceptingpolicies.BAAcceptingPolicyTest testBAAcceptingPolicy" start="1455026630246" dump="1455026630247"/><sessioninfo id="" start="1455026630251" dump="1455026630251"/><sessioninfo id="it.polimi.checker.intersection.acceptingpolicies.BAAcceptingPolicyTest testComuteNumberNullModelState" start="1455026630256" dump="1455026630257"/><sessioninfo id="" start="1455026630265" dump="1455026630266"/><sessioninfo id="it.polimi.checker.intersection.acceptingpolicies.BAAcceptingPolicyTest testComuteNumberClaimStateNotInTheSetOfStates" start="1455026630271" dump="1455026630272"/><sessioninfo id="" start="1455026630279" dump="1455026630280"/><sessioninfo id="it.polimi.checker.intersection.acceptingpolicies.BAAcceptingPolicyTest testComuteNumberModelStateNotInTheSetOfStates" start="1455026630283" dump="1455026630284"/><sessioninfo id="" start="1455026630288" dump="1455026630289"/><sessioninfo id="it.polimi.checker.intersection.acceptingpolicies.BAAcceptingPolicyTest testComuteNumberNumberOutOfLowerBound" start="1455026630293" dump="1455026630294"/><sessioninfo id="" start="1455026630298" dump="1455026630299"/><sessioninfo id="it.polimi.checker.intersection.acceptingpolicies.BAAcceptingPolicyTest testComuteNumberNumberOutOfUpperBound" start="1455026630302" dump="1455026630303"/><sessioninfo id="" start="1455026630306" dump="1455026630306"/><sessioninfo id="it.polimi.checker.intersection.acceptingpolicies.BAAcceptingPolicyTest testComuteNumberOne" start="1455026630310" dump="1455026630311"/><sessioninfo id="" start="1455026630315" dump="1455026630315"/><sessioninfo id="it.polimi.checker.intersection.acceptingpolicies.BAAcceptingPolicyTest testComuteNumberOneb" start="1455026630320" dump="1455026630320"/><sessioninfo id="" start="1455026630324" dump="1455026630325"/><sessioninfo id="it.polimi.checker.intersection.acceptingpolicies.BAAcceptingPolicyTest testComuteNumberOnec" start="1455026630329" dump="1455026630330"/><sessioninfo id="" start="1455026630334" dump="1455026630334"/><sessioninfo id="it.polimi.checker.intersection.acceptingpolicies.BAAcceptingPolicyTest testComuteNumberTwo" start="1455026630338" dump="1455026630339"/><sessioninfo id="" start="1455026630346" dump="1455026630347"/><sessioninfo id="it.polimi.checker.intersection.acceptingpolicies.BAAcceptingPolicyTest testComuteNumberTwob" start="1455026630350" dump="1455026630351"/><sessioninfo id="" start="1455026630355" dump="1455026630356"/><sessioninfo id="it.polimi.checker.intersection.acceptingpolicies.BAAcceptingPolicyTest testComuteNumberZero" start="1455026630359" dump="1455026630360"/><sessioninfo id="" start="1455026630364" dump="1455026630365"/><sessioninfo id="it.polimi.checker.intersection.acceptingpolicies.BAAcceptingPolicyTest testComuteNumberZerob" start="1455026630368" dump="1455026630369"/><sessioninfo id="" start="1455026630372" dump="1455026630373"/><sessioninfo id="it.polimi.checker.intersection.acceptingpolicies.BAAcceptingPolicyTest testComuteNumberZeroc" start="1455026630376" dump="1455026630376"/><sessioninfo id="" start="1455026630381" dump="1455026630382"/><sessioninfo id="it.polimi.checker.intersection.acceptingpolicies.BAAcceptingPolicyTest testComuteInitNumberNullClaimState" start="1455026630387" dump="1455026630389"/><sessioninfo id="" start="1455026630391" dump="1455026630392"/><sessioninfo id="it.polimi.checker.intersection.acceptingpolicies.BAAcceptingPolicyTest testComuteInitNumberNullModelState" start="1455026630396" dump="1455026630397"/><sessioninfo id="" start="1455026630401" dump="1455026630402"/><sessioninfo id="it.polimi.checker.intersection.acceptingpolicies.BAAcceptingPolicyTest testComuteInitNumberNotContainedClaimState" start="1455026630406" dump="1455026630407"/><sessioninfo id="" start="1455026630412" dump="1455026630413"/><sessioninfo id="it.polimi.checker.intersection.acceptingpolicies.BAAcceptingPolicyTest testComuteInitNumberNotContainedModelState" start="1455026630418" dump="1455026630419"/><sessioninfo id="" start="1455026630423" dump="1455026630424"/><sessioninfo id="it.polimi.checker.intersection.acceptingpolicies.BAAcceptingPolicyTest testComuteInitNumber" start="1455026630428" dump="1455026630429"/><sessioninfo id="" start="1455026630431" dump="1455026630433"/><sessioninfo id="it.polimi.checker.SatisfactionValueTest testToString" start="1455026630441" dump="1455026630443"/><sessioninfo id="" start="1455026630448" dump="1455026630465"/><sessioninfo id="it.polimi.checker.intersection.IntersectionBuilderGetModelIntersectionStatesTest testGetNumberNullArgument" start="1455026630470" dump="1455026630574"/><sessioninfo id="" start="1455026630579" dump="1455026630579"/><sessioninfo id="it.polimi.checker.intersection.IntersectionBuilderGetModelIntersectionStatesTest testGetNumberIllegalArgument" start="1455026630584" dump="1455026630587"/><sessioninfo id="" start="1455026630592" dump="1455026630593"/><sessioninfo id="it.polimi.checker.intersection.IntersectionBuilderGetModelIntersectionStatesTest testGetNumber" start="1455026630597" dump="1455026630602"/><sessioninfo id="" start="1455026630605" dump="1455026630606"/><sessioninfo id="it.polimi.checker.intersection.IntersectionBuilderGetModelIntersectionStatesTest testGetNumber2" start="1455026630609" dump="1455026630612"/><sessioninfo id="" start="1455026630615" dump="1455026630623"/><sessioninfo id="it.polimi.checker.ModelCheckerTest testModelCheckerNullModel" start="1455026630629" dump="1455026630634"/><sessioninfo id="" start="1455026630640" dump="1455026630641"/><sessioninfo id="it.polimi.checker.ModelCheckerTest testModelCheckerNullClaim" start="1455026630646" dump="1455026630650"/><sessioninfo id="" start="1455026630657" dump="1455026630677"/><sessioninfo id="it.polimi.checker.ModelCheckerTest testCheck" start="1455026630682" dump="1455026630688"/><sessioninfo id="" start="1455026630693" dump="1455026630694"/><sessioninfo id="it.polimi.checker.ModelCheckerTest testCheck1" start="1455026630699" dump="1455026630702"/><sessioninfo id="" start="1455026630707" dump="1455026630708"/><sessioninfo id="it.polimi.checker.ModelCheckerTest testCheck2" start="1455026630712" dump="1455026630715"/><sessioninfo id="" start="1455026630720" dump="1455026630720"/><sessioninfo id="it.polimi.checker.ModelCheckerTest testCheck3" start="1455026630725" dump="1455026630727"/><sessioninfo id="" start="1455026630733" dump="1455026630734"/><sessioninfo id="it.polimi.checker.ModelCheckerTest testCheck5" start="1455026630739" dump="1455026630741"/><sessioninfo id="" start="1455026630745" dump="1455026630746"/><sessioninfo id="it.polimi.checker.ModelCheckerTest testCheck6" start="1455026630749" dump="1455026630752"/><sessioninfo id="" start="1455026630760" dump="1455026630760"/><sessioninfo id="it.polimi.checker.ModelCheckerTest testGetVerificationTimes" start="1455026630764" dump="1455026630765"/><sessioninfo id="" start="1455026630769" dump="1455026630769"/><sessioninfo id="it.polimi.checker.ModelCheckerTest testCheck7" start="1455026630775" dump="1455026630778"/><sessioninfo id="" start="1455026630783" dump="1455026630784"/><sessioninfo id="it.polimi.checker.ModelCheckerTest testCheckSize" start="1455026630787" dump="1455026630793"/><sessioninfo id="" start="1455026630798" dump="1455026630798"/><sessioninfo id="it.polimi.checker.ModelCheckerTest testCheckUpperIntersectionBuilderException" start="1455026630803" dump="1455026630806"/><sessioninfo id="" start="1455026630812" dump="1455026630815"/><sessioninfo id="it.polimi.checker.ModelCheckerTest testCheckLowerIntersectionBuilderNotPerformedException" start="1455026630819" dump="1455026630821"/><sessioninfo id="" start="1455026630825" dump="1455026630826"/><sessioninfo id="it.polimi.checker.ModelCheckerTest testCheckUpperIntersectionBuilderNotPerformedException" start="1455026630831" dump="1455026630832"/><sessioninfo id="" start="1455026630837" dump="1455026630837"/><sessioninfo id="it.polimi.checker.ModelCheckerTest testGetUpperIntersectionBuilderException" start="1455026630842" dump="1455026630844"/><sessioninfo id="" start="1455026630849" dump="1455026630850"/><sessioninfo id="it.polimi.checker.ModelCheckerTest testGetUpperIntersectionBuilder" start="1455026630855" dump="1455026630858"/><sessioninfo id="" start="1455026630862" dump="1455026630865"/><sessioninfo id="it.polimi.checker.intersection.IntersectionBuilderGetModelStateTest testGetNumberNullArgument" start="1455026630871" dump="1455026630874"/><sessioninfo id="" start="1455026630879" dump="1455026630880"/><sessioninfo id="it.polimi.checker.intersection.IntersectionBuilderGetModelStateTest testGetNumberIllegalArgument" start="1455026630885" dump="1455026630888"/><sessioninfo id="" start="1455026630892" dump="1455026630893"/><sessioninfo id="it.polimi.checker.intersection.IntersectionBuilderGetModelStateTest testGetNumber" start="1455026630897" dump="1455026630902"/><sessioninfo id="" start="1455026630907" dump="1455026630910"/><sessioninfo id="it.polimi.checker.intersection.IntersectionBuilderPerformTest testgetIntersectionStateIllegalStateException" start="1455026630915" dump="1455026630919"/><sessioninfo id="" start="1455026630925" dump="1455026630928"/><sessioninfo id="it.polimi.checker.intersection.IntersectionBuilderGetNumberTest testGetNumberNullArgument" start="1455026630934" dump="1455026630944"/><sessioninfo id="" start="1455026630950" dump="1455026630951"/><sessioninfo id="it.polimi.checker.intersection.IntersectionBuilderGetNumberTest testGetNumberIllegalArgument" start="1455026630958" dump="1455026630962"/><sessioninfo id="" start="1455026630969" dump="1455026630970"/><sessioninfo id="it.polimi.checker.intersection.IntersectionBuilderGetNumberTest testGetNumber" start="1455026630975" dump="1455026630977"/><sessioninfo id="" start="1455026630983" dump="1455026630988"/><sessioninfo id="it.polimi.checker.intersection.IntersectionBuilderGetClaimIntersectionStatesTest testGetNumberNullArgument" start="1455026630994" dump="1455026630996"/><sessioninfo id="" start="1455026631002" dump="1455026631002"/><sessioninfo id="it.polimi.checker.intersection.IntersectionBuilderGetClaimIntersectionStatesTest testGetNumberIllegalArgument" start="1455026631008" dump="1455026631010"/><sessioninfo id="" start="1455026631015" dump="1455026631016"/><sessioninfo id="it.polimi.checker.intersection.IntersectionBuilderGetClaimIntersectionStatesTest testGetNumber" start="1455026631024" dump="1455026631025"/><sessioninfo id="" start="1455026631031" dump="1455026631032"/><sessioninfo id="it.polimi.checker.intersection.IntersectionBuilderGetClaimIntersectionStatesTest testGetNumber2" start="1455026631037" dump="1455026631040"/><sessioninfo id="" start="1455026631045" dump="1455026631052"/><sessioninfo id="it.polimi.checker.emptiness.EmptinessCheckerTest testEmptinessCheckerNull" start="1455026631058" dump="1455026631060"/><sessioninfo id="" start="1455026631070" dump="1455026631074"/><sessioninfo id="it.polimi.checker.emptiness.EmptinessCheckerTest testEmptinessChecker" start="1455026631079" dump="1455026631080"/><sessioninfo id="" start="1455026631087" dump="1455026631088"/><sessioninfo id="it.polimi.checker.emptiness.EmptinessCheckerTest testIsEmpty0" start="1455026631093" dump="1455026631095"/><sessioninfo id="" start="1455026631101" dump="1455026631102"/><sessioninfo id="it.polimi.checker.emptiness.EmptinessCheckerTest testIsEmpty1" start="1455026631108" dump="1455026631109"/><sessioninfo id="" start="1455026631114" dump="1455026631115"/><sessioninfo id="it.polimi.checker.emptiness.EmptinessCheckerTest testIsEmpty2" start="1455026631120" dump="1455026631121"/><sessioninfo id="" start="1455026631127" dump="1455026631132"/><sessioninfo id="it.polimi.checker.emptiness.EmptinessCheckerTest testIsEmpty3" start="1455026631137" dump="1455026631140"/><sessioninfo id="" start="1455026631146" dump="1455026631147"/><sessioninfo id="it.polimi.checker.emptiness.EmptinessCheckerTest testIsEmpty4" start="1455026631152" dump="1455026631153"/><sessioninfo id="" start="1455026631159" dump="1455026631159"/><sessioninfo id="it.polimi.checker.emptiness.EmptinessCheckerTest testIsEmpty5" start="1455026631165" dump="1455026631169"/><sessioninfo id="" start="1455026631176" dump="1455026631177"/><sessioninfo id="it.polimi.checker.emptiness.EmptinessCheckerTest testIsEmpty6" start="1455026631182" dump="1455026631183"/><sessioninfo id="" start="1455026631188" dump="1455026631189"/><sessioninfo id="it.polimi.checker.emptiness.EmptinessCheckerTest testIsEmpty7" start="1455026631194" dump="1455026631195"/><sessioninfo id="" start="1455026631201" dump="1455026631202"/><sessioninfo id="it.polimi.checker.emptiness.EmptinessCheckerTest testgetCounterexample" start="1455026631207" dump="1455026631208"/><sessioninfo id="" start="1455026631214" dump="1455026631222"/><sessioninfo id="it.polimi.checker.intersection.IntersectionBuilderRemoveIntersectionStateTest testUpdateIntersection2" start="1455026631229" dump="1455026631260"/><sessioninfo id="" start="1455026631266" dump="1455026631267"/><sessioninfo id="it.polimi.checker.intersection.IntersectionBuilderRemoveIntersectionStateTest testUpdateIntersection" start="1455026631273" dump="1455026631276"/><sessioninfo id="" start="1455026631281" dump="1455026631288"/><sessioninfo id="it.polimi.checker.intersection.IntersectionBuilderGetClaimStateTest testGetNumberNullArgument" start="1455026631293" dump="1455026631295"/><sessioninfo id="" start="1455026631301" dump="1455026631305"/><sessioninfo id="it.polimi.checker.intersection.IntersectionBuilderGetClaimStateTest testGetNumberIllegalArgument" start="1455026631310" dump="1455026631313"/><sessioninfo id="" start="1455026631318" dump="1455026631323"/><sessioninfo id="it.polimi.checker.intersection.IntersectionBuilderGetClaimStateTest testGetNumber" start="1455026631329" dump="1455026631332"/><sessioninfo id="" start="1455026631339" dump="1455026631346"/><sessioninfo id="it.polimi.checker.intersection.IntersectionBuilderGetIntersectionStateTest testgetIntersectionStateIllegalStateException" start="1455026631353" dump="1455026631354"/><sessioninfo id="" start="1455026631361" dump="1455026631362"/><sessioninfo id="it.polimi.checker.intersection.IntersectionBuilderGetIntersectionStateTest testgetIntersectionStateIllegalArgumentClaimState" start="1455026631367" dump="1455026631370"/><sessioninfo id="" start="1455026631374" dump="1455026631377"/><sessioninfo id="it.polimi.checker.intersection.IntersectionBuilderGetIntersectionStateTest testgetIntersectionStateNullModelState" start="1455026631384" dump="1455026631386"/><sessioninfo id="" start="1455026631391" dump="1455026631394"/><sessioninfo id="it.polimi.checker.intersection.IntersectionBuilderGetIntersectionStateTest testgetIntersectionStateNullClaimState" start="1455026631399" dump="1455026631401"/><sessioninfo id="" start="1455026631406" dump="1455026631407"/><sessioninfo id="it.polimi.checker.intersection.IntersectionBuilderGetIntersectionStateTest testgetIntersectionStateIllegalArgumentModelState" start="1455026631413" dump="1455026631414"/><sessioninfo id="" start="1455026631418" dump="1455026631419"/><sessioninfo id="it.polimi.checker.intersection.IntersectionBuilderGetIntersectionStateTest testgetIntersectionStateIllegalArgumentNumber" start="1455026631425" dump="1455026631430"/><sessioninfo id="" start="1455026631436" dump="1455026631437"/><sessioninfo id="it.polimi.checker.intersection.IntersectionBuilderGetIntersectionStateTest testgetIntersectionState0" start="1455026631442" dump="1455026631444"/><sessioninfo id="" start="1455026631449" dump="1455026631450"/><sessioninfo id="it.polimi.checker.intersection.IntersectionBuilderGetIntersectionStateTest testgetIntersectionState1" start="1455026631455" dump="1455026631457"/><sessioninfo id="" start="1455026631463" dump="1455026631464"/><sessioninfo id="it.polimi.checker.intersection.IntersectionBuilderGetIntersectionStateTest testgetIntersectionState2" start="1455026631469" dump="1455026631471"/><sessioninfo id="" start="1455026631478" dump="1455026631479"/><sessioninfo id="it.polimi.checker.intersection.IntersectionBuilderGetIntersectionStateTest testgetIntersectionState3" start="1455026631485" dump="1455026631487"/><sessioninfo id="" start="1455026631494" dump="1455026631495"/><sessioninfo id="it.polimi.checker.intersection.IntersectionBuilderGetIntersectionStateTest testgetIntersectionStateIllegalArgumentNumber2" start="1455026631501" dump="1455026631503"/><sessioninfo id="" start="1455026631508" dump="1455026631513"/><sessioninfo id="it.polimi.checker.intersection.IntersectionBuilderTest testComputeIntersection" start="1455026631518" dump="1455026631519"/><sessioninfo id="" start="1455026631525" dump="1455026631526"/><sessioninfo id="it.polimi.checker.intersection.IntersectionBuilderTest testIntersectionBuilderNullModel" start="1455026631531" dump="1455026631532"/><sessioninfo id="" start="1455026631537" dump="1455026631537"/><sessioninfo id="it.polimi.checker.intersection.IntersectionBuilderTest testIntersectionBuilderNullClaim" start="1455026631543" dump="1455026631544"/><sessioninfo id="" start="1455026631552" dump="1455026631553"/><sessioninfo id="it.polimi.checker.intersection.IntersectionBuilderTest testComputeIntersection1" start="1455026631560" dump="1455026631562"/><sessioninfo id="" start="1455026631568" dump="1455026631569"/><sessioninfo id="it.polimi.checker.intersection.IntersectionBuilderTest testComputeIntersection2" start="1455026631574" dump="1455026631576"/><sessioninfo id="" start="1455026631581" dump="1455026631581"/><sessioninfo id="it.polimi.checker.intersection.IntersectionBuilderTest testComputeIntersection3" start="1455026631586" dump="1455026631592"/><sessioninfo id="" start="1455026631598" dump="1455026631599"/><sessioninfo id="it.polimi.checker.intersection.IntersectionBuilderTest testComputeIntersection4" start="1455026631605" dump="1455026631608"/><sessioninfo id="" start="1455026631614" dump="1455026631615"/><sessioninfo id="it.polimi.checker.intersection.IntersectionBuilderTest testComputeIntersection5" start="1455026631620" dump="1455026631622"/><sessioninfo id="" start="1455026631628" dump="1455026631628"/><sessioninfo id="it.polimi.checker.intersection.IntersectionBuilderTest testComputeIntersection6" start="1455026631634" dump="1455026631636"/><sessioninfo id="" start="1455026631644" dump="1455026631646"/><sessioninfo id="it.polimi.checker.intersection.IntersectionBuilderTest testComputeIntersection7" start="1455026631651" dump="1455026631655"/><sessioninfo id="" start="1455026631660" dump="1455026631665"/><sessioninfo id="it.polimi.checker.intersection.acceptingpolicies.AcceptingPolicyTest testSetClaim" start="1455026631673" dump="1455026631675"/><sessioninfo id="" start="1455026631680" dump="1455026631682"/><sessioninfo id="it.polimi.checker.intersection.acceptingpolicies.AcceptingPolicyTest testSetModel" start="1455026631688" dump="1455026631689"/><sessioninfo id="" start="1455026631694" dump="1455026631701"/><sessioninfo id="it.polimi.checker.intersection.acceptingpolicies.AcceptingPolicyTest testGetBaAcceptingPolicy" start="1455026631706" dump="1455026631707"/><sessioninfo id="" start="1455026631711" dump="1455026631722"/><sessioninfo id="it.polimi.checker.intersection.acceptingpolicies.AcceptingPolicyTest testGetKripkeAcceptingPolicy" start="1455026631726" dump="1455026631727"/><sessioninfo id="" start="1455026631731" dump="1455026631738"/><sessioninfo id="it.polimi.checker.intersection.IntersectionBuilderGetIntersectionTransitionsBlackTest testUpdateIntersection" start="1455026631744" dump="1455026631748"/><sessioninfo id="" start="1455026631755" dump="1455026631758"/><sessioninfo id="it.polimi.checker.intersection.IntersectionBuilderGetConstrainedTransitionsTest testGetConstrainedTransitionsIllegalArgumentState" start="1455026631762" dump="1455026631764"/><sessioninfo id="" start="1455026631772" dump="1455026631773"/><sessioninfo id="it.polimi.checker.intersection.IntersectionBuilderGetConstrainedTransitionsTest testGetConstrainedTransitionsNullPointer" start="1455026631781" dump="1455026631789"/><sessioninfo id="" start="1455026631794" dump="1455026631794"/><sessioninfo id="it.polimi.checker.intersection.IntersectionBuilderGetConstrainedTransitionsTest testGetConstrainedTransitionsIllegalState" start="1455026631800" dump="1455026631802"/><sessioninfo id="" start="1455026631809" dump="1455026631810"/><sessioninfo id="it.polimi.checker.intersection.IntersectionBuilderGetConstrainedTransitionsTest testGetConstrainedTransitions" start="1455026631815" dump="1455026631817"/><sessioninfo id="" start="1455026631824" dump="1455026631825"/><sessioninfo id="it.polimi.checker.intersection.IntersectionBuilderAlphabetTest test" start="1455026631832" dump="1455026631833"/><sessioninfo id="" start="1455026631840" dump="1455026631842"/><sessioninfo id="it.polimi.checker.abstractor.AbstractorTest testPerformNullBa" start="1455026631849" dump="1455026631854"/><sessioninfo id="" start="1455026631871" dump="1455026631872"/><sessioninfo id="it.polimi.checker.abstractor.AbstractorTest testPerformNullStates" start="1455026631880" dump="1455026631881"/><sessioninfo id="" start="1455026631886" dump="1455026631886"/><sessioninfo id="it.polimi.checker.abstractor.AbstractorTest testPerformStatesNotcontainedInTheBA" start="1455026631890" dump="1455026631891"/><sessioninfo id="" start="1455026631895" dump="1455026631896"/><sessioninfo id="it.polimi.checker.abstractor.AbstractorTest testPerform" start="1455026631903" dump="1455026631904"/><sessioninfo id="" start="1455026631909" dump="1455026631910"/><sessioninfo id="it.polimi.checker.intersection.IntersectionBuilderGetIntersectionAutomatonTest testGetIntersection" start="1455026631914" dump="1455026631915"/><sessioninfo id="" start="1455026631919" dump="1455026631919"/><sessioninfo id="it.polimi.checker.intersection.IntersectionBuilderGetIntersectionAutomatonTest testGetIntersectionAutomatonIllegalState" start="1455026631925" dump="1455026631925"/><sessioninfo id="" start="1455026631929" dump="1455026631930"/><sessioninfo id="it.polimi.ConstantsTest test" start="1455026631935" dump="1455026631944"/><sessioninfo id="" start="1455026631953" dump="1455026631962"/><sessioninfo id="it.polimi.checker.intersection.acceptingpolicies.KripkeAcceptingPolicyTest testComuteNumberNullClaimState" start="1455026631968" dump="1455026631969"/><sessioninfo id="" start="1455026631973" dump="1455026631973"/><sessioninfo id="it.polimi.checker.intersection.acceptingpolicies.KripkeAcceptingPolicyTest testComuteNumberNullModelState" start="1455026631978" dump="1455026631979"/><sessioninfo id="" start="1455026631982" dump="1455026631983"/><sessioninfo id="it.polimi.checker.intersection.acceptingpolicies.KripkeAcceptingPolicyTest testComuteInitNumberNullClaimState" start="1455026631986" dump="1455026631987"/><sessioninfo id="" start="1455026631992" dump="1455026631993"/><sessioninfo id="it.polimi.checker.intersection.acceptingpolicies.KripkeAcceptingPolicyTest testComuteInitNumberNullModelState" start="1455026632000" dump="1455026632001"/><sessioninfo id="" start="1455026632005" dump="1455026632006"/><sessioninfo id="it.polimi.checker.intersection.acceptingpolicies.KripkeAcceptingPolicyTest testComuteInitNumberNotContainedClaimState" start="1455026632011" dump="1455026632012"/><sessioninfo id="" start="1455026632016" dump="1455026632017"/><sessioninfo id="it.polimi.checker.intersection.acceptingpolicies.KripkeAcceptingPolicyTest testComuteInitNumberNotContainedModelState" start="1455026632021" dump="1455026632022"/><sessioninfo id="" start="1455026632027" dump="1455026632027"/><sessioninfo id="it.polimi.checker.intersection.acceptingpolicies.KripkeAcceptingPolicyTest testComuteInitNumber" start="1455026632032" dump="1455026632037"/><sessioninfo id="" start="1455026632041" dump="1455026632042"/><sessioninfo id="it.polimi.checker.intersection.acceptingpolicies.KripkeAcceptingPolicyTest testKripkeAcceptingPolicyNullModel" start="1455026632046" dump="1455026632047"/><sessioninfo id="" start="1455026632050" dump="1455026632051"/><sessioninfo id="it.polimi.checker.intersection.acceptingpolicies.KripkeAcceptingPolicyTest testKripkeAcceptingPolicyNullClaim" start="1455026632057" dump="1455026632057"/><sessioninfo id="" start="1455026632062" dump="1455026632062"/><sessioninfo id="it.polimi.checker.intersection.acceptingpolicies.KripkeAcceptingPolicyTest testKripkeAcceptingPolicy" start="1455026632066" dump="1455026632066"/><sessioninfo id="" start="1455026632070" dump="1455026632071"/><sessioninfo id="it.polimi.checker.intersection.acceptingpolicies.KripkeAcceptingPolicyTest testComuteNumberIllegalArgument0" start="1455026632074" dump="1455026632075"/><sessioninfo id="" start="1455026632079" dump="1455026632080"/><sessioninfo id="it.polimi.checker.intersection.acceptingpolicies.KripkeAcceptingPolicyTest testComuteNumberIllegalArgument2" start="1455026632083" dump="1455026632084"/><sessioninfo id="" start="1455026632088" dump="1455026632088"/><sessioninfo id="it.polimi.checker.intersection.acceptingpolicies.KripkeAcceptingPolicyTest testComuteNumberStateOfTheClaimNotIncluded" start="1455026632092" dump="1455026632092"/><sessioninfo id="" start="1455026632097" dump="1455026632097"/><sessioninfo id="it.polimi.checker.intersection.acceptingpolicies.KripkeAcceptingPolicyTest testComuteNumberNotIncluded" start="1455026632103" dump="1455026632104"/><sessioninfo id="" start="1455026632107" dump="1455026632108"/><sessioninfo id="it.polimi.checker.intersection.acceptingpolicies.KripkeAcceptingPolicyTest testComuteNumberStateOfTheModelNotIncluded" start="1455026632112" dump="1455026632113"/><sessioninfo id="" start="1455026632117" dump="1455026632118"/><sessioninfo id="it.polimi.checker.intersection.acceptingpolicies.KripkeAcceptingPolicyTest testComuteNumber" start="1455026632121" dump="1455026632123"/><sessioninfo id="" start="1455026632127" dump="1455026632127"/><sessioninfo id="it.polimi.checker.intersection.acceptingpolicies.KripkeAcceptingPolicyTest testComuteNumber2" start="1455026632131" dump="1455026632132"/><sessioninfo id="" start="1455026632137" dump="1455026632138"/><sessioninfo id="it.polimi.checker.intersection.acceptingpolicies.KripkeAcceptingPolicyTest testComuteNumber3" start="1455026632142" dump="1455026632142"/><sessioninfo id="" start="1455026632146" dump="1455026632147"/><sessioninfo id="it.polimi.checker.intersection.acceptingpolicies.KripkeAcceptingPolicyTest testComuteNumber4" start="1455026632152" dump="1455026632153"/><sessioninfo id="" start="1455026632157" dump="1455026632160"/><sessioninfo id="it.polimi.checker.ibablackboxstateremovel.IBABlackBoxRemoverTest testBlackBoxStateRemoval" start="1455026632165" dump="1455026632167"/><sessioninfo id="" start="1455026632171" dump="1455026632172"/><sessioninfo id="it.polimi.checker.ibablackboxstateremovel.IBABlackBoxRemoverTest testBlackBoxRemovalNull" start="1455026632176" dump="1455026632178"/><sessioninfo id="" start="1455026632183" dump="1455026632184"/><sessioninfo id="it.polimi.checker.ibablackboxstateremovel.IBABlackBoxRemoverTest testBlackBoxStateRemoval2" start="1455026632190" dump="1455026632191"/><sessioninfo id="" start="1455026632197" dump="1455026632204"/><sessioninfo id="it.polimi.checker.intersection.IntersectionBuilderUpdateIntersectionTest testgetIntersectionStateIllegalStateException" start="1455026632211" dump="1455026632213"/><sessioninfo id="" start="1455026632218" dump="1455026632218"/><sessioninfo id="it.polimi.checker.intersection.IntersectionBuilderUpdateIntersectionTest testgetIntersectionStateIllegalArgumentClaimState" start="1455026632223" dump="1455026632224"/><sessioninfo id="" start="1455026632229" dump="1455026632230"/><sessioninfo id="it.polimi.checker.intersection.IntersectionBuilderUpdateIntersectionTest testgetIntersectionStateNullModelState" start="1455026632233" dump="1455026632235"/><sessioninfo id="" start="1455026632238" dump="1455026632239"/><sessioninfo id="it.polimi.checker.intersection.IntersectionBuilderUpdateIntersectionTest testgetIntersectionStateNullClaimState" start="1455026632242" dump="1455026632244"/><sessioninfo id="" start="1455026632247" dump="1455026632251"/><sessioninfo id="it.polimi.checker.intersection.IntersectionBuilderUpdateIntersectionTest testgetIntersectionStateIllegalArgumentModelState" start="1455026632255" dump="1455026632257"/><sessioninfo id="" start="1455026632264" dump="1455026632265"/><sessioninfo id="it.polimi.checker.intersection.IntersectionBuilderUpdateIntersectionTest testgetIntersectionStateIllegalArgumentNumber" start="1455026632269" dump="1455026632270"/><sessioninfo id="" start="1455026632274" dump="1455026632274"/><sessioninfo id="it.polimi.checker.intersection.IntersectionBuilderUpdateIntersectionTest testUpdateIntersection" start="1455026632279" dump="1455026632280"/><sessioninfo id="" start="1455026632286" dump="1455026632286"/><sessioninfo id="it.polimi.checker.intersection.IntersectionBuilderUpdateIntersectionTest testgetIntersectionStateIllegalArgumentNumber2" start="1455026632290" dump="1455026632292"/><sessioninfo id="" start="1455026632296" dump="1455026632299"/><sessioninfo id="it.polimi.checker.intersection.IntersectionBuilderGetIntersectionStatesTest testgetIntersectionStateIllegalStateException" start="1455026632303" dump="1455026632304"/><sessioninfo id="" start="1455026632308" dump="1455026632309"/><sessioninfo id="it.polimi.checker.intersection.IntersectionBuilderGetIntersectionStatesTest testgetIntersectionStateIllegalArgumentClaimState" start="1455026632314" dump="1455026632315"/><sessioninfo id="" start="1455026632319" dump="1455026632319"/><sessioninfo id="it.polimi.checker.intersection.IntersectionBuilderGetIntersectionStatesTest testgetIntersectionStateNullModelState" start="1455026632323" dump="1455026632324"/><sessioninfo id="" start="1455026632329" dump="1455026632329"/><sessioninfo id="it.polimi.checker.intersection.IntersectionBuilderGetIntersectionStatesTest testgetIntersectionStateNullClaimState" start="1455026632334" dump="1455026632336"/><sessioninfo id="" start="1455026632341" dump="1455026632341"/><sessioninfo id="it.polimi.checker.intersection.IntersectionBuilderGetIntersectionStatesTest testgetIntersectionStateIllegalArgumentModelState" start="1455026632347" dump="1455026632350"/><sessioninfo id="" start="1455026632353" dump="1455026632354"/><sessioninfo id="it.polimi.checker.intersection.IntersectionBuilderGetIntersectionStatesTest testgetIntersectionStateIllegalArgumentNumber" start="1455026632358" dump="1455026632360"/><sessioninfo id="" start="1455026632364" dump="1455026632364"/><sessioninfo id="it.polimi.checker.intersection.IntersectionBuilderGetIntersectionStatesTest testgetIntersectionState0" start="1455026632369" dump="1455026632370"/><sessioninfo id="" start="1455026632377" dump="1455026632377"/><sessioninfo id="it.polimi.checker.intersection.IntersectionBuilderGetIntersectionStatesTest testgetIntersectionState1" start="1455026632384" dump="1455026632385"/><sessioninfo id="" start="1455026632390" dump="1455026632391"/><sessioninfo id="it.polimi.checker.intersection.IntersectionBuilderGetIntersectionStatesTest testgetIntersectionState2" start="1455026632395" dump="1455026632397"/><sessioninfo id="" start="1455026632401" dump="1455026632402"/><sessioninfo id="it.polimi.checker.intersection.IntersectionBuilderGetIntersectionStatesTest testgetIntersectionState3" start="1455026632406" dump="1455026632408"/><sessioninfo id="" start="1455026632412" dump="1455026632415"/><sessioninfo id="it.polimi.checker.intersection.IntersectionBuilderGetModelTest test" start="1455026632422" dump="1455026632423"/><sessioninfo id="it.polimi.checker.intersection.IntersectionBuilderGetModelTest test" start="1455026632430" dump="1455026632440"/><package name="it/polimi/checker"><class name="it/polimi/checker/SatisfactionValue"><method name="values" desc="()[Lit/polimi/checker/SatisfactionValue;" line="8"><counter type="INSTRUCTION" missed="4" covered="0"/><counter type="LINE" missed="1" covered="0"/><counter type="COMPLEXITY" missed="1" covered="0"/><counter type="METHOD" missed="1" covered="0"/></method><method name="valueOf" desc="(Ljava/lang/String;)Lit/polimi/checker/SatisfactionValue;" line="8"><counter type="INSTRUCTION" missed="5" covered="0"/><counter type="LINE" missed="1" covered="0"/><counter type="COMPLEXITY" missed="1" covered="0"/><counter type="METHOD" missed="1" covered="0"/></method><method name="&lt;init&gt;" desc="(Ljava/lang/String;I)V" line="8"><counter type="INSTRUCTION" missed="0" covered="5"/><counter type="LINE" missed="0" covered="1"/><counter type="COMPLEXITY" missed="0" covered="1"/><counter type="METHOD" missed="0" covered="1"/></method><method name="&lt;clinit&gt;" desc="()V" line="8"><counter type="INSTRUCTION" missed="0" covered="34"/><counter type="LINE" missed="0" covered="4"/><counter type="COMPLEXITY" missed="0" covered="1"/><counter type="METHOD" missed="0" covered="1"/></method><counter type="INSTRUCTION" missed="9" covered="39"/><counter type="LINE" missed="0" covered="4"/><counter type="COMPLEXITY" missed="2" covered="2"/><counter type="METHOD" missed="2" covered="2"/><counter type="CLASS" missed="0" covered="1"/></class><class name="it/polimi/checker/SatisfactionValue$1"><method name="&lt;init&gt;" desc="(Ljava/lang/String;I)V" line="9"><counter type="INSTRUCTION" missed="0" covered="6"/><counter type="LINE" missed="0" covered="1"/><counter type="COMPLEXITY" missed="0" covered="1"/><counter type="METHOD" missed="0" covered="1"/></method><method name="toString" desc="()Ljava/lang/String;" line="12"><counter type="INSTRUCTION" missed="0" covered="2"/><counter type="LINE" missed="0" covered="1"/><counter type="COMPLEXITY" missed="0" covered="1"/><counter type="METHOD" missed="0" covered="1"/></method><counter type="INSTRUCTION" missed="0" covered="8"/><counter type="LINE" missed="0" covered="2"/><counter type="COMPLEXITY" missed="0" covered="2"/><counter type="METHOD" missed="0" covered="2"/><counter type="CLASS" missed="0" covered="1"/></class><class name="it/polimi/checker/SatisfactionValue$2"><method name="&lt;init&gt;" desc="(Ljava/lang/String;I)V" line="15"><counter type="INSTRUCTION" missed="0" covered="6"/><counter type="LINE" missed="0" covered="1"/><counter type="COMPLEXITY" missed="0" covered="1"/><counter type="METHOD" missed="0" covered="1"/></method><method name="toString" desc="()Ljava/lang/String;" line="18"><counter type="INSTRUCTION" missed="0" covered="2"/><counter type="LINE" missed="0" covered="1"/><counter type="COMPLEXITY" missed="0" covered="1"/><counter type="METHOD" missed="0" covered="1"/></method><counter type="INSTRUCTION" missed="0" covered="8"/><counter type="LINE" missed="0" covered="2"/><counter type="COMPLEXITY" missed="0" covered="2"/><counter type="METHOD" missed="0" covered="2"/><counter type="CLASS" missed="0" covered="1"/></class><class name="it/polimi/checker/SatisfactionValue$3"><method name="&lt;init&gt;" desc="(Ljava/lang/String;I)V" line="21"><counter type="INSTRUCTION" missed="0" covered="6"/><counter type="LINE" missed="0" covered="1"/><counter type="COMPLEXITY" missed="0" covered="1"/><counter type="METHOD" missed="0" covered="1"/></method><method name="toString" desc="()Ljava/lang/String;" line="24"><counter type="INSTRUCTION" missed="0" covered="2"/><counter type="LINE" missed="0" covered="1"/><counter type="COMPLEXITY" missed="0" covered="1"/><counter type="METHOD" missed="0" covered="1"/></method><counter type="INSTRUCTION" missed="0" covered="8"/><counter type="LINE" missed="0" covered="2"/><counter type="COMPLEXITY" missed="0" covered="2"/><counter type="METHOD" missed="0" covered="2"/><counter type="CLASS" missed="0" covered="1"/></class><class name="it/polimi/checker/Checker"><method name="&lt;init&gt;" desc="(Lit/polimi/automata/IBA;Lit/polimi/automata/BA;Lit/polimi/checker/intersection/acceptingpolicies/AcceptingPolicy;)V" line="81"><counter type="INSTRUCTION" missed="0" covered="25"/><counter type="LINE" missed="0" covered="8"/><counter type="COMPLEXITY" missed="0" covered="1"/><counter type="METHOD" missed="0" covered="1"/></method><method name="perform" desc="()Lit/polimi/checker/SatisfactionValue;" line="102"><counter type="INSTRUCTION" missed="5" covered="42"/><counter type="BRANCH" missed="1" covered="7"/><counter type="LINE" missed="2" covered="16"/><counter type="COMPLEXITY" missed="1" covered="4"/><counter type="METHOD" missed="0" covered="1"/></method><method name="checkEmptyIntersectionMc" desc="()Z" line="149"><counter type="INSTRUCTION" missed="0" covered="37"/><counter type="BRANCH" missed="0" covered="2"/><counter type="LINE" missed="0" covered="9"/><counter type="COMPLEXITY" missed="0" covered="2"/><counter type="METHOD" missed="0" covered="1"/></method><method name="checkEmptyIntersection" desc="()Z" line="179"><counter type="INSTRUCTION" missed="0" covered="21"/><counter type="LINE" missed="0" covered="4"/><counter type="COMPLEXITY" missed="0" covered="1"/><counter type="METHOD" missed="0" covered="1"/></method><method name="getUpperIntersectionBuilder" desc="()Lit/polimi/checker/intersection/IntersectionBuilder;" line="194"><counter type="INSTRUCTION" missed="0" covered="7"/><counter type="LINE" missed="0" covered="3"/><counter type="COMPLEXITY" missed="0" covered="1"/><counter type="METHOD" missed="0" covered="1"/></method><method name="getUpperIntersectionBA" desc="()Lit/polimi/automata/IntersectionBA;" line="202"><counter type="INSTRUCTION" missed="0" covered="16"/><counter type="BRANCH" missed="0" covered="2"/><counter type="LINE" missed="0" covered="4"/><counter type="COMPLEXITY" missed="0" covered="2"/><counter type="METHOD" missed="0" covered="1"/></method><method name="getLowerIntersectionBA" desc="()Lit/polimi/automata/IntersectionBA;" line="213"><counter type="INSTRUCTION" missed="0" covered="8"/><counter type="LINE" missed="0" covered="3"/><counter type="COMPLEXITY" missed="0" covered="1"/><counter type="METHOD" missed="0" covered="1"/></method><method name="getIntersectionAutomataSize" desc="()I" line="228"><counter type="INSTRUCTION" missed="0" covered="25"/><counter type="BRANCH" missed="0" covered="2"/><counter type="LINE" missed="0" covered="11"/><counter type="COMPLEXITY" missed="0" covered="2"/><counter type="METHOD" missed="0" covered="1"/></method><method name="getFilteredCounterexample" desc="()Ljava/util/List;" line="250"><counter type="INSTRUCTION" missed="34" covered="0"/><counter type="BRANCH" missed="2" covered="0"/><counter type="LINE" missed="10" covered="0"/><counter type="COMPLEXITY" missed="2" covered="0"/><counter type="METHOD" missed="1" covered="0"/></method><method name="getCounterexample" desc="()Ljava/util/List;" line="270"><counter type="INSTRUCTION" missed="0" covered="3"/><counter type="LINE" missed="0" covered="1"/><counter type="COMPLEXITY" missed="0" covered="1"/><counter type="METHOD" missed="0" covered="1"/></method><counter type="INSTRUCTION" missed="39" covered="184"/><counter type="BRANCH" missed="3" covered="13"/><counter type="LINE" missed="12" covered="59"/><counter type="COMPLEXITY" missed="3" covered="15"/><counter type="METHOD" missed="1" covered="9"/><counter type="CLASS" missed="0" covered="1"/></class><class name="it/polimi/checker/ModelCheckingInfo"><method name="getPortReachabilityTime" desc="()J" line="85"><counter type="INSTRUCTION" missed="3" covered="0"/><counter type="LINE" missed="1" covered="0"/><counter type="COMPLEXITY" missed="1" covered="0"/><counter type="METHOD" missed="1" covered="0"/></method><method name="setPortReachabilityTime" desc="(J)V" line="92"><counter type="INSTRUCTION" missed="0" covered="4"/><counter type="LINE" missed="0" covered="2"/><counter type="COMPLEXITY" missed="0" covered="1"/><counter type="METHOD" missed="0" covered="1"/></method><method name="&lt;init&gt;" desc="(ZZZ)V" line="106"><counter type="INSTRUCTION" missed="0" covered="66"/><counter type="LINE" missed="0" covered="23"/><counter type="COMPLEXITY" missed="0" covered="1"/><counter type="METHOD" missed="0" covered="1"/></method><method name="reset" desc="()V" line="132"><counter type="INSTRUCTION" missed="0" covered="52"/><counter type="LINE" missed="0" covered="18"/><counter type="COMPLEXITY" missed="0" covered="1"/><counter type="METHOD" missed="0" covered="1"/></method><method name="getViolationTime" desc="()J" line="159"><counter type="INSTRUCTION" missed="0" covered="3"/><counter type="LINE" missed="0" covered="1"/><counter type="COMPLEXITY" missed="0" covered="1"/><counter type="METHOD" missed="0" covered="1"/></method><method name="setViolationTime" desc="(J)V" line="171"><counter type="INSTRUCTION" missed="0" covered="4"/><counter type="LINE" missed="0" covered="2"/><counter type="COMPLEXITY" missed="0" covered="1"/><counter type="METHOD" missed="0" covered="1"/></method><method name="getPossibleViolationTime" desc="()J" line="184"><counter type="INSTRUCTION" missed="0" covered="3"/><counter type="LINE" missed="0" covered="1"/><counter type="COMPLEXITY" missed="0" covered="1"/><counter type="METHOD" missed="0" covered="1"/></method><method name="setPossibleViolationTime" desc="(J)V" line="197"><counter type="INSTRUCTION" missed="0" covered="4"/><counter type="LINE" missed="0" covered="2"/><counter type="COMPLEXITY" missed="0" covered="1"/><counter type="METHOD" missed="0" covered="1"/></method><method name="getResult" desc="()Lit/polimi/checker/SatisfactionValue;" line="204"><counter type="INSTRUCTION" missed="0" covered="3"/><counter type="LINE" missed="0" covered="1"/><counter type="COMPLEXITY" missed="0" covered="1"/><counter type="METHOD" missed="0" covered="1"/></method><method name="setResult" desc="(Lit/polimi/checker/SatisfactionValue;)V" line="212"><counter type="INSTRUCTION" missed="0" covered="4"/><counter type="LINE" missed="0" covered="2"/><counter type="COMPLEXITY" missed="0" covered="1"/><counter type="METHOD" missed="0" covered="1"/></method><method name="getSubpropertyTime" desc="()J" line="219"><counter type="INSTRUCTION" missed="0" covered="3"/><counter type="LINE" missed="0" covered="1"/><counter type="COMPLEXITY" missed="0" covered="1"/><counter type="METHOD" missed="0" covered="1"/></method><method name="setSubPropertyComputationTime" desc="(J)V" line="227"><counter type="INSTRUCTION" missed="0" covered="4"/><counter type="LINE" missed="0" covered="2"/><counter type="COMPLEXITY" missed="0" covered="1"/><counter type="METHOD" missed="0" covered="1"/></method><method name="getNumStatesSpecification" desc="()I" line="234"><counter type="INSTRUCTION" missed="0" covered="3"/><counter type="LINE" missed="0" covered="1"/><counter type="COMPLEXITY" missed="0" covered="1"/><counter type="METHOD" missed="0" covered="1"/></method><method name="setNumStatesSpecification" desc="(I)V" line="242"><counter type="INSTRUCTION" missed="0" covered="4"/><counter type="LINE" missed="0" covered="2"/><counter type="COMPLEXITY" missed="0" covered="1"/><counter type="METHOD" missed="0" covered="1"/></method><method name="getNumAcceptStatesSpecification" desc="()I" line="249"><counter type="INSTRUCTION" missed="0" covered="3"/><counter type="LINE" missed="0" covered="1"/><counter type="COMPLEXITY" missed="0" covered="1"/><counter type="METHOD" missed="0" covered="1"/></method><method name="setNumAcceptStatesSpecification" desc="(I)V" line="257"><counter type="INSTRUCTION" missed="0" covered="4"/><counter type="LINE" missed="0" covered="2"/><counter type="COMPLEXITY" missed="0" covered="1"/><counter type="METHOD" missed="0" covered="1"/></method><method name="getNumTransitionSpecification" desc="()I" line="264"><counter type="INSTRUCTION" missed="0" covered="3"/><counter type="LINE" missed="0" covered="1"/><counter type="COMPLEXITY" missed="0" covered="1"/><counter type="METHOD" missed="0" covered="1"/></method><method name="setNumTransitionSpecification" desc="(I)V" line="272"><counter type="INSTRUCTION" missed="0" covered="4"/><counter type="LINE" missed="0" covered="2"/><counter type="COMPLEXITY" missed="0" covered="1"/><counter type="METHOD" missed="0" covered="1"/></method><method name="getNumStatesModel" desc="()I" line="279"><counter type="INSTRUCTION" missed="0" covered="3"/><counter type="LINE" missed="0" covered="1"/><counter type="COMPLEXITY" missed="0" covered="1"/><counter type="METHOD" missed="0" covered="1"/></method><method name="setNumStatesModel" desc="(I)V" line="287"><counter type="INSTRUCTION" missed="0" covered="4"/><counter type="LINE" missed="0" covered="2"/><counter type="COMPLEXITY" missed="0" covered="1"/><counter type="METHOD" missed="0" covered="1"/></method><method name="getNumAcceptStatesModel" desc="()I" line="294"><counter type="INSTRUCTION" missed="0" covered="3"/><counter type="LINE" missed="0" covered="1"/><counter type="COMPLEXITY" missed="0" covered="1"/><counter type="METHOD" missed="0" covered="1"/></method><method name="setNumAcceptStatesModel" desc="(I)V" line="302"><counter type="INSTRUCTION" missed="0" covered="4"/><counter type="LINE" missed="0" covered="2"/><counter type="COMPLEXITY" missed="0" covered="1"/><counter type="METHOD" missed="0" covered="1"/></method><method name="getNumTransitionModel" desc="()I" line="309"><counter type="INSTRUCTION" missed="0" covered="3"/><counter type="LINE" missed="0" covered="1"/><counter type="COMPLEXITY" missed="0" covered="1"/><counter type="METHOD" missed="0" covered="1"/></method><method name="setNumTransitionModel" desc="(I)V" line="317"><counter type="INSTRUCTION" missed="0" covered="4"/><counter type="LINE" missed="0" covered="2"/><counter type="COMPLEXITY" missed="0" covered="1"/><counter type="METHOD" missed="0" covered="1"/></method><method name="getNumBlackBoxStatesModel" desc="()I" line="324"><counter type="INSTRUCTION" missed="0" covered="3"/><counter type="LINE" missed="0" covered="1"/><counter type="COMPLEXITY" missed="0" covered="1"/><counter type="METHOD" missed="0" covered="1"/></method><method name="setNumBlackBoxStatesModel" desc="(I)V" line="332"><counter type="INSTRUCTION" missed="0" covered="4"/><counter type="LINE" missed="0" covered="2"/><counter type="COMPLEXITY" missed="0" covered="1"/><counter type="METHOD" missed="0" covered="1"/></method><method name="toStringHeader" desc="()Ljava/lang/String;" line="341"><counter type="INSTRUCTION" missed="0" covered="2"/><counter type="LINE" missed="0" covered="1"/><counter type="COMPLEXITY" missed="0" covered="1"/><counter type="METHOD" missed="0" covered="1"/></method><method name="toString" desc="()Ljava/lang/String;" line="354"><counter type="INSTRUCTION" missed="0" covered="88"/><counter type="LINE" missed="0" covered="2"/><counter type="COMPLEXITY" missed="0" covered="1"/><counter type="METHOD" missed="0" covered="1"/></method><method name="getNumStatesIntersection" desc="()I" line="371"><counter type="INSTRUCTION" missed="0" covered="3"/><counter type="LINE" missed="0" covered="1"/><counter type="COMPLEXITY" missed="0" covered="1"/><counter type="METHOD" missed="0" covered="1"/></method><method name="setNumStatesIntersection" desc="(I)V" line="379"><counter type="INSTRUCTION" missed="0" covered="4"/><counter type="LINE" missed="0" covered="2"/><counter type="COMPLEXITY" missed="0" covered="1"/><counter type="METHOD" missed="0" covered="1"/></method><method name="getNumAcceptingStatesIntersection" desc="()I" line="386"><counter type="INSTRUCTION" missed="0" covered="3"/><counter type="LINE" missed="0" covered="1"/><counter type="COMPLEXITY" missed="0" covered="1"/><counter type="METHOD" missed="0" covered="1"/></method><method name="setNumAcceptingStatesIntersection" desc="(I)V" line="395"><counter type="INSTRUCTION" missed="0" covered="4"/><counter type="LINE" missed="0" covered="2"/><counter type="COMPLEXITY" missed="0" covered="1"/><counter type="METHOD" missed="0" covered="1"/></method><method name="getNumInitialStatesIntersection" desc="()I" line="402"><counter type="INSTRUCTION" missed="0" covered="3"/><counter type="LINE" missed="0" covered="1"/><counter type="COMPLEXITY" missed="0" covered="1"/><counter type="METHOD" missed="0" covered="1"/></method><method name="setNumInitialStatesIntersection" desc="(I)V" line="410"><counter type="INSTRUCTION" missed="0" covered="4"/><counter type="LINE" missed="0" covered="2"/><counter type="COMPLEXITY" missed="0" covered="1"/><counter type="METHOD" missed="0" covered="1"/></method><method name="getNumMixedStatesIntersection" desc="()I" line="417"><counter type="INSTRUCTION" missed="0" covered="3"/><counter type="LINE" missed="0" covered="1"/><counter type="COMPLEXITY" missed="0" covered="1"/><counter type="METHOD" missed="0" covered="1"/></method><method name="setNumMixedStatesIntersection" desc="(I)V" line="425"><counter type="INSTRUCTION" missed="0" covered="4"/><counter type="LINE" missed="0" covered="2"/><counter type="COMPLEXITY" missed="0" covered="1"/><counter type="METHOD" missed="0" covered="1"/></method><method name="getTotalVerificationTime" desc="()J" line="432"><counter type="INSTRUCTION" missed="0" covered="3"/><counter type="LINE" missed="0" covered="1"/><counter type="COMPLEXITY" missed="0" covered="1"/><counter type="METHOD" missed="0" covered="1"/></method><method name="setTotalTime" desc="(J)V" line="440"><counter type="INSTRUCTION" missed="0" covered="4"/><counter type="LINE" missed="0" covered="2"/><counter type="COMPLEXITY" missed="0" covered="1"/><counter type="METHOD" missed="0" covered="1"/></method><method name="getSimplificationTime" desc="()J" line="447"><counter type="INSTRUCTION" missed="0" covered="3"/><counter type="LINE" missed="0" covered="1"/><counter type="COMPLEXITY" missed="0" covered="1"/><counter type="METHOD" missed="0" covered="1"/></method><method name="setSimplificationTime" desc="(J)V" line="455"><counter type="INSTRUCTION" missed="0" covered="4"/><counter type="LINE" missed="0" covered="2"/><counter type="COMPLEXITY" missed="0" covered="1"/><counter type="METHOD" missed="0" covered="1"/></method><method name="isChecking" desc="()Z" line="462"><counter type="INSTRUCTION" missed="3" covered="0"/><counter type="LINE" missed="1" covered="0"/><counter type="COMPLEXITY" missed="1" covered="0"/><counter type="METHOD" missed="1" covered="0"/></method><method name="isSubproperties" desc="()Z" line="469"><counter type="INSTRUCTION" missed="3" covered="0"/><counter type="LINE" missed="1" covered="0"/><counter type="COMPLEXITY" missed="1" covered="0"/><counter type="METHOD" missed="1" covered="0"/></method><method name="isPortReachability" desc="()Z" line="476"><counter type="INSTRUCTION" missed="3" covered="0"/><counter type="LINE" missed="1" covered="0"/><counter type="COMPLEXITY" missed="1" covered="0"/><counter type="METHOD" missed="1" covered="0"/></method><counter type="INSTRUCTION" missed="12" covered="331"/><counter type="LINE" missed="4" covered="97"/><counter type="COMPLEXITY" missed="4" covered="39"/><counter type="METHOD" missed="4" covered="39"/><counter type="CLASS" missed="0" covered="1"/></class><sourcefile name="SatisfactionValue.java"><line nr="8" mi="9" ci="21" mb="0" cb="0"/><line nr="9" mi="0" ci="12" mb="0" cb="0"/><line nr="12" mi="0" ci="2" mb="0" cb="0"/><line nr="15" mi="0" ci="12" mb="0" cb="0"/><line nr="18" mi="0" ci="2" mb="0" cb="0"/><line nr="21" mi="0" ci="12" mb="0" cb="0"/><line nr="24" mi="0" ci="2" mb="0" cb="0"/><counter type="INSTRUCTION" missed="9" covered="63"/><counter type="LINE" missed="0" covered="7"/><counter type="COMPLEXITY" missed="2" covered="8"/><counter type="METHOD" missed="2" covered="8"/><counter type="CLASS" missed="0" covered="4"/></sourcefile><sourcefile name="Checker.java"><line nr="81" mi="0" ci="3" mb="0" cb="0"/><line nr="82" mi="0" ci="4" mb="0" cb="0"/><line nr="84" mi="0" ci="4" mb="0" cb="0"/><line nr="86" mi="0" ci="4" mb="0" cb="0"/><line nr="89" mi="0" ci="3" mb="0" cb="0"/><line nr="90" mi="0" ci="3" mb="0" cb="0"/><line nr="91" mi="0" ci="3" mb="0" cb="0"/><line nr="92" mi="0" ci="1" mb="0" cb="0"/><line nr="102" mi="0" ci="3" mb="0" cb="2"/><line nr="106" mi="0" ci="3" mb="0" cb="0"/><line nr="111" mi="0" ci="2" mb="0" cb="2"/><line nr="112" mi="0" ci="2" mb="0" cb="0"/><line nr="113" mi="0" ci="3" mb="0" cb="0"/><line nr="114" mi="0" ci="2" mb="0" cb="0"/><line nr="117" mi="0" ci="5" mb="0" cb="2"/><line nr="118" mi="0" ci="2" mb="0" cb="0"/><line nr="119" mi="0" ci="3" mb="0" cb="0"/><line nr="120" mi="0" ci="2" mb="0" cb="0"/><line nr="123" mi="0" ci="3" mb="0" cb="0"/><line nr="124" mi="0" ci="2" mb="0" cb="0"/><line nr="125" mi="0" ci="2" mb="1" cb="1"/><line nr="126" mi="0" ci="3" mb="0" cb="0"/><line nr="127" mi="0" ci="2" mb="0" cb="0"/><line nr="130" mi="3" ci="0" mb="0" cb="0"/><line nr="131" mi="2" ci="0" mb="0" cb="0"/><line nr="135" mi="0" ci="3" mb="0" cb="0"/><line nr="149" mi="0" ci="7" mb="0" cb="0"/><line nr="152" mi="0" ci="10" mb="0" cb="0"/><line nr="156" mi="0" ci="2" mb="0" cb="0"/><line nr="157" mi="0" ci="2" mb="0" cb="0"/><line nr="159" mi="0" ci="5" mb="0" cb="0"/><line nr="161" mi="0" ci="3" mb="0" cb="0"/><line nr="162" mi="0" ci="2" mb="0" cb="2"/><line nr="163" mi="0" ci="4" mb="0" cb="0"/><line nr="166" mi="0" ci="2" mb="0" cb="0"/><line nr="179" mi="0" ci="11" mb="0" cb="0"/><line nr="183" mi="0" ci="2" mb="0" cb="0"/><line nr="184" mi="0" ci="2" mb="0" cb="0"/><line nr="185" mi="0" ci="6" mb="0" cb="0"/><line nr="194" mi="0" ci="1" mb="0" cb="0"/><line nr="195" mi="0" ci="3" mb="0" cb="0"/><line nr="198" mi="0" ci="3" mb="0" cb="0"/><line nr="202" mi="0" ci="1" mb="0" cb="0"/><line nr="203" mi="0" ci="3" mb="0" cb="0"/><line nr="206" mi="0" ci="8" mb="0" cb="2"/><line nr="208" mi="0" ci="4" mb="0" cb="0"/><line nr="213" mi="0" ci="1" mb="0" cb="0"/><line nr="214" mi="0" ci="3" mb="0" cb="0"/><line nr="216" mi="0" ci="4" mb="0" cb="0"/><line nr="228" mi="0" ci="1" mb="0" cb="0"/><line nr="229" mi="0" ci="3" mb="0" cb="0"/><line nr="232" mi="0" ci="2" mb="0" cb="0"/><line nr="233" mi="0" ci="3" mb="0" cb="0"/><line nr="234" mi="0" ci="1" mb="0" cb="0"/><line nr="235" mi="0" ci="3" mb="0" cb="0"/><line nr="236" mi="0" ci="3" mb="0" cb="2"/><line nr="237" mi="0" ci="3" mb="0" cb="0"/><line nr="238" mi="0" ci="1" mb="0" cb="0"/><line nr="239" mi="0" ci="3" mb="0" cb="0"/><line nr="241" mi="0" ci="2" mb="0" cb="0"/><line nr="250" mi="1" ci="0" mb="0" cb="0"/><line nr="251" mi="2" ci="0" mb="0" cb="0"/><line nr="252" mi="4" ci="0" mb="0" cb="0"/><line nr="254" mi="10" ci="0" mb="2" cb="0"/><line nr="255" mi="6" ci="0" mb="0" cb="0"/><line nr="256" mi="2" ci="0" mb="0" cb="0"/><line nr="257" mi="2" ci="0" mb="0" cb="0"/><line nr="258" mi="4" ci="0" mb="0" cb="0"/><line nr="260" mi="1" ci="0" mb="0" cb="0"/><line nr="261" mi="2" ci="0" mb="0" cb="0"/><line nr="270" mi="0" ci="3" mb="0" cb="0"/><counter type="INSTRUCTION" missed="39" covered="184"/><counter type="BRANCH" missed="3" covered="13"/><counter type="LINE" missed="12" covered="59"/><counter type="COMPLEXITY" missed="3" covered="15"/><counter type="METHOD" missed="1" covered="9"/><counter type="CLASS" missed="0" covered="1"/></sourcefile><sourcefile name="ModelCheckingInfo.java"><line nr="85" mi="3" ci="0" mb="0" cb="0"/><line nr="92" mi="0" ci="3" mb="0" cb="0"/><line nr="93" mi="0" ci="1" mb="0" cb="0"/><line nr="106" mi="0" ci="2" mb="0" cb="0"/><line nr="107" mi="0" ci="3" mb="0" cb="0"/><line nr="108" mi="0" ci="3" mb="0" cb="0"/><line nr="109" mi="0" ci="3" mb="0" cb="0"/><line nr="111" mi="0" ci="3" mb="0" cb="0"/><line nr="112" mi="0" ci="3" mb="0" cb="0"/><line nr="113" mi="0" ci="3" mb="0" cb="0"/><line nr="114" mi="0" ci="3" mb="0" cb="0"/><line nr="115" mi="0" ci="3" mb="0" cb="0"/><line nr="116" mi="0" ci="3" mb="0" cb="0"/><line nr="117" mi="0" ci="3" mb="0" cb="0"/><line nr="118" mi="0" ci="3" mb="0" cb="0"/><line nr="119" mi="0" ci="3" mb="0" cb="0"/><line nr="120" mi="0" ci="3" mb="0" cb="0"/><line nr="121" mi="0" ci="3" mb="0" cb="0"/><line nr="122" mi="0" ci="3" mb="0" cb="0"/><line nr="123" mi="0" ci="3" mb="0" cb="0"/><line nr="124" mi="0" ci="3" mb="0" cb="0"/><line nr="125" mi="0" ci="3" mb="0" cb="0"/><line nr="126" mi="0" ci="3" mb="0" cb="0"/><line nr="127" mi="0" ci="3" mb="0" cb="0"/><line nr="128" mi="0" ci="3" mb="0" cb="0"/><line nr="129" mi="0" ci="1" mb="0" cb="0"/><line nr="132" mi="0" ci="3" mb="0" cb="0"/><line nr="133" mi="0" ci="3" mb="0" cb="0"/><line nr="134" mi="0" ci="3" mb="0" cb="0"/><line nr="135" mi="0" ci="3" mb="0" cb="0"/><line nr="136" mi="0" ci="3" mb="0" cb="0"/><line nr="137" mi="0" ci="3" mb="0" cb="0"/><line nr="138" mi="0" ci="3" mb="0" cb="0"/><line nr="139" mi="0" ci="3" mb="0" cb="0"/><line nr="140" mi="0" ci="3" mb="0" cb="0"/><line nr="141" mi="0" ci="3" mb="0" cb="0"/><line nr="142" mi="0" ci="3" mb="0" cb="0"/><line nr="143" mi="0" ci="3" mb="0" cb="0"/><line nr="144" mi="0" ci="3" mb="0" cb="0"/><line nr="145" mi="0" ci="3" mb="0" cb="0"/><line nr="146" mi="0" ci="3" mb="0" cb="0"/><line nr="147" mi="0" ci="3" mb="0" cb="0"/><line nr="148" mi="0" ci="3" mb="0" cb="0"/><line nr="149" mi="0" ci="1" mb="0" cb="0"/><line nr="159" mi="0" ci="3" mb="0" cb="0"/><line nr="171" mi="0" ci="3" mb="0" cb="0"/><line nr="172" mi="0" ci="1" mb="0" cb="0"/><line nr="184" mi="0" ci="3" mb="0" cb="0"/><line nr="197" mi="0" ci="3" mb="0" cb="0"/><line nr="198" mi="0" ci="1" mb="0" cb="0"/><line nr="204" mi="0" ci="3" mb="0" cb="0"/><line nr="212" mi="0" ci="3" mb="0" cb="0"/><line nr="213" mi="0" ci="1" mb="0" cb="0"/><line nr="219" mi="0" ci="3" mb="0" cb="0"/><line nr="227" mi="0" ci="3" mb="0" cb="0"/><line nr="228" mi="0" ci="1" mb="0" cb="0"/><line nr="234" mi="0" ci="3" mb="0" cb="0"/><line nr="242" mi="0" ci="3" mb="0" cb="0"/><line nr="243" mi="0" ci="1" mb="0" cb="0"/><line nr="249" mi="0" ci="3" mb="0" cb="0"/><line nr="257" mi="0" ci="3" mb="0" cb="0"/><line nr="258" mi="0" ci="1" mb="0" cb="0"/><line nr="264" mi="0" ci="3" mb="0" cb="0"/><line nr="272" mi="0" ci="3" mb="0" cb="0"/><line nr="273" mi="0" ci="1" mb="0" cb="0"/><line nr="279" mi="0" ci="3" mb="0" cb="0"/><line nr="287" mi="0" ci="3" mb="0" cb="0"/><line nr="288" mi="0" ci="1" mb="0" cb="0"/><line nr="294" mi="0" ci="3" mb="0" cb="0"/><line nr="302" mi="0" ci="3" mb="0" cb="0"/><line nr="303" mi="0" ci="1" mb="0" cb="0"/><line nr="309" mi="0" ci="3" mb="0" cb="0"/><line nr="317" mi="0" ci="3" mb="0" cb="0"/><line nr="318" mi="0" ci="1" mb="0" cb="0"/><line nr="324" mi="0" ci="3" mb="0" cb="0"/><line nr="332" mi="0" ci="3" mb="0" cb="0"/><line nr="333" mi="0" ci="1" mb="0" cb="0"/><line nr="341" mi="0" ci="2" mb="0" cb="0"/><line nr="354" mi="0" ci="84" mb="0" cb="0"/><line nr="364" mi="0" ci="4" mb="0" cb="0"/><line nr="371" mi="0" ci="3" mb="0" cb="0"/><line nr="379" mi="0" ci="3" mb="0" cb="0"/><line nr="380" mi="0" ci="1" mb="0" cb="0"/><line nr="386" mi="0" ci="3" mb="0" cb="0"/><line nr="395" mi="0" ci="3" mb="0" cb="0"/><line nr="396" mi="0" ci="1" mb="0" cb="0"/><line nr="402" mi="0" ci="3" mb="0" cb="0"/><line nr="410" mi="0" ci="3" mb="0" cb="0"/><line nr="411" mi="0" ci="1" mb="0" cb="0"/><line nr="417" mi="0" ci="3" mb="0" cb="0"/><line nr="425" mi="0" ci="3" mb="0" cb="0"/><line nr="426" mi="0" ci="1" mb="0" cb="0"/><line nr="432" mi="0" ci="3" mb="0" cb="0"/><line nr="440" mi="0" ci="3" mb="0" cb="0"/><line nr="441" mi="0" ci="1" mb="0" cb="0"/><line nr="447" mi="0" ci="3" mb="0" cb="0"/><line nr="455" mi="0" ci="3" mb="0" cb="0"/><line nr="456" mi="0" ci="1" mb="0" cb="0"/><line nr="462" mi="3" ci="0" mb="0" cb="0"/><line nr="469" mi="3" ci="0" mb="0" cb="0"/><line nr="476" mi="3" ci="0" mb="0" cb="0"/><counter type="INSTRUCTION" missed="12" covered="331"/><counter type="LINE" missed="4" covered="97"/><counter type="COMPLEXITY" missed="4" covered="39"/><counter type="METHOD" missed="4" covered="39"/><counter type="CLASS" missed="0" covered="1"/></sourcefile><counter type="INSTRUCTION" missed="60" covered="578"/><counter type="BRANCH" missed="3" covered="13"/><counter type="LINE" missed="16" covered="163"/><counter type="COMPLEXITY" missed="9" covered="62"/><counter type="METHOD" missed="7" covered="56"/><counter type="CLASS" missed="0" covered="6"/></package><package name="it/polimi/checker/intersection/acceptingpolicies"><class name="it/polimi/checker/intersection/acceptingpolicies/AcceptingPolicy$AcceptingType"><method name="values" desc="()[Lit/polimi/checker/intersection/acceptingpolicies/AcceptingPolicy$AcceptingType;" line="10"><counter type="INSTRUCTION" missed="4" covered="0"/><counter type="LINE" missed="1" covered="0"/><counter type="COMPLEXITY" missed="1" covered="0"/><counter type="METHOD" missed="1" covered="0"/></method><method name="valueOf" desc="(Ljava/lang/String;)Lit/polimi/checker/intersection/acceptingpolicies/AcceptingPolicy$AcceptingType;" line="10"><counter type="INSTRUCTION" missed="5" covered="0"/><counter type="LINE" missed="1" covered="0"/><counter type="COMPLEXITY" missed="1" covered="0"/><counter type="METHOD" missed="1" covered="0"/></method><method name="&lt;init&gt;" desc="(Ljava/lang/String;I)V" line="10"><counter type="INSTRUCTION" missed="0" covered="5"/><counter type="LINE" missed="0" covered="1"/><counter type="COMPLEXITY" missed="0" covered="1"/><counter type="METHOD" missed="0" covered="1"/></method><method name="&lt;clinit&gt;" desc="()V" line="10"><counter type="INSTRUCTION" missed="0" covered="24"/><counter type="LINE" missed="0" covered="2"/><counter type="COMPLEXITY" missed="0" covered="1"/><counter type="METHOD" missed="0" covered="1"/></method><counter type="INSTRUCTION" missed="9" covered="29"/><counter type="LINE" missed="0" covered="2"/><counter type="COMPLEXITY" missed="2" covered="2"/><counter type="METHOD" missed="2" covered="2"/><counter type="CLASS" missed="0" covered="1"/></class><class name="it/polimi/checker/intersection/acceptingpolicies/KripkeAcceptingPolicy"><method name="&lt;init&gt;" desc="(Lit/polimi/automata/BA;Lit/polimi/automata/BA;)V" line="29"><counter type="INSTRUCTION" missed="0" covered="5"/><counter type="LINE" missed="0" covered="2"/><counter type="COMPLEXITY" missed="0" covered="1"/><counter type="METHOD" missed="0" covered="1"/></method><method name="comuteNumber" desc="(Lit/polimi/automata/state/State;Lit/polimi/automata/state/State;I)I" line="48"><counter type="INSTRUCTION" missed="0" covered="61"/><counter type="BRANCH" missed="0" covered="6"/><counter type="LINE" missed="0" covered="11"/><counter type="COMPLEXITY" missed="0" covered="4"/><counter type="METHOD" missed="0" covered="1"/></method><method name="comuteInitNumber" desc="(Lit/polimi/automata/state/State;Lit/polimi/automata/state/State;)I" line="80"><counter type="INSTRUCTION" missed="0" covered="42"/><counter type="LINE" missed="0" covered="7"/><counter type="COMPLEXITY" missed="0" covered="1"/><counter type="METHOD" missed="0" covered="1"/></method><counter type="INSTRUCTION" missed="0" covered="108"/><counter type="BRANCH" missed="0" covered="6"/><counter type="LINE" missed="0" covered="20"/><counter type="COMPLEXITY" missed="0" covered="6"/><counter type="METHOD" missed="0" covered="3"/><counter type="CLASS" missed="0" covered="1"/></class><class name="it/polimi/checker/intersection/acceptingpolicies/AcceptingPolicy"><method name="&lt;init&gt;" desc="(Lit/polimi/automata/BA;Lit/polimi/automata/BA;)V" line="27"><counter type="INSTRUCTION" missed="0" covered="17"/><counter type="LINE" missed="0" covered="6"/><counter type="COMPLEXITY" missed="0" covered="1"/><counter type="METHOD" missed="0" covered="1"/></method><method name="setClaim" desc="(Lit/polimi/automata/BA;)V" line="37"><counter type="INSTRUCTION" missed="0" covered="8"/><counter type="LINE" missed="0" covered="3"/><counter type="COMPLEXITY" missed="0" covered="1"/><counter type="METHOD" missed="0" covered="1"/></method><method name="setModel" desc="(Lit/polimi/automata/BA;)V" line="43"><counter type="INSTRUCTION" missed="0" covered="8"/><counter type="LINE" missed="0" covered="3"/><counter type="COMPLEXITY" missed="0" covered="1"/><counter type="METHOD" missed="0" covered="1"/></method><method name="getClaim" desc="()Lit/polimi/automata/BA;" line="49"><counter type="INSTRUCTION" missed="0" covered="3"/><counter type="LINE" missed="0" covered="1"/><counter type="COMPLEXITY" missed="0" covered="1"/><counter type="METHOD" missed="0" covered="1"/></method><method name="getModel" desc="()Lit/polimi/automata/BA;" line="53"><counter type="INSTRUCTION" missed="0" covered="3"/><counter type="LINE" missed="0" covered="1"/><counter type="COMPLEXITY" missed="0" covered="1"/><counter type="METHOD" missed="0" covered="1"/></method><method name="getAcceptingPolicy" desc="(Lit/polimi/checker/intersection/acceptingpolicies/AcceptingPolicy$AcceptingType;Lit/polimi/automata/BA;Lit/polimi/automata/BA;)Lit/polimi/checker/intersection/acceptingpolicies/AcceptingPolicy;" line="95"><counter type="INSTRUCTION" missed="14" covered="24"/><counter type="BRANCH" missed="1" covered="3"/><counter type="LINE" missed="1" covered="5"/><counter type="COMPLEXITY" missed="1" covered="2"/><counter type="METHOD" missed="0" covered="1"/></method><counter type="INSTRUCTION" missed="14" covered="63"/><counter type="BRANCH" missed="1" covered="3"/><counter type="LINE" missed="1" covered="19"/><counter type="COMPLEXITY" missed="1" covered="7"/><counter type="METHOD" missed="0" covered="6"/><counter type="CLASS" missed="0" covered="1"/></class><class name="it/polimi/checker/intersection/acceptingpolicies/BAAcceptingPolicy"><method name="&lt;init&gt;" desc="(Lit/polimi/automata/BA;Lit/polimi/automata/BA;)V" line="36"><counter type="INSTRUCTION" missed="0" covered="5"/><counter type="LINE" missed="0" covered="2"/><counter type="COMPLEXITY" missed="0" covered="1"/><counter type="METHOD" missed="0" covered="1"/></method><method name="comuteNumber" desc="(Lit/polimi/automata/state/State;Lit/polimi/automata/state/State;I)I" line="76"><counter type="INSTRUCTION" missed="0" covered="63"/><counter type="BRANCH" missed="0" covered="14"/><counter type="LINE" missed="0" covered="15"/><counter type="COMPLEXITY" missed="0" covered="8"/><counter type="METHOD" missed="0" covered="1"/></method><method name="comuteInitNumber" desc="(Lit/polimi/automata/state/State;Lit/polimi/automata/state/State;)I" line="117"><counter type="INSTRUCTION" missed="0" covered="24"/><counter type="LINE" missed="0" covered="7"/><counter type="COMPLEXITY" missed="0" covered="1"/><counter type="METHOD" missed="0" covered="1"/></method><counter type="INSTRUCTION" missed="0" covered="92"/><counter type="BRANCH" missed="0" covered="14"/><counter type="LINE" missed="0" covered="24"/><counter type="COMPLEXITY" missed="0" covered="10"/><counter type="METHOD" missed="0" covered="3"/><counter type="CLASS" missed="0" covered="1"/></class><sourcefile name="AcceptingPolicy.java"><line nr="10" mi="9" ci="17" mb="0" cb="0"/><line nr="11" mi="0" ci="12" mb="0" cb="0"/><line nr="27" mi="0" ci="2" mb="0" cb="0"/><line nr="28" mi="0" ci="4" mb="0" cb="0"/><line nr="30" mi="0" ci="4" mb="0" cb="0"/><line nr="32" mi="0" ci="3" mb="0" cb="0"/><line nr="33" mi="0" ci="3" mb="0" cb="0"/><line nr="34" mi="0" ci="1" mb="0" cb="0"/><line nr="37" mi="0" ci="4" mb="0" cb="0"/><line nr="39" mi="0" ci="3" mb="0" cb="0"/><line nr="40" mi="0" ci="1" mb="0" cb="0"/><line nr="43" mi="0" ci="4" mb="0" cb="0"/><line nr="45" mi="0" ci="3" mb="0" cb="0"/><line nr="46" mi="0" ci="1" mb="0" cb="0"/><line nr="49" mi="0" ci="3" mb="0" cb="0"/><line nr="53" mi="0" ci="3" mb="0" cb="0"/><line nr="95" mi="0" ci="4" mb="0" cb="0"/><line nr="97" mi="0" ci="4" mb="0" cb="2"/><line nr="98" mi="0" ci="6" mb="0" cb="0"/><line nr="100" mi="0" ci="4" mb="1" cb="1"/><line nr="101" mi="0" ci="6" mb="0" cb="0"/><line nr="103" mi="14" ci="0" mb="0" cb="0"/><counter type="INSTRUCTION" missed="23" covered="92"/><counter type=
[...]
red="3"/><counter type="LINE" missed="0" covered="1"/><counter type="COMPLEXITY" missed="0" covered="1"/><counter type="METHOD" missed="0" covered="1"/></method><method name="getNumber" desc="(Lit/polimi/automata/state/State;)I" line="612"><counter type="INSTRUCTION" missed="0" covered="27"/><counter type="LINE" missed="0" covered="5"/><counter type="COMPLEXITY" missed="0" covered="1"/><counter type="METHOD" missed="0" covered="1"/></method><method name="checkVisitedStates" desc="(Lit/polimi/automata/state/State;Lit/polimi/automata/state/State;I)Z" line="639"><counter type="INSTRUCTION" missed="0" covered="20"/><counter type="LINE" missed="0" covered="6"/><counter type="COMPLEXITY" missed="0" covered="1"/><counter type="METHOD" missed="0" covered="1"/></method><method name="computeIntersection" desc="(Lit/polimi/automata/state/State;Lit/polimi/automata/state/State;I)Lit/polimi/automata/state/State;" line="662"><counter type="INSTRUCTION" missed="0" covered="177"/><counter type="BRANCH" missed="0" covered="12"/><counter type="LINE" missed="0" covered="39"/><counter type="COMPLEXITY" missed="0" covered="7"/><counter type="METHOD" missed="0" covered="1"/></method><method name="updateVisitedStates" desc="(Lit/polimi/automata/state/State;Lit/polimi/automata/state/State;Lit/polimi/automata/state/State;I)V" line="748"><counter type="INSTRUCTION" missed="0" covered="121"/><counter type="BRANCH" missed="1" covered="5"/><counter type="LINE" missed="0" covered="24"/><counter type="COMPLEXITY" missed="1" covered="3"/><counter type="METHOD" missed="0" covered="1"/></method><method name="addStateIntoTheIntersectionAutomaton" desc="(Lit/polimi/automata/state/State;Lit/polimi/automata/state/State;Lit/polimi/automata/state/State;I)V" line="795"><counter type="INSTRUCTION" missed="5" covered="50"/><counter type="BRANCH" missed="3" covered="9"/><counter type="LINE" missed="1" covered="12"/><counter type="COMPLEXITY" missed="3" covered="4"/><counter type="METHOD" missed="0" covered="1"/></method><method name="updateAlphabet" desc="()V" line="821"><counter type="INSTRUCTION" missed="0" covered="13"/><counter type="LINE" missed="0" covered="3"/><counter type="COMPLEXITY" missed="0" covered="1"/><counter type="METHOD" missed="0" covered="1"/></method><counter type="INSTRUCTION" missed="5" covered="1079"/><counter type="BRANCH" missed="4" covered="58"/><counter type="LINE" missed="1" covered="245"/><counter type="COMPLEXITY" missed="4" covered="49"/><counter type="METHOD" missed="0" covered="22"/><counter type="CLASS" missed="0" covered="1"/></class><class name="it/polimi/checker/intersection/IntersectionTransitionBuilder"><method name="&lt;init&gt;" desc="()V" line="38"><counter type="INSTRUCTION" missed="0" covered="8"/><counter type="LINE" missed="0" covered="3"/><counter type="COMPLEXITY" missed="0" covered="1"/><counter type="METHOD" missed="0" covered="1"/></method><method name="getIntersectionTransition" desc="(Lit/polimi/automata/transition/Transition;Lit/polimi/automata/transition/Transition;)Lit/polimi/automata/transition/Transition;" line="63"><counter type="INSTRUCTION" missed="0" covered="37"/><counter type="BRANCH" missed="0" covered="2"/><counter type="LINE" missed="0" covered="5"/><counter type="COMPLEXITY" missed="0" covered="2"/><counter type="METHOD" missed="0" covered="1"/></method><method name="isCompatible" desc="(Lit/polimi/automata/transition/Transition;Lit/polimi/automata/transition/Transition;)Z" line="103"><counter type="INSTRUCTION" missed="0" covered="15"/><counter type="LINE" missed="0" covered="4"/><counter type="COMPLEXITY" missed="0" covered="1"/><counter type="METHOD" missed="0" covered="1"/></method><method name="satisfies" desc="(Ljava/util/Set;Ljava/util/Set;)Z" line="132"><counter type="INSTRUCTION" missed="0" covered="68"/><counter type="BRANCH" missed="0" covered="12"/><counter type="LINE" missed="0" covered="19"/><counter type="COMPLEXITY" missed="0" covered="7"/><counter type="METHOD" missed="0" covered="1"/></method><counter type="INSTRUCTION" missed="0" covered="128"/><counter type="BRANCH" missed="0" covered="14"/><counter type="LINE" missed="0" covered="31"/><counter type="COMPLEXITY" missed="0" covered="11"/><counter type="METHOD" missed="0" covered="4"/><counter type="CLASS" missed="0" covered="1"/></class><sourcefile name="IntersectionTransitionBuilder.java"><line nr="38" mi="0" ci="2" mb="0" cb="0"/><line nr="39" mi="0" ci="5" mb="0" cb="0"/><line nr="40" mi="0" ci="1" mb="0" cb="0"/><line nr="63" mi="0" ci="4" mb="0" cb="0"/><line nr="65" mi="0" ci="4" mb="0" cb="0"/><line nr="67" mi="0" ci="5" mb="0" cb="2"/><line nr="68" mi="0" ci="18" mb="0" cb="0"/><line nr="72" mi="0" ci="6" mb="0" cb="0"/><line nr="103" mi="0" ci="4" mb="0" cb="0"/><line nr="105" mi="0" ci="4" mb="0" cb="0"/><line nr="107" mi="0" ci="6" mb="0" cb="0"/><line nr="108" mi="0" ci="1" mb="0" cb="0"/><line nr="132" mi="0" ci="2" mb="0" cb="0"/><line nr="133" mi="0" ci="2" mb="0" cb="0"/><line nr="134" mi="0" ci="2" mb="0" cb="0"/><line nr="135" mi="0" ci="2" mb="0" cb="0"/><line nr="137" mi="0" ci="6" mb="0" cb="0"/><line nr="139" mi="0" ci="4" mb="0" cb="2"/><line nr="140" mi="0" ci="4" mb="0" cb="0"/><line nr="145" mi="0" ci="6" mb="0" cb="2"/><line nr="146" mi="0" ci="2" mb="0" cb="0"/><line nr="149" mi="0" ci="10" mb="0" cb="2"/><line nr="157" mi="0" ci="3" mb="0" cb="2"/><line nr="158" mi="0" ci="6" mb="0" cb="2"/><line nr="159" mi="0" ci="3" mb="0" cb="0"/><line nr="160" mi="0" ci="2" mb="0" cb="0"/><line nr="167" mi="0" ci="6" mb="0" cb="2"/><line nr="168" mi="0" ci="3" mb="0" cb="0"/><line nr="169" mi="0" ci="2" mb="0" cb="0"/><line nr="172" mi="0" ci="1" mb="0" cb="0"/><line nr="173" mi="0" ci="2" mb="0" cb="0"/><counter type="INSTRUCTION" missed="0" covered="128"/><counter type="BRANCH" missed="0" covered="14"/><counter type="LINE" missed="0" covered="31"/><counter type="COMPLEXITY" missed="0" covered="11"/><counter type="METHOD" missed="0" covered="4"/><counter type="CLASS" missed="0" covered="1"/></sourcefile><sourcefile name="IntersectionBuilder.java"><line nr="120" mi="0" ci="3" mb="0" cb="0"/><line nr="121" mi="0" ci="4" mb="0" cb="0"/><line nr="123" mi="0" ci="4" mb="0" cb="0"/><line nr="124" mi="0" ci="4" mb="0" cb="0"/><line nr="128" mi="0" ci="5" mb="0" cb="0"/><line nr="129" mi="0" ci="3" mb="0" cb="0"/><line nr="130" mi="0" ci="5" mb="0" cb="0"/><line nr="131" mi="0" ci="3" mb="0" cb="0"/><line nr="132" mi="0" ci="3" mb="0" cb="0"/><line nr="133" mi="0" ci="3" mb="0" cb="0"/><line nr="134" mi="0" ci="4" mb="0" cb="0"/><line nr="135" mi="0" ci="4" mb="0" cb="0"/><line nr="143" mi="0" ci="5" mb="0" cb="0"/><line nr="144" mi="0" ci="5" mb="0" cb="0"/><line nr="145" mi="0" ci="3" mb="0" cb="0"/><line nr="146" mi="0" ci="3" mb="0" cb="0"/><line nr="147" mi="0" ci="5" mb="0" cb="0"/><line nr="148" mi="0" ci="5" mb="0" cb="0"/><line nr="149" mi="0" ci="5" mb="0" cb="0"/><line nr="150" mi="0" ci="5" mb="0" cb="0"/><line nr="151" mi="0" ci="5" mb="0" cb="0"/><line nr="152" mi="0" ci="1" mb="0" cb="0"/><line nr="161" mi="0" ci="3" mb="0" cb="2"/><line nr="162" mi="0" ci="2" mb="0" cb="0"/><line nr="164" mi="0" ci="12" mb="0" cb="2"/><line nr="165" mi="0" ci="12" mb="0" cb="2"/><line nr="166" mi="0" ci="9" mb="0" cb="0"/><line nr="167" mi="0" ci="1" mb="0" cb="0"/><line nr="169" mi="0" ci="1" mb="0" cb="0"/><line nr="170" mi="0" ci="1" mb="0" cb="0"/><line nr="171" mi="0" ci="4" mb="0" cb="0"/><line nr="172" mi="0" ci="3" mb="0" cb="0"/><line nr="174" mi="0" ci="4" mb="0" cb="0"/><line nr="175" mi="0" ci="3" mb="0" cb="0"/><line nr="178" mi="0" ci="4" mb="0" cb="0"/><line nr="179" mi="0" ci="3" mb="0" cb="0"/><line nr="182" mi="0" ci="2" mb="0" cb="0"/><line nr="184" mi="0" ci="3" mb="0" cb="0"/><line nr="191" mi="0" ci="2" mb="0" cb="0"/><line nr="192" mi="0" ci="2" mb="0" cb="0"/><line nr="211" mi="0" ci="1" mb="0" cb="0"/><line nr="212" mi="0" ci="1" mb="0" cb="0"/><line nr="213" mi="0" ci="2" mb="0" cb="0"/><line nr="215" mi="0" ci="4" mb="0" cb="0"/><line nr="218" mi="0" ci="16" mb="0" cb="0"/><line nr="220" mi="0" ci="5" mb="0" cb="0"/><line nr="221" mi="0" ci="5" mb="0" cb="0"/><line nr="222" mi="0" ci="5" mb="0" cb="0"/><line nr="224" mi="0" ci="3" mb="0" cb="0"/><line nr="225" mi="0" ci="3" mb="0" cb="0"/><line nr="227" mi="0" ci="4" mb="0" cb="0"/><line nr="228" mi="0" ci="3" mb="0" cb="0"/><line nr="230" mi="0" ci="4" mb="0" cb="0"/><line nr="231" mi="0" ci="3" mb="0" cb="0"/><line nr="234" mi="0" ci="12" mb="0" cb="2"/><line nr="235" mi="0" ci="1" mb="0" cb="0"/><line nr="236" mi="0" ci="5" mb="0" cb="2"/><line nr="237" mi="0" ci="3" mb="0" cb="0"/><line nr="238" mi="0" ci="3" mb="0" cb="0"/><line nr="239" mi="0" ci="5" mb="0" cb="0"/><line nr="240" mi="0" ci="2" mb="0" cb="0"/><line nr="241" mi="0" ci="5" mb="0" cb="0"/><line nr="243" mi="0" ci="1" mb="0" cb="0"/><line nr="245" mi="0" ci="12" mb="0" cb="2"/><line nr="246" mi="0" ci="1" mb="0" cb="0"/><line nr="247" mi="0" ci="5" mb="0" cb="2"/><line nr="248" mi="0" ci="3" mb="0" cb="0"/><line nr="249" mi="0" ci="3" mb="0" cb="0"/><line nr="250" mi="0" ci="5" mb="0" cb="0"/><line nr="251" mi="0" ci="2" mb="0" cb="0"/><line nr="252" mi="0" ci="5" mb="0" cb="0"/><line nr="254" mi="0" ci="1" mb="0" cb="0"/><line nr="255" mi="0" ci="4" mb="0" cb="0"/><line nr="256" mi="0" ci="1" mb="0" cb="0"/><line nr="285" mi="0" ci="4" mb="0" cb="0"/><line nr="288" mi="0" ci="4" mb="0" cb="0"/><line nr="290" mi="0" ci="4" mb="0" cb="0"/><line nr="292" mi="0" ci="2" mb="0" cb="0"/><line nr="293" mi="0" ci="1" mb="0" cb="0"/><line nr="294" mi="0" ci="13" mb="0" cb="0"/><line nr="298" mi="0" ci="2" mb="0" cb="0"/><line nr="299" mi="0" ci="1" mb="0" cb="0"/><line nr="300" mi="0" ci="13" mb="0" cb="0"/><line nr="304" mi="0" ci="10" mb="0" cb="4"/><line nr="307" mi="0" ci="6" mb="0" cb="0"/><line nr="308" mi="0" ci="1" mb="0" cb="0"/><line nr="330" mi="0" ci="4" mb="0" cb="0"/><line nr="332" mi="0" ci="4" mb="0" cb="0"/><line nr="334" mi="0" ci="4" mb="0" cb="0"/><line nr="336" mi="0" ci="2" mb="0" cb="0"/><line nr="337" mi="0" ci="1" mb="0" cb="0"/><line nr="338" mi="0" ci="13" mb="0" cb="0"/><line nr="342" mi="0" ci="2" mb="0" cb="0"/><line nr="343" mi="0" ci="1" mb="0" cb="0"/><line nr="344" mi="0" ci="13" mb="0" cb="0"/><line nr="348" mi="0" ci="5" mb="0" cb="2"/><line nr="349" mi="0" ci="4" mb="0" cb="0"/><line nr="351" mi="0" ci="8" mb="0" cb="2"/><line nr="352" mi="0" ci="4" mb="0" cb="0"/><line nr="354" mi="0" ci="5" mb="0" cb="0"/><line nr="355" mi="0" ci="2" mb="0" cb="0"/><line nr="356" mi="0" ci="7" mb="0" cb="0"/><line nr="384" mi="0" ci="4" mb="0" cb="0"/><line nr="387" mi="0" ci="4" mb="0" cb="0"/><line nr="389" mi="0" ci="4" mb="0" cb="0"/><line nr="391" mi="0" ci="2" mb="0" cb="0"/><line nr="392" mi="0" ci="1" mb="0" cb="0"/><line nr="393" mi="0" ci="13" mb="0" cb="0"/><line nr="397" mi="0" ci="2" mb="0" cb="0"/><line nr="398" mi="0" ci="1" mb="0" cb="0"/><line nr="399" mi="0" ci="13" mb="0" cb="0"/><line nr="403" mi="0" ci="10" mb="0" cb="4"/><line nr="406" mi="0" ci="5" mb="0" cb="2"/><line nr="407" mi="0" ci="2" mb="0" cb="0"/><line nr="409" mi="0" ci="8" mb="0" cb="2"/><line nr="410" mi="0" ci="2" mb="0" cb="0"/><line nr="412" mi="0" ci="9" mb="0" cb="0"/><line nr="413" mi="0" ci="3" mb="0" cb="2"/><line nr="414" mi="0" ci="2" mb="0" cb="0"/><line nr="416" mi="0" ci="9" mb="0" cb="0"/><line nr="417" mi="0" ci="4" mb="0" cb="0"/><line nr="437" mi="0" ci="4" mb="0" cb="0"/><line nr="439" mi="0" ci="4" mb="0" cb="0"/><line nr="441" mi="0" ci="3" mb="0" cb="0"/><line nr="442" mi="0" ci="13" mb="0" cb="0"/><line nr="445" mi="0" ci="5" mb="0" cb="0"/><line nr="464" mi="0" ci="4" mb="0" cb="0"/><line nr="466" mi="0" ci="4" mb="0" cb="0"/><line nr="468" mi="0" ci="2" mb="0" cb="0"/><line nr="469" mi="0" ci="1" mb="0" cb="0"/><line nr="470" mi="0" ci="13" mb="0" cb="0"/><line nr="474" mi="0" ci="5" mb="0" cb="0"/><line nr="493" mi="0" ci="4" mb="0" cb="0"/><line nr="495" mi="0" ci="2" mb="0" cb="0"/><line nr="496" mi="0" ci="2" mb="0" cb="0"/><line nr="498" mi="0" ci="2" mb="0" cb="0"/><line nr="499" mi="0" ci="1" mb="0" cb="0"/><line nr="500" mi="0" ci="13" mb="0" cb="0"/><line nr="504" mi="0" ci="5" mb="0" cb="0"/><line nr="515" mi="0" ci="1" mb="0" cb="0"/><line nr="516" mi="0" ci="1" mb="0" cb="0"/><line nr="517" mi="0" ci="2" mb="0" cb="0"/><line nr="519" mi="0" ci="3" mb="0" cb="0"/><line nr="537" mi="0" ci="4" mb="0" cb="0"/><line nr="539" mi="0" ci="2" mb="0" cb="0"/><line nr="540" mi="0" ci="1" mb="0" cb="0"/><line nr="541" mi="0" ci="4" mb="0" cb="0"/><line nr="544" mi="0" ci="6" mb="0" cb="0"/><line nr="561" mi="0" ci="4" mb="0" cb="0"/><line nr="563" mi="0" ci="2" mb="0" cb="0"/><line nr="564" mi="0" ci="1" mb="0" cb="0"/><line nr="565" mi="0" ci="4" mb="0" cb="0"/><line nr="568" mi="0" ci="6" mb="0" cb="0"/><line nr="577" mi="0" ci="3" mb="0" cb="0"/><line nr="586" mi="0" ci="3" mb="0" cb="0"/><line nr="596" mi="0" ci="3" mb="0" cb="0"/><line nr="612" mi="0" ci="4" mb="0" cb="0"/><line nr="614" mi="0" ci="2" mb="0" cb="0"/><line nr="615" mi="0" ci="1" mb="0" cb="0"/><line nr="616" mi="0" ci="13" mb="0" cb="0"/><line nr="622" mi="0" ci="7" mb="0" cb="0"/><line nr="639" mi="0" ci="2" mb="0" cb="0"/><line nr="640" mi="0" ci="2" mb="0" cb="0"/><line nr="641" mi="0" ci="5" mb="0" cb="0"/><line nr="643" mi="0" ci="7" mb="0" cb="0"/><line nr="644" mi="0" ci="2" mb="0" cb="0"/><line nr="645" mi="0" ci="2" mb="0" cb="0"/><line nr="662" mi="0" ci="2" mb="0" cb="0"/><line nr="663" mi="0" ci="4" mb="0" cb="0"/><line nr="664" mi="0" ci="2" mb="0" cb="0"/><line nr="665" mi="0" ci="4" mb="0" cb="0"/><line nr="668" mi="0" ci="6" mb="0" cb="2"/><line nr="669" mi="0" ci="9" mb="0" cb="0"/><line nr="670" mi="0" ci="4" mb="0" cb="0"/><line nr="673" mi="0" ci="7" mb="0" cb="0"/><line nr="675" mi="0" ci="6" mb="0" cb="0"/><line nr="677" mi="0" ci="6" mb="0" cb="0"/><line nr="681" mi="0" ci="12" mb="0" cb="2"/><line nr="682" mi="0" ci="1" mb="0" cb="0"/><line nr="686" mi="0" ci="12" mb="0" cb="2"/><line nr="687" mi="0" ci="1" mb="0" cb="0"/><line nr="690" mi="0" ci="6" mb="0" cb="2"/><line nr="695" mi="0" ci="3" mb="0" cb="0"/><line nr="696" mi="0" ci="2" mb="0" cb="0"/><line nr="697" mi="0" ci="3" mb="0" cb="0"/><line nr="698" mi="0" ci="2" mb="0" cb="0"/><line nr="700" mi="0" ci="7" mb="0" cb="0"/><line nr="703" mi="0" ci="6" mb="0" cb="0"/><line nr="706" mi="0" ci="4" mb="0" cb="0"/><line nr="707" mi="0" ci="2" mb="0" cb="0"/><line nr="709" mi="0" ci="6" mb="0" cb="0"/><line nr="712" mi="0" ci="1" mb="0" cb="0"/><line nr="713" mi="0" ci="1" mb="0" cb="0"/><line nr="716" mi="0" ci="5" mb="0" cb="2"/><line nr="718" mi="0" ci="12" mb="0" cb="2"/><line nr="719" mi="0" ci="1" mb="0" cb="0"/><line nr="721" mi="0" ci="3" mb="0" cb="0"/><line nr="722" mi="0" ci="2" mb="0" cb="0"/><line nr="724" mi="0" ci="7" mb="0" cb="0"/><line nr="727" mi="0" ci="6" mb="0" cb="0"/><line nr="730" mi="0" ci="4" mb="0" cb="0"/><line nr="731" mi="0" ci="3" mb="0" cb="0"/><line nr="733" mi="0" ci="6" mb="0" cb="0"/><line nr="737" mi="0" ci="6" mb="0" cb="0"/><line nr="740" mi="0" ci="1" mb="0" cb="0"/><line nr="742" mi="0" ci="2" mb="0" cb="0"/><line nr="748" mi="0" ci="2" mb="0" cb="0"/><line nr="749" mi="0" ci="2" mb="0" cb="0"/><line nr="750" mi="0" ci="5" mb="0" cb="0"/><line nr="751" mi="0" ci="9" mb="0" cb="0"/><line nr="752" mi="0" ci="2" mb="0" cb="0"/><line nr="754" mi="0" ci="5" mb="0" cb="2"/><line nr="755" mi="0" ci="4" mb="0" cb="0"/><line nr="756" mi="0" ci="4" mb="0" cb="0"/><line nr="757" mi="0" ci="6" mb="0" cb="0"/><line nr="758" mi="0" ci="5" mb="0" cb="0"/><line nr="759" mi="0" ci="6" mb="0" cb="0"/><line nr="761" mi="0" ci="1" mb="0" cb="0"/><line nr="762" mi="0" ci="8" mb="0" cb="2"/><line nr="763" mi="0" ci="4" mb="0" cb="0"/><line nr="764" mi="0" ci="6" mb="0" cb="0"/><line nr="765" mi="0" ci="9" mb="0" cb="0"/><line nr="766" mi="0" ci="1" mb="0" cb="0"/><line nr="767" mi="0" ci="12" mb="0" cb="0"/><line nr="768" mi="0" ci="2" mb="1" cb="1"/><line nr="769" mi="0" ci="13" mb="0" cb="0"/><line nr="770" mi="0" ci="2" mb="0" cb="0"/><line nr="775" mi="0" ci="6" mb="0" cb="0"/><line nr="776" mi="0" ci="6" mb="0" cb="0"/><line nr="777" mi="0" ci="1" mb="0" cb="0"/><line nr="795" mi="0" ci="7" mb="0" cb="0"/><line nr="796" mi="0" ci="4" mb="0" cb="0"/><line nr="797" mi="0" ci="8" mb="0" cb="2"/><line nr="798" mi="0" ci="4" mb="1" cb="1"/><line nr="799" mi="0" ci="4" mb="1" cb="1"/><line nr="800" mi="5" ci="0" mb="0" cb="0"/><line nr="802" mi="0" ci="2" mb="1" cb="1"/><line nr="803" mi="0" ci="4" mb="0" cb="0"/><line nr="808" mi="0" ci="3" mb="0" cb="2"/><line nr="809" mi="0" ci="4" mb="0" cb="0"/><line nr="811" mi="0" ci="5" mb="0" cb="2"/><line nr="812" mi="0" ci="4" mb="0" cb="0"/><line nr="814" mi="0" ci="1" mb="0" cb="0"/><line nr="821" mi="0" ci="6" mb="0" cb="0"/><line nr="822" mi="0" ci="6" mb="0" cb="0"/><line nr="823" mi="0" ci="1" mb="0" cb="0"/><counter type="INSTRUCTION" missed="5" covered="1079"/><counter type="BRANCH" missed="4" covered="58"/><counter type="LINE" missed="1" covered="245"/><counter type="COMPLEXITY" missed="4" covered="49"/><counter type="METHOD" missed="0" covered="22"/><counter type="CLASS" missed="0" covered="1"/></sourcefile><counter type="INSTRUCTION" missed="5" covered="1207"/><counter type="BRANCH" missed="4" covered="72"/><counter type="LINE" missed="1" covered="276"/><counter type="COMPLEXITY" missed="4" covered="60"/><counter type="METHOD" missed="0" covered="26"/><counter type="CLASS" missed="0" covered="2"/></package><package name="it/polimi/checker/ibablackboxstateremove"><class name="it/polimi/checker/ibablackboxstateremove/IBABlackBoxRemover"><method name="&lt;init&gt;" desc="(Lit/polimi/automata/IBA;)V" line="32"><counter type="INSTRUCTION" missed="0" covered="10"/><counter type="LINE" missed="0" covered="4"/><counter type="COMPLEXITY" missed="0" covered="1"/><counter type="METHOD" missed="0" covered="1"/></method><method name="removeBlackBoxes" desc="()Lit/polimi/automata/IBA;" line="50"><counter type="INSTRUCTION" missed="0" covered="26"/><counter type="BRANCH" missed="0" covered="2"/><counter type="LINE" missed="0" covered="7"/><counter type="COMPLEXITY" missed="0" covered="2"/><counter type="METHOD" missed="0" covered="1"/></method><counter type="INSTRUCTION" missed="0" covered="36"/><counter type="BRANCH" missed="0" covered="2"/><counter type="LINE" missed="0" covered="11"/><counter type="COMPLEXITY" missed="0" covered="3"/><counter type="METHOD" missed="0" covered="2"/><counter type="CLASS" missed="0" covered="1"/></class><sourcefile name="IBABlackBoxRemover.java"><line nr="32" mi="0" ci="2" mb="0" cb="0"/><line nr="33" mi="0" ci="4" mb="0" cb="0"/><line nr="35" mi="0" ci="3" mb="0" cb="0"/><line nr="37" mi="0" ci="1" mb="0" cb="0"/><line nr="50" mi="0" ci="4" mb="0" cb="0"/><line nr="52" mi="0" ci="3" mb="0" cb="0"/><line nr="53" mi="0" ci="3" mb="0" cb="0"/><line nr="54" mi="0" ci="10" mb="0" cb="2"/><line nr="55" mi="0" ci="3" mb="0" cb="0"/><line nr="56" mi="0" ci="1" mb="0" cb="0"/><line nr="58" mi="0" ci="2" mb="0" cb="0"/><counter type="INSTRUCTION" missed="0" covered="36"/><counter type="BRANCH" missed="0" covered="2"/><counter type="LINE" missed="0" covered="11"/><counter type="COMPLEXITY" missed="0" covered="3"/><counter type="METHOD" missed="0" covered="2"/><counter type="CLASS" missed="0" covered="1"/></sourcefile><counter type="INSTRUCTION" missed="0" covered="36"/><counter type="BRANCH" missed="0" covered="2"/><counter type="LINE" missed="0" covered="11"/><counter type="COMPLEXITY" missed="0" covered="3"/><counter type="METHOD" missed="0" covered="2"/><counter type="CLASS" missed="0" covered="1"/></package><counter type="INSTRUCTION" missed="88" covered="2415"/><counter type="BRANCH" missed="8" covered="138"/><counter type="LINE" missed="18" covered="586"/><counter type="COMPLEXITY" missed="16" covered="171"/><counter type="METHOD" missed="9" covered="105"/><counter type="CLASS" missed="0" covered="15"/></report>