<?xml version="1.0" encoding="UTF-8" standalone="yes"?><!DOCTYPE report PUBLIC "-//JACOCO//DTD Report 1.0//EN" "report.dtd"><report name="CHIAAutomata"><sessioninfo id="" start="1454787111175" dump="1454787111844"/><sessioninfo id="it.polimi.automata.IntersectionBATest testAddState" start="1454787111853" dump="1454787112241"/><sessioninfo id="" start="1454787112260" dump="1454787112261"/><sessioninfo id="it.polimi.automata.IntersectionBATest testRemoveTransition" start="1454787112269" dump="1454787112276"/><sessioninfo id="" start="1454787112285" dump="1454787112286"/><sessioninfo id="it.polimi.automata.IntersectionBATest testToString" start="1454787112295" dump="1454787112302"/><sessioninfo id="" start="1454787112312" dump="1454787112312"/><sessioninfo id="it.polimi.automata.IntersectionBATest testClone" start="1454787112321" dump="1454787112329"/><sessioninfo id="" start="1454787112337" dump="1454787112338"/><sessioninfo id="it.polimi.automata.IntersectionBATest testGetPurelyRegularStates" start="1454787112352" dump="1454787112357"/><sessioninfo id="" start="1454787112365" dump="1454787112366"/><sessioninfo id="it.polimi.automata.IntersectionBATest testIntBAImpl" start="1454787112375" dump="1454787112379"/><sessioninfo id="" start="1454787112387" dump="1454787112388"/><sessioninfo id="it.polimi.automata.IntersectionBATest testAddMixedStateNull" start="1454787112398" dump="1454787112402"/><sessioninfo id="" start="1454787112412" dump="1454787112413"/><sessioninfo id="it.polimi.automata.IntersectionBATest testAddMixedState" start="1454787112421" dump="1454787112425"/><sessioninfo id="" start="1454787112433" dump="1454787112435"/><sessioninfo id="it.polimi.automata.IntersectionBATest testAddConstrainedTransition" start="1454787112444" dump="1454787112451"/><sessioninfo id="" start="1454787112460" dump="1454787112461"/><sessioninfo id="it.polimi.automata.IntersectionBATest testAddMixedStateNotContainedInTheIBA" start="1454787112470" dump="1454787112474"/><sessioninfo id="" start="1454787112483" dump="1454787112484"/><sessioninfo id="it.polimi.automata.IntersectionBATest testRemove" start="1454787112493" dump="1454787112498"/><sessioninfo id="" start="1454787112507" dump="1454787112508"/><sessioninfo id="it.polimi.automata.IntersectionBATest testRemove_MixedStates" start="1454787112516" dump="1454787112521"/><sessioninfo id="" start="1454787112530" dump="1454787112531"/><sessioninfo id="it.polimi.automata.IntersectionBATest testGetAbstraction" start="1454787112544" dump="1454787112549"/><sessioninfo id="" start="1454787112557" dump="1454787112558"/><sessioninfo id="it.polimi.automata.IntersectionBATest testGetAbstraction_Transition" start="1454787112567" dump="1454787112571"/><sessioninfo id="" start="1454787112579" dump="1454787112580"/><sessioninfo id="it.polimi.automata.IntersectionBATest testRemoveNotTransition" start="1454787112588" dump="1454787112592"/><sessioninfo id="" start="1454787112600" dump="1454787112603"/><sessioninfo id="it.polimi.automata.transition.ClaimTransitionFactoryTest testCreate" start="1454787112618" dump="1454787112619"/><sessioninfo id="" start="1454787112632" dump="1454787112633"/><sessioninfo id="it.polimi.automata.transition.ClaimTransitionFactoryTest testCreateSetOfLABEL" start="1454787112644" dump="1454787112645"/><sessioninfo id="" start="1454787112654" dump="1454787112655"/><sessioninfo id="it.polimi.automata.transition.ClaimTransitionFactoryTest testCreateSetOfNull" start="1454787112664" dump="1454787112665"/><sessioninfo id="" start="1454787112674" dump="1454787112675"/><sessioninfo id="it.polimi.automata.transition.ClaimTransitionFactoryTest testCreateIntSetOfLABEL" start="1454787112683" dump="1454787112684"/><sessioninfo id="" start="1454787112692" dump="1454787112693"/><sessioninfo id="it.polimi.automata.transition.ClaimTransitionFactoryTest testCreateIntSetOfLABELNull" start="1454787112702" dump="1454787112704"/><sessioninfo id="" start="1454787112712" dump="1454787112713"/><sessioninfo id="it.polimi.automata.transition.ClaimTransitionFactoryTest testCreateIntSetOfLABELNegativeNumber" start="1454787112721" dump="1454787112722"/><sessioninfo id="" start="1454787112730" dump="1454787112758"/><sessioninfo id="it.polimi.automata.state.IntersectionStateFactoryTest testCreate[0]" start="1454787112766" dump="1454787112777"/><sessioninfo id="" start="1454787112787" dump="1454787112788"/><sessioninfo id="it.polimi.automata.state.IntersectionStateFactoryTest testCreateNullModelState[0]" start="1454787112796" dump="1454787112797"/><sessioninfo id="" start="1454787112805" dump="1454787112806"/><sessioninfo id="it.polimi.automata.state.IntersectionStateFactoryTest testCreateNullClaimState[0]" start="1454787112815" dump="1454787112816"/><sessioninfo id="" start="1454787112825" dump="1454787112825"/><sessioninfo id="it.polimi.automata.state.IntersectionStateFactoryTest testCreateNumberHigherThanTwo[0]" start="1454787112831" dump="1454787112832"/><sessioninfo id="" start="1454787112839" dump="1454787112840"/><sessioninfo id="it.polimi.automata.state.IntersectionStateFactoryTest testCreateNumberLowerThanZero[0]" start="1454787112849" dump="1454787112850"/><sessioninfo id="" start="1454787112858" dump="1454787112861"/><sessioninfo id="it.polimi.automata.state.IntersectionStateFactoryTest testCreate[1]" start="1454787112869" dump="1454787112870"/><sessioninfo id="" start="1454787112879" dump="1454787112880"/><sessioninfo id="it.polimi.automata.state.IntersectionStateFactoryTest testCreateNullModelState[1]" start="1454787112888" dump="1454787112889"/><sessioninfo id="" start="1454787112896" dump="1454787112896"/><sessioninfo id="it.polimi.automata.state.IntersectionStateFactoryTest testCreateNullClaimState[1]" start="1454787112904" dump="1454787112905"/><sessioninfo id="" start="1454787112913" dump="1454787112914"/><sessioninfo id="it.polimi.automata.state.IntersectionStateFactoryTest testCreateNumberHigherThanTwo[1]" start="1454787112920" dump="1454787112920"/><sessioninfo id="" start="1454787112929" dump="1454787112929"/><sessioninfo id="it.polimi.automata.state.IntersectionStateFactoryTest testCreateNumberLowerThanZero[1]" start="1454787112935" dump="1454787112936"/><sessioninfo id="" start="1454787112943" dump="1454787112945"/><sessioninfo id="it.polimi.automata.state.IntersectionStateFactoryTest testCreate[2]" start="1454787112955" dump="1454787112956"/><sessioninfo id="" start="1454787112961" dump="1454787112962"/><sessioninfo id="it.polimi.automata.state.IntersectionStateFactoryTest testCreateNullModelState[2]" start="1454787112968" dump="1454787112968"/><sessioninfo id="" start="1454787112974" dump="1454787112974"/><sessioninfo id="it.polimi.automata.state.IntersectionStateFactoryTest testCreateNullClaimState[2]" start="1454787112980" dump="1454787112980"/><sessioninfo id="" start="1454787112986" dump="1454787112987"/><sessioninfo id="it.polimi.automata.state.IntersectionStateFactoryTest testCreateNumberHigherThanTwo[2]" start="1454787112994" dump="1454787112994"/><sessioninfo id="" start="1454787113000" dump="1454787113001"/><sessioninfo id="it.polimi.automata.state.IntersectionStateFactoryTest testCreateNumberLowerThanZero[2]" start="1454787113006" dump="1454787113007"/><sessioninfo id="" start="1454787113014" dump="1454787113018"/><sessioninfo id="it.polimi.automata.transition.ModelTransitionFactoryTest testCreateSetOfLABELIllegal" start="1454787113024" dump="1454787113025"/><sessioninfo id="" start="1454787113030" dump="1454787113030"/><sessioninfo id="it.polimi.automata.transition.ModelTransitionFactoryTest testCreateSetOfLABELNull" start="1454787113036" dump="1454787113037"/><sessioninfo id="" start="1454787113042" dump="1454787113042"/><sessioninfo id="it.polimi.automata.transition.ModelTransitionFactoryTest testCreateIntSetOfLABELIllegalArgument" start="1454787113048" dump="1454787113049"/><sessioninfo id="" start="1454787113058" dump="1454787113059"/><sessioninfo id="it.polimi.automata.transition.ModelTransitionFactoryTest testCreateSetOfLABEL" start="1454787113064" dump="1454787113065"/><sessioninfo id="" start="1454787113072" dump="1454787113073"/><sessioninfo id="it.polimi.automata.transition.ModelTransitionFactoryTest testCreateIntSetOfLABEL" start="1454787113078" dump="1454787113078"/><sessioninfo id="" start="1454787113083" dump="1454787113084"/><sessioninfo id="it.polimi.automata.transition.ModelTransitionFactoryTest testCreateIntSetOfLABELNull" start="1454787113092" dump="1454787113093"/><sessioninfo id="" start="1454787113101" dump="1454787113120"/><sessioninfo id="it.polimi.automata.BATest testSize" start="1454787113125" dump="1454787113129"/><sessioninfo id="" start="1454787113137" dump="1454787113139"/><sessioninfo id="it.polimi.automata.BATest testBAImpl" start="1454787113146" dump="1454787113149"/><sessioninfo id="" start="1454787113156" dump="1454787113157"/><sessioninfo id="it.polimi.automata.BATest testAddProposition" start="1454787113164" dump="1454787113167"/><sessioninfo id="" start="1454787113172" dump="1454787113173"/><sessioninfo id="it.polimi.automata.BATest testGetPropositions" start="1454787113179" dump="1454787113181"/><sessioninfo id="" start="1454787113187" dump="1454787113187"/><sessioninfo id="it.polimi.automata.BATest testGetInitialStates" start="1454787113192" dump="1454787113195"/><sessioninfo id="" start="1454787113201" dump="1454787113201"/><sessioninfo id="it.polimi.automata.BATest testGetStates" start="1454787113206" dump="1454787113208"/><sessioninfo id="" start="1454787113213" dump="1454787113214"/><sessioninfo id="it.polimi.automata.BATest testGetAcceptStates" start="1454787113218" dump="1454787113220"/><sessioninfo id="" start="1454787113225" dump="1454787113226"/><sessioninfo id="it.polimi.automata.BATest testGetAlphabet" start="1454787113231" dump="1454787113233"/><sessioninfo id="" start="1454787113238" dump="1454787113238"/><sessioninfo id="it.polimi.automata.BATest testGetOutTransitions" start="1454787113243" dump="1454787113245"/><sessioninfo id="" start="1454787113250" dump="1454787113251"/><sessioninfo id="it.polimi.automata.BATest testGetInTransitions" start="1454787113255" dump="1454787113258"/><sessioninfo id="" start="1454787113263" dump="1454787113264"/><sessioninfo id="it.polimi.automata.BATest testGetTransitionDestination" start="1454787113268" dump="1454787113271"/><sessioninfo id="" start="1454787113276" dump="1454787113277"/><sessioninfo id="it.polimi.automata.BATest testGetTransitionSource" start="1454787113282" dump="1454787113285"/><sessioninfo id="" start="1454787113290" dump="1454787113290"/><sessioninfo id="it.polimi.automata.BATest testGetTransitions" start="1454787113295" dump="1454787113297"/><sessioninfo id="" start="1454787113303" dump="1454787113303"/><sessioninfo id="it.polimi.automata.BATest testAddInitialStateNull" start="1454787113308" dump="1454787113310"/><sessioninfo id="" start="1454787113316" dump="1454787113316"/><sessioninfo id="it.polimi.automata.BATest testAddInitialState" start="1454787113321" dump="1454787113323"/><sessioninfo id="" start="1454787113329" dump="1454787113330"/><sessioninfo id="it.polimi.automata.BATest testAddAcceptStateNull" start="1454787113335" dump="1454787113338"/><sessioninfo id="" start="1454787113344" dump="1454787113345"/><sessioninfo id="it.polimi.automata.BATest testAddAcceptState" start="1454787113350" dump="1454787113352"/><sessioninfo id="" start="1454787113357" dump="1454787113357"/><sessioninfo id="it.polimi.automata.BATest testAddStateNull" start="1454787113362" dump="1454787113364"/><sessioninfo id="" start="1454787113369" dump="1454787113370"/><sessioninfo id="it.polimi.automata.BATest testAddState" start="1454787113374" dump="1454787113377"/><sessioninfo id="" start="1454787113382" dump="1454787113382"/><sessioninfo id="it.polimi.automata.BATest testAddStateAlreadyContainedState" start="1454787113387" dump="1454787113389"/><sessioninfo id="" start="1454787113395" dump="1454787113395"/><sessioninfo id="it.polimi.automata.BATest testGetPredecessorsNullState" start="1454787113401" dump="1454787113405"/><sessioninfo id="" start="1454787113410" dump="1454787113411"/><sessioninfo id="it.polimi.automata.BATest testGetPredecessorsNotContainedState" start="1454787113415" dump="1454787113418"/><sessioninfo id="" start="1454787113424" dump="1454787113424"/><sessioninfo id="it.polimi.automata.BATest testGetPredecessors" start="1454787113431" dump="1454787113439"/><sessioninfo id="" start="1454787113444" dump="1454787113444"/><sessioninfo id="it.polimi.automata.BATest testGetPredecessorNullSourceState" start="1454787113451" dump="1454787113454"/><sessioninfo id="" start="1454787113463" dump="1454787113463"/><sessioninfo id="it.polimi.automata.BATest testGetPredecessorNullDestinationState" start="1454787113469" dump="1454787113472"/><sessioninfo id="" start="1454787113480" dump="1454787113480"/><sessioninfo id="it.polimi.automata.BATest testGetPredecessorNotContainedSourceState" start="1454787113487" dump="1454787113490"/><sessioninfo id="" start="1454787113498" dump="1454787113498"/><sessioninfo id="it.polimi.automata.BATest testGetPredecessorNotContainedDestinationState" start="1454787113505" dump="1454787113507"/><sessioninfo id="" start="1454787113513" dump="1454787113514"/><sessioninfo id="it.polimi.automata.BATest testGetPredecessor" start="1454787113518" dump="1454787113520"/><sessioninfo id="" start="1454787113525" dump="1454787113525"/><sessioninfo id="it.polimi.automata.BATest testGetSuccessorsNullState" start="1454787113530" dump="1454787113532"/><sessioninfo id="" start="1454787113537" dump="1454787113538"/><sessioninfo id="it.polimi.automata.BATest testGetSuccessorsNotContainedState" start="1454787113543" dump="1454787113544"/><sessioninfo id="" start="1454787113550" dump="1454787113550"/><sessioninfo id="it.polimi.automata.BATest testGetSuccessors" start="1454787113557" dump="1454787113559"/><sessioninfo id="" start="1454787113564" dump="1454787113564"/><sessioninfo id="it.polimi.automata.BATest testAddCharactersNull" start="1454787113569" dump="1454787113571"/><sessioninfo id="" start="1454787113576" dump="1454787113576"/><sessioninfo id="it.polimi.automata.BATest testAddCharacters" start="1454787113581" dump="1454787113583"/><sessioninfo id="" start="1454787113588" dump="1454787113588"/><sessioninfo id="it.polimi.automata.BATest testAddTransitionSourceNull" start="1454787113593" dump="1454787113595"/><sessioninfo id="" start="1454787113600" dump="1454787113601"/><sessioninfo id="it.polimi.automata.BATest testAddTransitionDestinationNull" start="1454787113606" dump="1454787113607"/><sessioninfo id="" start="1454787113612" dump="1454787113613"/><sessioninfo id="it.polimi.automata.BATest testAddTransitionTransitionNull" start="1454787113617" dump="1454787113619"/><sessioninfo id="" start="1454787113625" dump="1454787113625"/><sessioninfo id="it.polimi.automata.BATest testAddTransitionSourceNotPresent" start="1454787113630" dump="1454787113636"/><sessioninfo id="" start="1454787113641" dump="1454787113642"/><sessioninfo id="it.polimi.automata.BATest testAddTransitionAlreadyPresent" start="1454787113647" dump="1454787113650"/><sessioninfo id="" start="1454787113657" dump="1454787113658"/><sessioninfo id="it.polimi.automata.BATest testAddTransitionDestinationNotPresent" start="1454787113663" dump="1454787113665"/><sessioninfo id="" start="1454787113671" dump="1454787113671"/><sessioninfo id="it.polimi.automata.BATest testAddTransitionLabeledWithNegatedPropositions" start="1454787113676" dump="1454787113678"/><sessioninfo id="" start="1454787113685" dump="1454787113685"/><sessioninfo id="it.polimi.automata.BATest testAddTransition_LabeledWithNegatedPropositions" start="1454787113690" dump="1454787113692"/><sessioninfo id="" start="1454787113697" dump="1454787113698"/><sessioninfo id="it.polimi.automata.BATest testAddTransitionCharacterNotContained" start="1454787113702" dump="1454787113704"/><sessioninfo id="" start="1454787113710" dump="1454787113710"/><sessioninfo id="it.polimi.automata.BATest testAddTransitionCharacterNotContained2" start="1454787113715" dump="1454787113717"/><sessioninfo id="" start="1454787113722" dump="1454787113722"/><sessioninfo id="it.polimi.automata.BATest testAddTransition" start="1454787113727" dump="1454787113729"/><sessioninfo id="" start="1454787113734" dump="1454787113735"/><sessioninfo id="it.polimi.automata.BATest testRemoveStateNull" start="1454787113739" dump="1454787113741"/><sessioninfo id="" start="1454787113747" dump="1454787113747"/><sessioninfo id="it.polimi.automata.BATest testRemoveStateIllegal" start="1454787113752" dump="1454787113754"/><sessioninfo id="" start="1454787113759" dump="1454787113759"/><sessioninfo id="it.polimi.automata.BATest testRemoveState" start="1454787113765" dump="1454787113768"/><sessioninfo id="" start="1454787113772" dump="1454787113773"/><sessioninfo id="it.polimi.automata.BATest testRemoveTransitionNull" start="1454787113777" dump="1454787113780"/><sessioninfo id="" start="1454787113785" dump="1454787113785"/><sessioninfo id="it.polimi.automata.BATest testRemoveTransitionIllegalTransition" start="1454787113790" dump="1454787113792"/><sessioninfo id="" start="1454787113797" dump="1454787113798"/><sessioninfo id="it.polimi.automata.BATest testRemoveTransition" start="1454787113802" dump="1454787113804"/><sessioninfo id="" start="1454787113809" dump="1454787113810"/><sessioninfo id="it.polimi.automata.BATest testRemoveAcceptingStateNull" start="1454787113814" dump="1454787113816"/><sessioninfo id="" start="1454787113822" dump="1454787113823"/><sessioninfo id="it.polimi.automata.BATest testRemoveAcceptingStateIllegalArgument" start="1454787113828" dump="1454787113831"/><sessioninfo id="" start="1454787113838" dump="1454787113839"/><sessioninfo id="it.polimi.automata.BATest testRemoveAcceptingState" start="1454787113845" dump="1454787113848"/><sessioninfo id="" start="1454787113854" dump="1454787113856"/><sessioninfo id="it.polimi.automata.BATest testRemoveInitialStateNull" start="1454787113862" dump="1454787113864"/><sessioninfo id="" start="1454787113870" dump="1454787113871"/><sessioninfo id="it.polimi.automata.BATest testRemoveInitialStateIllegal" start="1454787113879" dump="1454787113883"/><sessioninfo id="" start="1454787113890" dump="1454787113890"/><sessioninfo id="it.polimi.automata.BATest testRemoveInitialState" start="1454787113896" dump="1454787113900"/><sessioninfo id="" start="1454787113907" dump="1454787113908"/><sessioninfo id="it.polimi.automata.BATest testGetGraph" start="1454787113914" dump="1454787113920"/><sessioninfo id="" start="1454787113929" dump="1454787113929"/><sessioninfo id="it.polimi.automata.BATest testGetTransitionFactory" start="1454787113936" dump="1454787113938"/><sessioninfo id="" start="1454787113943" dump="1454787113944"/><sessioninfo id="it.polimi.automata.BATest testToString" start="1454787113949" dump="1454787113952"/><sessioninfo id="" start="1454787113958" dump="1454787113959"/><sessioninfo id="it.polimi.automata.BATest testAddClone" start="1454787113964" dump="1454787113969"/><sessioninfo id="" start="1454787113974" dump="1454787113975"/><sessioninfo id="it.polimi.automata.BATest testAddStutteringNullState" start="1454787113979" dump="1454787113981"/><sessioninfo id="" start="1454787113986" dump="1454787113986"/><sessioninfo id="it.polimi.automata.BATest testAddStutteringNotContainedState" start="1454787113993" dump="1454787113995"/><sessioninfo id="" start="1454787114000" dump="1454787114001"/><sessioninfo id="it.polimi.automata.BATest testAddStuttering" start="1454787114005" dump="1454787114008"/><sessioninfo id="" start="1454787114013" dump="1454787114014"/><sessioninfo id="it.polimi.automata.transition.PropositionalLogicConstantsTest testCreatePropositionalLogicConstraints" start="1454787114024" dump="1454787114026"/><sessioninfo id="" start="1454787114034" dump="1454787114040"/><sessioninfo id="it.polimi.automata.IBATest testToString" start="1454787114048" dump="1454787114052"/><sessioninfo id="" start="1454787114058" dump="1454787114059"/><sessioninfo id="it.polimi.automata.IBATest testIBAImpl" start="1454787114064" dump="1454787114067"/><sessioninfo id="" start="1454787114073" dump="1454787114073"/><sessioninfo id="it.polimi.automata.IBATest testIsBlackBoxStateNull" start="1454787114079" dump="1454787114082"/><sessioninfo id="" start="1454787114087" dump="1454787114087"/><sessioninfo id="it.polimi.automata.IBATest testIsBlackBoxStateIllegal" start="1454787114092" dump="1454787114095"/><sessioninfo id="" start="1454787114100" dump="1454787114100"/><sessioninfo id="it.polimi.automata.IBATest testIsBlackBoxState" start="1454787114105" dump="1454787114108"/><sessioninfo id="" start="1454787114112" dump="1454787114113"/><sessioninfo id="it.polimi.automata.IBATest testGetBlackBoxStateStates" start="1454787114118" dump="1454787114120"/><sessioninfo id="" start="1454787114125" dump="1454787114126"/><sessioninfo id="it.polimi.automata.IBATest testAddBlackBoxStateStateNull" start="1454787114131" dump="1454787114133"/><sessioninfo id="" start="1454787114138" dump="1454787114138"/><sessioninfo id="it.polimi.automata.IBATest testAddBlackBoxStateState" start="1454787114143" dump="1454787114146"/><sessioninfo id="" start="1454787114152" dump="1454787114152"/><sessioninfo id="it.polimi.automata.IBATest testClone" start="1454787114158" dump="1454787114161"/><sessioninfo id="" start="1454787114166" dump="1454787114167"/><sessioninfo id="it.polimi.automata.IBATest testGetRegularStates" start="1454787114174" dump="1454787114191"/><sessioninfo id="" start="1454787114196" dump="1454787114197"/><sessioninfo id="it.polimi.automata.IBATest testRemoveStateRegularState" start="1454787114206" dump="1454787114209"/><sessioninfo id="" start="1454787114218" dump="1454787114219"/><sessioninfo id="it.polimi.automata.IBATest testRemoveStateBlackBoxState" start="1454787114227" dump="1454787114231"/><sessioninfo id="" start="1454787114237" dump="1454787114239"/><sessioninfo id="it.polimi.automata.transition.TransitionTest testToString" start="1454787114245" dump="1454787114246"/><sessioninfo id="" start="1454787114251" dump="1454787114252"/><sessioninfo id="it.polimi.automata.transition.TransitionTest testTransition_NoParamConstructor" start="1454787114257" dump="1454787114258"/><sessioninfo id="" start="1454787114266" dump="1454787114266"/><sessioninfo id="it.polimi.automata.transition.TransitionTest testTransition_Null" start="1454787114272" dump="1454787114273"/><sessioninfo id="" start="1454787114282" dump="1454787114283"/><sessioninfo id="it.polimi.automata.transition.TransitionTest testGetLabels" start="1454787114288" dump="1454787114289"/><sessioninfo id="" start="1454787114297" dump="1454787114297"/><sessioninfo id="it.polimi.automata.transition.TransitionTest testToStringEmpty" start="1454787114302" dump="1454787114303"/><sessioninfo id="" start="1454787114309" dump="1454787114309"/><sessioninfo id="it.polimi.automata.transition.TransitionTest testEquals" start="1454787114316" dump="1454787114317"/><sessioninfo id="" start="1454787114322" dump="1454787114323"/><sessioninfo id="it.polimi.automata.transition.TransitionTest testTransition_Neg" start="1454787114329" dump="1454787114330"/><sessioninfo id="" start="1454787114336" dump="1454787114336"/><sessioninfo id="it.polimi.automata.transition.TransitionTest testHashCode" start="1454787114344" dump="1454787114346"/><sessioninfo id="" start="1454787114352" dump="1454787114353"/><sessioninfo id="it.polimi.automata.transition.TransitionTest testGetId" start="1454787114358" dump="1454787114359"/><sessioninfo id="" start="1454787114364" dump="1454787114366"/><sessioninfo id="it.polimi.automata.state.StateFactoryTest testCreate" start="1454787114374" dump="1454787114377"/><sessioninfo id="" start="1454787114385" dump="1454787114386"/><sessioninfo id="it.polimi.automata.state.StateFactoryTest testCreateString" start="1454787114397" dump="1454787114398"/><sessioninfo id="" start="1454787114406" dump="1454787114407"/><sessioninfo id="it.polimi.automata.state.StateFactoryTest testCreateString_Null" start="1454787114416" dump="1454787114416"/><sessioninfo id="" start="1454787114424" dump="1454787114425"/><sessioninfo id="it.polimi.automata.state.StateFactoryTest testCreateStringInt" start="1454787114431" dump="1454787114431"/><sessioninfo id="" start="1454787114436" dump="1454787114437"/><sessioninfo id="it.polimi.automata.state.StateFactoryTest testCreateNullInt" start="1454787114442" dump="1454787114442"/><sessioninfo id="" start="1454787114447" dump="1454787114448"/><sessioninfo id="it.polimi.automata.state.StateFactoryTest testCreateStringNegInt" start="1454787114452" dump="1454787114453"/><sessioninfo id="" start="1454787114459" dump="1454787114459"/><sessioninfo id="it.polimi.automata.state.StateFactoryTest testCreateVertex" start="1454787114464" dump="1454787114465"/><sessioninfo id="" start="1454787114470" dump="1454787114473"/><sessioninfo id="it.polimi.automata.state.StateTest testToString" start="1454787114479" dump="1454787114480"/><sessioninfo id="" start="1454787114485" dump="1454787114486"/><sessioninfo id="it.polimi.automata.state.StateTest testClone" start="1454787114490" dump="1454787114491"/><sessioninfo id="" start="1454787114496" dump="1454787114497"/><sessioninfo id="it.polimi.automata.state.StateTest testStateConstructor" start="1454787114502" dump="1454787114502"/><sessioninfo id="" start="1454787114509" dump="1454787114509"/><sessioninfo id="it.polimi.automata.state.StateTest testStateConstuctor" start="1454787114515" dump="1454787114516"/><sessioninfo id="" start="1454787114522" dump="1454787114522"/><sessioninfo id="it.polimi.automata.state.StateTest testHashCode" start="1454787114529" dump="1454787114530"/><sessioninfo id="" start="1454787114535" dump="1454787114536"/><sessioninfo id="it.polimi.automata.state.StateTest testGetId" start="1454787114541" dump="1454787114542"/><sessioninfo id="" start="1454787114547" dump="1454787114548"/><sessioninfo id="it.polimi.automata.state.StateTest testGetName" start="1454787114554" dump="1454787114555"/><sessioninfo id="" start="1454787114562" dump="1454787114562"/><sessioninfo id="it.polimi.automata.state.StateTest testStateImplInt" start="1454787114570" dump="1454787114571"/><sessioninfo id="" start="1454787114576" dump="1454787114577"/><sessioninfo id="it.polimi.automata.state.StateTest testStateImplInt_NegativeNumber" start="1454787114582" dump="1454787114582"/><sessioninfo id="" start="1454787114588" dump="1454787114588"/><sessioninfo id="it.polimi.automata.state.StateTest testStateImplStringInt" start="1454787114593" dump="1454787114594"/><sessioninfo id="" start="1454787114599" dump="1454787114599"/><sessioninfo id="it.polimi.automata.state.StateTest testStateImplStringInt_null" start="1454787114604" dump="1454787114605"/><sessioninfo id="" start="1454787114610" dump="1454787114610"/><sessioninfo id="it.polimi.automata.state.StateTest testEqualsObject" start="1454787114615" dump="1454787114616"/><sessioninfo id="" start="1454787114621" dump="1454787114621"/><sessioninfo id="it.polimi.automata.state.StateTest testEqualsObject_Other" start="1454787114626" dump="1454787114627"/><sessioninfo id="" start="1454787114632" dump="1454787114633"/><sessioninfo id="it.polimi.automata.state.StateTest testEqualsObject_Same" start="1454787114639" dump="1454787114640"/><sessioninfo id="" start="1454787114645" dump="1454787114646"/><sessioninfo id="it.polimi.automata.state.StateTest testEqualsObject_Null" start="1454787114651" dump="1454787114651"/><sessioninfo id="it.polimi.automata.state.StateTest testEqualsObject_Null" start="1454787114656" dump="1454787114661"/><sessioninfo id="" start="1454922801384" dump="1454922802177"/><sessioninfo id="it.polimi.automata.IBATest testToString" start="1454922802182" dump="1454922802665"/><sessioninfo id="" start="1454922802676" dump="1454922802677"/><sessioninfo id="it.polimi.automata.IBATest testIBAImpl" start="1454922802684" dump="1454922802691"/><sessioninfo id="" start="1454922802700" dump="1454922802701"/><sessioninfo id="it.polimi.automata.IBATest testIsBlackBoxStateNull" start="1454922802708" dump="1454922802715"/><sessioninfo id="" start="1454922802722" dump="1454922802723"/><sessioninfo id="it.polimi.automata.IBATest testIsBlackBoxStateIllegal" start="1454922802729" dump="1454922802737"/><sessioninfo id="" start="1454922802746" dump="1454922802747"/><sessioninfo id="it.polimi.automata.IBATest testIsBlackBoxState" start="1454922802755" dump="1454922802762"/><sessioninfo id="" start="1454922802771" dump="1454922802772"/><sessioninfo id="it.polimi.automata.IBATest testGetBlackBoxStateStates" start="1454922802780" dump="1454922802787"/><sessioninfo id="" start="1454922802796" dump="1454922802797"/><sessioninfo id="it.polimi.automata.IBATest testAddBlackBoxStateStateNull" start="1454922802807" dump="1454922802813"/><sessioninfo id="" start="1454922802823" dump="1454922802824"/><sessioninfo id="it.polimi.automata.IBATest testAddBlackBoxStateState" start="1454922802831" dump="1454922802837"/><sessioninfo id="" start="1454922802844" dump="1454922802844"/><sessioninfo id="it.polimi.automata.IBATest testClone" start="1454922802852" dump="1454922802862"/><sessioninfo id="" start="1454922802869" dump="1454922802869"/><sessioninfo id="it.polimi.automata.IBATest testGetRegularStates" start="1454922802878" dump="1454922802883"/><sessioninfo id="" start="1454922802892" dump="1454922802892"/><sessioninfo id="it.polimi.automata.IBATest testRemoveStateRegularState" start="1454922802899" dump="1454922802906"/><sessioninfo id="" start="1454922802911" dump="1454922802912"/><sessioninfo id="it.polimi.automata.IBATest testRemoveStateBlackBoxState" start="1454922802917" dump="1454922802921"/><sessioninfo id="" start="1454922802929" dump="1454922802958"/><sessioninfo id="it.polimi.automata.BATest testBAImpl" start="1454922802965" dump="1454922802975"/><sessioninfo id="" start="1454922802985" dump="1454922802987"/><sessioninfo id="it.polimi.automata.BATest testAddProposition" start="1454922802995" dump="1454922803000"/><sessioninfo id="" start="1454922803008" dump="1454922803009"/><sessioninfo id="it.polimi.automata.BATest testGetPropositions" start="1454922803018" dump="1454922803021"/><sessioninfo id="" start="1454922803027" dump="1454922803028"/><sessioninfo id="it.polimi.automata.BATest testGetInitialStates" start="1454922803034" dump="1454922803037"/><sessioninfo id="" start="1454922803044" dump="1454922803045"/><sessioninfo id="it.polimi.automata.BATest testGetStates" start="1454922803054" dump="1454922803058"/><sessioninfo id="" start="1454922803065" dump="1454922803066"/><sessioninfo id="it.polimi.automata.BATest testGetAcceptStates" start="1454922803073" dump="1454922803076"/><sessioninfo id="" start="1454922803085" dump="1454922803086"/><sessioninfo id="it.polimi.automata.BATest testGetAlphabet" start="1454922803093" dump="1454922803096"/><sessioninfo id="" start="1454922803103" dump="1454922803104"/><sessioninfo id="it.polimi.automata.BATest testGetOutTransitions" start="1454922803114" dump="1454922803118"/><sessioninfo id="" start="1454922803125" dump="1454922803126"/><sessioninfo id="it.polimi.automata.BATest testGetInTransitions" start="1454922803134" dump="1454922803138"/><sessioninfo id="" start="1454922803147" dump="1454922803148"/><sessioninfo id="it.polimi.automata.BATest testGetTransitionDestination" start="1454922803154" dump="1454922803156"/><sessioninfo id="" start="1454922803164" dump="1454922803165"/><sessioninfo id="it.polimi.automata.BATest testGetTransitionSource" start="1454922803173" dump="1454922803177"/><sessioninfo id="" start="1454922803184" dump="1454922803185"/><sessioninfo id="it.polimi.automata.BATest testGetTransitions" start="1454922803191" dump="1454922803194"/><sessioninfo id="" start="1454922803206" dump="1454922803207"/><sessioninfo id="it.polimi.automata.BATest testAddInitialStateNull" start="1454922803215" dump="1454922803218"/><sessioninfo id="" start="1454922803226" dump="1454922803227"/><sessioninfo id="it.polimi.automata.BATest testAddInitialState" start="1454922803235" dump="1454922803237"/><sessioninfo id="" start="1454922803244" dump="1454922803245"/><sessioninfo id="it.polimi.automata.BATest testAddAcceptStateNull" start="1454922803250" dump="1454922803253"/><sessioninfo id="" start="1454922803261" dump="1454922803262"/><sessioninfo id="it.polimi.automata.BATest testAddAcceptState" start="1454922803269" dump="1454922803275"/><sessioninfo id="" start="1454922803281" dump="1454922803281"/><sessioninfo id="it.polimi.automata.BATest testAddStateNull" start="1454922803289" dump="1454922803293"/><sessioninfo id="" start="1454922803299" dump="1454922803300"/><sessioninfo id="it.polimi.automata.BATest testAddState" start="1454922803307" dump="1454922803309"/><sessioninfo id="" start="1454922803315" dump="1454922803316"/><sessioninfo id="it.polimi.automata.BATest testAddStateAlreadyContainedState" start="1454922803322" dump="1454922803325"/><sessioninfo id="" start="1454922803330" dump="1454922803331"/><sessioninfo id="it.polimi.automata.BATest testGetPredecessorsNullState" start="1454922803336" dump="1454922803338"/><sessioninfo id="" start="1454922803344" dump="1454922803344"/><sessioninfo id="it.polimi.automata.BATest testGetPredecessorsNotContainedState" start="1454922803349" dump="1454922803351"/><sessioninfo id="" start="1454922803356" dump="1454922803357"/><sessioninfo id="it.polimi.automata.BATest testGetPredecessors" start="1454922803363" dump="1454922803375"/><sessioninfo id="" start="1454922803380" dump="1454922803380"/><sessioninfo id="it.polimi.automata.BATest testGetPredecessorNullSourceState" start="1454922803386" dump="1454922803388"/><sessioninfo id="" start="1454922803393" dump="1454922803394"/><sessioninfo id="it.polimi.automata.BATest testGetPredecessorNullDestinationState" start="1454922803399" dump="1454922803403"/><sessioninfo id="" start="1454922803415" dump="1454922803415"/><sessioninfo id="it.polimi.automata.BATest testGetPredecessorNotContainedSourceState" start="1454922803425" dump="1454922803430"/><sessioninfo id="" start="1454922803440" dump="1454922803441"/><sessioninfo id="it.polimi.automata.BATest testGetPredecessorNotContainedDestinationState" start="1454922803452" dump="1454922803456"/><sessioninfo id="" start="1454922803469" dump="1454922803469"/><sessioninfo id="it.polimi.automata.BATest testGetPredecessor" start="1454922803478" dump="1454922803482"/><sessioninfo id="" start="1454922803490" dump="1454922803491"/><sessioninfo id="it.polimi.automata.BATest testGetSuccessorsNullState" start="1454922803498" dump="1454922803505"/><sessioninfo id="" start="1454922803514" dump="1454922803514"/><sessioninfo id="it.polimi.automata.BATest testGetSuccessorsNotContainedState" start="1454922803521" dump="1454922803524"/><sessioninfo id="" start="1454922803532" dump="1454922803532"/><sessioninfo id="it.polimi.automata.BATest testGetSuccessors" start="1454922803539" dump="1454922803542"/><sessioninfo id="" start="1454922803549" dump="1454922803549"/><sessioninfo id="it.polimi.automata.BATest testAddCharactersNull" start="1454922803555" dump="1454922803558"/><sessioninfo id="" start="1454922803564" dump="1454922803565"/><sessioninfo id="it.polimi.automata.BATest testAddCharacters" start="1454922803571" dump="1454922803573"/><sessioninfo id="" start="1454922803581" dump="1454922803581"/><sessioninfo id="it.polimi.automata.BATest testAddTransitionSourceNull" start="1454922803592" dump="1454922803595"/><sessioninfo id="" start="1454922803603" dump="1454922803604"/><sessioninfo id="it.polimi.automata.BATest testAddTransitionDestinationNull" start="1454922803612" dump="1454922803615"/><sessioninfo id="" start="1454922803620" dump="1454922803621"/><sessioninfo id="it.polimi.automata.BATest testAddTransitionTransitionNull" start="1454922803628" dump="1454922803630"/><sessioninfo id="" start="1454922803636" dump="1454922803636"/><sessioninfo id="it.polimi.automata.BATest testAddTransitionSourceNotPresent" start="1454922803642" dump="1454922803646"/><sessioninfo id="" start="1454922803651" dump="1454922803652"/><sessioninfo id="it.polimi.automata.BATest testAddTransitionAlreadyPresent" start="1454922803657" dump="1454922803659"/><sessioninfo id="" start="1454922803665" dump="1454922803666"/><sessioninfo id="it.polimi.automata.BATest testAddTransitionDestinationNotPresent" start="1454922803670" dump="1454922803672"/><sessioninfo id="" start="1454922803677" dump="1454922803678"/><sessioninfo id="it.polimi.automata.BATest testAddTransitionLabeledWithNegatedPropositions" start="1454922803682" dump="1454922803684"/><sessioninfo id="" start="1454922803691" dump="1454922803691"/><sessioninfo id="it.polimi.automata.BATest testAddTransition_LabeledWithNegatedPropositions" start="1454922803696" dump="1454922803698"/><sessioninfo id="" start="1454922803703" dump="1454922803704"/><sessioninfo id="it.polimi.automata.BATest testAddTransitionCharacterNotContained" start="1454922803708" dump="1454922803710"/><sessioninfo id="" start="1454922803715" dump="1454922803715"/><sessioninfo id="it.polimi.automata.BATest testAddTransitionCharacterNotContained2" start="1454922803721" dump="1454922803723"/><sessioninfo id="" start="1454922803729" dump="1454922803729"/><sessioninfo id="it.polimi.automata.BATest testAddTransition" start="1454922803734" dump="1454922803736"/><sessioninfo id="" start="1454922803740" dump="1454922803741"/><sessioninfo id="it.polimi.automata.BATest testRemoveStateNull" start="1454922803747" dump="1454922803749"/><sessioninfo id="" start="1454922803754" dump="1454922803755"/><sessioninfo id="it.polimi.automata.BATest testRemoveStateIllegal" start="1454922803759" dump="1454922803761"/><sessioninfo id="" start="1454922803766" dump="1454922803766"/><sessioninfo id="it.polimi.automata.BATest testRemoveState" start="1454922803770" dump="1454922803772"/><sessioninfo id="" start="1454922803777" dump="1454922803778"/><sessioninfo id="it.polimi.automata.BATest testRemoveTransitionNull" start="1454922803783" dump="1454922803784"/><sessioninfo id="" start="1454922803789" dump="1454922803789"/><sessioninfo id="it.polimi.automata.BATest testRemoveTransitionIllegalTransition" start="1454922803794" dump="1454922803796"/><sessioninfo id="" start="1454922803801" dump="1454922803802"/><sessioninfo id="it.polimi.automata.BATest testRemoveTransition" start="1454922803807" dump="1454922803809"/><sessioninfo id="" start="1454922803815" dump="1454922803815"/><sessioninfo id="it.polimi.automata.BATest testRemoveAcceptingStateNull" start="1454922803820" dump="1454922803822"/><sessioninfo id="" start="1454922803827" dump="1454922803828"/><sessioninfo id="it.polimi.automata.BATest testRemoveAcceptingStateIllegalArgument" start="1454922803832" dump="1454922803834"/><sessioninfo id="" start="1454922803840" dump="1454922803841"/><sessioninfo id="it.polimi.automata.BATest testRemoveAcceptingState" start="1454922803847" dump="1454922803850"/><sessioninfo id="" start="1454922803854" dump="1454922803855"/><sessioninfo id="it.polimi.automata.BATest testRemoveInitialStateNull" start="1454922803859" dump="1454922803861"/><sessioninfo id="" start="1454922803866" dump="1454922803867"/><sessioninfo id="it.polimi.automata.BATest testRemoveInitialStateIllegal" start="1454922803871" dump="1454922803873"/><sessioninfo id="" start="1454922803878" dump="1454922803879"/><sessioninfo id="it.polimi.automata.BATest testRemoveInitialState" start="1454922803884" dump="1454922803886"/><sessioninfo id="" start="1454922803891" dump="1454922803891"/><sessioninfo id="it.polimi.automata.BATest testGetGraph" start="1454922803896" dump="1454922803900"/><sessioninfo id="" start="1454922803909" dump="1454922803909"/><sessioninfo id="it.polimi.automata.BATest testGetTransitionFactory" start="1454922803916" dump="1454922803919"/><sessioninfo id="" start="1454922803924" dump="1454922803924"/><sessioninfo id="it.polimi.automata.BATest testToString" start="1454922803930" dump="1454922803933"/><sessioninfo id="" start="1454922803940" dump="1454922803941"/><sessioninfo id="it.polimi.automata.BATest testAddClone" start="1454922803949" dump="1454922803956"/><sessioninfo id="" start="1454922803962" dump="1454922803962"/><sessioninfo id="it.polimi.automata.BATest testAddStutteringNullState" start="1454922803967" dump="1454922803969"/><sessioninfo id="" start="1454922803975" dump="1454922803976"/><sessioninfo id="it.polimi.automata.BATest testAddStutteringNotContainedState" start="1454922803981" dump="1454922803986"/><sessioninfo id="" start="1454922803994" dump="1454922803994"/><sessioninfo id="it.polimi.automata.BATest testAddStuttering" start="1454922803999" dump="1454922804002"/><sessioninfo id="" start="1454922804009" dump="1454922804010"/><sessioninfo id="it.polimi.automata.BATest testSize" start="1454922804015" dump="1454922804018"/><sessioninfo id="" start="1454922804026" dump="1454922804034"/><sessioninfo id="it.polimi.automata.IntersectionBATest testAddState" start="1454922804043" dump="1454922804046"/><sessioninfo id="" start="1454922804056" dump="1454922804056"/><sessioninfo id="it.polimi.automata.IntersectionBATest testRemoveTransition" start="1454922804062" dump="1454922804064"/><sessioninfo id="" start="1454922804072" dump="1454922804073"/><sessioninfo id="it.polimi.automata.IntersectionBATest testToString" start="1454922804082" dump="1454922804085"/><sessioninfo id="" start="1454922804097" dump="1454922804098"/><sessioninfo id="it.polimi.automata.IntersectionBATest testClone" start="1454922804105" dump="1454922804108"/><sessioninfo id="" start="1454922804113" dump="1454922804114"/><sessioninfo id="it.polimi.automata.IntersectionBATest testGetPurelyRegularStates" start="1454922804119" dump="1454922804126"/><sessioninfo id="" start="1454922804132" dump="1454922804133"/><sessioninfo id="it.polimi.automata.IntersectionBATest testIntBAImpl" start="1454922804142" dump="1454922804144"/><sessioninfo id="" start="1454922804152" dump="1454922804152"/><sessioninfo id="it.polimi.automata.IntersectionBATest testAddMixedStateNull" start="1454922804160" dump="1454922804162"/><sessioninfo id="" start="1454922804171" dump="1454922804171"/><sessioninfo id="it.polimi.automata.IntersectionBATest testAddMixedState" start="1454922804180" dump="1454922804182"/><sessioninfo id="" start="1454922804190" dump="1454922804190"/><sessioninfo id="it.polimi.automata.IntersectionBATest testAddConstrainedTransition" start="1454922804200" dump="1454922804204"/><sessioninfo id="" start="1454922804212" dump="1454922804212"/><sessioninfo id="it.polimi.automata.IntersectionBATest testAddMixedStateNotContainedInTheIBA" start="1454922804221" dump="1454922804223"/><sessioninfo id="" start="1454922804234" dump="1454922804235"/><sessioninfo id="it.polimi.automata.IntersectionBATest testRemove" start="1454922804243" dump="1454922804246"/><sessioninfo id="" start="1454922804253" dump="1454922804254"/><sessioninfo id="it.polimi.automata.IntersectionBATest testRemove_MixedStates" start="1454922804264" dump="1454922804267"/><sessioninfo id="" start="1454922804275" dump="1454922804275"/><sessioninfo id="it.polimi.automata.IntersectionBATest testGetAbstraction" start="1454922804284" dump="1454922804286"/><sessioninfo id="" start="1454922804293" dump="1454922804294"/><sessioninfo id="it.polimi.automata.IntersectionBATest testGetAbstraction_Transition" start="1454922804301" dump="1454922804304"/><sessioninfo id="" start="1454922804311" dump="1454922804312"/><sessioninfo id="it.polimi.automata.IntersectionBATest testRemoveNotTransition" start="1454922804320" dump="1454922804323"/><sessioninfo id="" start="1454922804332" dump="1454922804336"/><sessioninfo id="it.polimi.automata.state.StateTest testToString" start="1454922804345" dump="1454922804346"/><sessioninfo id="" start="1454922804355" dump="1454922804356"/><sessioninfo id="it.polimi.automata.state.StateTest testClone" start="1454922804364" dump="1454922804365"/><sessioninfo id="" start="1454922804373" dump="1454922804376"/><sessioninfo id="it.polimi.automata.state.StateTest testStateConstructor" start="1454922804385" dump="1454922804385"/><sessioninfo id="" start="1454922804398" dump="1454922804399"/><sessioninfo id="it.polimi.automata.state.StateTest testStateConstuctor" start="1454922804404" dump="1454922804405"/><sessioninfo id="" start="1454922804413" dump="1454922804413"/><sessioninfo id="it.polimi.automata.state.StateTest testHashCode" start="1454922804419" dump="1454922804420"/><sessioninfo id="" start="1454922804427" dump="1454922804429"/><sessioninfo id="it.polimi.automata.state.StateTest testGetId" start="1454922804435" dump="1454922804436"/><sessioninfo id="" start="1454922804442" dump="1454922804442"/><sessioninfo id="it.polimi.automata.state.StateTest testGetName" start="1454922804448" dump="1454922804449"/><sessioninfo id="" start="1454922804456" dump="1454922804456"/><sessioninfo id="it.polimi.automata.state.StateTest testStateImplInt" start="1454922804462" dump="1454922804462"/><sessioninfo id="" start="1454922804470" dump="1454922804471"/><sessioninfo id="it.polimi.automata.state.StateTest testStateImplInt_NegativeNumber" start="1454922804477" dump="1454922804477"/><sessioninfo id="" start="1454922804485" dump="1454922804485"/><sessioninfo id="it.polimi.automata.state.StateTest testStateImplStringInt" start="1454922804494" dump="1454922804494"/><sessioninfo id="" start="1454922804502" dump="1454922804502"/><sessioninfo id="it.polimi.automata.state.StateTest testStateImplStringInt_null" start="1454922804508" dump="1454922804509"/><sessioninfo id="" start="1454922804516" dump="1454922804517"/><sessioninfo id="it.polimi.automata.state.StateTest testEqualsObject" start="1454922804524" dump="1454922804525"/><sessioninfo id="" start="1454922804532" dump="1454922804533"/><sessioninfo id="it.polimi.automata.state.StateTest testEqualsObject_Other" start="1454922804540" dump="1454922804541"/><sessioninfo id="" start="1454922804548" dump="1454922804549"/><sessioninfo id="it.polimi.automata.state.StateTest testEqualsObject_Same" start="1454922804554" dump="1454922804554"/><sessioninfo id="" start="1454922804562" dump="1454922804562"/><sessioninfo id="it.polimi.automata.state.StateTest testEqualsObject_Null" start="1454922804567" dump="1454922804568"/><sessioninfo id="" start="1454922804574" dump="1454922804578"/><sessioninfo id="it.polimi.automata.transition.TransitionTest testToString" start="1454922804584" dump="1454922804586"/><sessioninfo id="" start="1454922804592" dump="1454922804593"/><sessioninfo id="it.polimi.automata.transition.TransitionTest testTransition_NoParamConstructor" start="1454922804599" dump="1454922804600"/><sessioninfo id="" start="1454922804608" dump="1454922804609"/><sessioninfo id="it.polimi.automata.transition.TransitionTest testTransition_Null" start="1454922804620" dump="1454922804622"/><sessioninfo id="" start="1454922804631" dump="1454922804632"/><sessioninfo id="it.polimi.automata.transition.TransitionTest testTransition_Neg" start="1454922804641" dump="1454922804643"/><sessioninfo id="" start="1454922804651" dump="1454922804652"/><sessioninfo id="it.polimi.automata.transition.TransitionTest testGetLabels" start="1454922804659" dump="1454922804660"/><sessioninfo id="" start="1454922804666" dump="1454922804666"/><sessioninfo id="it.polimi.automata.transition.TransitionTest testToStringEmpty" start="1454922804677" dump="1454922804678"/><sessioninfo id="" start="1454922804686" dump="1454922804687"/><sessioninfo id="it.polimi.automata.transition.TransitionTest testEquals" start="1454922804693" dump="1454922804694"/><sessioninfo id="" start="1454922804702" dump="1454922804703"/><sessioninfo id="it.polimi.automata.transition.TransitionTest testHashCode" start="1454922804709" dump="1454922804711"/><sessioninfo id="" start="1454922804720" dump="1454922804721"/><sessioninfo id="it.polimi.automata.transition.TransitionTest testGetId" start="1454922804732" dump="1454922804734"/><sessioninfo id="" start="1454922804742" dump="1454922804746"/><sessioninfo id="it.polimi.automata.state.StateFactoryTest testCreate" start="1454922804756" dump="1454922804757"/><sessioninfo id="" start="1454922804764" dump="1454922804765"/><sessioninfo id="it.polimi.automata.state.StateFactoryTest testCreateString" start="1454922804773" dump="1454922804774"/><sessioninfo id="" start="1454922804786" dump="1454922804787"/><sessioninfo id="it.polimi.automata.state.StateFactoryTest testCreateString_Null" start="1454922804796" dump="1454922804797"/><sessioninfo id="" start="1454922804806" dump="1454922804807"/><sessioninfo id="it.polimi.automata.state.StateFactoryTest testCreateStringInt" start="1454922804815" dump="1454922804816"/><sessioninfo id="" start="1454922804827" dump="1454922804828"/><sessioninfo id="it.polimi.automata.state.StateFactoryTest testCreateNullInt" start="1454922804839" dump="1454922804840"/><sessioninfo id="" start="1454922804848" dump="1454922804849"/><sessioninfo id="it.polimi.automata.state.StateFactoryTest testCreateStringNegInt" start="1454922804858" dump="1454922804858"/><sessioninfo id="" start="1454922804867" dump="1454922804867"/><sessioninfo id="it.polimi.automata.state.StateFactoryTest testCreateVertex" start="1454922804874" dump="1454922804875"/><sessioninfo id="" start="1454922804881" dump="1454922804885"/><sessioninfo id="it.polimi.automata.transition.ClaimTransitionFactoryTest testCreate" start="1454922804895" dump="1454922804896"/><sessioninfo id="" start="1454922804905" dump="1454922804905"/><sessioninfo id="it.polimi.automata.transition.ClaimTransitionFactoryTest testCreateSetOfLABEL" start="1454922804913" dump="1454922804913"/><sessioninfo id="" start="1454922804925" dump="1454922804926"/><sessioninfo id="it.polimi.automata.transition.ClaimTransitionFactoryTest testCreateSetOfNull" start="1454922804935" dump="1454922804936"/><sessioninfo id="" start="1454922804948" dump="1454922804950"/><sessioninfo id="it.polimi.automata.transition.ClaimTransitionFactoryTest testCreateIntSetOfLABEL" start="1454922804958" dump="1454922804961"/><sessioninfo id="" start="1454922804969" dump="1454922804970"/><sessioninfo id="it.polimi.automata.transition.ClaimTransitionFactoryTest testCreateIntSetOfLABELNull" start="1454922804976" dump="1454922804977"/><sessioninfo id="" start="1454922804983" dump="1454922804984"/><sessioninfo id="it.polimi.automata.transition.ClaimTransitionFactoryTest testCreateIntSetOfLABELNegativeNumber" start="1454922804992" dump="1454922804992"/><sessioninfo id="" start="1454922805001" dump="1454922805057"/><sessioninfo id="it.polimi.automata.state.IntersectionStateFactoryTest testCreate[0]" start="1454922805068" dump="1454922805074"/><sessioninfo id="" start="1454922805081" dump="1454922805082"/><sessioninfo id="it.polimi.automata.state.IntersectionStateFactoryTest testCreateNullModelState[0]" start="1454922805094" dump="1454922805095"/><sessioninfo id="" start="1454922805103" dump="1454922805104"/><sessioninfo id="it.polimi.automata.state.IntersectionStateFactoryTest testCreateNullClaimState[0]" start="1454922805112" dump="1454922805113"/><sessioninfo id="" start="1454922805123" dump="1454922805124"/><sessioninfo id="it.polimi.automata.state.IntersectionStateFactoryTest testCreateNumberHigherThanTwo[0]" start="1454922805133" dump="1454922805134"/><sessioninfo id="" start="1454922805142" dump="1454922805142"/><sessioninfo id="it.polimi.automata.state.IntersectionStateFactoryTest testCreateNumberLowerThanZero[0]" start="1454922805151" dump="1454922805152"/><sessioninfo id="" start="1454922805160" dump="1454922805161"/><sessioninfo id="it.polimi.automata.state.IntersectionStateFactoryTest testCreate[1]" start="1454922805170" dump="1454922805171"/><sessioninfo id="" start="1454922805180" dump="1454922805180"/><sessioninfo id="it.polimi.automata.state.IntersectionStateFactoryTest testCreateNullModelState[1]" start="1454922805189" dump="1454922805189"/><sessioninfo id="" start="1454922805197" dump="1454922805198"/><sessioninfo id="it.polimi.automata.state.IntersectionStateFactoryTest testCreateNullClaimState[1]" start="1454922805205" dump="1454922805206"/><sessioninfo id="" start="1454922805213" dump="1454922805213"/><sessioninfo id="it.polimi.automata.state.IntersectionStateFactoryTest testCreateNumberHigherThanTwo[1]" start="1454922805221" dump="1454922805221"/><sessioninfo id="" start="1454922805229" dump="1454922805229"/><sessioninfo id="it.polimi.automata.state.IntersectionStateFactoryTest testCreateNumberLowerThanZero[1]" start="1454922805237" dump="1454922805238"/><sessioninfo id="" start="1454922805246" dump="1454922805248"/><sessioninfo id="it.polimi.automata.state.IntersectionStateFactoryTest testCreate[2]" start="1454922805256" dump="1454922805256"/><sessioninfo id="" start="1454922805264" dump="1454922805265"/><sessioninfo id="it.polimi.automata.state.IntersectionStateFactoryTest testCreateNullModelState[2]" start="1454922805271" dump="1454922805272"/><sessioninfo id="" start="1454922805279" dump="1454922805280"/><sessioninfo id="it.polimi.automata.state.IntersectionStateFactoryTest testCreateNullClaimState[2]" start="1454922805288" dump="1454922805289"/><sessioninfo id="" start="1454922805297" dump="1454922805298"/><sessioninfo id="it.polimi.automata.state.IntersectionStateFactoryTest testCreateNumberHigherThanTwo[2]" start="1454922805305" dump="1454922805306"/><sessioninfo id="" start="1454922805313" dump="1454922805314"/><sessioninfo id="it.polimi.automata.state.IntersectionStateFactoryTest testCreateNumberLowerThanZero[2]" start="1454922805321" dump="1454922805321"/><sessioninfo id="" start="1454922805327" dump="1454922805329"/><sessioninfo id="it.polimi.automata.transition.ModelTransitionFactoryTest testCreateSetOfLABELIllegal" start="1454922805334" dump="1454922805335"/><sessioninfo id="" start="1454922805340" dump="1454922805341"/><sessioninfo id="it.polimi.automata.transition.ModelTransitionFactoryTest testCreateSetOfLABELNull" start="1454922805346" dump="1454922805346"/><sessioninfo id="" start="1454922805352" dump="1454922805352"/><sessioninfo id="it.polimi.automata.transition.ModelTransitionFactoryTest testCreateIntSetOfLABELIllegalArgument" start="1454922805359" dump="1454922805360"/><sessioninfo id="" start="1454922805367" dump="1454922805368"/><sessioninfo id="it.polimi.automata.transition.ModelTransitionFactoryTest testCreateSetOfLABEL" start="1454922805376" dump="1454922805377"/><sessioninfo id="" start="1454922805384" dump="1454922805385"/><sessioninfo id="it.polimi.automata.transition.ModelTransitionFactoryTest testCreateIntSetOfLABEL" start="1454922805391" dump="1454922805392"/><sessioninfo id="" start="1454922805397" dump="1454922805397"/><sessioninfo id="it.polimi.automata.transition.ModelTransitionFactoryTest testCreateIntSetOfLABELNull" start="1454922805402" dump="1454922805403"/><sessioninfo id="" start="1454922805409" dump="1454922805410"/><sessioninfo id="it.polimi.automata.transition.PropositionalLogicConstantsTest testCreatePropositionalLogicConstraints" start="1454922805415" dump="1454922805416"/><sessioninfo id="it.polimi.automata.transition.PropositionalLogicConstantsTest testCreatePropositionalLogicConstraints" start="1454922805422" dump="1454922805425"/><sessioninfo id="" start="1454923150416" dump="1454923151049"/><sessioninfo id="it.polimi.automata.state.StateFactoryTest testCreate" start="1454923151052" dump="1454923151065"/><sessioninfo id="" start="1454923151068" dump="1454923151071"/><sessioninfo id="it.polimi.automata.state.StateFactoryTest testCreateString" start="1454923151074" dump="1454923151075"/><sessioninfo id="" start="1454923151078" dump="1454923151079"/><sessioninfo id="it.polimi.automata.state.StateFactoryTest testCreateString_Null" start="1454923151082" dump="1454923151083"/><sessioninfo id="" start="1454923151085" dump="1454923151086"/><sessioninfo id="it.polimi.automata.state.StateFactoryTest testCreateStringInt" start="1454923151089" dump="1454923151090"/><sessioninfo id="" start="1454923151094" dump="1454923151095"/><sessioninfo id="it.polimi.automata.state.StateFactoryTest testCreateNullInt" start="1454923151097" dump="1454923151098"/><sessioninfo id="" start="1454923151099" dump="1454923151100"/><sessioninfo id="it.polimi.automata.state.StateFactoryTest testCreateStringNegInt" start="1454923151101" dump="1454923151102"/><sessioninfo id="" start="1454923151104" dump="1454923151105"/><sessioninfo id="it.polimi.automata.state.StateFactoryTest testCreateVertex" start="1454923151107" dump="1454923151108"/><sessioninfo id="" start="1454923151110" dump="1454923151202"/><sessioninfo id="it.polimi.automata.transition.TransitionTest testHashCode" start="1454923151205" dump="1454923151515"/><sessioninfo id="" start="1454923151524" dump="1454923151525"/><sessioninfo id="it.polimi.automata.transition.TransitionTest testGetId" start="1454923151533" dump="1454923151536"/><sessioninfo id="" start="1454923151545" dump="1454923151545"/><sessioninfo id="it.polimi.automata.transition.TransitionTest testTransition_NoParamConstructor" start="1454923151555" dump="1454923151557"/><sessioninfo id="" start="1454923151566" dump="1454923151567"/><sessioninfo id="it.polimi.automata.transition.TransitionTest testTransition_Null" start="1454923151576" dump="1454923151578"/><sessioninfo id="" start="1454923151586" dump="1454923151587"/><sessioninfo id="it.polimi.automata.transition.TransitionTest testTransition_Neg" start="1454923151594" dump="1454923151596"/><sessioninfo id="" start="1454923151605" dump="1454923151606"/><sessioninfo id="it.polimi.automata.transition.TransitionTest testGetLabels" start="1454923151617" dump="1454923151619"/><sessioninfo id="" start="1454923151626" dump="1454923151628"/><sessioninfo id="it.polimi.automata.transition.TransitionTest testToStringEmpty" start="1454923151633" dump="1454923151636"/><sessioninfo id="" start="1454923151643" dump="1454923151644"/><sessioninfo id="it.polimi.automata.transition.TransitionTest testEquals" start="1454923151651" dump="1454923151653"/><sessioninfo id="" start="1454923151658" dump="1454923151659"/><sessioninfo id="it.polimi.automata.transition.TransitionTest testToString" start="1454923151667" dump="1454923151672"/><sessioninfo id="" start="1454923151677" dump="1454923151711"/><sessioninfo id="it.polimi.automata.BATest testBAImpl" start="1454923151727" dump="1454923151792"/><sessioninfo id="" start="1454923151799" dump="1454923151800"/><sessioninfo id="it.polimi.automata.BATest testAddProposition" start="1454923151814" dump="1454923151824"/><sessioninfo id="" start="1454923151831" dump="1454923151832"/><sessioninfo id="it.polimi.automata.BATest testGetPropositions" start="1454923151840" dump="1454923151846"/><sessioninfo id="" start="1454923151860" dump="1454923151862"/><sessioninfo id="it.polimi.automata.BATest testGetInitialStates" start="1454923151869" dump="1454923151878"/><sessioninfo id="" start="1454923151886" dump="1454923151890"/><sessioninfo id="it.polimi.automata.BATest testGetStates" start="1454923151922" dump="1454923151927"/><sessioninfo id="" start="1454923151936" dump="1454923151937"/><sessioninfo id="it.polimi.automata.BATest testGetAcceptStates" start="1454923151948" dump="1454923151951"/><sessioninfo id="" start="1454923151957" dump="1454923151958"/><sessioninfo id="it.polimi.automata.BATest testGetAlphabet" start="1454923151965" dump="1454923151969"/><sessioninfo id="" start="1454923151975" dump="1454923151976"/><sessioninfo id="it.polimi.automata.BATest testGetOutTransitions" start="1454923151983" dump="1454923151987"/><sessioninfo id="" start="1454923151993" dump="1454923151994"/><sessioninfo id="it.polimi.automata.BATest testGetInTransitions" start="1454923152000" dump="1454923152004"/><sessioninfo id="" start="1454923152010" dump="1454923152010"/><sessioninfo id="it.polimi.automata.BATest testGetTransitionDestination" start="1454923152016" dump="1454923152019"/><sessioninfo id="" start="1454923152027" dump="1454923152028"/><sessioninfo id="it.polimi.automata.BATest testGetTransitionSource" start="1454923152036" dump="1454923152040"/><sessioninfo id="" start="1454923152047" dump="1454923152047"/><sessioninfo id="it.polimi.automata.BATest testGetTransitions" start="1454923152052" dump="1454923152056"/><sessioninfo id="" start="1454923152064" dump="1454923152065"/><sessioninfo id="it.polimi.automata.BATest testAddInitialStateNull" start="1454923152070" dump="1454923152074"/><sessioninfo id="" start="1454923152081" dump="1454923152082"/><sessioninfo id="it.polimi.automata.BATest testAddInitialState" start="1454923152087" dump="1454923152091"/><sessioninfo id="" start="1454923152098" dump="1454923152099"/><sessioninfo id="it.polimi.automata.BATest testAddAcceptStateNull" start="1454923152105" dump="1454923152109"/><sessioninfo id="" start="1454923152116" dump="1454923152117"/><sessioninfo id="it.polimi.automata.BATest testAddAcceptState" start="1454923152123" dump="1454923152128"/><sessioninfo id="" start="1454923152134" dump="1454923152135"/><sessioninfo id="it.polimi.automata.BATest testAddStateNull" start="1454923152141" dump="1454923152143"/><sessioninfo id="" start="1454923152151" dump="1454923152151"/><sessioninfo id="it.polimi.automata.BATest testAddState" start="1454923152158" dump="1454923152162"/><sessioninfo id="" start="1454923152170" dump="1454923152171"/><sessioninfo id="it.polimi.automata.BATest testAddStateAlreadyContainedState" start="1454923152178" dump="1454923152182"/><sessioninfo id="" start="1454923152188" dump="1454923152189"/><sessioninfo id="it.polimi.automata.BATest testGetPredecessorsNullState" start="1454923152196" dump="1454923152200"/><sessioninfo id="" start="1454923152208" dump="1454923152209"/><sessioninfo id="it.polimi.automata.BATest testGetPredecessorsNotContainedState" start="1454923152217" dump="1454923152220"/><sessioninfo id="" start="1454923152225" dump="1454923152226"/><sessioninfo id="it.polimi.automata.BATest testGetPredecessors" start="1454923152233" dump="1454923152241"/><sessioninfo id="" start="1454923152248" dump="1454923152249"/><sessioninfo id="it.polimi.automata.BATest testGetPredecessorNullSourceState" start="1454923152257" dump="1454923152261"/><sessioninfo id="" start="1454923152269" dump="1454923152270"/><sessioninfo id="it.polimi.automata.BATest testGetPredecessorNullDestinationState" start="1454923152278" dump="1454923152282"/><sessioninfo id="" start="1454923152290" dump="1454923152291"/><sessioninfo id="it.polimi.automata.BATest testGetPredecessorNotContainedSourceState" start="1454923152299" dump="1454923152303"/><sessioninfo id="" start="1454923152310" dump="1454923152311"/><sessioninfo id="it.polimi.automata.BATest testGetPredecessorNotContainedDestinationState" start="1454923152319" dump="1454923152322"/><sessioninfo id="" start="1454923152327" dump="1454923152328"/><sessioninfo id="it.polimi.automata.BATest testGetPredecessor" start="1454923152333" dump="1454923152335"/><sessioninfo id="" start="1454923152343" dump="1454923152343"/><sessioninfo id="it.polimi.automata.BATest testGetSuccessorsNullState" start="1454923152348" dump="1454923152351"/><sessioninfo id="" start="1454923152356" dump="1454923152356"/><sessioninfo id="it.polimi.automata.BATest testGetSuccessorsNotContainedState" start="1454923152363" dump="1454923152366"/><sessioninfo id="" start="1454923152374" dump="1454923152374"/><sessioninfo id="it.polimi.automata.BATest testGetSuccessors" start="1454923152379" dump="1454923152382"/><sessioninfo id="" start="1454923152388" dump="1454923152388"/><sessioninfo id="it.polimi.automata.BATest testAddCharactersNull" start="1454923152393" dump="1454923152397"/><sessioninfo id="" start="1454923152403" dump="1454923152403"/><sessioninfo id="it.polimi.automata.BATest testAddCharacters" start="1454923152408" dump="1454923152411"/><sessioninfo id="" start="1454923152416" dump="1454923152417"/><sessioninfo id="it.polimi.automata.BATest testAddTransitionSourceNull" start="1454923152422" dump="1454923152425"/><sessioninfo id="" start="1454923152433" dump="1454923152434"/><sessioninfo id="it.polimi.automata.BATest testAddTransitionDestinationNull" start="1454923152439" dump="1454923152441"/><sessioninfo id="" start="1454923152446" dump="1454923152447"/><sessioninfo id="it.polimi.automata.BATest testAddTransitionTransitionNull" start="1454923152452" dump="1454923152455"/><sessioninfo id="" start="1454923152461" dump="1454923152461"/><sessioninfo id="it.polimi.automata.BATest testAddTransitionSourceNotPresent" start="1454923152467" dump="1454923152469"/><sessioninfo id="" start="1454923152477" dump="1454923152478"/><sessioninfo id="it.polimi.automata.BATest testAddTransitionAlreadyPresent" start="1454923152483" dump="1454923152487"/><sessioninfo id="" start="1454923152493" dump="1454923152494"/><sessioninfo id="it.polimi.automata.BATest testAddTransitionDestinationNotPresent" start="1454923152498" dump="1454923152500"/><sessioninfo id="" start="1454923152507" dump="1454923152508"/><sessioninfo id="it.polimi.automata.BATest testAddTransitionLabeledWithNegatedPropositions" start="1454923152512" dump="1454923152515"/><sessioninfo id="" start="1454923152522" dump="1454923152522"/><sessioninfo id="it.polimi.automata.BATest testAddTransition_LabeledWithNegatedPropositions" start="1454923152526" dump="1454923152529"/><sessioninfo id="" start="1454923152534" dump="1454923152534"/><sessioninfo id="it.polimi.automata.BATest testAddTransitionCharacterNotContained" start="1454923152538" dump="1454923152541"/><sessioninfo id="" start="1454923152549" dump="1454923152549"/><sessioninfo id="it.polimi.automata.BATest testAddTransitionCharacterNotContained2" start="1454923152554" dump="1454923152555"/><sessioninfo id="" start="1454923152560" dump="1454923152561"/><sessioninfo id="it.polimi.automata.BATest testAddTransition" start="1454923152565" dump="1454923152569"/><sessioninfo id="" start="1454923152574" dump="1454923152575"/><sessioninfo id="it.polimi.automata.BATest testRemoveStateNull" start="1454923152579" dump="1454923152581"/><sessioninfo id="" start="1454923152588" dump="1454923152589"/><sessioninfo id="it.polimi.automata.BATest testRemoveStateIllegal" start="1454923152593" dump="1454923152595"/><sessioninfo id="" start="1454923152600" dump="1454923152601"/><sessioninfo id="it.polimi.automata.BATest testRemoveState" start="1454923152608" dump="1454923152610"/><sessioninfo id="" start="1454923152615" dump="1454923152616"/><sessioninfo id="it.polimi.automata.BATest testRemoveTransitionNull" start="1454923152620" dump="1454923152622"/><sessioninfo id="" start="1454923152627" dump="1454923152628"/><sessioninfo id="it.polimi.automata.BATest testRemoveTransitionIllegalTransition" start="1454923152634" dump="1454923152636"/><sessioninfo id="" start="1454923152641" dump="1454923152642"/><sessioninfo id="it.polimi.automata.BATest testRemoveTransition" start="1454923152646" dump="1454923152648"/><sessioninfo id="" start="1454923152653" dump="1454923152653"/><sessioninfo id="it.polimi.automata.BATest testRemoveAcceptingStateNull" start="1454923152658" dump="1454923152661"/><sessioninfo id="" start="1454923152666" dump="1454923152666"/><sessioninfo id="it.polimi.automata.BATest testRemoveAcceptingStateIllegalArgument" start="1454923152671" dump="1454923152673"/><sessioninfo id="" start="1454923152679" dump="1454923152679"/><sessioninfo id="it.polimi.automata.BATest testRemoveAcceptingState" start="1454923152684" dump="1454923152686"/><sessioninfo id="" start="1454923152690" dump="1454923152691"/><sessioninfo id="it.polimi.automata.BATest testRemoveInitialStateNull" start="1454923152695" dump="1454923152697"/><sessioninfo id="" start="1454923152702" dump="1454923152702"/><sessioninfo id="it.polimi.automata.BATest testRemoveInitialStateIllegal" start="1454923152707" dump="1454923152709"/><sessioninfo id="" start="1454923152714" dump="1454923152714"/><sessioninfo id="it.polimi.automata.BATest testRemoveInitialState" start="1454923152718" dump="1454923152720"/><sessioninfo id="" start="1454923152725" dump="1454923152726"/><sessioninfo id="it.polimi.automata.BATest testGetGraph" start="1454923152731" dump="1454923152739"/><sessioninfo id="" start="1454923152745" dump="1454923152745"/><sessioninfo id="it.polimi.automata.BATest testGetTransitionFactory" start="1454923152750" dump="1454923152752"/><sessioninfo id="" start="1454923152758" dump="1454923152758"/><sessioninfo id="it.polimi.automata.BATest testToString" start="1454923152763" dump="1454923152765"/><sessioninfo id="" start="1454923152769" dump="1454923152770"/><sessioninfo id="it.polimi.automata.BATest testAddClone" start="1454923152777" dump="1454923152782"/><sessioninfo id="" start="1454923152787" dump="1454923152787"/><sessioninfo id="it.polimi.automata.BATest testAddStutteringNullState" start="1454923152792" dump="1454923152793"/><sessioninfo id="" start="1454923152798" dump="1454923152799"/><sessioninfo id="it.polimi.automata.BATest testAddStutteringNotContainedState" start="1454923152803" dump="1454923152805"/><sessioninfo id="" start="1454923152809" dump="1454923152810"/><sessioninfo id="it.polimi.automata.BATest testAddStuttering" start="1454923152815" dump="1454923152816"/><sessioninfo id="" start="1454923152821" dump="1454923152821"/><sessioninfo id="it.polimi.automata.BATest testSize" start="1454923152829" dump="1454923152831"/><sessioninfo id="" start="1454923152836" dump="1454923152845"/><sessioninfo id="it.polimi.automata.IntersectionBATest testIntBAImpl" start="1454923152852" dump="1454923152855"/><sessioninfo id="" start="1454923152860" dump="1454923152861"/><sessioninfo id="it.polimi.automata.IntersectionBATest testGetPurelyRegularStates" start="1454923152866" dump="1454923152868"/><sessioninfo id="" start="1454923152873" dump="1454923152874"/><sessioninfo id="it.polimi.automata.IntersectionBATest testAddMixedStateNull" start="1454923152880" dump="1454923152883"/><sessioninfo id="" start="1454923152888" dump="1454923152889"/><sessioninfo id="it.polimi.automata.IntersectionBATest testAddMixedState" start="1454923152897" dump="1454923152899"/><sessioninfo id="" start="1454923152903" dump="1454923152904"/><sessioninfo id="it.polimi.automata.IntersectionBATest testAddConstrainedTransition" start="1454923152909" dump="1454923152912"/><sessioninfo id="" start="1454923152919" dump="1454923152919"/><sessioninfo id="it.polimi.automata.IntersectionBATest testAddMixedStateNotContainedInTheIBA" start="1454923152924" dump="1454923152925"/><sessioninfo id="" start="1454923152930" dump="1454923152930"/><sessioninfo id="it.polimi.automata.IntersectionBATest testRemove" start="1454923152936" dump="1454923152938"/><sessioninfo id="" start="1454923152942" dump="1454923152943"/><sessioninfo id="it.polimi.automata.IntersectionBATest testRemove_MixedStates" start="1454923152947" dump="1454923152949"/><sessioninfo id="" start="1454923152954" dump="1454923152954"/><sessioninfo id="it.polimi.automata.IntersectionBATest testGetAbstraction" start="1454923152959" dump="1454923152961"/><sessioninfo id="" start="1454923152966" dump="1454923152966"/><sessioninfo id="it.polimi.automata.IntersectionBATest testGetAbstraction_Transition" start="1454923152971" dump="1454923152974"/><sessioninfo id="" start="1454923152978" dump="1454923152979"/><sessioninfo id="it.polimi.automata.IntersectionBATest testRemoveNotTransition" start="1454923152983" dump="1454923152985"/><sessioninfo id="" start="1454923152989" dump="1454923152990"/><sessioninfo id="it.polimi.automata.IntersectionBATest testClone" start="1454923152994" dump="1454923152998"/><sessioninfo id="" start="1454923153005" dump="1454923153005"/><sessioninfo id="it.polimi.automata.IntersectionBATest testAddState" start="1454923153010" dump="1454923153012"/><sessioninfo id="" start="1454923153017" dump="1454923153017"/><sessioninfo id="it.polimi.automata.IntersectionBATest testRemoveTransition" start="1454923153022" dump="1454923153024"/><sessioninfo id="" start="1454923153028" dump="1454923153029"/><sessioninfo id="it.polimi.automata.IntersectionBATest testToString" start="1454923153033" dump="1454923153036"/><sessioninfo id="" start="1454923153044" dump="1454923153054"/><sessioninfo id="it.polimi.automata.IBATest testIBAImpl" start="1454923153062" dump="1454923153066"/><sessioninfo id="" start="1454923153079" dump="1454923153080"/><sessioninfo id="it.polimi.automata.IBATest testIsBlackBoxStateNull" start="1454923153098" dump="1454923153102"/><sessioninfo id="" start="1454923153111" dump="1454923153111"/><sessioninfo id="it.polimi.automata.IBATest testIsBlackBoxStateIllegal" start="1454923153119" dump="1454923153124"/><sessioninfo id="" start="1454923153132" dump="1454923153133"/><sessioninfo id="it.polimi.automata.IBATest testIsBlackBoxState" start="1454923153140" dump="1454923153143"/><sessioninfo id="" start="1454923153149" dump="1454923153149"/><sessioninfo id="it.polimi.automata.IBATest testGetBlackBoxStateStates" start="1454923153156" dump="1454923153160"/><sessioninfo id="" start="1454923153168" dump="1454923153169"/><sessioninfo id="it.polimi.automata.IBATest testAddBlackBoxStateStateNull" start="1454923153176" dump="1454923153179"/><sessioninfo id="" start="1454923153184" dump="1454923153185"/><sessioninfo id="it.polimi.automata.IBATest testAddBlackBoxStateState" start="1454923153189" dump="1454923153192"/><sessioninfo id="" start="1454923153197" dump="1454923153197"/><sessioninfo id="it.polimi.automata.IBATest testClone" start="1454923153208" dump="1454923153212"/><sessioninfo id="" start="1454923153221" dump="1454923153221"/><sessioninfo id="it.polimi.automata.IBATest testGetRegularStates" start="1454923153229" dump="1454923153231"/><sessioninfo id="" start="1454923153237" dump="1454923153238"/><sessioninfo id="it.polimi.automata.IBATest testRemoveStateRegularState" start="1454923153243" dump="1454923153245"/><sessioninfo id="" start="1454923153250" dump="1454923153251"/><sessioninfo id="it.polimi.automata.IBATest testRemoveStateBlackBoxState" start="1454923153256" dump="1454923153258"/><sessioninfo id="" start="1454923153263" dump="1454923153263"/><sessioninfo id="it.polimi.automata.IBATest testToString" start="1454923153270" dump="1454923153274"/><sessioninfo id="" start="1454923153281" dump="1454923153285"/><sessioninfo id="it.polimi.automata.state.StateTest testClone" start="1454923153291" dump="1454923153291"/><sessioninfo id="" start="1454923153296" dump="1454923153297"/><sessioninfo id="it.polimi.automata.state.StateTest testStateConstructor" start="1454923153302" dump="1454923153303"/><sessioninfo id="" start="1454923153309" dump="1454923153309"/><sessioninfo id="it.polimi.automata.state.StateTest testStateConstuctor" start="1454923153315" dump="1454923153315"/><sessioninfo id="" start="1454923153321" dump="1454923153322"/><sessioninfo id="it.polimi.automata.state.StateTest testHashCode" start="1454923153329" dump="1454923153330"/><sessioninfo id="" start="1454923153336" dump="1454923153336"/><sessioninfo id="it.polimi.automata.state.StateTest testGetId" start="1454923153343" dump="1454923153344"/><sessioninfo id="" start="1454923153349" dump="1454923153349"/><sessioninfo id="it.polimi.automata.state.StateTest testGetName" start="1454923153354" dump="1454923153355"/><sessioninfo id="" start="1454923153360" dump="1454923153361"/><sessioninfo id="it.polimi.automata.state.StateTest testStateImplInt" start="1454923153366" dump="1454923153366"/><sessioninfo id="" start="1454923153371" dump="1454923153372"/><sessioninfo id="it.polimi.automata.state.StateTest testStateImplInt_NegativeNumber" start="1454923153378" dump="1454923153378"/><sessioninfo id="" start="1454923153384" dump="1454923153384"/><sessioninfo id="it.polimi.automata.state.StateTest testStateImplStringInt" start="1454923153390" dump="1454923153390"/><sessioninfo id="" start="1454923153395" dump="1454923153396"/><sessioninfo id="it.polimi.automata.state.StateTest testStateImplStringInt_null" start="1454923153401" dump="1454923153402"/><sessioninfo id="" start="1454923153410" dump="1454923153411"/><sessioninfo id="it.polimi.automata.state.StateTest testEqualsObject" start="1454923153417" dump="1454923153418"/><sessioninfo id="" start="1454923153425" dump="1454923153426"/><sessioninfo id="it.polimi.automata.state.StateTest testEqualsObject_Other" start="1454923153434" dump="1454923153435"/><sessioninfo id="" start="1454923153441" dump="1454923153442"/><sessioninfo id="it.polimi.automata.state.StateTest testEqualsObject_Same" start="1454923153448" dump="1454923153448"/><sessioninfo id="" start="1454923153454" dump="1454923153455"/><sessioninfo id="it.polimi.automata.state.StateTest testEqualsObject_Null" start="1454923153460" dump="1454923153460"/><sessioninfo id="" start="1454923153469" dump="1454923153470"/><sessioninfo id="it.polimi.automata.state.StateTest testToString" start="1454923153480" dump="1454923153481"/><sessioninfo id="" start="1454923153488" dump="1454923153492"/><sessioninfo id="it.polimi.automata.transition.ClaimTransitionFactoryTest testCreate" start="1454923153500" dump="1454923153501"/><sessioninfo id="" start="1454923153507" dump="1454923153507"/><sessioninfo id="it.polimi.automata.transition.ClaimTransitionFactoryTest testCreateSetOfLABEL" start="1454923153513" dump="1454923153513"/><sessioninfo id="" start="1454923153522" dump="1454923153523"/><sessioninfo id="it.polimi.automata.transition.ClaimTransitionFactoryTest testCreateSetOfNull" start="1454923153530" dump="1454923153531"/><sessioninfo id="" start="1454923153536" dump="1454923153537"/><sessioninfo id="it.polimi.automata.transition.ClaimTransitionFactoryTest testCreateIntSetOfLABEL" start="1454923153544" dump="1454923153546"/><sessioninfo id="" start="1454923153552" dump="1454923153553"/><sessioninfo id="it.polimi.automata.transition.ClaimTransitionFactoryTest testCreateIntSetOfLABELNull" start="1454923153558" dump="1454923153559"/><sessioninfo id="" start="1454923153565" dump="1454923153565"/><sessioninfo id="it.polimi.automata.transition.ClaimTransitionFactoryTest testCreateIntSetOfLABELNegativeNumber" start="1454923153571" dump="1454923153572"/><sessioninfo id="" start="1454923153577" dump="1454923153580"/><sessioninfo id="it.polimi.automata.transition.PropositionalLogicConstantsTest testCreatePropositionalLogicConstraints" start="1454923153586" dump="1454923153587"/><sessioninfo id="" start="1454923153593" dump="1454923153595"/><sessioninfo id="it.polimi.automata.transition.ModelTransitionFactoryTest testCreateSetOfLABEL" start="1454923153602" dump="1454923153602"/><sessioninfo id="" start="1454923153607" dump="1454923153608"/><sessioninfo id="it.polimi.automata.transition.ModelTransitionFactoryTest testCreateIntSetOfLABEL" start="1454923153617" dump="1454923153618"/><sessioninfo id="" start="1454923153626" dump="1454923153628"/><sessioninfo id="it.polimi.automata.transition.ModelTransitionFactoryTest testCreateIntSetOfLABELNull" start="1454923153637" dump="1454923153638"/><sessioninfo id="" start="1454923153646" dump="1454923153647"/><sessioninfo id="it.polimi.automata.transition.ModelTransitionFactoryTest testCreateSetOfLABELIllegal" start="1454923153654" dump="1454923153654"/><sessioninfo id="" start="1454923153660" dump="1454923153660"/><sessioninfo id="it.polimi.automata.transition.ModelTransitionFactoryTest testCreateSetOfLABELNull" start="1454923153666" dump="1454923153666"/><sessioninfo id="" start="1454923153673" dump="1454923153673"/><sessioninfo id="it.polimi.automata.transition.ModelTransitionFactoryTest testCreateIntSetOfLABELIllegalArgument" start="1454923153682" dump="1454923153682"/><sessioninfo id="" start="1454923153689" dump="1454923153732"/><sessioninfo id="it.polimi.automata.state.IntersectionStateFactoryTest testCreate[0]" start="1454923153741" dump="1454923153743"/><sessioninfo id="" start="1454923153752" dump="14549231537
[...]
="0" covered="4"/><counter type="LINE" missed="0" covered="13"/><counter type="COMPLEXITY" missed="0" covered="3"/><counter type="METHOD" missed="0" covered="1"/></method><method name="clone" desc="()Lit/polimi/automata/BA;" line="683"><counter type="INSTRUCTION" missed="0" covered="47"/><counter type="BRANCH" missed="0" covered="2"/><counter type="LINE" missed="0" covered="11"/><counter type="COMPLEXITY" missed="0" covered="2"/><counter type="METHOD" missed="0" covered="1"/></method><method name="getTransitions" desc="(Lit/polimi/automata/state/State;Lit/polimi/automata/state/State;)Ljava/util/Set;" line="719"><counter type="INSTRUCTION" missed="0" covered="34"/><counter type="LINE" missed="0" covered="11"/><counter type="COMPLEXITY" missed="0" covered="1"/><counter type="METHOD" missed="0" covered="1"/></method><method name="isSuccessor" desc="(Lit/polimi/automata/state/State;Lit/polimi/automata/state/State;)Z" line="753"><counter type="INSTRUCTION" missed="0" covered="26"/><counter type="LINE" missed="0" covered="8"/><counter type="COMPLEXITY" missed="0" covered="1"/><counter type="METHOD" missed="0" covered="1"/></method><method name="addStuttering" desc="(Lit/polimi/automata/state/State;)V" line="780"><counter type="INSTRUCTION" missed="0" covered="46"/><counter type="LINE" missed="0" covered="14"/><counter type="COMPLEXITY" missed="0" covered="1"/><counter type="METHOD" missed="0" covered="1"/></method><method name="getTransitionFactory" desc="()Lit/polimi/automata/transition/TransitionFactory;" line="805"><counter type="INSTRUCTION" missed="0" covered="5"/><counter type="LINE" missed="0" covered="2"/><counter type="COMPLEXITY" missed="0" covered="1"/><counter type="METHOD" missed="0" covered="1"/></method><method name="getGraph" desc="()Lorg/jgrapht/DirectedGraph;" line="815"><counter type="INSTRUCTION" missed="0" covered="6"/><counter type="LINE" missed="0" covered="2"/><counter type="COMPLEXITY" missed="0" covered="1"/><counter type="METHOD" missed="0" covered="1"/></method><method name="size" desc="()I" line="827"><counter type="INSTRUCTION" missed="0" covered="10"/><counter type="LINE" missed="0" covered="2"/><counter type="COMPLEXITY" missed="0" covered="1"/><counter type="METHOD" missed="0" covered="1"/></method><counter type="INSTRUCTION" missed="41" covered="877"/><counter type="BRANCH" missed="2" covered="28"/><counter type="LINE" missed="12" covered="234"/><counter type="COMPLEXITY" missed="2" covered="47"/><counter type="METHOD" missed="0" covered="34"/><counter type="CLASS" missed="0" covered="1"/></class><sourcefile name="IBA.java"><line nr="39" mi="0" ci="3" mb="0" cb="0"/><line nr="40" mi="0" ci="5" mb="0" cb="0"/><line nr="41" mi="0" ci="1" mb="0" cb="0"/><line nr="58" mi="0" ci="4" mb="0" cb="0"/><line nr="60" mi="0" ci="5" mb="0" cb="0"/><line nr="61" mi="0" ci="1" mb="0" cb="0"/><line nr="63" mi="0" ci="5" mb="0" cb="0"/><line nr="73" mi="0" ci="4" mb="0" cb="0"/><line nr="82" mi="0" ci="4" mb="0" cb="0"/><line nr="83" mi="0" ci="5" mb="0" cb="0"/><line nr="84" mi="0" ci="5" mb="0" cb="0"/><line nr="85" mi="0" ci="2" mb="0" cb="0"/><line nr="102" mi="0" ci="4" mb="0" cb="0"/><line nr="104" mi="0" ci="5" mb="0" cb="0"/><line nr="105" mi="0" ci="5" mb="0" cb="2"/><line nr="106" mi="0" ci="3" mb="0" cb="0"/><line nr="108" mi="0" ci="1" mb="0" cb="0"/><line nr="117" mi="0" ci="4" mb="0" cb="0"/><line nr="118" mi="0" ci="3" mb="0" cb="0"/><line nr="119" mi="0" ci="1" mb="0" cb="0"/><line nr="120" mi="0" ci="12" mb="0" cb="2"/><line nr="121" mi="0" ci="3" mb="0" cb="0"/><line nr="123" mi="0" ci="12" mb="0" cb="2"/><line nr="124" mi="0" ci="3" mb="0" cb="0"/><line nr="126" mi="0" ci="12" mb="0" cb="2"/><line nr="127" mi="0" ci="3" mb="0" cb="0"/><line nr="129" mi="0" ci="12" mb="0" cb="2"/><line nr="130" mi="0" ci="3" mb="0" cb="0"/><line nr="132" mi="0" ci="12" mb="0" cb="2"/><line nr="133" mi="0" ci="3" mb="0" cb="0"/><line nr="135" mi="0" ci="12" mb="0" cb="2"/><line nr="136" mi="0" ci="5" mb="0" cb="0"/><line nr="137" mi="0" ci="4" mb="0" cb="0"/><line nr="140" mi="0" ci="2" mb="0" cb="0"/><line nr="153" mi="0" ci="3" mb="0" cb="0"/><line nr="154" mi="0" ci="5" mb="0" cb="2"/><line nr="155" mi="0" ci="5" mb="0" cb="0"/><line nr="157" mi="0" ci="1" mb="0" cb="0"/><line nr="164" mi="0" ci="2" mb="0" cb="0"/><line nr="166" mi="0" ci="11" mb="0" cb="0"/><line nr="167" mi="0" ci="15" mb="0" cb="0"/><line nr="168" mi="0" ci="14" mb="0" cb="0"/><line nr="169" mi="0" ci="14" mb="0" cb="0"/><line nr="170" mi="0" ci="14" mb="0" cb="0"/><line nr="171" mi="0" ci="9" mb="0" cb="0"/><line nr="172" mi="0" ci="13" mb="0" cb="2"/><line nr="173" mi="0" ci="13" mb="0" cb="0"/><line nr="174" mi="0" ci="14" mb="0" cb="2"/><line nr="175" mi="0" ci="13" mb="0" cb="0"/><line nr="176" mi="0" ci="4" mb="0" cb="0"/><line nr="178" mi="0" ci="9" mb="0" cb="0"/><line nr="181" mi="0" ci="2" mb="0" cb="0"/><counter type="INSTRUCTION" missed="0" covered="329"/><counter type="BRANCH" missed="0" covered="20"/><counter type="LINE" missed="0" covered="52"/><counter type="COMPLEXITY" missed="0" covered="18"/><counter type="METHOD" missed="0" covered="8"/><counter type="CLASS" missed="0" covered="1"/></sourcefile><sourcefile name="BA.java"><line nr="70" mi="0" ci="2" mb="0" cb="0"/><line nr="72" mi="0" ci="3" mb="0" cb="0"/><line nr="73" mi="0" ci="1" mb="0" cb="0"/><line nr="75" mi="0" ci="5" mb="0" cb="0"/><line nr="76" mi="0" ci="7" mb="0" cb="0"/><line nr="77" mi="0" ci="5" mb="0" cb="0"/><line nr="78" mi="0" ci="5" mb="0" cb="0"/><line nr="79" mi="0" ci="4" mb="0" cb="0"/><line nr="80" mi="0" ci="2" mb="0" cb="0"/><line nr="81" mi="0" ci="1" mb="0" cb="0"/><line nr="89" mi="0" ci="3" mb="0" cb="0"/><line nr="98" mi="0" ci="5" mb="0" cb="0"/><line nr="107" mi="0" ci="3" mb="0" cb="0"/><line nr="116" mi="0" ci="4" mb="0" cb="0"/><line nr="125" mi="0" ci="4" mb="0" cb="0"/><line nr="143" mi="0" ci="4" mb="0" cb="0"/><line nr="145" mi="0" ci="1" mb="0" cb="0"/><line nr="146" mi="0" ci="4" mb="0" cb="0"/><line nr="147" mi="0" ci="5" mb="0" cb="0"/><line nr="148" mi="0" ci="2" mb="0" cb="0"/><line nr="149" mi="0" ci="2" mb="0" cb="0"/><line nr="151" mi="0" ci="4" mb="0" cb="0"/><line nr="152" mi="0" ci="2" mb="0" cb="0"/><line nr="170" mi="0" ci="4" mb="0" cb="0"/><line nr="172" mi="0" ci="1" mb="0" cb="0"/><line nr="173" mi="0" ci="4" mb="0" cb="0"/><line nr="174" mi="0" ci="5" mb="0" cb="0"/><line nr="175" mi="0" ci="2" mb="0" cb="0"/><line nr="176" mi="0" ci="2" mb="0" cb="0"/><line nr="178" mi="0" ci="5" mb="0" cb="0"/><line nr="196" mi="0" ci="3" mb="0" cb="0"/><line nr="197" mi="0" ci="1" mb="0" cb="0"/><line nr="199" mi="0" ci="1" mb="0" cb="0"/><line nr="200" mi="0" ci="4" mb="0" cb="0"/><line nr="201" mi="0" ci="5" mb="0" cb="0"/><line nr="202" mi="0" ci="2" mb="0" cb="0"/><line nr="203" mi="0" ci="2" mb="0" cb="0"/><line nr="205" mi="0" ci="6" mb="0" cb="0"/><line nr="222" mi="0" ci="3" mb="0" cb="0"/><line nr="223" mi="0" ci="1" mb="0" cb="0"/><line nr="225" mi="0" ci="1" mb="0" cb="0"/><line nr="226" mi="0" ci="4" mb="0" cb="0"/><line nr="227" mi="0" ci="5" mb="0" cb="0"/><line nr="228" mi="0" ci="2" mb="0" cb="0"/><line nr="229" mi="0" ci="2" mb="0" cb="0"/><line nr="231" mi="0" ci="6" mb="0" cb="0"/><line nr="247" mi="0" ci="4" mb="0" cb="0"/><line nr="248" mi="0" ci="9" mb="0" cb="0"/><line nr="249" mi="0" ci="5" mb="0" cb="0"/><line nr="251" mi="0" ci="5" mb="0" cb="0"/><line nr="252" mi="0" ci="4" mb="0" cb="0"/><line nr="268" mi="0" ci="4" mb="0" cb="0"/><line nr="269" mi="0" ci="5" mb="0" cb="0"/><line nr="270" mi="0" ci="1" mb="0" cb="0"/><line nr="272" mi="0" ci="5" mb="0" cb="0"/><line nr="273" mi="0" ci="4" mb="0" cb="0"/><line nr="287" mi="0" ci="3" mb="0" cb="0"/><line nr="288" mi="0" ci="1" mb="0" cb="0"/><line nr="289" mi="0" ci="5" mb="0" cb="0"/><line nr="290" mi="0" ci="5" mb="0" cb="2"/><line nr="291" mi="0" ci="3" mb="0" cb="0"/><line nr="293" mi="0" ci="1" mb="0" cb="0"/><line nr="306" mi="0" ci="3" mb="0" cb="0"/><line nr="307" mi="0" ci="1" mb="0" cb="0"/><line nr="308" mi="0" ci="11" mb="0" cb="2"/><line nr="309" mi="0" ci="3" mb="0" cb="0"/><line nr="311" mi="0" ci="1" mb="0" cb="0"/><line nr="324" mi="0" ci="4" mb="0" cb="0"/><line nr="325" mi="0" ci="5" mb="0" cb="0"/><line nr="326" mi="0" ci="5" mb="0" cb="2"/><line nr="327" mi="0" ci="3" mb="0" cb="0"/><line nr="330" mi="0" ci="1" mb="0" cb="0"/><line nr="343" mi="0" ci="3" mb="0" cb="0"/><line nr="344" mi="0" ci="1" mb="0" cb="0"/><line nr="345" mi="0" ci="11" mb="0" cb="2"/><line nr="346" mi="0" ci="3" mb="0" cb="0"/><line nr="349" mi="0" ci="1" mb="0" cb="0"/><line nr="362" mi="0" ci="3" mb="0" cb="0"/><line nr="363" mi="0" ci="1" mb="0" cb="0"/><line nr="366" mi="0" ci="1" mb="0" cb="0"/><line nr="367" mi="0" ci="8" mb="0" cb="2"/><line nr="368" mi="0" ci="5" mb="0" cb="0"/><line nr="369" mi="0" ci="2" mb="0" cb="0"/><line nr="370" mi="0" ci="2" mb="0" cb="0"/><line nr="372" mi="0" ci="5" mb="0" cb="0"/><line nr="373" mi="0" ci="1" mb="0" cb="0"/><line nr="388" mi="0" ci="3" mb="0" cb="0"/><line nr="389" mi="0" ci="1" mb="0" cb="0"/><line nr="390" mi="0" ci="11" mb="0" cb="2"/><line nr="391" mi="0" ci="3" mb="0" cb="0"/><line nr="394" mi="0" ci="1" mb="0" cb="0"/><line nr="409" mi="0" ci="3" mb="0" cb="0"/><line nr="410" mi="0" ci="1" mb="0" cb="0"/><line nr="411" mi="0" ci="7" mb="0" cb="2"/><line nr="412" mi="0" ci="1" mb="0" cb="0"/><line nr="414" mi="0" ci="5" mb="0" cb="0"/><line nr="415" mi="0" ci="1" mb="0" cb="0"/><line nr="430" mi="0" ci="3" mb="0" cb="0"/><line nr="431" mi="0" ci="1" mb="0" cb="0"/><line nr="432" mi="0" ci="11" mb="0" cb="2"/><line nr="433" mi="0" ci="3" mb="0" cb="0"/><line nr="435" mi="0" ci="1" mb="0" cb="0"/><line nr="464" mi="0" ci="4" mb="0" cb="0"/><line nr="465" mi="0" ci="3" mb="0" cb="0"/><line nr="466" mi="0" ci="1" mb="0" cb="0"/><line nr="467" mi="0" ci="4" mb="0" cb="0"/><line nr="469" mi="0" ci="12" mb="0" cb="2"/><line nr="470" mi="0" ci="3" mb="1" cb="1"/><line nr="471" mi="4" ci="0" mb="0" cb="0"/><line nr="472" mi="3" ci="0" mb="0" cb="0"/><line nr="474" mi="1" ci="0" mb="0" cb="0"/><line nr="475" mi="4" ci="0" mb="0" cb="0"/><line nr="476" mi="5" ci="0" mb="0" cb="0"/><line nr="477" mi="2" ci="0" mb="0" cb="0"/><line nr="478" mi="2" ci="0" mb="0" cb="0"/><line nr="479" mi="1" ci="0" mb="0" cb="0"/><line nr="481" mi="0" ci="1" mb="0" cb="0"/><line nr="482" mi="0" ci="4" mb="0" cb="0"/><line nr="483" mi="0" ci="5" mb="0" cb="0"/><line nr="484" mi="0" ci="2" mb="0" cb="0"/><line nr="485" mi="0" ci="2" mb="0" cb="0"/><line nr="489" mi="0" ci="1" mb="0" cb="0"/><line nr="490" mi="0" ci="4" mb="0" cb="0"/><line nr="491" mi="0" ci="5" mb="0" cb="0"/><line nr="492" mi="0" ci="2" mb="0" cb="0"/><line nr="493" mi="0" ci="2" mb="0" cb="0"/><line nr="495" mi="0" ci="1" mb="0" cb="0"/><line nr="496" mi="0" ci="4" mb="0" cb="0"/><line nr="497" mi="0" ci="1" mb="0" cb="0"/><line nr="500" mi="0" ci="1" mb="0" cb="0"/><line nr="501" mi="0" ci="8" mb="0" cb="2"/><line nr="502" mi="0" ci="5" mb="0" cb="0"/><line nr="503" mi="0" ci="2" mb="0" cb="0"/><line nr="504" mi="0" ci="2" mb="0" cb="0"/><line nr="505" mi="0" ci="6" mb="0" cb="0"/><line nr="506" mi="0" ci="1" mb="0" cb="0"/><line nr="508" mi="0" ci="2" mb="1" cb="1"/><line nr="509" mi="4" ci="0" mb="0" cb="0"/><line nr="510" mi="5" ci="0" mb="0" cb="0"/><line nr="511" mi="6" ci="0" mb="0" cb="0"/><line nr="512" mi="4" ci="0" mb="0" cb="0"/><line nr="514" mi="0" ci="1" mb="0" cb="0"/><line nr="533" mi="0" ci="4" mb="0" cb="0"/><line nr="534" mi="0" ci="3" mb="0" cb="0"/><line nr="535" mi="0" ci="1" mb="0" cb="0"/><line nr="537" mi="0" ci="5" mb="0" cb="0"/><line nr="538" mi="0" ci="1" mb="0" cb="0"/><line nr="540" mi="0" ci="5" mb="0" cb="0"/><line nr="541" mi="0" ci="1" mb="0" cb="0"/><line nr="542" mi="0" ci="6" mb="0" cb="0"/><line nr="563" mi="0" ci="4" mb="0" cb="0"/><line nr="565" mi="0" ci="1" mb="0" cb="0"/><line nr="566" mi="0" ci="4" mb="0" cb="0"/><line nr="567" mi="0" ci="5" mb="0" cb="0"/><line nr="568" mi="0" ci="3" mb="0" cb="0"/><line nr="569" mi="0" ci="2" mb="0" cb="0"/><line nr="571" mi="0" ci="5" mb="0" cb="0"/><line nr="572" mi="0" ci="5" mb="0" cb="0"/><line nr="573" mi="0" ci="5" mb="0" cb="0"/><line nr="574" mi="0" ci="1" mb="0" cb="0"/><line nr="590" mi="0" ci="3" mb="0" cb="0"/><line nr="591" mi="0" ci="1" mb="0" cb="0"/><line nr="593" mi="0" ci="1" mb="0" cb="0"/><line nr="594" mi="0" ci="5" mb="0" cb="0"/><line nr="595" mi="0" ci="1" mb="0" cb="0"/><line nr="597" mi="0" ci="5" mb="0" cb="0"/><line nr="598" mi="0" ci="1" mb="0" cb="0"/><line nr="615" mi="0" ci="4" mb="0" cb="0"/><line nr="617" mi="0" ci="1" mb="0" cb="0"/><line nr="618" mi="0" ci="4" mb="0" cb="0"/><line nr="619" mi="0" ci="5" mb="0" cb="0"/><line nr="620" mi="0" ci="3" mb="0" cb="0"/><line nr="621" mi="0" ci="2" mb="0" cb="0"/><line nr="623" mi="0" ci="5" mb="0" cb="0"/><line nr="624" mi="0" ci="1" mb="0" cb="0"/><line nr="641" mi="0" ci="4" mb="0" cb="0"/><line nr="643" mi="0" ci="1" mb="0" cb="0"/><line nr="644" mi="0" ci="4" mb="0" cb="0"/><line nr="645" mi="0" ci="5" mb="0" cb="0"/><line nr="646" mi="0" ci="3" mb="0" cb="0"/><line nr="647" mi="0" ci="2" mb="0" cb="0"/><line nr="649" mi="0" ci="5" mb="0" cb="0"/><line nr="650" mi="0" ci="1" mb="0" cb="0"/><line nr="657" mi="0" ci="2" mb="0" cb="0"/><line nr="659" mi="0" ci="11" mb="0" cb="0"/><line nr="660" mi="0" ci="15" mb="0" cb="0"/><line nr="661" mi="0" ci="14" mb="0" cb="0"/><line nr="662" mi="0" ci="14" mb="0" cb="0"/><line nr="663" mi="0" ci="9" mb="0" cb="0"/><line nr="664" mi="0" ci="13" mb="0" cb="2"/><line nr="665" mi="0" ci="13" mb="0" cb="0"/><line nr="666" mi="0" ci="14" mb="0" cb="2"/><line nr="667" mi="0" ci="13" mb="0" cb="0"/><line nr="668" mi="0" ci="4" mb="0" cb="0"/><line nr="670" mi="0" ci="9" mb="0" cb="0"/><line nr="673" mi="0" ci="2" mb="0" cb="0"/><line nr="683" mi="0" ci="4" mb="0" cb="0"/><line nr="684" mi="0" ci="3" mb="0" cb="0"/><line nr="685" mi="0" ci="1" mb="0" cb="0"/><line nr="687" mi="0" ci="4" mb="0" cb="0"/><line nr="689" mi="0" ci="4" mb="0" cb="0"/><line nr="691" mi="0" ci="4" mb="0" cb="0"/><line nr="693" mi="0" ci="4" mb="0" cb="0"/><line nr="694" mi="0" ci="12" mb="0" cb="2"/><line nr="695" mi="0" ci="5" mb="0" cb="0"/><line nr="696" mi="0" ci="4" mb="0" cb="0"/><line nr="698" mi="0" ci="2" mb="0" cb="0"/><line nr="719" mi="0" ci="4" mb="0" cb="0"/><line nr="720" mi="0" ci="3" mb="0" cb="0"/><line nr="721" mi="0" ci="1" mb="0" cb="0"/><line nr="723" mi="0" ci="5" mb="0" cb="0"/><line nr="724" mi="0" ci="1" mb="0" cb="0"/><line nr="726" mi="0" ci="5" mb="0" cb="0"/><line nr="727" mi="0" ci="1" mb="0" cb="0"/><line nr="729" mi="0" ci="5" mb="0" cb="0"/><line nr="730" mi="0" ci="1" mb="0" cb="0"/><line nr="731" mi="0" ci="6" mb="0" cb="0"/><line nr="732" mi="0" ci="2" mb="0" cb="0"/><line nr="753" mi="0" ci="4" mb="0" cb="0"/><line nr="754" mi="0" ci="3" mb="0" cb="0"/><line nr="755" mi="0" ci="1" mb="0" cb="0"/><line nr="757" mi="0" ci="5" mb="0" cb="0"/><line nr="758" mi="0" ci="1" mb="0" cb="0"/><line nr="760" mi="0" ci="5" mb="0" cb="0"/><line nr="761" mi="0" ci="1" mb="0" cb="0"/><line nr="763" mi="0" ci="6" mb="0" cb="0"/><line nr="780" mi="0" ci="4" mb="0" cb="0"/><line nr="782" mi="0" ci="1" mb="0" cb="0"/><line nr="783" mi="0" ci="4" mb="0" cb="0"/><line nr="784" mi="0" ci="5" mb="0" cb="0"/><line nr="785" mi="0" ci="2" mb="0" cb="0"/><line nr="786" mi="0" ci="2" mb="0" cb="0"/><line nr="787" mi="0" ci="4" mb="0" cb="0"/><line nr="788" mi="0" ci="5" mb="0" cb="0"/><line nr="789" mi="0" ci="3" mb="0" cb="0"/><line nr="790" mi="0" ci="3" mb="0" cb="0"/><line nr="791" mi="0" ci="4" mb="0" cb="0"/><line nr="792" mi="0" ci="3" mb="0" cb="0"/><line nr="793" mi="0" ci="5" mb="0" cb="0"/><line nr="795" mi="0" ci="1" mb="0" cb="0"/><line nr="805" mi="0" ci="4" mb="0" cb="0"/><line nr="806" mi="0" ci="1" mb="0" cb="0"/><line nr="815" mi="0" ci="4" mb="0" cb="0"/><line nr="816" mi="0" ci="2" mb="0" cb="0"/><line nr="827" mi="0" ci="6" mb="0" cb="0"/><line nr="828" mi="0" ci="4" mb="0" cb="0"/><counter type="INSTRUCTION" missed="41" covered="877"/><counter type="BRANCH" missed="2" covered="28"/><counter type="LINE" missed="12" covered="234"/><counter type="COMPLEXITY" missed="2" covered="47"/><counter type="METHOD" missed="0" covered="34"/><counter type="CLASS" missed="0" covered="1"/></sourcefile><sourcefile name="IntersectionBA.java"><line nr="44" mi="0" ci="5" mb="0" cb="0"/><line nr="45" mi="0" ci="5" mb="0" cb="0"/><line nr="46" mi="0" ci="5" mb="0" cb="0"/><line nr="47" mi="0" ci="1" mb="0" cb="0"/><line nr="63" mi="0" ci="4" mb="0" cb="0"/><line nr="65" mi="0" ci="5" mb="0" cb="0"/><line nr="66" mi="0" ci="5" mb="0" cb="2"/><line nr="67" mi="0" ci="3" mb="0" cb="0"/><line nr="69" mi="0" ci="1" mb="0" cb="0"/><line nr="77" mi="0" ci="4" mb="0" cb="0"/><line nr="93" mi="0" ci="5" mb="0" cb="0"/><line nr="94" mi="0" ci="5" mb="0" cb="0"/><line nr="95" mi="0" ci="1" mb="0" cb="0"/><line nr="109" mi="0" ci="3" mb="0" cb="0"/><line nr="110" mi="0" ci="5" mb="0" cb="2"/><line nr="111" mi="0" ci="5" mb="0" cb="0"/><line nr="113" mi="0" ci="1" mb="0" cb="0"/><line nr="126" mi="0" ci="3" mb="0" cb="0"/><line nr="127" mi="0" ci="5" mb="0" cb="2"/><line nr="128" mi="0" ci="5" mb="0" cb="0"/><line nr="130" mi="0" ci="1" mb="0" cb="0"/><line nr="138" mi="0" ci="4" mb="0" cb="0"/><line nr="139" mi="0" ci="5" mb="0" cb="0"/><line nr="140" mi="0" ci="5" mb="0" cb="0"/><line nr="141" mi="0" ci="3" mb="0" cb="0"/><line nr="151" mi="0" ci="4" mb="0" cb="0"/><line nr="152" mi="0" ci="12" mb="0" cb="2"/><line nr="153" mi="0" ci="3" mb="0" cb="0"/><line nr="156" mi="0" ci="12" mb="0" cb="2"/><line nr="157" mi="0" ci="3" mb="0" cb="0"/><line nr="158" mi="0" ci="5" mb="0" cb="2"/><line nr="159" mi="0" ci="3" mb="0" cb="0"/><line nr="161" mi="0" ci="5" mb="0" cb="2"/><line nr="162" mi="0" ci="3" mb="0" cb="0"/><line nr="164" mi="0" ci="5" mb="0" cb="2"/><line nr="165" mi="0" ci="3" mb="0" cb="0"/><line nr="168" mi="0" ci="12" mb="0" cb="2"/><line nr="169" mi="0" ci="5" mb="0" cb="0"/><line nr="170" mi="0" ci="4" mb="0" cb="0"/><line nr="173" mi="0" ci="2" mb="0" cb="0"/><line nr="187" mi="0" ci="4" mb="0" cb="0"/><line nr="189" mi="0" ci="4" mb="0" cb="0"/><line nr="190" mi="0" ci="11" mb="0" cb="2"/><line nr="191" mi="0" ci="3" mb="0" cb="0"/><line nr="192" mi="0" ci="5" mb="0" cb="2"/><line nr="193" mi="0" ci="3" mb="0" cb="0"/><line nr="195" mi="0" ci="5" mb="0" cb="2"/><line nr="196" mi="0" ci="3" mb="0" cb="0"/><line nr="198" mi="0" ci="5" mb="0" cb="2"/><line nr="199" mi="0" ci="3" mb="0" cb="0"/><line nr="203" mi="0" ci="12" mb="0" cb="2"/><line nr="204" mi="0" ci="6" mb="0" cb="2"/><line nr="205" mi="0" ci="3" mb="0" cb="0"/><line nr="206" mi="0" ci="3" mb="0" cb="2"/><line nr="207" mi="0" ci="5" mb="0" cb="0"/><line nr="208" mi="0" ci="4" mb="0" cb="0"/><line nr="211" mi="0" ci="2" mb="0" cb="0"/><line nr="218" mi="0" ci="4" mb="0" cb="0"/><line nr="226" mi="0" ci="3" mb="0" cb="0"/><line nr="227" mi="0" ci="14" mb="0" cb="0"/><line nr="229" mi="0" ci="2" mb="0" cb="0"/><counter type="INSTRUCTION" missed="0" covered="279"/><counter type="BRANCH" missed="0" covered="32"/><counter type="LINE" missed="0" covered="61"/><counter type="COMPLEXITY" missed="0" covered="27"/><counter type="METHOD" missed="0" covered="11"/><counter type="CLASS" missed="0" covered="1"/></sourcefile><counter type="INSTRUCTION" missed="41" covered="1485"/><counter type="BRANCH" missed="2" covered="80"/><counter type="LINE" missed="12" covered="347"/><counter type="COMPLEXITY" missed="2" covered="92"/><counter type="METHOD" missed="0" covered="53"/><counter type="CLASS" missed="0" covered="3"/></package><counter type="INSTRUCTION" missed="70" covered="1995"/><counter type="BRANCH" missed="9" covered="133"/><counter type="LINE" missed="24" covered="480"/><counter type="COMPLEXITY" missed="10" covered="147"/><counter type="METHOD" missed="1" covered="85"/><counter type="CLASS" missed="0" covered="11"/></report>