<?xml version="1.0" encoding="UTF-8" standalone="yes"?><!DOCTYPE report PUBLIC "-//JACOCO//DTD Report 1.0//EN" "report.dtd"><report name="CHIAAction"><sessioninfo id="" start="1454787096193" dump="1454787096740"/><sessioninfo id="action.CHIAActionTest testCHIAAction" start="1454787096744" dump="1454787096757"/><sessioninfo id="" start="1454787096760" dump="1454787096762"/><sessioninfo id="action.CHIAActionTest testCHIAAction_NullName" start="1454787096764" dump="1454787096768"/><sessioninfo id="" start="1454787096771" dump="1454787096772"/><sessioninfo id="action.CHIAActionTest testIsPerformed" start="1454787096774" dump="1454787096776"/><sessioninfo id="" start="1454787096778" dump="1454787096779"/><sessioninfo id="action.CHIAActionTest testPerform" start="1454787096781" dump="1454787096783"/><sessioninfo id="" start="1454787096785" dump="1454787096786"/><sessioninfo id="action.CHIAActionTest testPerformed" start="1454787096788" dump="1454787096789"/><sessioninfo id="" start="1454787096791" dump="1454787096792"/><sessioninfo id="action.CHIAActionTest testGetName" start="1454787096794" dump="1454787096796"/><sessioninfo id="" start="1454787096798" dump="1454787096823"/><sessioninfo id="action.CHIAExceptionTest testCHIAException" start="1454787096826" dump="1454787096828"/><sessioninfo id="action.CHIAExceptionTest testCHIAException" start="1454787096831" dump="1454787096847"/><sessioninfo id="" start="1454922799992" dump="1454922800553"/><sessioninfo id="action.CHIAExceptionTest testCHIAException" start="1454922800555" dump="1454922800564"/><sessioninfo id="" start="1454922800569" dump="1454922800588"/><sessioninfo id="action.CHIAActionTest testPerformed" start="1454922800590" dump="1454922800596"/><sessioninfo id="" start="1454922800599" dump="1454922800599"/><sessioninfo id="action.CHIAActionTest testCHIAAction_NullName" start="1454922800602" dump="1454922800605"/><sessioninfo id="" start="1454922800607" dump="1454922800608"/><sessioninfo id="action.CHIAActionTest testPerform" start="1454922800610" dump="1454922800612"/><sessioninfo id="" start="1454922800615" dump="1454922800616"/><sessioninfo id="action.CHIAActionTest testIsPerformed" start="1454922800618" dump="1454922800620"/><sessioninfo id="" start="1454922800623" dump="1454922800624"/><sessioninfo id="action.CHIAActionTest testCHIAAction" start="1454922800626" dump="1454922800630"/><sessioninfo id="" start="1454922800632" dump="1454922800634"/><sessioninfo id="action.CHIAActionTest testGetName" start="1454922800636" dump="1454922800639"/><sessioninfo id="action.CHIAActionTest testGetName" start="1454922800642" dump="1454922800653"/><sessioninfo id="" start="1454923148812" dump="1454923149439"/><sessioninfo id="action.CHIAActionTest testCHIAAction" start="1454923149442" dump="1454923149455"/><sessioninfo id="" start="1454923149458" dump="1454923149459"/><sessioninfo id="action.CHIAActionTest testCHIAAction_NullName" start="1454923149465" dump="1454923149468"/><sessioninfo id="" start="1454923149471" dump="1454923149472"/><sessioninfo id="action.CHIAActionTest testIsPerformed" start="1454923149474" dump="1454923149476"/><sessioninfo id="" start="1454923149479" dump="1454923149480"/><sessioninfo id="action.CHIAActionTest testPerform" start="1454923149482" dump="1454923149485"/><sessioninfo id="" start="1454923149487" dump="1454923149488"/><sessioninfo id="action.CHIAActionTest testPerformed" start="1454923149490" dump="1454923149491"/><sessioninfo id="" start="1454923149494" dump="1454923149495"/><sessioninfo id="action.CHIAActionTest testGetName" start="1454923149497" dump="1454923149499"/><sessioninfo id="" start="1454923149501" dump="1454923149506"/><sessioninfo id="action.CHIAExceptionTest testCHIAException" start="1454923149519" dump="1454923149522"/><sessioninfo id="action.CHIAExceptionTest testCHIAException" start="1454923149524" dump="1454923149530"/><package name="it/polimi/action"><class name="it/polimi/action/CHIAException"><method name="&lt;init&gt;" desc="(Ljava/lang/String;)V" line="11"><counter type="INSTRUCTION" missed="0" covered="4"/><counter type="LINE" missed="0" covered="2"/><counter type="COMPLEXITY" missed="0" covered="1"/><counter type="METHOD" missed="0" covered="1"/></method><counter type="INSTRUCTION" missed="0" covered="4"/><counter type="LINE" missed="0" covered="2"/><counter type="COMPLEXITY" missed="0" covered="1"/><counter type="METHOD" missed="0" covered="1"/><counter type="CLASS" missed="0" covered="1"/></class><class name="it/polimi/action/CHIAAction"><method name="&lt;init&gt;" desc="(Ljava/lang/String;)V" line="35"><counter type="INSTRUCTION" missed="0" covered="13"/><counter type="LINE" missed="0" covered="5"/><counter type="COMPLEXITY" missed="0" covered="1"/><counter type="METHOD" missed="0" covered="1"/></method><method name="isPerformed" desc="()Z" line="51"><counter type="INSTRUCTION" missed="0" covered="3"/><counter type="LINE" missed="0" covered="1"/><counter type="COMPLEXITY" missed="0" covered="1"/><counter type="METHOD" missed="0" covered="1"/></method><method name="performed" desc="()V" line="68"><counter type="INSTRUCTION" missed="0" covered="4"/><counter type="LINE" missed="0" covered="2"/><counter type="COMPLEXITY" missed="0" covered="1"/><counter type="METHOD" missed="0" covered="1"/></method><method name="getName" desc="()Ljava/lang/String;" line="77"><counter type="INSTRUCTION" missed="0" covered="3"/><counter type="LINE" missed="0" covered="1"/><counter type="COMPLEXITY" missed="0" covered="1"/><counter type="METHOD" missed="0" covered="1"/></method><counter type="INSTRUCTION" missed="0" covered="23"/><counter type="LINE" missed="0" covered="9"/><counter type="COMPLEXITY" missed="0" covered="4"/><counter type="METHOD" missed="0" covered="4"/><counter type="CLASS" missed="0" covered="1"/></class><sourcefile name="CHIAAction.java"><line nr="35" mi="0" ci="2" mb="0" cb="0"/><line nr="36" mi="0" ci="4" mb="0" cb="0"/><line nr="38" mi="0" ci="3" mb="0" cb="0"/><line nr="39" mi="0" ci="3" mb="0" cb="0"/><line nr="40" mi="0" ci="1" mb="0" cb="0"/><line nr="51" mi="0" ci="3" mb="0" cb="0"/><line nr="68" mi="0" ci="3" mb="0" cb="0"/><line nr="69" mi="0" ci="1" mb="0" cb="0"/><line nr="77" mi="0" ci="3" mb="0" cb="0"/><counter type="INSTRUCTION" missed="0" covered="23"/><counter type="LINE" missed="0" covered="9"/><counter type="COMPLEXITY" missed="0" covered="4"/><counter type="METHOD" missed="0" covered="4"/><counter type="CLASS" missed="0" covered="1"/></sourcefile><sourcefile name="CHIAException.java"><line nr="11" mi="0" ci="3" mb="0" cb="0"/><line nr="12" mi="0" ci="1" mb="0" cb="0"/><counter type="INSTRUCTION" missed="0" covered="4"/><counter type="LINE" missed="0" covered="2"/><counter type="COMPLEXITY" missed="0" covered="1"/><counter type="METHOD" missed="0" covered="1"/><counter type="CLASS" missed="0" covered="1"/></sourcefile><counter type="INSTRUCTION" missed="0" covered="27"/><counter type="LINE" missed="0" covered="11"/><counter type="COMPLEXITY" missed="0" covered="5"/><counter type="METHOD" missed="0" covered="5"/><counter type="CLASS" missed="0" covered="2"/></package><counter type="INSTRUCTION" missed="0" covered="27"/><counter type="LINE" missed="0" covered="11"/><counter type="COMPLEXITY" missed="0" covered="5"/><counter type="METHOD" missed="0" covered="5"/><counter type="CLASS" missed="0" covered="2"/></report>