<?xml version="1.0" encoding="UTF-8" standalone="yes"?><!DOCTYPE report PUBLIC "-//JACOCO//DTD Report 1.0//EN" "report.dtd"><report name="CHIAConstraint"><sessioninfo id="" start="1454787380660" dump="1454787381595"/><sessioninfo id="it.polimi.constraints.utils.InjectorShouldTest notRemoveStatesFromTheIBA" start="1454787381598" dump="1454787381747"/><sessioninfo id="" start="1454787381753" dump="1454787381754"/><sessioninfo id="it.polimi.constraints.utils.InjectorShouldTest notRemoveBlackBoxStatesFromTheIBA" start="1454787381758" dump="1454787381762"/><sessioninfo id="" start="1454787381765" dump="1454787381766"/><sessioninfo id="it.polimi.constraints.utils.InjectorShouldTest notRemoveAcceptingStatesFromTheIBA" start="1454787381769" dump="1454787381772"/><sessioninfo id="" start="1454787381776" dump="1454787381777"/><sessioninfo id="it.polimi.constraints.utils.InjectorShouldTest notRemoveInitialStatesFromTheIBA" start="1454787381782" dump="1454787381787"/><sessioninfo id="" start="1454787381791" dump="1454787381792"/><sessioninfo id="it.polimi.constraints.utils.InjectorShouldTest insertTheReplacementStatesIntoTheIBA" start="1454787381795" dump="1454787381803"/><sessioninfo id="" start="1454787381806" dump="1454787381807"/><sessioninfo id="it.polimi.constraints.utils.InjectorShouldTest insertTheBlackBoxReplacementStatesIntoTheIBA" start="1454787381811" dump="1454787381813"/><sessioninfo id="" start="1454787381819" dump="1454787381820"/><sessioninfo id="it.polimi.constraints.utils.InjectorShouldTest notRemoveTheInitialStatesOfTheReplacement" start="1454787381824" dump="1454787381827"/><sessioninfo id="" start="1454787381832" dump="1454787381833"/><sessioninfo id="it.polimi.constraints.utils.InjectorShouldTest notAddOtherAcceTheInitialReplacementStatesIntoTheIBA" start="1454787381836" dump="1454787381838"/><sessioninfo id="" start="1454787381842" dump="1454787381843"/><sessioninfo id="it.polimi.constraints.utils.InjectorShouldTest throwAnExceptionIfThePredecessorOfTheIncomingTransitionWasNotAPredecessorOfTheBlackBoxState" start="1454787381846" dump="1454787381851"/><sessioninfo id="" start="1454787381856" dump="1454787381857"/><sessioninfo id="it.polimi.constraints.utils.InjectorShouldTest throwAnExceptionIfThePredecessorOfTheOutgoingTransitionWasNotAPredecessorOfTheBlackBoxState" start="1454787381862" dump="1454787381864"/><sessioninfo id="" start="1454787381868" dump="1454787381869"/><sessioninfo id="it.polimi.constraints.utils.InjectorShouldTest insertTheAcceptingReplacementStatesIntoTheIBA" start="1454787381874" dump="1454787381876"/><sessioninfo id="" start="1454787381879" dump="1454787381880"/><sessioninfo id="it.polimi.constraints.utils.InjectorShouldTest insertTheReplacementTransitionsIntoTheIBA" start="1454787381883" dump="1454787381886"/><sessioninfo id="" start="1454787381890" dump="1454787381891"/><sessioninfo id="it.polimi.constraints.utils.InjectorShouldTest injectTheIncomingTransitionsOfTheReplacement" start="1454787381895" dump="1454787381898"/><sessioninfo id="" start="1454787381902" dump="1454787381903"/><sessioninfo id="it.polimi.constraints.utils.InjectorShouldTest injectTheOutgoingTransitionsOfTheReplacement" start="1454787381907" dump="1454787381909"/><sessioninfo id="" start="1454787381912" dump="1454787381930"/><sessioninfo id="it.polimi.constraints.transitions.PluggingTransitionTest testToString" start="1454787381933" dump="1454787381935"/><sessioninfo id="" start="1454787381938" dump="1454787381939"/><sessioninfo id="it.polimi.constraints.transitions.PluggingTransitionTest testEqualsObject" start="1454787381943" dump="1454787381944"/><sessioninfo id="" start="1454787381947" dump="1454787381948"/><sessioninfo id="it.polimi.constraints.transitions.PluggingTransitionTest testHashCode" start="1454787381951" dump="1454787381952"/><sessioninfo id="" start="1454787381955" dump="1454787381956"/><sessioninfo id="it.polimi.constraints.transitions.PluggingTransitionTest testPluggingTransition" start="1454787381960" dump="1454787381960"/><sessioninfo id="" start="1454787381963" dump="1454787381963"/><sessioninfo id="it.polimi.constraints.transitions.PluggingTransitionTest testPluggingTransitionNullTransition" start="1454787381968" dump="1454787381969"/><sessioninfo id="" start="1454787381973" dump="1454787381975"/><sessioninfo id="it.polimi.constraints.transitions.PluggingTransitionTest testPluggingTransitionNullDestinationState" start="1454787381979" dump="1454787381981"/><sessioninfo id="" start="1454787381986" dump="1454787381987"/><sessioninfo id="it.polimi.constraints.transitions.PluggingTransitionTest testPluggingTransitionNullSourceState" start="1454787381990" dump="1454787381991"/><sessioninfo id="" start="1454787381994" dump="1454787381995"/><sessioninfo id="it.polimi.constraints.transitions.PluggingTransitionTest testGetSource" start="1454787381999" dump="1454787381999"/><sessioninfo id="" start="1454787382002" dump="1454787382003"/><sessioninfo id="it.polimi.constraints.transitions.PluggingTransitionTest testGetDestination" start="1454787382006" dump="1454787382006"/><sessioninfo id="" start="1454787382009" dump="1454787382010"/><sessioninfo id="it.polimi.constraints.transitions.PluggingTransitionTest testGetTransition" start="1454787382012" dump="1454787382013"/><sessioninfo id="" start="1454787382016" dump="1454787382017"/><sessioninfo id="it.polimi.constraints.transitions.PluggingTransitionTest testIsIncomingTrue" start="1454787382019" dump="1454787382019"/><sessioninfo id="" start="1454787382021" dump="1454787382022"/><sessioninfo id="it.polimi.constraints.transitions.PluggingTransitionTest testIsIncomingFalse" start="1454787382025" dump="1454787382026"/><sessioninfo id="" start="1454787382028" dump="1454787382029"/><sessioninfo id="it.polimi.constraints.transitions.PluggingTransitionTest testEquals" start="1454787382031" dump="1454787382035"/><sessioninfo id="" start="1454787382038" dump="1454787382039"/><sessioninfo id="it.polimi.constraints.transitions.PluggingTransitionTest testEqualHashCode" start="1454787382042" dump="1454787382043"/><sessioninfo id="" start="1454787382048" dump="1454787382049"/><sessioninfo id="it.polimi.constraints.transitions.PluggingTransitionTest testEqualHashCode2" start="1454787382052" dump="1454787382054"/><sessioninfo id="" start="1454787382057" dump="1454787382059"/><sessioninfo id="it.polimi.constraints.transitions.PluggingTransitionTest testEqualHashCode3" start="1454787382062" dump="1454787382065"/><sessioninfo id="" start="1454787382068" dump="1454787382069"/><sessioninfo id="it.polimi.constraints.transitions.PluggingTransitionTest testEqualHashCode4" start="1454787382072" dump="1454787382073"/><sessioninfo id="" start="1454787382075" dump="1454787382076"/><sessioninfo id="it.polimi.constraints.transitions.PluggingTransitionTest testEqualHashCode5" start="1454787382079" dump="1454787382080"/><sessioninfo id="" start="1454787382083" dump="1454787382084"/><sessioninfo id="it.polimi.constraints.transitions.PluggingTransitionTest testEqualHashCode6" start="1454787382086" dump="1454787382087"/><sessioninfo id="" start="1454787382089" dump="1454787382089"/><sessioninfo id="it.polimi.constraints.transitions.PluggingTransitionTest testEqualHashCode7" start="1454787382092" dump="1454787382092"/><sessioninfo id="" start="1454787382094" dump="1454787382095"/><sessioninfo id="it.polimi.constraints.transitions.PluggingTransitionTest testEqualHashCode8" start="1454787382097" dump="1454787382097"/><sessioninfo id="" start="1454787382099" dump="1454787382100"/><sessioninfo id="it.polimi.constraints.transitions.PluggingTransitionTest testEqualHashCode9" start="1454787382102" dump="1454787382102"/><sessioninfo id="" start="1454787382105" dump="1454787382110"/><sessioninfo id="it.polimi.constraints.ConstraintTest testConstraint" start="1454787382115" dump="1454787382130"/><sessioninfo id="" start="1454787382134" dump="1454787382134"/><sessioninfo id="it.polimi.constraints.ConstraintTest testAddSubPropertyNull" start="1454787382138" dump="1454787382139"/><sessioninfo id="" start="1454787382142" dump="1454787382143"/><sessioninfo id="it.polimi.constraints.ConstraintTest testAddSubPropertyIllegalArgument" start="1454787382148" dump="1454787382159"/><sessioninfo id="" start="1454787382165" dump="1454787382166"/><sessioninfo id="it.polimi.constraints.ConstraintTest testAddSubProperty" start="1454787382170" dump="1454787382174"/><sessioninfo id="" start="1454787382177" dump="1454787382178"/><sessioninfo id="it.polimi.constraints.ConstraintTest testGetSubProperties" start="1454787382182" dump="1454787382182"/><sessioninfo id="" start="1454787382186" dump="1454787382187"/><sessioninfo id="it.polimi.constraints.ConstraintTest testGetSubProperty" start="1454787382190" dump="1454787382191"/><sessioninfo id="" start="1454787382195" dump="1454787382196"/><sessioninfo id="it.polimi.constraints.ConstraintTest testGetSubPropertyNullState" start="1454787382200" dump="1454787382201"/><sessioninfo id="" start="1454787382205" dump="1454787382206"/><sessioninfo id="it.polimi.constraints.ConstraintTest testGetSubPropertyIllegalState" start="1454787382209" dump="1454787382212"/><sessioninfo id="" start="1454787382218" dump="1454787382219"/><sessioninfo id="it.polimi.constraints.ConstraintTest testGetConstrainedStates" start="1454787382222" dump="1454787382224"/><sessioninfo id="" start="1454787382228" dump="1454787382237"/><sessioninfo id="it.polimi.constraints.components.ReplacementTest testReplacement" start="1454787382241" dump="1454787382244"/><sessioninfo id="" start="1454787382247" dump="1454787382248"/><sessioninfo id="it.polimi.constraints.components.ReplacementTest testReplacement1" start="1454787382252" dump="1454787382252"/><sessioninfo id="" start="1454787382256" dump="1454787382256"/><sessioninfo id="it.polimi.constraints.components.ReplacementTest testReplacement2" start="1454787382260" dump="1454787382261"/><sessioninfo id="" start="1454787382265" dump="1454787382267"/><sessioninfo id="it.polimi.constraints.components.ReplacementTest testReplacement3" start="1454787382271" dump="1454787382272"/><sessioninfo id="" start="1454787382277" dump="1454787382277"/><sessioninfo id="it.polimi.constraints.components.ReplacementTest testReplacement4" start="1454787382281" dump="1454787382282"/><sessioninfo id="" start="1454787382286" dump="1454787382287"/><sessioninfo id="it.polimi.constraints.components.ReplacementTest testGetAutomaton" start="1454787382290" dump="1454787382291"/><sessioninfo id="" start="1454787382294" dump="1454787382295"/><sessioninfo id="it.polimi.constraints.components.ReplacementTest testAddOutgoingTransition" start="1454787382298" dump="1454787382308"/><sessioninfo id="" start="1454787382311" dump="1454787382312"/><sessioninfo id="it.polimi.constraints.components.ReplacementTest testGetOutgoingTransitions" start="1454787382315" dump="1454787382316"/><sessioninfo id="" start="1454787382320" dump="1454787382320"/><sessioninfo id="it.polimi.constraints.components.ReplacementTest testGetOutgoingTransitionsStateStateSetOfIGraphProposition" start="1454787382324" dump="1454787382325"/><sessioninfo id="" start="1454787382329" dump="1454787382330"/><sessioninfo id="it.polimi.constraints.components.ReplacementTest testHasOutgoingTransition" start="1454787382332" dump="1454787382333"/><sessioninfo id="" start="1454787382338" dump="1454787382339"/><sessioninfo id="it.polimi.constraints.components.ReplacementTest testAddIncomingTransition" start="1454787382343" dump="1454787382343"/><sessioninfo id="" start="1454787382347" dump="1454787382348"/><sessioninfo id="it.polimi.constraints.components.ReplacementTest testGetIncomingTransitions" start="1454787382352" dump="1454787382354"/><sessioninfo id="" start="1454787382357" dump="1454787382358"/><sessioninfo id="it.polimi.constraints.components.ReplacementTest testGetIncomingTransitionsStateSetOfIGraphProposition" start="1454787382361" dump="1454787382362"/><sessioninfo id="" start="1454787382366" dump="1454787382367"/><sessioninfo id="it.polimi.constraints.components.ReplacementTest testHasIncomingTransition" start="1454787382370" dump="1454787382371"/><sessioninfo id="" start="1454787382375" dump="1454787382375"/><sessioninfo id="it.polimi.constraints.components.ReplacementTest testRemovePluggingOutgoingTransition" start="1454787382378" dump="1454787382380"/><sessioninfo id="" start="1454787382383" dump="1454787382383"/><sessioninfo id="it.polimi.constraints.components.ReplacementTest testRemovePluggingIncomingTransition" start="1454787382387" dump="1454787382389"/><sessioninfo id="" start="1454787382392" dump="1454787382392"/><sessioninfo id="it.polimi.constraints.components.ReplacementTest testRemovePluggingTransitionNull" start="1454787382396" dump="1454787382396"/><sessioninfo id="" start="1454787382400" dump="1454787382401"/><sessioninfo id="it.polimi.constraints.components.ReplacementTest testRemovePluggingIllegalTransition" start="1454787382403" dump="1454787382404"/><sessioninfo id="" start="1454787382407" dump="1454787382410"/><sessioninfo id="it.polimi.constraints.transitions.LabeledPluggingTransitionTest testToString" start="1454787382413" dump="1454787382419"/><sessioninfo id="" start="1454787382423" dump="1454787382423"/><sessioninfo id="it.polimi.constraints.transitions.LabeledPluggingTransitionTest testLabeledPluggingTransition" start="1454787382427" dump="1454787382427"/><sessioninfo id="" start="1454787382431" dump="1454787382431"/><sessioninfo id="it.polimi.constraints.transitions.LabeledPluggingTransitionTest testLabeledPluggingTransitionConstructor" start="1454787382435" dump="1454787382435"/><sessioninfo id="" start="1454787382438" dump="1454787382439"/><sessioninfo id="it.polimi.constraints.transitions.LabeledPluggingTransitionTest testLabeledPluggingGetColor" start="1454787382441" dump="1454787382442"/><sessioninfo id="" start="1454787382446" dump="1454787382453"/><sessioninfo id="it.polimi.constraints.reachability.ReachabilityEntryTest testToString" start="1454787382456" dump="1454787382459"/><sessioninfo id="" start="1454787382462" dump="1454787382462"/><sessioninfo id="it.polimi.constraints.reachability.ReachabilityEntryTest testGetIncomingTransition" start="1454787382466" dump="1454787382467"/><sessioninfo id="" start="1454787382470" dump="1454787382471"/><sessioninfo id="it.polimi.constraints.reachability.ReachabilityEntryTest testGetOutgoingTransition" start="1454787382475" dump="1454787382475"/><sessioninfo id="" start="1454787382480" dump="1454787382480"/><sessioninfo id="it.polimi.constraints.reachability.ReachabilityEntryTest testReachabilityEntryNullOutgoing" start="1454787382484" dump="1454787382485"/><sessioninfo id="" start="1454787382489" dump="1454787382490"/><sessioninfo id="it.polimi.constraints.reachability.ReachabilityEntryTest testReachabilityEntry" start="1454787382493" dump="1454787382494"/><sessioninfo id="" start="1454787382497" dump="1454787382498"/><sessioninfo id="it.polimi.constraints.reachability.ReachabilityEntryTest testReachabilityEntryNullIncoming" start="1454787382502" dump="1454787382503"/><sessioninfo id="" start="1454787382507" dump="1454787382507"/><sessioninfo id="it.polimi.constraints.reachability.ReachabilityEntryTest testGetIncomingTransitionIllegalIncoming" start="1454787382510" dump="1454787382511"/><sessioninfo id="" start="1454787382514" dump="1454787382515"/><sessioninfo id="it.polimi.constraints.reachability.ReachabilityEntryTest testGetIncomingTransitionIllegalOutgoing" start="1454787382517" dump="1454787382518"/><sessioninfo id="" start="1454787382521" dump="1454787382522"/><sessioninfo id="it.polimi.constraints.reachability.ReachabilityEntryTest testIsModelAccepting" start="1454787382525" dump="1454787382526"/><sessioninfo id="" start="1454787382528" dump="1454787382529"/><sessioninfo id="it.polimi.constraints.reachability.ReachabilityEntryTest testIsClaimAccepting" start="1454787382531" dump="1454787382532"/><sessioninfo id="" start="1454787382535" dump="1454787382550"/><sessioninfo id="it.polimi.constraints.components.SubPropertyTest testHashCode" start="1454787382553" dump="1454787382554"/><sessioninfo id="" start="1454787382558" dump="1454787382559"/><sessioninfo id="it.polimi.constraints.components.SubPropertyTest testGetAutomaton" start="1454787382563" dump="1454787382563"/><sessioninfo id="" start="1454787382566" dump="1454787382567"/><sessioninfo id="it.polimi.constraints.components.SubPropertyTest testGetOutgoingTransitions" start="1454787382570" dump="1454787382571"/><sessioninfo id="" start="1454787382575" dump="1454787382575"/><sessioninfo id="it.polimi.constraints.components.SubPropertyTest testAddIncomingTransition" start="1454787382579" dump="1454787382581"/><sessioninfo id="" start="1454787382584" dump="1454787382585"/><sessioninfo id="it.polimi.constraints.components.SubPropertyTest testGetIncomingTransitions" start="1454787382589" dump="1454787382589"/><sessioninfo id="" start="1454787382594" dump="1454787382594"/><sessioninfo id="it.polimi.constraints.components.SubPropertyTest testSubProperty" start="1454787382596" dump="1454787382597"/><sessioninfo id="" start="1454787382601" dump="1454787382602"/><sessioninfo id="it.polimi.constraints.components.SubPropertyTest testSubPropertyNullBA" start="1454787382606" dump="1454787382606"/><sessioninfo id="" start="1454787382610" dump="1454787382617"/><sessioninfo id="it.polimi.constraints.components.ComponentTest testComponentNullState" start="1454787382621" dump="1454787382623"/><sessioninfo id="" start="1454787382626" dump="1454787382627"/><sessioninfo id="it.polimi.constraints.components.ComponentTest testComponent" start="1454787382631" dump="1454787382631"/><sessioninfo id="" start="1454787382634" dump="1454787382635"/><sessioninfo id="it.polimi.constraints.components.ComponentTest testGetId" start="1454787382638" dump="1454787382638"/><sessioninfo id="" start="1454787382641" dump="1454787382642"/><sessioninfo id="it.polimi.constraints.components.ComponentTest testGetModelState" start="1454787382644" dump="1454787382645"/><sessioninfo id="" start="1454787382649" dump="1454787382649"/><sessioninfo id="it.polimi.constraints.components.ComponentTest testToString" start="1454787382651" dump="1454787382653"/><sessioninfo id="" start="1454787382656" dump="1454787382656"/><sessioninfo id="it.polimi.constraints.components.ComponentTest testEqualsObject" start="1454787382660" dump="1454787382661"/><sessioninfo id="" start="1454787382664" dump="1454787382665"/><sessioninfo id="it.polimi.constraints.components.ComponentTest testHashCode" start="1454787382669" dump="1454787382670"/><sessioninfo id="" start="1454787382674" dump="1454787382683"/><sessioninfo id="it.polimi.constraints.reachability.ReachabilityRelationTest testToString" start="1454787382687" dump="1454787382688"/><sessioninfo id="" start="1454787382692" dump="1454787382692"/><sessioninfo id="it.polimi.constraints.reachability.ReachabilityRelationTest testGet" start="1454787382696" dump="1454787382698"/><sessioninfo id="" start="1454787382702" dump="1454787382703"/><sessioninfo id="it.polimi.constraints.reachability.ReachabilityRelationTest testReachabilityRelation" start="1454787382707" dump="1454787382707"/><sessioninfo id="" start="1454787382711" dump="1454787382712"/><sessioninfo id="it.polimi.constraints.reachability.ReachabilityRelationTest testAddTransitionNullIncoming" start="1454787382716" dump="1454787382716"/><sessioninfo id="" start="1454787382720" dump="1454787382722"/><sessioninfo id="it.polimi.constraints.reachability.ReachabilityRelationTest testAddTransitionNullOutgoing" start="1454787382726" dump="1454787382727"/><sessioninfo id="" start="1454787382729" dump="1454787382730"/><sessioninfo id="it.polimi.constraints.reachability.ReachabilityRelationTest testAddTransitionIllegalOutgoing" start="1454787382733" dump="1454787382734"/><sessioninfo id="" start="1454787382737" dump="1454787382737"/><sessioninfo id="it.polimi.constraints.reachability.ReachabilityRelationTest testAddTransitionIllegalIncoming" start="1454787382740" dump="1454787382740"/><sessioninfo id="" start="1454787382743" dump="1454787382743"/><sessioninfo id="it.polimi.constraints.reachability.ReachabilityRelationTest testAddTransition" start="1454787382746" dump="1454787382746"/><sessioninfo id="" start="1454787382749" dump="1454787382749"/><sessioninfo id="it.polimi.constraints.reachability.ReachabilityRelationTest testGetReachabilityAcceptingMap" start="1454787382752" dump="1454787382752"/><sessioninfo id="it.polimi.constraints.reachability.ReachabilityRelationTest testGetReachabilityAcceptingMap" start="1454787382755" dump="1454787382759"/><sessioninfo id="" start="1454922821588" dump="1454922822276"/><sessioninfo id="it.polimi.constraints.components.SubPropertyTest testSubPropertyNullBA" start="1454922822281" dump="1454922822302"/><sessioninfo id="" start="1454922822305" dump="1454922822306"/><sessioninfo id="it.polimi.constraints.components.SubPropertyTest testSubProperty" start="1454922822309" dump="1454922822372"/><sessioninfo id="" start="1454922822375" dump="1454922822378"/><sessioninfo id="it.polimi.constraints.components.SubPropertyTest testHashCode" start="1454922822381" dump="1454922822382"/><sessioninfo id="" start="1454922822385" dump="1454922822391"/><sessioninfo id="it.polimi.constraints.components.SubPropertyTest testGetAutomaton" start="1454922822395" dump="1454922822396"/><sessioninfo id="" start="1454922822399" dump="1454922822400"/><sessioninfo id="it.polimi.constraints.components.SubPropertyTest testGetOutgoingTransitions" start="1454922822403" dump="1454922822413"/><sessioninfo id="" start="1454922822416" dump="1454922822417"/><sessioninfo id="it.polimi.constraints.components.SubPropertyTest testAddIncomingTransition" start="1454922822419" dump="1454922822420"/><sessioninfo id="" start="1454922822426" dump="1454922822427"/><sessioninfo id="it.polimi.constraints.components.SubPropertyTest testGetIncomingTransitions" start="1454922822431" dump="1454922822432"/><sessioninfo id="" start="1454922822436" dump="1454922822443"/><sessioninfo id="it.polimi.constraints.ConstraintTest testConstraint" start="1454922822446" dump="1454922822463"/><sessioninfo id="" start="1454922822466" dump="1454922822467"/><sessioninfo id="it.polimi.constraints.ConstraintTest testAddSubPropertyNull" start="1454922822472" dump="1454922822473"/><sessioninfo id="" start="1454922822481" dump="1454922822482"/><sessioninfo id="it.polimi.constraints.ConstraintTest testAddSubPropertyIllegalArgument" start="1454922822488" dump="1454922822492"/><sessioninfo id="" start="1454922822496" dump="1454922822497"/><sessioninfo id="it.polimi.constraints.ConstraintTest testAddSubProperty" start="1454922822501" dump="1454922822502"/><sessioninfo id="" start="1454922822506" dump="1454922822507"/><sessioninfo id="it.polimi.constraints.ConstraintTest testGetSubProperties" start="1454922822510" dump="1454922822511"/><sessioninfo id="" start="1454922822515" dump="1454922822516"/><sessioninfo id="it.polimi.constraints.ConstraintTest testGetSubProperty" start="1454922822519" dump="1454922822521"/><sessioninfo id="" start="1454922822524" dump="1454922822525"/><sessioninfo id="it.polimi.constraints.ConstraintTest testGetSubPropertyNullState" start="1454922822528" dump="1454922822529"/><sessioninfo id="" start="1454922822532" dump="1454922822533"/><sessioninfo id="it.polimi.constraints.ConstraintTest testGetSubPropertyIllegalState" start="1454922822537" dump="1454922822538"/><sessioninfo id="" start="1454922822542" dump="1454922822543"/><sessioninfo id="it.polimi.constraints.ConstraintTest testGetConstrainedStates" start="1454922822546" dump="1454922822550"/><sessioninfo id="" start="1454922822553" dump="1454922822557"/><sessioninfo id="it.polimi.constraints.transitions.LabeledPluggingTransitionTest testToString" start="1454922822561" dump="1454922822567"/><sessioninfo id="" start="1454922822571" dump="1454922822572"/><sessioninfo id="it.polimi.constraints.transitions.LabeledPluggingTransitionTest testLabeledPluggingTransitionConstructor" start="1454922822575" dump="1454922822577"/><sessioninfo id="" start="1454922822580" dump="1454922822581"/><sessioninfo id="it.polimi.constraints.transitions.LabeledPluggingTransitionTest testLabeledPluggingTransition" start="1454922822585" dump="1454922822586"/><sessioninfo id="" start="1454922822592" dump="1454922822593"/><sessioninfo id="it.polimi.constraints.transitions.LabeledPluggingTransitionTest testLabeledPluggingGetColor" start="1454922822597" dump="1454922822598"/><sessioninfo id="" start="1454922822602" dump="1454922822611"/><sessioninfo id="it.polimi.constraints.components.ReplacementTest testReplacement" start="1454922822619" dump="1454922822622"/><sessioninfo id="" start="1454922822626" dump="1454922822627"/><sessioninfo id="it.polimi.constraints.components.ReplacementTest testReplacement1" start="1454922822632" dump="1454922822633"/><sessioninfo id="" start="1454922822637" dump="1454922822638"/><sessioninfo id="it.polimi.constraints.components.ReplacementTest testReplacement2" start="1454922822643" dump="1454922822644"/><sessioninfo id="" start="1454922822648" dump="1454922822649"/><sessioninfo id="it.polimi.constraints.components.ReplacementTest testReplacement3" start="1454922822654" dump="1454922822654"/><sessioninfo id="" start="1454922822658" dump="1454922822659"/><sessioninfo id="it.polimi.constraints.components.ReplacementTest testReplacement4" start="1454922822662" dump="1454922822663"/><sessioninfo id="" start="1454922822672" dump="1454922822673"/><sessioninfo id="it.polimi.constraints.components.ReplacementTest testGetAutomaton" start="1454922822677" dump="1454922822678"/><sessioninfo id="" start="1454922822681" dump="1454922822682"/><sessioninfo id="it.polimi.constraints.components.ReplacementTest testAddOutgoingTransition" start="1454922822687" dump="1454922822769"/><sessioninfo id="" start="1454922822773" dump="1454922822774"/><sessioninfo id="it.polimi.constraints.components.ReplacementTest testGetOutgoingTransitions" start="1454922822779" dump="1454922822780"/><sessioninfo id="" start="1454922822784" dump="1454922822785"/><sessioninfo id="it.polimi.constraints.components.ReplacementTest testHasOutgoingTransition" start="1454922822789" dump="1454922822790"/><sessioninfo id="" start="1454922822794" dump="1454922822795"/><sessioninfo id="it.polimi.constraints.components.ReplacementTest testAddIncomingTransition" start="1454922822799" dump="1454922822800"/><sessioninfo id="" start="1454922822804" dump="1454922822805"/><sessioninfo id="it.polimi.constraints.components.ReplacementTest testGetIncomingTransitions" start="1454922822809" dump="1454922822810"/><sessioninfo id="" start="1454922822814" dump="1454922822815"/><sessioninfo id="it.polimi.constraints.components.ReplacementTest testGetIncomingTransitionsStateSetOfIGraphProposition" start="1454922822819" dump="1454922822819"/><sessioninfo id="" start="1454922822823" dump="1454922822824"/><sessioninfo id="it.polimi.constraints.components.ReplacementTest testHasIncomingTransition" start="1454922822827" dump="1454922822827"/><sessioninfo id="" start="1454922822831" dump="1454922822832"/><sessioninfo id="it.polimi.constraints.components.ReplacementTest testRemovePluggingOutgoingTransition" start="1454922822836" dump="1454922822837"/><sessioninfo id="" start="1454922822841" dump="1454922822842"/><sessioninfo id="it.polimi.constraints.components.ReplacementTest testRemovePluggingIncomingTransition" start="1454922822846" dump="1454922822847"/><sessioninfo id="" start="1454922822851" dump="1454922822851"/><sessioninfo id="it.polimi.constraints.components.ReplacementTest testRemovePluggingTransitionNull" start="1454922822854" dump="1454922822855"/><sessioninfo id="" start="1454922822859" dump="1454922822860"/><sessioninfo id="it.polimi.constraints.components.ReplacementTest testRemovePluggingIllegalTransition" start="1454922822863" dump="1454922822864"/><sessioninfo id="" start="1454922822868" dump="1454922822868"/><sessioninfo id="it.polimi.constraints.components.ReplacementTest testGetOutgoingTransitionsStateStateSetOfIGraphProposition" start="1454922822872" dump="1454922822873"/><sessioninfo id="" start="1454922822876" dump="1454922822886"/><sessioninfo id="it.polimi.constraints.utils.InjectorShouldTest throwAnExceptionIfThePredecessorOfTheIncomingTransitionWasNotAPredecessorOfTheBlackBoxState" start="1454922822891" dump="1454922822906"/><sessioninfo id="" start="1454922822911" dump="1454922822911"/><sessioninfo id="it.polimi.constraints.utils.InjectorShouldTest notRemoveStatesFromTheIBA" start="1454922822917" dump="1454922822923"/><sessioninfo id="" start="1454922822928" dump="1454922822929"/><sessioninfo id="it.polimi.constraints.utils.InjectorShouldTest notRemoveBlackBoxStatesFromTheIBA" start="1454922822933" dump="1454922822937"/><sessioninfo id="" start="1454922822941" dump="1454922822941"/><sessioninfo id="it.polimi.constraints.utils.InjectorShouldTest notRemoveAcceptingStatesFromTheIBA" start="1454922822945" dump="1454922822948"/><sessioninfo id="" start="1454922822953" dump="1454922822954"/><sessioninfo id="it.polimi.constraints.utils.InjectorShouldTest notRemoveInitialStatesFromTheIBA" start="1454922822961" dump="1454922822964"/><sessioninfo id="" start="1454922822968" dump="1454922822968"/><sessioninfo id="it.polimi.constraints.utils.InjectorShouldTest insertTheReplacementStatesIntoTheIBA" start="1454922822972" dump="1454922822974"/><sessioninfo id="" start="1454922822981" dump="1454922822982"/><sessioninfo id="it.polimi.constraints.utils.InjectorShouldTest insertTheBlackBoxReplacementStatesIntoTheIBA" start="1454922822986" dump="1454922822988"/><sessioninfo id="" start="1454922822992" dump="1454922822993"/><sessioninfo id="it.polimi.constraints.utils.InjectorShouldTest notRemoveTheInitialStatesOfTheReplacement" start="1454922822996" dump="1454922822998"/><sessioninfo id="" start="1454922823003" dump="1454922823003"/><sessioninfo id="it.polimi.constraints.utils.InjectorShouldTest notAddOtherAcceTheInitialReplacementStatesIntoTheIBA" start="1454922823008" dump="1454922823010"/><sessioninfo id="" start="1454922823016" dump="1454922823016"/><sessioninfo id="it.polimi.constraints.utils.InjectorShouldTest throwAnExceptionIfThePredecessorOfTheOutgoingTransitionWasNotAPredecessorOfTheBlackBoxState" start="1454922823021" dump="1454922823023"/><sessioninfo id="" start="1454922823026" dump="1454922823027"/><sessioninfo id="it.polimi.constraints.utils.InjectorShouldTest insertTheAcceptingReplacementStatesIntoTheIBA" start="1454922823033" dump="1454922823035"/><sessioninfo id="" start="1454922823039" dump="1454922823039"/><sessioninfo id="it.polimi.constraints.utils.InjectorShouldTest insertTheReplacementTransitionsIntoTheIBA" start="1454922823043" dump="1454922823046"/><sessioninfo id="" start="1454922823049" dump="1454922823052"/><sessioninfo id="it.polimi.constraints.utils.InjectorShouldTest injectTheIncomingTransitionsOfTheReplacement" start="1454922823056" dump="1454922823058"/><sessioninfo id="" start="1454922823062" dump="1454922823063"/><sessioninfo id="it.polimi.constraints.utils.InjectorShouldTest injectTheOutgoingTransitionsOfTheReplacement" start="1454922823067" dump="1454922823069"/><sessioninfo id="" start="1454922823073" dump="1454922823081"/><sessioninfo id="it.polimi.constraints.transitions.PluggingTransitionTest testToString" start="1454922823085" dump="1454922823086"/><sessioninfo id="" start="1454922823090" dump="1454922823091"/><sessioninfo id="it.polimi.constraints.transitions.PluggingTransitionTest testEqualsObject" start="1454922823095" dump="1454922823095"/><sessioninfo id="" start="1454922823099" dump="1454922823100"/><sessioninfo id="it.polimi.constraints.transitions.PluggingTransitionTest testHashCode" start="1454922823104" dump="1454922823105"/><sessioninfo id="" start="1454922823108" dump="1454922823108"/><sessioninfo id="it.polimi.constraints.transitions.PluggingTransitionTest testPluggingTransitionNullTransition" start="1454922823113" dump="1454922823114"/><sessioninfo id="" start="1454922823119" dump="1454922823119"/><sessioninfo id="it.polimi.constraints.transitions.PluggingTransitionTest testPluggingTransitionNullDestinationState" start="1454922823123" dump="1454922823124"/><sessioninfo id="" start="1454922823127" dump="1454922823127"/><sessioninfo id="it.polimi.constraints.transitions.PluggingTransitionTest testPluggingTransitionNullSourceState" start="1454922823132" dump="1454922823133"/><sessioninfo id="" start="1454922823137" dump="1454922823138"/><sessioninfo id="it.polimi.constraints.transitions.PluggingTransitionTest testPluggingTransition" start="1454922823142" dump="1454922823143"/><sessioninfo id="" start="1454922823147" dump="1454922823147"/><sessioninfo id="it.polimi.constraints.transitions.PluggingTransitionTest testGetSource" start="1454922823151" dump="1454922823152"/><sessioninfo id="" start="1454922823156" dump="1454922823156"/><sessioninfo id="it.polimi.constraints.transitions.PluggingTransitionTest testGetDestination" start="1454922823160" dump="1454922823161"/><sessioninfo id="" start="1454922823165" dump="1454922823165"/><sessioninfo id="it.polimi.constraints.transitions.PluggingTransitionTest testGetTransition" start="1454922823169" dump="1454922823170"/><sessioninfo id="" start="1454922823174" dump="1454922823174"/><sessioninfo id="it.polimi.constraints.transitions.PluggingTransitionTest testIsIncomingTrue" start="1454922823178" dump="1454922823179"/><sessioninfo id="" start="1454922823182" dump="1454922823183"/><sessioninfo id="it.polimi.constraints.transitions.PluggingTransitionTest testIsIncomingFalse" start="1454922823186" dump="1454922823187"/><sessioninfo id="" start="1454922823190" dump="1454922823191"/><sessioninfo id="it.polimi.constraints.transitions.PluggingTransitionTest testEquals" start="1454922823193" dump="1454922823194"/><sessioninfo id="" start="1454922823198" dump="1454922823199"/><sessioninfo id="it.polimi.constraints.transitions.PluggingTransitionTest testEqualHashCode" start="1454922823202" dump="1454922823203"/><sessioninfo id="" start="1454922823206" dump="1454922823207"/><sessioninfo id="it.polimi.constraints.transitions.PluggingTransitionTest testEqualHashCode2" start="1454922823210" dump="1454922823211"/><sessioninfo id="" start="1454922823215" dump="1454922823216"/><sessioninfo id="it.polimi.constraints.transitions.PluggingTransitionTest testEqualHashCode3" start="1454922823218" dump="1454922823220"/><sessioninfo id="" start="1454922823223" dump="1454922823223"/><sessioninfo id="it.polimi.constraints.transitions.PluggingTransitionTest testEqualHashCode4" start="1454922823227" dump="1454922823228"/><sessioninfo id="" start="1454922823232" dump="1454922823232"/><sessioninfo id="it.polimi.constraints.transitions.PluggingTransitionTest testEqualHashCode5" start="1454922823236" dump="1454922823237"/><sessioninfo id="" start="1454922823241" dump="1454922823241"/><sessioninfo id="it.polimi.constraints.transitions.PluggingTransitionTest testEqualHashCode6" start="1454922823244" dump="1454922823245"/><sessioninfo id="" start="1454922823249" dump="1454922823250"/><sessioninfo id="it.polimi.constraints.transitions.PluggingTransitionTest testEqualHashCode7" start="1454922823253" dump="1454922823254"/><sessioninfo id="" start="1454922823261" dump="1454922823261"/><sessioninfo id="it.polimi.constraints.transitions.PluggingTransitionTest testEqualHashCode8" start="1454922823265" dump="1454922823266"/><sessioninfo id="" start="1454922823269" dump="1454922823269"/><sessioninfo id="it.polimi.constraints.transitions.PluggingTransitionTest testEqualHashCode9" start="1454922823272" dump="1454922823273"/><sessioninfo id="" start="1454922823275" dump="1454922823280"/><sessioninfo id="it.polimi.constraints.reachability.ReachabilityEntryTest testToString" start="1454922823283" dump="1454922823286"/><sessioninfo id="" start="1454922823289" dump="1454922823290"/><sessioninfo id="it.polimi.constraints.reachability.ReachabilityEntryTest testGetIncomingTransition" start="1454922823292" dump="1454922823293"/><sessioninfo id="" start="1454922823296" dump="1454922823297"/><sessioninfo id="it.polimi.constraints.reachability.ReachabilityEntryTest testGetOutgoingTransition" start="1454922823299" dump="1454922823300"/><sessioninfo id="" start="1454922823304" dump="1454922823304"/><sessioninfo id="it.polimi.constraints.reachability.ReachabilityEntryTest testReachabilityEntry" start="1454922823308" dump="1454922823308"/><sessioninfo id="" start="1454922823315" dump="1454922823316"/><sessioninfo id="it.polimi.constraints.reachability.ReachabilityEntryTest testReachabilityEntryNullOutgoing" start="1454922823319" dump="1454922823320"/><sessioninfo id="" start="1454922823324" dump="1454922823325"/><sessioninfo id="it.polimi.constraints.reachability.ReachabilityEntryTest testReachabilityEntryNullIncoming" start="1454922823328" dump="1454922823329"/><sessioninfo id="" start="1454922823333" dump="1454922823334"/><sessioninfo id="it.polimi.constraints.reachability.ReachabilityEntryTest testGetIncomingTransitionIllegalIncoming" start="1454922823338" dump="1454922823339"/><sessioninfo id="" start="1454922823342" dump="1454922823343"/><sessioninfo id="it.polimi.constraints.reachability.ReachabilityEntryTest testGetIncomingTransitionIllegalOutgoing" start="1454922823347" dump="1454922823347"/><sessioninfo id="" start="1454922823350" dump="1454922823351"/><sessioninfo id="it.polimi.constraints.reachability.ReachabilityEntryTest testIsModelAccepting" start="1454922823354" dump="1454922823355"/><sessioninfo id="" start="1454922823358" dump="1454922823359"/><sessioninfo id="it.polimi.constraints.reachability.ReachabilityEntryTest testIsClaimAccepting" start="1454922823362" dump="1454922823362"/><sessioninfo id="" start="1454922823365" dump="1454922823368"/><sessioninfo id="it.polimi.constraints.components.ComponentTest testComponentNullState" start="1454922823371" dump="1454922823372"/><sessioninfo id="" start="1454922823376" dump="1454922823377"/><sessioninfo id="it.polimi.constraints.components.ComponentTest testComponent" start="1454922823381" dump="1454922823382"/><sessioninfo id="" start="1454922823384" dump="1454922823385"/><sessioninfo id="it.polimi.constraints.components.ComponentTest testGetId" start="1454922823389" dump="1454922823389"/><sessioninfo id="" start="1454922823393" dump="1454922823394"/><sessioninfo id="it.polimi.constraints.components.ComponentTest testGetModelState" start="1454922823396" dump="1454922823397"/><sessioninfo id="" start="1454922823399" dump="1454922823400"/><sessioninfo id="it.polimi.constraints.components.ComponentTest testToString" start="1454922823404" dump="1454922823405"/><sessioninfo id="" start="1454922823408" dump="1454922823409"/><sessioninfo id="it.polimi.constraints.components.ComponentTest testEqualsObject" start="1454922823413" dump="1454922823415"/><sessioninfo id="" start="1454922823418" dump="1454922823419"/><sessioninfo id="it.polimi.constraints.components.ComponentTest testHashCode" start="1454922823423" dump="1454922823424"/><sessioninfo id="" start="1454922823426" dump="1454922823430"/><sessioninfo id="it.polimi.constraints.reachability.ReachabilityRelationTest testToString" start="1454922823433" dump="1454922823434"/><sessioninfo id="" start="1454922823437" dump="1454922823438"/><sessioninfo id="it.polimi.constraints.reachability.ReachabilityRelationTest testGet" start="1454922823440" dump="1454922823446"/><sessioninfo id="" start="1454922823448" dump="1454922823449"/><sessioninfo id="it.polimi.constraints.reachability.ReachabilityRelationTest testReachabilityRelation" start="1454922823453" dump="1454922823454"/><sessioninfo id="" start="1454922823458" dump="1454922823458"/><sessioninfo id="it.polimi.constraints.reachability.ReachabilityRelationTest testAddTransitionNullIncoming" start="1454922823463" dump="1454922823464"/><sessioninfo id="" start="1454922823469" dump="1454922823472"/><sessioninfo id="it.polimi.constraints.reachability.ReachabilityRelationTest testAddTransitionNullOutgoing" start="1454922823476" dump="1454922823477"/><sessioninfo id="" start="1454922823480" dump="1454922823480"/><sessioninfo id="it.polimi.constraints.reachability.ReachabilityRelationTest testAddTransitionIllegalOutgoing" start="1454922823484" dump="1454922823485"/><sessioninfo id="" start="1454922823489" dump="1454922823490"/><sessioninfo id="it.polimi.constraints.reachability.ReachabilityRelationTest testAddTransitionIllegalIncoming" start="1454922823493" dump="1454922823494"/><sessioninfo id="" start="1454922823496" dump="1454922823497"/><sessioninfo id="it.polimi.constraints.reachability.ReachabilityRelationTest testAddTransition" start="1454922823500" dump="1454922823501"/><sessioninfo id="" start="1454922823503" dump="1454922823503"/><sessioninfo id="it.polimi.constraints.reachability.ReachabilityRelationTest testGetReachabilityAcceptingMap" start="1454922823506" dump="1454922823506"/><sessioninfo id="it.polimi.constraints.reachability.ReachabilityRelationTest testGetReachabilityAcceptingMap" start="1454922823509" dump="1454922823513"/><sessioninfo id="" start="1454923167604" dump="1454923168291"/><sessioninfo id="it.polimi.constraints.transitions.LabeledPluggingTransitionTest testLabeledPluggingTransition" start="1454923168295" dump="1454923168333"/><sessioninfo id="" start="1454923168336" dump="1454923168337"/><sessioninfo id="it.polimi.constraints.transitions.LabeledPluggingTransitionTest testLabeledPluggingTransitionConstructor" start="1454923168341" dump="1454923168344"/><sessioninfo id="" start="1454923168347" dump="1454923168348"/><sessioninfo id="it.polimi.constraints.transitions.LabeledPluggingTransitionTest testLabeledPluggingGetColor" start="1454923168351" dump="1454923168352"/><sessioninfo id="" start="1454923168355" dump="1454923168356"/><sessioninfo id="it.polimi.constraints.transitions.LabeledPluggingTransitionTest testToString" start="1454923168359" dump="1454923168360"/><sessioninfo id="" start="1454923168363" dump="1454923168373"/><sessioninfo id="it.polimi.constraints.reachability.ReachabilityRelationTest testReachabilityRelation" start="1454923168376" dump="1454923168412"/><sessioninfo id="" start="1454923168415" dump="1454923168416"/><sessioninfo id="it.polimi.constraints.reachability.ReachabilityRelationTest testAddTransitionNullIncoming" start="1454923168419" dump="1454923168422"/><sessioninfo id="" start="1454923168425" dump="1454923168428"/><sessioninfo id="it.polimi.constraints.reachability.ReachabilityRelationTest testGet" start="1454923168433" dump="1454923168503"/><sessioninfo id="" start="1454923168507" dump="1454923168507"/><sessioninfo id="it.polimi.constraints.reachability.ReachabilityRelationTest testAddTransitionNullOutgoing" start="1454923168511" dump="1454923168511"/><sessioninfo id="" start="1454923168514" dump="1454923168515"/><sessioninfo id="it.polimi.constraints.reachability.ReachabilityRelationTest testAddTransitionIllegalOutgoing" start="1454923168518" dump="1454923168519"/><sessioninfo id="" start="1454923168522" dump="1454923168522"/><sessioninfo id="it.polimi.constraints.reachability.ReachabilityRelationTest testAddTransitionIllegalIncoming" start="1454923168525" dump="1454923168526"/><sessioninfo id="" start="1454923168530" dump="1454923168530"/><sessioninfo id="it.polimi.constraints.reachability.ReachabilityRelationTest testAddTransition" start="1454923168533" dump="1454923168534"/><sessioninfo id="" start="1454923168537" dump="1454923168538"/><sessioninfo id="it.polimi.constraints.reachability.ReachabilityRelationTest testGetReachabilityAcceptingMap" start="1454923168543" dump="1454923168544"/><sessioninfo id="" start="1454923168546" dump="1454923168547"/><sessioninfo id="it.polimi.constraints.reachability.ReachabilityRelationTest testToString" start="1454923168550" dump="1454923168551"/><sessioninfo id="" start="1454923168555" dump="1454923168576"/><sessioninfo id="it.polimi.constraints.components.SubPropertyTest testGetAutomaton" start="1454923168579" dump="1454923168610"/><sessioninfo id="" start="1454923168614" dump="1454923168615"/><sessioninfo id="it.polimi.constraints.components.SubPropertyTest testGetOutgoingTransitions" start="1454923168619" dump="1454923168622"/><sessioninfo id="" start="1454923168625" dump="1454923168625"/><sessioninfo id="it.polimi.constraints.components.SubPropertyTest testAddIncomingTransition" start="1454923168629" dump="1454923168629"/><sessioninfo id="" start="1454923168633" dump="1454923168634"/><sessioninfo id="it.polimi.constraints.components.SubPropertyTest testGetIncomingTransitions" start="1454923168636" dump="1454923168637"/><sessioninfo id="" start="1454923168641" dump="1454923168642"/><sessioninfo id="it.polimi.constraints.components.SubPropertyTest testHashCode" start="1454923168645" dump="1454923168646"/><sessioninfo id="" start="1454923168649" dump="1454923168650"/><sessioninfo id="it.polimi.constraints.components.SubPropertyTest testSubProperty" start="1454923168653" dump="1454923168654"/><sessioninfo id="" start="1454923168659" dump="1454923168660"/><sessioninfo id="it.polimi.constraints.components.SubPropertyTest testSubPropertyNullBA" start="1454923168663" dump="1454923168665"/><sessioninfo id="" start="1454923168669" dump="1454923168683"/><sessioninfo id="it.polimi.constraints.transitions.PluggingTransitionTest testToString" start="1454923168687" dump="1454923168688"/><sessioninfo id="" start="1454923168691" dump="1454923168692"/><sessioninfo id="it.polimi.constraints.transitions.PluggingTransitionTest testEqualsObject" start="1454923168696" dump="1454923168697"/><sessioninfo id="" start="1454923168701" dump="1454923168702"/><sessioninfo id="it.polimi.constraints.transitions.PluggingTransitionTest testHashCode" start="1454923168705" dump="1454923168706"/><sessioninfo id="" start="1454923168709" dump="1454923168710"/><sessioninfo id="it.polimi.constraints.transitions.PluggingTransitionTest testPluggingTransitionNullTransition" start="1454923168715" dump="1454923168716"/><sessioninfo id="" start="1454923168720" dump="1454923168721"/><sessioninfo id="it.polimi.constraints.transitions.PluggingTransitionTest testPluggingTransitionNullDestinationState" start="1454923168726" dump="1454923168728"/><sessioninfo id="" start="1454923168731" dump="1454923168732"/><sessioninfo id="it.polimi.constraints.transitions.PluggingTransitionTest testPluggingTransitionNullSourceState" start="1454923168737" dump="1454923168739"/><sessioninfo id="" start="1454923168742" dump="1454923168743"/><sessioninfo id="it.polimi.constraints.transitions.PluggingTransitionTest testPluggingTransition" start="1454923168747" dump="1454923168749"/><sessioninfo id="" start="1454923168752" dump="1454923168752"/><sessioninfo id="it.polimi.constraints.transitions.PluggingTransitionTest testGetSource" start="1454923168756" dump="1454923168756"/><sessioninfo id="" start="1454923168760" dump="1454923168761"/><sessioninfo id="it.polimi.constraints.transitions.PluggingTransitionTest testGetDestination" start="1454923168764" dump="1454923168765"/><sessioninfo id="" start="1454923168768" dump="1454923168769"/><sessioninfo id="it.polimi.constraints.transitions.PluggingTransitionTest testGetTransition" start="1454923168773" dump="1454923168773"/><sessioninfo id="" start="1454923168777" dump="1454923168778"/><sessioninfo id="it.polimi.constraints.transitions.PluggingTransitionTest testIsIncomingTrue" start="1454923168782" dump="1454923168782"/><sessioninfo id="" start="1454923168786" dump="1454923168786"/><sessioninfo id="it.polimi.constraints.transitions.PluggingTransitionTest testIsIncomingFalse" start="1454923168790" dump="1454923168790"/><sessioninfo id="" start="1454923168794" dump="1454923168794"/><sessioninfo id="it.polimi.constraints.transitions.PluggingTransitionTest testEquals" start="1454923168798" dump="1454923168799"/><sessioninfo id="" start="1454923168801" dump="1454923168802"/><sessioninfo id="it.polimi.constraints.transitions.PluggingTransitionTest testEqualHashCode" start="1454923168806" dump="1454923168806"/><sessioninfo id="" start="1454923168810" dump="1454923168810"/><sessioninfo id="it.polimi.constraints.transitions.PluggingTransitionTest testEqualHashCode2" start="1454923168814" dump="1454923168815"/><sessioninfo id="" start="1454923168819" dump="1454923168819"/><sessioninfo id="it.polimi.constraints.transitions.PluggingTransitionTest testEqualHashCode3" start="1454923168822" dump="1454923168823"/><sessioninfo id="" start="1454923168826" dump="1454923168827"/><sessioninfo id="it.polimi.constraints.transitions.PluggingTransitionTest testEqualHashCode4" start="1454923168829" dump="1454923168830"/><sessioninfo id="" start="1454923168833" dump="1454923168833"/><sessioninfo id="it.polimi.constraints.transitions.PluggingTransitionTest testEqualHashCode5" start="1454923168836" dump="1454923168837"/><sessioninfo id="" start="1454923168840" dump="1454923168841"/><sessioninfo id="it.polimi.constraints.transitions.PluggingTransitionTest testEqualHashCode6" start="1454923168844" dump="1454923168845"/><sessioninfo id="" start="1454923168848" dump="1454923168848"/><sessioninfo id="it.polimi.constraints.transitions.PluggingTransitionTest testEqualHashCode7" start="1454923168851" dump="1454923168852"/><sessioninfo id="" start="1454923168855" dump="1454923168856"/><sessioninfo id="it.polimi.constraints.transitions.PluggingTransitionTest testEqualHashCode8" start="1454923168859" dump="1454923168860"/><sessioninfo id="" start="1454923168863" dump="1454923168864"/><sessioninfo id="it.polimi.constraints.transitions.PluggingTransitionTest testEqualHashCode9" start="1454923168866" dump="1454923168866"/><sessioninfo id="" start="1454923168870" dump="1454923168874"/><sessioninfo id="it.polimi.constraints.components.ComponentTest testComponentNullState" start="1454923168878" dump="1454923168879"/><sessioninfo id="" start="1454923168883" dump="1454923168883"/><sessioninfo id="it.polimi.constraints.components.ComponentTest testComponent" start="1454923168888" dump="1454923168889"/><sessioninfo id="" start="1454923168893" dump="1454923168893"/><sessioninfo id="it.polimi.constraints.components.ComponentTest testGetId" start="1454923168900" dump="1454923168901"/><sessioninfo id="" start="1454923168905" dump="1454923168907"/><sessioninfo id="it.polimi.constraints.components.ComponentTest testGetModelState" start="1454923168911" dump="1454923168912"/><sessioninfo id="" start="1454923168916" dump="1454923168917"/><sessioninfo id="it.polimi.constraints.components.ComponentTest testToString" start="1454923168922" dump="1454923168923"/><sessioninfo id="" start="1454923168926" dump="1454923168927"/><sessioninfo id="it.polimi.constraints.components.ComponentTest testEqualsObject" start="1454923168931" dump="1454923168934"/><sessioninfo id="" start="1454923168938" dump="1454923168939"/><sessioninfo id="it.polimi.constraints.components.ComponentTest testHashCode" start="1454923168942" dump="1454923168943"/><sessioninfo id="" start="1454923168945" dump="1454923168952"/><sessioninfo id="it.polimi.constraints.reachability.ReachabilityEntryTest testToString" start="1454923168955" dump="1454923168956"/><sessioninfo id="" start="1454923168960" dump="1454923168961"/><sessioninfo id="it.polimi.constraints.reachability.ReachabilityEntryTest testGetIncomingTransition" start="1454923168963" dump="1454923168964"/><sessioninfo id="" start="1454923168968" dump="1454923168968"/><sessioninfo id="it.polimi.constraints.reachability.ReachabilityEntryTest testGetOutgoingTransition" start="1454923168972" dump="1454923168976"/><sessioninfo id="" start="1454923168979" dump="1454923168980"/><sessioninfo id="it.polimi.constraints.reachability.ReachabilityEntryTest testReachabilityEntryNullOutgoing" start="1454923168987" dump="1454923168988"/><sessioninfo id="" start="1454923168992" dump="1454923168993"/><sessioninfo id="it.polimi.constraints.reachability.ReachabilityEntryTest testReachabilityEntry" start="1454923168997" dump="1454923168998"/><sessioninfo id="" start="1454923169001" dump="1454923169002"/><sessioninfo id="it.polimi.constraints.reachability.ReachabilityEntryTest testReachabilityEntryNullIncoming" start="1454923169005" dump="1454923169007"/><sessioninfo id="" start="1454923169010" dump="1454923169011"/><sessioninfo id="it.polimi.constraints.reachability.ReachabilityEntryTest testGetIncomingTransitionIllegalIncoming" start="1454923169015" dump="1454923169017"/><sessioninfo id="" start="1454923169020" dump="1454923169022"/><sessioninfo id="it.polimi.constraints.reachability.ReachabilityEntryTest testGetIncomingTransitionIllegalOutgoing" start="1454923169026" dump="1454923169027"/><sessioninfo id="" start="1454923169030" dump="1454923169031"/><sessioninfo id="it.polimi.constraints.reachability.ReachabilityEntryTest testIsModelAccepting" start="1454923169038" dump="1454923169039"/><sessioninfo id="" start="1454923169042" dump="1454923169043"/><sessioninfo id="it.polimi.constraints.reachability.ReachabilityEntryTest testIsClaimAccepting" start="1454923169046" dump="1454923169046"/><sessioninfo id="" start="1454923169050" dump="1454923169056"/><sessioninfo id="it.polimi.constraints.utils.InjectorShouldTest notRemoveStatesFromTheIBA" start="1454923169060" dump="1454923169084"/><sessioninfo id="" start="1454923169088" dump="1454923169091"/><sessioninfo id="it.polimi.constraints.utils.InjectorShouldTest notRemoveBlackBoxStatesFromTheIBA" start="1454923169094" dump="1454923169097"/><sessioninfo id="" start="1454923169102" dump="1454923169103"/><sessioninfo id="it.polimi.constraints.utils.InjectorShouldTest notRemoveAcceptingStatesFromTheIBA" start="1454923169106" dump="1454923169112"/><sessioninfo id="" start="1454923169116" dump="1454923169117"/><sessioninfo id="it.polimi.constraints.utils.InjectorShouldTest notRemoveInitialStatesFromTheIBA" start="1454923169121" dump="1454923169125"/><sessioninfo id="" start="1454923169128" dump="1454923169129"/><sessioninfo id="it.polimi.constraints.utils.InjectorShouldTest insertTheReplacementStatesIntoTheIBA" start="1454923169133" dump="1454923169136"/><sessioninfo id="" start="1454923169140" dump="1454923169140"/><sessioninfo id="it.polimi.constraints.utils.InjectorShouldTest insertTheBlackBoxReplacementStatesIntoTheIBA" start="1454923169144" dump="1454923169146"/><sessioninfo id="" start="1454923169150" dump="1454923169150"/><sessioninfo id="it.polimi.constraints.utils.InjectorShouldTest notRemoveTheInitialStatesOfTheReplacement" start="1454923169154" dump="1454923169156"/><sessioninfo id="" start="1454923169160" dump="1454923169160"/><sessioninfo id="it.polimi.constraints.utils.InjectorShouldTest notAddOtherAcceTheInitialReplacementStatesIntoTheIBA" start="1454923169166" dump="1454923169168"/><sessioninfo id="" start="1454923169172" dump="1454923169172"/><sessioninfo id="it.polimi.constraints.utils.InjectorShouldTest throwAnExceptionIfThePredecessorOfTheIncomingTransitionWasNotAPredecessorOfTheBlackBoxState" start="1454923169176" dump="1454923169178"/><sessioninfo id="" start="1454923169181" dump="1454923169182"/><sessioninfo id="it.polimi.constraints.utils.InjectorShouldTest throwAnExceptionIfThePredecessorOfTheOutgoingTransitionWasNotAPredecessorOfTheBlackBoxState" start="1454923169185" dump="1454923169187"/><sessioninfo id="" start="1454923169190" dump="1454923169190"/><sessioninfo id="it.polimi.constraints.utils.InjectorShouldTest insertTheAcceptingReplacementStatesIntoTheIBA" start="1454923169194" dump="1454923169197"/><sessioninfo id="" start="1454923169200" dump="1454923169201"/><sessioninfo id="it.polimi.constraints.utils.InjectorShouldTest insertTheReplacementTransitionsIntoTheIBA" start="1454923169204" dump="1454923169206"/><sessioninfo id="" start="1454923169209" dump="1454923169210"/><sessioninfo id="it.polimi.constraints.utils.InjectorShouldTest injectTheIncomingTransitionsOfTheReplacement" start="1454923169214" dump="1454923169216"/><sessioninfo id="" start="1454923169220" dump="1454923169221"/><sessioninfo id="it.polimi.constraints.utils.InjectorShouldTest injectTheOutgoingTransitionsOfTheReplacement" start="1454923169225" dump="1454923169227"/><sessioninfo id="" start="1454923169231" dump="1454923169238"/><sessioninfo id="it.polimi.constraints.components.ReplacementTest testAddOutgoingTransition" start="1454923169242" dump="1454923169249"/><sessioninfo id="" start="1454923169255" dump="1454923169256"/><sessioninfo id="it.polimi.constraints.components.ReplacementTest testReplacement" start="1454923169259" dump="1454923169260"/><sessioninfo id="" start="1454923169264" dump="1454923169265"/><sessioninfo id="it.polimi.constraints.components.ReplacementTest testReplacement1" start="1454923169275" dump="1454923169276"/><sessioninfo id="" start="1454923169281" dump="1454923169282"/><sessioninfo id="it.polimi.constraints.components.ReplacementTest testReplacement2" start="1454923169286" dump="1454923169287"/><sessioninfo id="" start="1454923169291" dump="1454923169292"/><sessioninfo id="it.polimi.constraints.components.ReplacementTest testReplacement3" start="1454923169296" dump="1454923169297"/><sessioninfo id="" start="1454923169300" dump="1454923169301"/><sessioninfo id="it.polimi.constraints.components.ReplacementTest testReplacement4" start="1454923169305" dump="1454923169306"/><sessioninfo id="" start="1454923169309" dump="1454923169310"/><sessioninfo id="it.polimi.constraints.components.ReplacementTest testGetAutomaton" start="1454923169313" dump="1454923169314"/><sessioninfo id="" start="1454923169318" dump="1454923169318"/><sessioninfo id="it.polimi.constraints.components.ReplacementTest testGetOutgoingTransitions" start="1454923169322" dump="1454923169322"/><sessioninfo id="" start="1454923169326" dump="1454923169327"/><sessioninfo id="it.polimi.constraints.components.ReplacementTest testGetOutgoingTransitionsStateStateSetOfIGraphProposition" start="1454923169330" dump="1454923169331"/><sessioninfo id="" start="1454923169335" dump="1454923169336"/><sessioninfo id="it.polimi.constraints.components.ReplacementTest testHasOutgoingTransition" start="1454923169339" dump="1454923169340"/><sessioninfo id="" start="1454923169343" dump="1454923169344"/><sessioninfo id="it.polimi.constraints.components.ReplacementTest testAddIncomingTransition" start="1454923169347" dump="1454923169348"/><sessioninfo id="" start="1454923169352" dump="1454923169352"/><sessioninfo id="it.polimi.constraints.components.ReplacementTest testGetIncomingTransitions" start="1454923169356" dump="1454923169357"/><sessioninfo id="" start="1454923169361" dump="1454923169361"/><sessioninfo id="it.polimi.constraints.components.ReplacementTest testGetIncomingTransitionsStateSetOfIGraphProposition" start="1454923169365" dump="1454923169365"/><sessioninfo id="" start="1454923169369" dump="1454923169370"/><sessioninfo id="it.polimi.constraints.components.ReplacementTest testHasIncomingTransition" start="1454923169373" dump="1454923169374"/><sessioninfo id="" start="1454923169377" dump="1454923169378"/><sessioninfo id="it.polimi.constraints.components.ReplacementTest testRemovePluggingOutgoingTransition" start="1454923169381" dump="1454923169383"/><sessioninfo id="" start="1454923169386" dump="1454923169386"/><sessioninfo id="it.polimi.constraints.components.ReplacementTest testRemovePluggingIncomingTransition" start="1454923169391" dump="1454923169392"/><sessioninfo id="" start="1454923169395" dump="1454923169396"/><sessioninfo id="it.polimi.constraints.components.ReplacementTest testRemovePluggingTransitionNull" start="1454923169400" dump="1454923169401"/><sessioninfo id="" start="1454923169404" dump="1454923169405"/><sessioninfo id="it.polimi.constraints.components.ReplacementTest testRemovePluggingIllegalTransition" start="1454923169408" dump="1454923169409"/><sessioninfo id="" start="1454923169413" dump="1454923169416"/><sessioninfo id="it.polimi.constraints.ConstraintTest testConstraint" start="1454923169419" dump="1454923169430"/><sessioninfo id="" start="1454923169435" dump="1454923169435"/><sessioninfo id="it.polimi.constraints.ConstraintTest testAddSubPropertyNull" start="1454923169439" dump="1454923169440"/><sessioninfo id="" start="1454923169443" dump="1454923169444"/><sessioninfo id="it.polimi.constraints.ConstraintTest testAddSubPropertyIllegalArgument" start="1454923169448" dump="1454923169460"/><sessioninfo id="" start="1454923169465" dump="1454923169465"/><sessioninfo id="it.polimi.constraints.ConstraintTest testAddSubProperty" start="1454923169468" dump="1454923169469"/><sessioninfo id="" start="1454923169472" dump="1454923169474"/><sessioninfo id="it.polimi.constraints.ConstraintTest testGetSubProperties" start="1454923169478" dump="1454923169478"/><sessioninfo id="" start="1454923169482" dump="1454923169483"/><sessioninfo id="it.polimi.constraints.ConstraintTest testGetSubProperty" start="1454923169487" dump="1454923169489"/><sessioninfo id="" start="1454923169493" dump="1454923169493"/><sessioninfo id="it.polimi.constraints.ConstraintTest testGetSubPropertyNullState" start="1454923169497" dump="1454923169498"/><sessioninfo id="" start="1454923169504" dump="1454923169504"/><sessioninfo id="it.polimi.constraints.ConstraintTest testGetSubPropertyIllegalState" start="1454923169508" dump="1454923169509"/><sessioninfo id="" start="1454923169512" dump="1454923169512"/><sessioninfo id="it.polimi.constraints.ConstraintTest testGetConstrainedStates" start="1454923169516" dump="1454923169523"/><sessioninfo id="it.polimi.constraints.ConstraintTest testGetConstrainedStates" start="1454923169527" dump="1454923169532"/><package name="it/polimi/constraints/utils"><class name="it/polimi/constraints/utils/Injector"><method name="&lt;init&gt;" desc="(Lit/polimi/automata/IBA;Lit/polimi/constraints/components/Replacement;)V" line="52"><counter type="INSTRUCTION" missed="0" covered="77"/><counter type="BRANCH" missed="0" covered="8"/><counter type="LINE" missed="0" covered="25"/><counter type="COMPLEXITY" missed="0" covered="5"/><counter type="METHOD" missed="0" covered="1"/></method><method name="perform" desc="()Lit/polimi/automata/IBA;" line="94"><counter type="INSTRUCTION" missed="0" covered="24"/><counter type="LINE" missed="0" covered="7"/><counter type="COMPLEXITY" missed="0" covered="1"/><counter type="METHOD" missed="0" covered="1"/></method><method name="addIncomingTransitions" desc="(Lit/polimi/automata/IBA;)V" line="114"><counter type="INSTRUCTION" missed="0" covered="26"/><counter type="BRANCH" missed="0" covered="2"/><counter type="LINE" missed="0" covered="7"/><counter type="COMPLEXITY" missed="0" covered="2"/><counter type="METHOD" missed="0" covered="1"/></method><method name="addOutgoingTransitions" desc="(Lit/polimi/automata/IBA;)V" line="135"><counter type="INSTRUCTION" missed="0" covered="26"/><counter type="BRANCH" missed="0" covered="2"/><counter type="LINE" missed="0" covered="7"/><counter type="COMPLEXITY" missed="0" covered="2"/><counter type="METHOD" missed="0" covered="1"/></method><method name="injectTheAutomaton" desc="(Lit/polimi/automata/IBA;Lit/polimi/automata/IBA;)V" line="155"><counter type="INSTRUCTION" missed="0" covered="105"/><counter type="BRANCH" missed="0" covered="12"/><counter type="LINE" missed="0" covered="18"/><counter type="COMPLEXITY" missed="0" covered="7"/><counter type="METHOD" missed="0" covered="1"/></method><counter type="INSTRUCTION" missed="0" covered="258"/><counter type="BRANCH" missed="0" covered="24"/><counter type="LINE" missed="0" covered="64"/><counter type="COMPLEXITY" missed="0" covered="17"/><counter type="METHOD" missed="0" covered="5"/><counter type="CLASS" missed="0" covered="1"/></class><sourcefile name="Injector.java"><line nr="52" mi="0" ci="3" mb="0" cb="0"/><line nr="53" mi="0" ci="3" mb="0" cb="0"/><line nr="54" mi="0" ci="1" mb="0" cb="0"/><line nr="55" mi="0" ci="3" mb="0" cb="0"/><line nr="56" mi="0" ci="1" mb="0" cb="0"/><line nr="58" mi="0" ci="1" mb="0" cb="0"/><line nr="59" mi="0" ci="3" mb="0" cb="0"/><line nr="60" mi="0" ci="2" mb="0" cb="0"/><line nr="61" mi="0" ci="1" mb="0" cb="0"/><line nr="62" mi="0" ci="3" mb="0" cb="0"/><line nr="64" mi="0" ci="4" mb="0" cb="2"/><line nr="65" mi="0" ci="8" mb="0" cb="0"/><line nr="66" mi="0" ci="4" mb="0" cb="0"/><line nr="67" mi="0" ci="3" mb="0" cb="2"/><line nr="68" mi="0" ci="4" mb="0" cb="0"/><line nr="69" mi="0" ci="1" mb="0" cb="0"/><line nr="73" mi="0" ci="4" mb="0" cb="2"/><line nr="74" mi="0" ci="8" mb="0" cb="0"/><line nr="75" mi="0" ci="4" mb="0" cb="0"/><line nr="76" mi="0" ci="3" mb="0" cb="2"/><line nr="77" mi="0" ci="4" mb="0" cb="0"/><line nr="78" mi="0" ci="1" mb="0" cb="0"/><line nr="82" mi="0" ci="4" mb="0" cb="0"/><line nr="83" mi="0" ci="3" mb="0" cb="0"/><line nr="84" mi="0" ci="1" mb="0" cb="0"/><line nr="94" mi="0" ci="3" mb="0" cb="0"/><line nr="96" mi="0" ci="4" mb="0" cb="0"/><line nr="97" mi="0" ci="4" mb="0" cb="0"/><line nr="98" mi="0" ci="5" mb="0" cb="0"/><line nr="99" mi="0" ci="3" mb="0" cb="0"/><line nr="100" mi="0" ci="3" mb="0" cb="0"/><line nr="101" mi="0" ci="2" mb="0" cb="0"/><line nr="114" mi="0" ci="4" mb="0" cb="0"/><line nr="117" mi="0" ci="5" mb="0" cb="2"/><line nr="118" mi="0" ci="8" mb="0" cb="0"/><line nr="119" mi="0" ci="4" mb="0" cb="0"/><line nr="120" mi="0" ci="2" mb="0" cb="0"/><line nr="121" mi="0" ci="2" mb="0" cb="0"/><line nr="123" mi="0" ci="1" mb="0" cb="0"/><line nr="135" mi="0" ci="4" mb="0" cb="0"/><line nr="137" mi="0" ci="5" mb="0" cb="2"/><line nr="138" mi="0" ci="8" mb="0" cb="0"/><line nr="139" mi="0" ci="4" mb="0" cb="0"/><line nr="140" mi="0" ci="2" mb="0" cb="0"/><line nr="141" mi="0" ci="2" mb="0" cb="0"/><line nr="143" mi="0" ci="1" mb="0" cb="0"/><line nr="155" mi="0" ci="3" mb="0" cb="0"/><line nr="156" mi="0" ci="1" mb="0" cb="0"/><line nr="157" mi="0" ci="3" mb="0" cb="0"/><line nr="158" mi="0" ci="1" mb="0" cb="0"/><line nr="160" mi="0" ci="12" mb="0" cb="2"/><line nr="161" mi="0" ci="3" mb="0" cb="0"/><line nr="163" mi="0" ci="12" mb="0" cb="2"/><line nr="164" mi="0" ci="3" mb="0" cb="0"/><line nr="166" mi="0" ci="12" mb="0" cb="2"/><line nr="167" mi="0" ci="3" mb="0" cb="0"/><line nr="169" mi="0" ci="12" mb="0" cb="2"/><line nr="170" mi="0" ci="3" mb="0" cb="0"/><line nr="172" mi="0" ci="12" mb="0" cb="2"/><line nr="173" mi="0" ci="3" mb="0" cb="0"/><line nr="177" mi="0" ci="12" mb="0" cb="2"/><line nr="178" mi="0" ci="5" mb="0" cb="0"/><line nr="179" mi="0" ci="4" mb="0" cb="0"/><line nr="181" mi="0" ci="1" mb="0" cb="0"/><counter type="INSTRUCTION" missed="0" covered="258"/><counter type="BRANCH" missed="0" covered="24"/><counter type="LINE" missed="0" covered="64"/><counter type="COMPLEXITY" missed="0" covered="17"/><counter type="METHOD" missed="0" covered="5"/><counter type="CLASS" missed="0" covered="1"/></sourcefile><counter type="INSTRUCTION" missed="0" covered="258"/><counter type="BRANCH" missed="0" covered="24"/><counter type="LINE" missed="0" covered="64"/><counter type="COMPLEXITY" missed="0" covered="17"/><counter type="METHOD" missed="0" covered="5"/><counter type="CLASS" missed="0" covered="1"/></package><package name="it/polimi/constraints"><class name="it/polimi/constraints/Constraint"><method name="&lt;init&gt;" desc="()V" line="44"><counter type="INSTRUCTION" missed="0" covered="11"/><counter type="LINE" missed="0" covered="4"/><counter type="COMPLEXITY" missed="0" covered="1"/><counter type="METHOD" missed="0" covered="1"/></method><method name="getSubProperties" desc="()Ljava/util/Set;" line="55"><counter type="INSTRUCTION" missed="0" covered="4"/><counter type="LINE" missed="0" covered="1"/><counter type="COMPLEXITY" missed="0" covered="1"/><counter type="METHOD" missed="0" covered="1"/></method><method name="getSubProperty" desc="(Lit/polimi/automata/state/State;)Lit/polimi/constraints/components/SubProperty;" line="70"><counter type="INSTRUCTION" missed="0" covered="22"/><counter type="LINE" missed="0" covered="6"/><counter type="COMPLEXITY" missed="0" covered="1"/><counter type="METHOD" missed="0" covered="1"/></method><method name="addSubProperty" desc="(Lit/polimi/constraints/components/SubProperty;)V" line="89"><counter type="INSTRUCTION" missed="0" covered="35"/><counter type="BRANCH" missed="0" covered="2"/><counter type="LINE" missed="0" covered="9"/><counter type="COMPLEXITY" missed="0" covered="2"/><counter type="METHOD" missed="0" covered="1"/></method><method name="getConstrainedStates" desc="()Ljava/util/Set;" line="105"><counter type="INSTRUCTION" missed="0" covered="4"/><counter type="LINE" missed="0" covered="1"/><counter type="COMPLEXITY" missed="0" covered="1"/><counter type="METHOD" missed="0" covered="1"/></method><method name="toString" desc="()Ljava/lang/String;" line="113"><counter type="INSTRUCTION" missed="11" covered="0"/><counter type="LINE" missed="1" covered="0"/><counter type="COMPLEXITY" missed="1" covered="0"/><counter type="METHOD" missed="1" covered="0"/></method><counter type="INSTRUCTION" missed="11" covered="76"/><counter type="BRANCH" missed="0" covered="2"/><counter type="LINE" missed="1" covered="21"/><counter type="COMPLEXITY" missed="1" covered="6"/><counter type="METHOD" missed="1" covered="5"/><counter type="CLASS" missed="0" covered="1"/></class><sourcefile name="Constraint.java"><line nr="44" mi="0" ci="2" mb="0" cb="0"/><line nr="45" mi="0" ci="5" mb="0" cb="0"/><line nr="46" mi="0" ci="3" mb="0" cb="0"/><line nr="47" mi="0" ci="1" mb="0" cb="0"/><line nr="55" mi="0" ci="4" mb="0" cb="0"/><line nr="70" mi="0" ci="3" mb="0" cb="0"/><line nr="71" mi="0" ci="1" mb="0" cb="0"/><line nr="72" mi="0" ci="1" mb="0" cb="0"/><line nr="73" mi="0" ci="4" mb="0" cb="0"/><line nr="74" mi="0" ci="7" mb="0" cb="0"/><line nr="75" mi="0" ci="6" mb="0" cb="0"/><line nr="89" mi="0" ci="3" mb="0" cb="0"/><line nr="90" mi="0" ci="1" mb="0" cb="0"/><line nr="91" mi="0" ci="6" mb="0" cb="0"/><line nr="92" mi="0" ci="4" mb="0" cb="2"/><line nr="93" mi="0" ci="5" mb="0" cb="0"/><line nr="94" mi="0" ci="3" mb="0" cb="0"/><line nr="95" mi="0" ci="5" mb="0" cb="0"/><line nr="96" mi="0" ci="7" mb="0" cb="0"/><line nr="97" mi="0" ci="1" mb="0" cb="0"/><line nr="105" mi="0" ci="4" mb="0" cb="0"/><line nr="113" mi="11" ci="0" mb="0" cb="0"/><counter type="INSTRUCTION" missed="11" covered="76"/><counter type="BRANCH" missed="0" covered="2"/><counter type="LINE" missed="1" covered="21"/><counter type="COMPLEXITY" missed="1" covered="6"/><counter type="METHOD" missed="1" covered="5"/><counter type="CLASS" missed="0" covered="1"/></sourcefile><counter type="INSTRUCTION" missed="11" covered="76"/><counter type="BRANCH" missed="0" covered="2"/><counter type="LINE" missed="1" covered="21"/><counter type="COMPLEXITY" missed="1" covered="6"/><counter type="METHOD" missed="1" covered="5"/><counter type="CLASS" missed="0" covered="1"/></package><package name="it/polimi/constraints/reachability"><class name="it/polimi/constraints/reachability/ReachabilityRelation"><method name="&lt;init&gt;" desc="()V" line="33"><counter type="INSTRUCTION" missed="0" covered="6"/><counter type="LINE" missed="0" covered="3"/><counter type="COMPLEXITY" missed="0" covered="1"/><counter type="METHOD" missed="0" covered="1"/></method><method name="addTransition" desc="(Lit/polimi/constraints/transitions/LabeledPluggingTransition;Lit/polimi/constraints/transitions/LabeledPluggingTransition;Ljava/lang/Boolean;Ljava/lang/Boolean;)V" line="62"><counter type="INSTRUCTION" missed="0" covered="38"/><counter type="BRANCH" missed="0" covered="2"/><counter type="LINE" missed="0" covered="14"/><counter type="COMPLEXITY" missed="0" covered="2"/><counter type="METHOD" missed="0" covered="1"/></method><method name="getReachabilityAcceptingMap" desc="()Lcom/google/common/collect/Multimap;" line="88"><counter type="INSTRUCTION" missed="0" covered="3"/><counter type="LINE" missed="0" covered="1"/><counter type="COMPLEXITY" missed="0" covered="1"/><counter type="METHOD" missed="0" covered="1"/></method><method name="get" desc="(Lit/polimi/automata/state/State;)Ljava/util/Collection;" line="100"><counter type="INSTRUCTION" missed="0" covered="5"/><counter type="LINE" missed="0" covered="1"/><counter type="COMPLEXITY" missed="0" covered="1"/><counter type="METHOD" missed="0" covered="1"/></method><method name="toString" desc="()Ljava/lang/String;" line="108"><counter type="INSTRUCTION" missed="0" covered="11"/><counter type="LINE" missed="0" covered="1"/><counter type="COMPLEXITY" missed="0" covered="1"/><counter type="METHOD" missed="0" covered="1"/></method><counter type="INSTRUCTION" missed="0" covered="63"/><counter type="BRANCH" missed="0" covered="2"/><counter type="LINE" missed="0" covered="20"/><counter type="COMPLEXITY" missed="0" covered="6"/><counter type="METHOD" missed="0" covered="5"/><counter type="CLASS" missed="0" covered="1"/></class><class name="it/polimi/constraints/reachability/ReachabilityEntry"><method name="&lt;init&gt;" desc="(Lit/polimi/constraints/transitions/LabeledPluggingTransition;Lit/polimi/constraints/transitions/LabeledPluggingTransition;ZZ)V" line="60"><counter type="INSTRUCTION" missed="0" covered="35"/><counter type="BRANCH" missed="0" covered="2"/><counter type="LINE" missed="0" covered="10"/><counter type="COMPLEXITY" missed="0" covered="2"/><counter type="METHOD" missed="0" covered="1"/></method><method name="getIncomingTransition" desc="()Lit/polimi/constraints/transitions/LabeledPluggingTransition;" line="80"><counter type="INSTRUCTION" missed="0" covered="3"/><counter type="LINE" missed="0" covered="1"/><counter type="COMPLEXITY" missed="0" covered="1"/><counter type="METHOD" missed="0" covered="1"/></method><method name="getOutgoingTransition" desc="()Lit/polimi/constraints/transitions/LabeledPluggingTransition;" line="87"><counter type="INSTRUCTION" missed="0" covered="3"/><counter type="LINE" missed="0" covered="1"/><counter type="COMPLEXITY" missed="0" covered="1"/><counter type="METHOD" missed="0" covered="1"/></method><method name="isModelAccepting" desc="()Z" line="96"><counter type="INSTRUCTION" missed="0" covered="3"/><counter type="LINE" missed="0" covered="1"/><counter type="COMPLEXITY" missed="0" covered="1"/><counter type="METHOD" missed="0" covered="1"/></method><method name="isClaimAccepting" desc="()Z" line="105"><counter type="INSTRUCTION" missed="0" covered="3"/><counter type="LINE" missed="0" covered="1"/><counter type="COMPLEXITY" missed="0" covered="1"/><counter type="METHOD" missed="0" covered="1"/></method><method name="toString" desc="()Ljava/lang/String;" line="113"><counter type="INSTRUCTION" missed="0" covered="27"/><counter type="LINE" missed="0" covered="1"/><counter type="COMPLEXITY" missed="0" covered="1"/><counter type="METHOD" missed="0" covered="1"/></method><counter type="INSTRUCTION" missed="0" covered="74"/><counter type="BRANCH" missed="0" covered="2"/><counter type="LINE" missed="0" covered="15"/><counter type="COMPLEXITY" missed="0" covered="7"/><counter type="METHOD" missed="0" covered="6"/><counter type="CLASS" missed="0" covered="1"/></class><sourcefile name="ReachabilityEntry.java"><line nr="60" mi="0" ci="2" mb="0" cb="0"/><line nr="61" mi="0" ci="4" mb="0" cb="0"/><line nr="63" mi="0" ci="4" mb="0" cb="0"/><line nr="65" mi="0" ci="4" mb="0" cb="0"/><line nr="67" mi="0" ci="8" mb="0" cb="2"/><line nr="69" mi="0" ci="3" mb="0" cb="0"/><line nr="70" mi="0" ci="3" mb="0" cb="0"/><line nr="71" mi="0" ci="3" mb="0" cb="0"/><line nr="72" mi="0" ci="3" mb="0" cb="0"/><line nr="74" mi="0" ci="1" mb="0" cb="0"/><line nr="80" mi="0" ci="3" mb="0" cb="0"/><line nr="87" mi="0" ci="3" mb="0" cb="0"/><line nr="96" mi="0" ci="3" mb="0" cb="0"/><line nr="105" mi="0" ci="3" mb="0" cb="0"/><line nr="113" mi="0" ci="27" mb="0" cb="0"/><counter type="INSTRUCTION" missed="0" covered="74"/><counter type="BRANCH" missed="0" covered="2"/><counter type="LINE" missed="0" covered="15"/><counter type="COMPLEXITY" missed="0" covered="7"/><counter type="METHOD" missed="0" covered="6"/><counter type="CLASS" missed="0" covered="1"/></sourcefile><sourcefile name="ReachabilityRelation.java"><line nr="33" mi="0" ci="2" mb="0" cb="0"/><line nr="34" mi="0" ci="3" mb="0" cb="0"/><line nr="35" mi="0" ci="1" mb="0" cb="0"/><line nr="62" mi="0" ci="3" mb="0" cb="0"/><line nr="63" mi="0" ci="1" mb="0" cb="0"/><line nr="64" mi="0" ci="3" mb="0" cb="0"/><line nr="65" mi="0" ci="1" mb="0" cb="0"/><line nr="67" mi="0" ci="7" mb="0" cb="2"/><line nr="68" mi="0" ci="1" mb="0" cb="0"/><line nr="70" mi="0" ci="3" mb="0" cb="0"/><line nr="71" mi="0" ci="1" mb="0" cb="0"/><line nr="73" mi="0" ci="4" mb="0" cb="0"/><line nr="74" mi="0" ci="4" mb="0" cb="0"/><line nr="75" mi="0" ci="2" mb="0" cb="0"/><line nr="76" mi="0" ci="6" mb="0" cb="0"/><line nr="77" mi="0" ci="1" mb="0" cb="0"/><line nr="78" mi="0" ci="1" mb="0" cb="0"/><line nr="88" mi="0" ci="3" mb="0" cb="0"/><line nr="100" mi="0" ci="5" mb="0" cb="0"/><line nr="108" mi="0" ci="11" mb="0" cb="0"/><counter type="INSTRUCTION" missed="0" covered="63"/><counter type="BRANCH" missed="0" covered="2"/><counter type="LINE" missed="0" covered="20"/><counter type="COMPLEXITY" missed="0" covered="6"/><counter type="METHOD" missed="0" covered="5"/><counter type="CLASS" missed="0" covered="1"/></sourcefile><counter type="INSTRUCTION" missed="0" covered="137"/><counter type="BRANCH" missed="0" covered="4"/><counter type="LINE" missed="0" covered="35"/><counter type="COMPLEXITY" missed="0" covered="13"/><counter type="METHOD" missed="0" covered="11"/><counter type="CLASS" missed="0" covered="2"/></package><package name="it/polimi/constraints/transitions"><class name="it/polimi/constraints/transitions/TransitionToElementTransformer"><method name="&lt;init&gt;" desc="(Lorg/w3c/dom/Document;)V" line="38"><counter type="INSTRUCTION" missed="10" covered="0"/><counter type="LINE" missed="4" covered="0"/><counter type="COMPLEXITY" missed="1" covered="0"/><counter type="METHOD" missed="1" covered="0"/></method><method name="transform" desc="(Lit/polimi/automata/transition/Transition;)Lorg/w3c/dom/Element;" line="54"><counter type="INSTRUCTION" missed="42" covered="0"/><counter type="LINE" missed="12" covered="0"/><counter type="COMPLEXITY" missed="1" covered="0"/><counter type="METHOD" missed="1" covered="0"/></method><counter type="INSTRUCTION" missed="52" covered="0"/><counter type="LINE" missed="16" covered="0"/><counter type="COMPLEXITY" missed="2" covered="0"/><counter type="METHOD" missed="2" covered="0"/><counter type="CLASS" missed="1" covered="0"/></class><class name="it/polimi/constraints/transitions/PluggingTransition"><method name="&lt;clinit&gt;" desc="()V" line="20"><counter type="INSTRUCTION" missed="0" covered="3"/><counter type="LINE" missed="0" covered="1"/><counter type="COMPLEXITY" missed="0" covered="1"/><counter type="METHOD" missed="0" covered="1"/></method><method name="&lt;init&gt;" desc="(ILit/polimi/automata/state/State;Lit/polimi/automata/state/State;Lit/polimi/automata/transition/Transition;Z)V" line="70"><counter type="INSTRUCTION" missed="0" covered="32"/><counter type="LINE" missed="0" covered="13"/><counter type="COMPLEXITY" missed="0" covered="1"/><counter type="METHOD" missed="0" covered="1"/></method><method name="&lt;init&gt;" desc="(Lit/polimi/automata/state/State;Lit/polimi/automata/state/State;Lit/polimi/automata/transition/Transition;Z)V" line="107"><counter type="INSTRUCTION" missed="0" covered="12"/><counter type="LINE" missed="0" covered="4"/><counter type="COMPLEXITY" missed="0" covered="1"/><counter type="METHOD" missed="0" covered="1"/></method><method name="getSource" desc="()Lit/polimi/automata/state/State;" line="122"><counter type="INSTRUCTION" missed="0" covered="3"/><counter type="LINE" missed="0" covered="1"/><counter type="COMPLEXITY" missed="0" covered="1"/><counter type="METHOD" missed="0" covered="1"/></method
[...]
missed="0" covered="1"/></method><counter type="INSTRUCTION" missed="14" covered="83"/><counter type="BRANCH" missed="0" covered="10"/><counter type="LINE" missed="1" covered="27"/><counter type="COMPLEXITY" missed="1" covered="11"/><counter type="METHOD" missed="1" covered="6"/><counter type="CLASS" missed="0" covered="1"/></class><sourcefile name="RefinementGenerator.java"><line nr="41" mi="3" ci="0" mb="0" cb="0"/><line nr="42" mi="3" ci="0" mb="0" cb="0"/><line nr="43" mi="1" ci="0" mb="0" cb="0"/><line nr="44" mi="3" ci="0" mb="0" cb="0"/><line nr="45" mi="1" ci="0" mb="0" cb="0"/><line nr="46" mi="3" ci="0" mb="0" cb="0"/><line nr="47" mi="3" ci="0" mb="0" cb="0"/><line nr="49" mi="1" ci="0" mb="0" cb="0"/><line nr="59" mi="8" ci="0" mb="2" cb="0"/><line nr="60" mi="4" ci="0" mb="0" cb="0"/><line nr="61" mi="1" ci="0" mb="0" cb="0"/><line nr="63" mi="8" ci="0" mb="2" cb="0"/><line nr="64" mi="6" ci="0" mb="2" cb="0"/><line nr="65" mi="4" ci="0" mb="0" cb="0"/><line nr="66" mi="1" ci="0" mb="0" cb="0"/><line nr="68" mi="8" ci="0" mb="2" cb="0"/><line nr="69" mi="6" ci="0" mb="2" cb="0"/><line nr="70" mi="4" ci="0" mb="0" cb="0"/><line nr="71" mi="1" ci="0" mb="0" cb="0"/><line nr="73" mi="2" ci="0" mb="0" cb="0"/><line nr="74" mi="2" ci="0" mb="0" cb="0"/><line nr="76" mi="1" ci="0" mb="0" cb="0"/><line nr="85" mi="2" ci="0" mb="0" cb="0"/><line nr="86" mi="4" ci="0" mb="0" cb="0"/><line nr="88" mi="1" ci="0" mb="0" cb="0"/><line nr="89" mi="5" ci="0" mb="0" cb="0"/><line nr="91" mi="5" ci="0" mb="0" cb="0"/><line nr="92" mi="14" ci="0" mb="2" cb="0"/><line nr="93" mi="3" ci="0" mb="0" cb="0"/><line nr="94" mi="4" ci="0" mb="0" cb="0"/><line nr="95" mi="3" ci="0" mb="2" cb="0"/><line nr="96" mi="3" ci="0" mb="0" cb="0"/><line nr="98" mi="4" ci="0" mb="0" cb="0"/><line nr="99" mi="3" ci="0" mb="2" cb="0"/><line nr="100" mi="3" ci="0" mb="0" cb="0"/><line nr="102" mi="4" ci="0" mb="0" cb="0"/><line nr="103" mi="3" ci="0" mb="2" cb="0"/><line nr="104" mi="3" ci="0" mb="0" cb="0"/><line nr="107" mi="6" ci="0" mb="2" cb="0"/><line nr="108" mi="8" ci="0" mb="0" cb="0"/><line nr="110" mi="5" ci="0" mb="0" cb="0"/><line nr="111" mi="4" ci="0" mb="0" cb="0"/><line nr="112" mi="5" ci="0" mb="0" cb="0"/><line nr="113" mi="4" ci="0" mb="0" cb="0"/><line nr="114" mi="3" ci="0" mb="0" cb="0"/><line nr="115" mi="1" ci="0" mb="0" cb="0"/><line nr="118" mi="5" ci="0" mb="2" cb="0"/><line nr="119" mi="8" ci="0" mb="0" cb="0"/><line nr="120" mi="5" ci="0" mb="0" cb="0"/><line nr="121" mi="4" ci="0" mb="0" cb="0"/><line nr="122" mi="1" ci="0" mb="0" cb="0"/><line nr="124" mi="4" ci="0" mb="0" cb="0"/><line nr="125" mi="3" ci="0" mb="0" cb="0"/><line nr="127" mi="5" ci="0" mb="2" cb="0"/><line nr="128" mi="8" ci="0" mb="0" cb="0"/><line nr="129" mi="5" ci="0" mb="0" cb="0"/><line nr="130" mi="4" ci="0" mb="0" cb="0"/><line nr="131" mi="1" ci="0" mb="0" cb="0"/><line nr="133" mi="4" ci="0" mb="0" cb="0"/><line nr="134" mi="3" ci="0" mb="0" cb="0"/><line nr="137" mi="2" ci="0" mb="0" cb="0"/><line nr="146" mi="15" ci="0" mb="2" cb="0"/><line nr="147" mi="1" ci="0" mb="0" cb="0"/><line nr="148" mi="2" ci="0" mb="0" cb="0"/><line nr="149" mi="5" ci="0" mb="2" cb="0"/><line nr="150" mi="8" ci="0" mb="0" cb="0"/><line nr="151" mi="5" ci="0" mb="2" cb="0"/><line nr="152" mi="3" ci="0" mb="0" cb="0"/><line nr="153" mi="5" ci="0" mb="2" cb="0"/><line nr="154" mi="2" ci="0" mb="0" cb="0"/><line nr="157" mi="2" ci="0" mb="2" cb="0"/><line nr="158" mi="4" ci="0" mb="0" cb="0"/><line nr="159" mi="5" ci="0" mb="0" cb="0"/><line nr="160" mi="2" ci="0" mb="0" cb="0"/><line nr="161" mi="2" ci="0" mb="0" cb="0"/><line nr="164" mi="5" ci="0" mb="2" cb="0"/><line nr="165" mi="8" ci="0" mb="0" cb="0"/><line nr="166" mi="2" ci="0" mb="0" cb="0"/><line nr="167" mi="5" ci="0" mb="2" cb="0"/><line nr="168" mi="11" ci="0" mb="0" cb="0"/><line nr="170" mi="5" ci="0" mb="2" cb="0"/><line nr="171" mi="3" ci="0" mb="0" cb="0"/><line nr="172" mi="5" ci="0" mb="2" cb="0"/><line nr="173" mi="2" ci="0" mb="0" cb="0"/><line nr="176" mi="2" ci="0" mb="2" cb="0"/><line nr="177" mi="4" ci="0" mb="0" cb="0"/><line nr="178" mi="5" ci="0" mb="0" cb="0"/><line nr="179" mi="2" ci="0" mb="0" cb="0"/><line nr="180" mi="2" ci="0" mb="0" cb="0"/><line nr="183" mi="1" ci="0" mb="0" cb="0"/><line nr="191" mi="5" ci="0" mb="2" cb="0"/><line nr="192" mi="11" ci="0" mb="0" cb="0"/><line nr="193" mi="2" ci="0" mb="0" cb="0"/><line nr="194" mi="5" ci="0" mb="2" cb="0"/><line nr="195" mi="8" ci="0" mb="0" cb="0"/><line nr="196" mi="5" ci="0" mb="2" cb="0"/><line nr="197" mi="1" ci="0" mb="0" cb="0"/><line nr="198" mi="1" ci="0" mb="0" cb="0"/><line nr="199" mi="3" ci="0" mb="0" cb="0"/><line nr="200" mi="3" ci="0" mb="2" cb="0"/><line nr="201" mi="2" ci="0" mb="0" cb="0"/><line nr="204" mi="2" ci="0" mb="2" cb="0"/><line nr="205" mi="4" ci="0" mb="0" cb="0"/><line nr="206" mi="5" ci="0" mb="0" cb="0"/><line nr="207" mi="2" ci="0" mb="0" cb="0"/><line nr="208" mi="2" ci="0" mb="0" cb="0"/><line nr="209" mi="4" ci="0" mb="0" cb="0"/><line nr="210" mi="2" ci="0" mb="0" cb="0"/><line nr="213" mi="5" ci="0" mb="2" cb="0"/><line nr="214" mi="8" ci="0" mb="0" cb="0"/><line nr="215" mi="2" ci="0" mb="0" cb="0"/><line nr="216" mi="5" ci="0" mb="2" cb="0"/><line nr="217" mi="11" ci="0" mb="0" cb="0"/><line nr="219" mi="5" ci="0" mb="2" cb="0"/><line nr="220" mi="1" ci="0" mb="0" cb="0"/><line nr="221" mi="1" ci="0" mb="0" cb="0"/><line nr="222" mi="3" ci="0" mb="0" cb="0"/><line nr="223" mi="3" ci="0" mb="2" cb="0"/><line nr="224" mi="2" ci="0" mb="0" cb="0"/><line nr="227" mi="2" ci="0" mb="2" cb="0"/><line nr="228" mi="4" ci="0" mb="0" cb="0"/><line nr="229" mi="5" ci="0" mb="0" cb="0"/><line nr="230" mi="2" ci="0" mb="0" cb="0"/><line nr="231" mi="2" ci="0" mb="0" cb="0"/><line nr="234" mi="1" ci="0" mb="0" cb="0"/><counter type="INSTRUCTION" missed="488" covered="0"/><counter type="BRANCH" missed="64" covered="0"/><counter type="LINE" missed="125" covered="0"/><counter type="COMPLEXITY" missed="37" covered="0"/><counter type="METHOD" missed="5" covered="0"/><counter type="CLASS" missed="1" covered="0"/></sourcefile><sourcefile name="Replacement.java"><line nr="78" mi="0" ci="3" mb="0" cb="0"/><line nr="79" mi="0" ci="3" mb="0" cb="0"/><line nr="80" mi="0" ci="1" mb="0" cb="0"/><line nr="81" mi="0" ci="3" mb="0" cb="0"/><line nr="82" mi="0" ci="1" mb="0" cb="0"/><line nr="83" mi="0" ci="3" mb="0" cb="0"/><line nr="84" mi="0" ci="1" mb="0" cb="0"/><line nr="86" mi="0" ci="5" mb="0" cb="0"/><line nr="87" mi="0" ci="5" mb="0" cb="0"/><line nr="88" mi="0" ci="3" mb="0" cb="0"/><line nr="89" mi="0" ci="3" mb="0" cb="0"/><line nr="90" mi="0" ci="3" mb="0" cb="0"/><line nr="91" mi="0" ci="11" mb="0" cb="2"/><line nr="92" mi="0" ci="3" mb="0" cb="0"/><line nr="94" mi="0" ci="11" mb="0" cb="2"/><line nr="95" mi="0" ci="3" mb="0" cb="0"/><line nr="98" mi="0" ci="1" mb="0" cb="0"/><line nr="106" mi="0" ci="3" mb="0" cb="0"/><line nr="122" mi="0" ci="3" mb="0" cb="0"/><line nr="123" mi="0" ci="1" mb="0" cb="0"/><line nr="125" mi="0" ci="1" mb="0" cb="0"/><line nr="126" mi="0" ci="4" mb="0" cb="0"/><line nr="127" mi="0" ci="2" mb="0" cb="0"/><line nr="128" mi="0" ci="5" mb="0" cb="0"/><line nr="129" mi="0" ci="3" mb="0" cb="0"/><line nr="130" mi="0" ci="2" mb="0" cb="0"/><line nr="131" mi="0" ci="5" mb="0" cb="0"/><line nr="132" mi="0" ci="4" mb="0" cb="0"/><line nr="133" mi="0" ci="3" mb="0" cb="0"/><line nr="134" mi="0" ci="4" mb="0" cb="0"/><line nr="135" mi="0" ci="3" mb="0" cb="0"/><line nr="136" mi="0" ci="1" mb="0" cb="0"/><line nr="137" mi="0" ci="1" mb="0" cb="0"/><line nr="145" mi="0" ci="4" mb="0" cb="0"/><line nr="171" mi="0" ci="4" mb="0" cb="0"/><line nr="173" mi="0" ci="1" mb="0" cb="0"/><line nr="174" mi="0" ci="5" mb="0" cb="0"/><line nr="175" mi="0" ci="5" mb="0" cb="0"/><line nr="176" mi="0" ci="2" mb="0" cb="0"/><line nr="177" mi="0" ci="2" mb="0" cb="0"/><line nr="179" mi="0" ci="3" mb="0" cb="0"/><line nr="180" mi="0" ci="4" mb="0" cb="0"/><line nr="181" mi="0" ci="3" mb="0" cb="0"/><line nr="206" mi="0" ci="4" mb="0" cb="0"/><line nr="207" mi="0" ci="3" mb="0" cb="0"/><line nr="208" mi="0" ci="1" mb="0" cb="0"/><line nr="209" mi="0" ci="3" mb="0" cb="0"/><line nr="210" mi="0" ci="1" mb="0" cb="0"/><line nr="212" mi="0" ci="1" mb="0" cb="0"/><line nr="213" mi="0" ci="5" mb="0" cb="0"/><line nr="214" mi="0" ci="5" mb="0" cb="0"/><line nr="215" mi="0" ci="2" mb="0" cb="0"/><line nr="216" mi="0" ci="2" mb="0" cb="0"/><line nr="218" mi="0" ci="8" mb="0" cb="0"/><line nr="219" mi="0" ci="3" mb="0" cb="2"/><line nr="235" mi="0" ci="3" mb="0" cb="0"/><line nr="236" mi="0" ci="1" mb="0" cb="0"/><line nr="238" mi="0" ci="1" mb="0" cb="0"/><line nr="239" mi="0" ci="4" mb="0" cb="0"/><line nr="240" mi="0" ci="2" mb="0" cb="0"/><line nr="241" mi="0" ci="5" mb="0" cb="0"/><line nr="242" mi="0" ci="3" mb="0" cb="0"/><line nr="243" mi="0" ci="2" mb="0" cb="0"/><line nr="245" mi="0" ci="5" mb="0" cb="0"/><line nr="246" mi="0" ci="4" mb="0" cb="0"/><line nr="247" mi="0" ci="3" mb="0" cb="0"/><line nr="248" mi="0" ci="4" mb="0" cb="0"/><line nr="249" mi="0" ci="2" mb="0" cb="0"/><line nr="251" mi="0" ci="1" mb="0" cb="0"/><line nr="259" mi="0" ci="4" mb="0" cb="0"/><line nr="283" mi="0" ci="4" mb="0" cb="0"/><line nr="285" mi="0" ci="3" mb="0" cb="0"/><line nr="286" mi="0" ci="4" mb="0" cb="0"/><line nr="287" mi="0" ci="2" mb="0" cb="0"/><line nr="311" mi="0" ci="4" mb="0" cb="0"/><line nr="312" mi="0" ci="3" mb="0" cb="0"/><line nr="313" mi="0" ci="1" mb="0" cb="0"/><line nr="315" mi="0" ci="10" mb="0" cb="2"/><line nr="331" mi="0" ci="4" mb="0" cb="0"/><line nr="333" mi="0" ci="6" mb="0" cb="2"/><line nr="334" mi="0" ci="8" mb="0" cb="2"/><line nr="335" mi="0" ci="1" mb="0" cb="0"/><line nr="336" mi="0" ci="5" mb="0" cb="2"/><line nr="337" mi="0" ci="5" mb="0" cb="0"/><line nr="339" mi="0" ci="3" mb="0" cb="0"/><line nr="340" mi="0" ci="3" mb="0" cb="0"/><line nr="341" mi="0" ci="4" mb="0" cb="0"/><line nr="342" mi="0" ci="4" mb="0" cb="0"/><line nr="344" mi="0" ci="5" mb="0" cb="2"/><line nr="345" mi="0" ci="5" mb="0" cb="0"/><line nr="346" mi="0" ci="4" mb="0" cb="0"/><line nr="347" mi="0" ci="4" mb="0" cb="0"/><line nr="348" mi="0" ci="5" mb="0" cb="0"/><line nr="349" mi="0" ci="2" mb="0" cb="0"/><line nr="352" mi="0" ci="1" mb="0" cb="0"/><line nr="356" mi="0" ci="11" mb="0" cb="0"/><line nr="357" mi="0" ci="7" mb="0" cb="0"/><line nr="358" mi="0" ci="7" mb="0" cb="0"/><counter type="INSTRUCTION" missed="0" covered="348"/><counter type="BRANCH" missed="0" covered="16"/><counter type="LINE" missed="0" covered="98"/><counter type="COMPLEXITY" missed="0" covered="20"/><counter type="METHOD" missed="0" covered="12"/><counter type="CLASS" missed="0" covered="1"/></sourcefile><sourcefile name="Component.java"><line nr="24" mi="0" ci="3" mb="0" cb="0"/><line nr="45" mi="0" ci="2" mb="0" cb="0"/><line nr="46" mi="0" ci="3" mb="0" cb="0"/><line nr="47" mi="0" ci="1" mb="0" cb="0"/><line nr="49" mi="0" ci="3" mb="0" cb="0"/><line nr="50" mi="0" ci="4" mb="0" cb="0"/><line nr="51" mi="0" ci="3" mb="0" cb="0"/><line nr="52" mi="0" ci="1" mb="0" cb="0"/><line nr="60" mi="0" ci="3" mb="0" cb="0"/><line nr="69" mi="0" ci="3" mb="0" cb="0"/><line nr="77" mi="14" ci="0" mb="0" cb="0"/><line nr="85" mi="0" ci="2" mb="0" cb="0"/><line nr="86" mi="0" ci="2" mb="0" cb="0"/><line nr="87" mi="0" ci="7" mb="0" cb="0"/><line nr="88" mi="0" ci="8" mb="0" cb="0"/><line nr="89" mi="0" ci="2" mb="0" cb="0"/><line nr="97" mi="0" ci="3" mb="0" cb="2"/><line nr="98" mi="0" ci="2" mb="0" cb="0"/><line nr="99" mi="0" ci="2" mb="0" cb="2"/><line nr="100" mi="0" ci="2" mb="0" cb="0"/><line nr="101" mi="0" ci="5" mb="0" cb="2"/><line nr="102" mi="0" ci="2" mb="0" cb="0"/><line nr="103" mi="0" ci="3" mb="0" cb="0"/><line nr="104" mi="0" ci="6" mb="0" cb="2"/><line nr="105" mi="0" ci="2" mb="0" cb="0"/><line nr="106" mi="0" ci="5" mb="0" cb="2"/><line nr="107" mi="0" ci="2" mb="0" cb="0"/><line nr="108" mi="0" ci="2" mb="0" cb="0"/><counter type="INSTRUCTION" missed="14" covered="83"/><counter type="BRANCH" missed="0" covered="10"/><counter type="LINE" missed="1" covered="27"/><counter type="COMPLEXITY" missed="1" covered="11"/><counter type="METHOD" missed="1" covered="6"/><counter type="CLASS" missed="0" covered="1"/></sourcefile><sourcefile name="SubProperty.java"><line nr="80" mi="0" ci="3" mb="0" cb="0"/><line nr="82" mi="0" ci="3" mb="0" cb="0"/><line nr="83" mi="0" ci="1" mb="0" cb="0"/><line nr="84" mi="0" ci="3" mb="0" cb="0"/><line nr="85" mi="0" ci="5" mb="0" cb="0"/><line nr="86" mi="0" ci="5" mb="0" cb="0"/><line nr="87" mi="0" ci="5" mb="0" cb="0"/><line nr="88" mi="0" ci="5" mb="0" cb="0"/><line nr="90" mi="0" ci="5" mb="0" cb="0"/><line nr="91" mi="0" ci="5" mb="0" cb="0"/><line nr="92" mi="0" ci="3" mb="0" cb="0"/><line nr="93" mi="0" ci="3" mb="0" cb="0"/><line nr="94" mi="0" ci="3" mb="0" cb="0"/><line nr="95" mi="0" ci="3" mb="0" cb="0"/><line nr="96" mi="0" ci="1" mb="0" cb="0"/><line nr="104" mi="0" ci="3" mb="0" cb="0"/><line nr="115" mi="0" ci="1" mb="0" cb="0"/><line nr="116" mi="0" ci="4" mb="0" cb="0"/><line nr="117" mi="0" ci="3" mb="0" cb="0"/><line nr="128" mi="0" ci="1" mb="0" cb="0"/><line nr="129" mi="0" ci="4" mb="0" cb="0"/><line nr="130" mi="0" ci="3" mb="0" cb="0"/><line nr="143" mi="0" ci="3" mb="0" cb="0"/><line nr="144" mi="0" ci="1" mb="0" cb="0"/><line nr="146" mi="0" ci="5" mb="1" cb="1"/><line nr="147" mi="5" ci="0" mb="0" cb="0"/><line nr="150" mi="0" ci="5" mb="1" cb="1"/><line nr="151" mi="0" ci="5" mb="0" cb="0"/><line nr="154" mi="0" ci="8" mb="0" cb="0"/><line nr="156" mi="0" ci="1" mb="0" cb="0"/><line nr="160" mi="3" ci="0" mb="0" cb="0"/><line nr="161" mi="1" ci="0" mb="0" cb="0"/><line nr="163" mi="1" ci="0" mb="0" cb="0"/><line nr="164" mi="6" ci="0" mb="0" cb="0"/><line nr="165" mi="1" ci="0" mb="0" cb="0"/><line nr="166" mi="8" ci="0" mb="0" cb="0"/><line nr="171" mi="3" ci="0" mb="0" cb="0"/><line nr="172" mi="1" ci="0" mb="0" cb="0"/><line nr="174" mi="1" ci="0" mb="0" cb="0"/><line nr="175" mi="6" ci="0" mb="0" cb="0"/><line nr="176" mi="1" ci="0" mb="0" cb="0"/><line nr="177" mi="8" ci="0" mb="0" cb="0"/><line nr="190" mi="0" ci="5" mb="1" cb="1"/><line nr="191" mi="3" ci="0" mb="0" cb="0"/><line nr="192" mi="3" ci="0" mb="0" cb="0"/><line nr="194" mi="0" ci="5" mb="1" cb="1"/><line nr="195" mi="0" ci="3" mb="0" cb="0"/><line nr="196" mi="0" ci="3" mb="0" cb="0"/><line nr="198" mi="0" ci="6" mb="0" cb="0"/><line nr="199" mi="0" ci="4" mb="0" cb="0"/><line nr="200" mi="0" ci="8" mb="0" cb="0"/><line nr="201" mi="0" ci="1" mb="0" cb="0"/><line nr="215" mi="4" ci="0" mb="0" cb="0"/><line nr="217" mi="6" ci="0" mb="2" cb="0"/><line nr="218" mi="8" ci="0" mb="2" cb="0"/><line nr="219" mi="1" ci="0" mb="0" cb="0"/><line nr="220" mi="5" ci="0" mb="2" cb="0"/><line nr="221" mi="5" ci="0" mb="0" cb="0"/><line nr="223" mi="5" ci="0" mb="2" cb="0"/><line nr="224" mi="5" ci="0" mb="0" cb="0"/><line nr="226" mi="1" ci="0" mb="0" cb="0"/><line nr="257" mi="3" ci="0" mb="0" cb="0"/><line nr="258" mi="1" ci="0" mb="0" cb="0"/><line nr="259" mi="3" ci="0" mb="0" cb="0"/><line nr="260" mi="1" ci="0" mb="0" cb="0"/><line nr="262" mi="1" ci="0" mb="0" cb="0"/><line nr="263" mi="3" ci="0" mb="0" cb="0"/><line nr="264" mi="1" ci="0" mb="0" cb="0"/><line nr="265" mi="5" ci="0" mb="0" cb="0"/><line nr="266" mi="2" ci="0" mb="0" cb="0"/><line nr="267" mi="2" ci="0" mb="0" cb="0"/><line nr="269" mi="1" ci="0" mb="0" cb="0"/><line nr="270" mi="3" ci="0" mb="0" cb="0"/><line nr="271" mi="1" ci="0" mb="0" cb="0"/><line nr="272" mi="5" ci="0" mb="0" cb="0"/><line nr="273" mi="2" ci="0" mb="0" cb="0"/><line nr="274" mi="2" ci="0" mb="0" cb="0"/><line nr="276" mi="3" ci="0" mb="0" cb="0"/><line nr="277" mi="3" ci="0" mb="0" cb="0"/><line nr="278" mi="1" ci="0" mb="0" cb="0"/><line nr="279" mi="1" ci="0" mb="0" cb="0"/><line nr="282" mi="3" ci="0" mb="0" cb="0"/><line nr="286" mi="3" ci="0" mb="0" cb="0"/><line nr="318" mi="3" ci="0" mb="0" cb="0"/><line nr="319" mi="1" ci="0" mb="0" cb="0"/><line nr="320" mi="3" ci="0" mb="0" cb="0"/><line nr="321" mi="1" ci="0" mb="0" cb="0"/><line nr="323" mi="1" ci="0" mb="0" cb="0"/><line nr="324" mi="3" ci="0" mb="0" cb="0"/><line nr="325" mi="1" ci="0" mb="0" cb="0"/><line nr="326" mi="5" ci="0" mb="0" cb="0"/><line nr="327" mi="2" ci="0" mb="0" cb="0"/><line nr="328" mi="2" ci="0" mb="0" cb="0"/><line nr="330" mi="1" ci="0" mb="0" cb="0"/><line nr="331" mi="3" ci="0" mb="0" cb="0"/><line nr="332" mi="1" ci="0" mb="0" cb="0"/><line nr="333" mi="5" ci="0" mb="0" cb="0"/><line nr="334" mi="2" ci="0" mb="0" cb="0"/><line nr="335" mi="2" ci="0" mb="0" cb="0"/><line nr="337" mi="3" ci="0" mb="0" cb="0"/><line nr="338" mi="3" ci="0" mb="0" cb="0"/><line nr="339" mi="1" ci="0" mb="0" cb="0"/><line nr="340" mi="1" ci="0" mb="0" cb="0"/><line nr="344" mi="11" ci="0" mb="0" cb="0"/><line nr="345" mi="7" ci="0" mb="0" cb="0"/><line nr="346" mi="7" ci="0" mb="0" cb="0"/><line nr="347" mi="5" ci="0" mb="0" cb="0"/><line nr="348" mi="4" ci="0" mb="0" cb="0"/><line nr="349" mi="5" ci="0" mb="0" cb="0"/><line nr="350" mi="7" ci="0" mb="0" cb="0"/><line nr="354" mi="3" ci="0" mb="0" cb="0"/><line nr="358" mi="0" ci="3" mb="0" cb="0"/><line nr="359" mi="0" ci="1" mb="0" cb="0"/><line nr="367" mi="4" ci="0" mb="0" cb="0"/><line nr="386" mi="3" ci="0" mb="0" cb="0"/><line nr="387" mi="1" ci="0" mb="0" cb="0"/><line nr="389" mi="1" ci="0" mb="0" cb="0"/><line nr="390" mi="4" ci="0" mb="0" cb="0"/><line nr="391" mi="1" ci="0" mb="0" cb="0"/><line nr="392" mi="1" ci="0" mb="0" cb="0"/><line nr="393" mi="5" ci="0" mb="2" cb="0"/><line nr="394" mi="5" ci="0" mb="0" cb="0"/><line nr="396" mi="5" ci="0" mb="0" cb="0"/><line nr="398" mi="1" ci="0" mb="0" cb="0"/><line nr="402" mi="3" ci="0" mb="0" cb="0"/><line nr="403" mi="1" ci="0" mb="0" cb="0"/><line nr="405" mi="1" ci="0" mb="0" cb="0"/><line nr="406" mi="4" ci="0" mb="0" cb="0"/><line nr="407" mi="1" ci="0" mb="0" cb="0"/><line nr="408" mi="1" ci="0" mb="0" cb="0"/><line nr="409" mi="5" ci="0" mb="2" cb="0"/><line nr="410" mi="4" ci="0" mb="0" cb="0"/><line nr="411" mi="1" ci="0" mb="0" cb="0"/><line nr="413" mi="5" ci="0" mb="0" cb="0"/><line nr="415" mi="1" ci="0" mb="0" cb="0"/><line nr="418" mi="6" ci="0" mb="0" cb="0"/><line nr="419" mi="1" ci="0" mb="0" cb="0"/><line nr="422" mi="6" ci="0" mb="0" cb="0"/><line nr="423" mi="1" ci="0" mb="0" cb="0"/><line nr="426" mi="6" ci="0" mb="0" cb="0"/><line nr="427" mi="1" ci="0" mb="0" cb="0"/><line nr="433" mi="4" ci="0" mb="0" cb="0"/><line nr="440" mi="4" ci="0" mb="0" cb="0"/><line nr="447" mi="3" ci="0" mb="0" cb="0"/><line nr="455" mi="3" ci="0" mb="0" cb="0"/><line nr="456" mi="1" ci="0" mb="0" cb="0"/><line nr="462" mi="0" ci="3" mb="0" cb="0"/><line nr="470" mi="0" ci="3" mb="0" cb="0"/><line nr="471" mi="0" ci="1" mb="0" cb="0"/><line nr="477" mi="0" ci="3" mb="0" cb="0"/><line nr="485" mi="0" ci="3" mb="0" cb="0"/><line nr="486" mi="0" ci="1" mb="0" cb="0"/><counter type="INSTRUCTION" missed="328" covered="153"/><counter type="BRANCH" missed="16" covered="4"/><counter type="LINE" missed="107" covered="45"/><counter type="COMPLEXITY" missed="29" covered="11"/><counter type="METHOD" missed="19" covered="11"/><counter type="CLASS" missed="0" covered="1"/></sourcefile><counter type="INSTRUCTION" missed="830" covered="584"/><counter type="BRANCH" missed="80" covered="30"/><counter type="LINE" missed="233" covered="170"/><counter type="COMPLEXITY" missed="67" covered="42"/><counter type="METHOD" missed="25" covered="29"/><counter type="CLASS" missed="1" covered="3"/></package><counter type="INSTRUCTION" missed="933" covered="1366"/><counter type="BRANCH" missed="97" covered="77"/><counter type="LINE" missed="261" covered="362"/><counter type="COMPLEXITY" missed="86" covered="99"/><counter type="METHOD" missed="30" covered="68"/><counter type="CLASS" missed="2" covered="10"/></report>