<?xml version="1.0" encoding="UTF-8" standalone="yes"?><!DOCTYPE report PUBLIC "-//JACOCO//DTD Report 1.0//EN" "report.dtd"><report name="CHIAChecker"><sessioninfo id="" start="1454787155374" dump="1454787156039"/><sessioninfo id="it.polimi.checker.intersection.IntersectionBuilderGetModelStateTest testGetNumberNullArgument" start="1454787156043" dump="1454787156191"/><sessioninfo id="" start="1454787156196" dump="1454787156197"/><sessioninfo id="it.polimi.checker.intersection.IntersectionBuilderGetModelStateTest testGetNumberIllegalArgument" start="1454787156200" dump="1454787156203"/><sessioninfo id="" start="1454787156207" dump="1454787156208"/><sessioninfo id="it.polimi.checker.intersection.IntersectionBuilderGetModelStateTest testGetNumber" start="1454787156217" dump="1454787156221"/><sessioninfo id="" start="1454787156225" dump="1454787156227"/><sessioninfo id="it.polimi.checker.intersection.IntersectionBuilderPerformTest testgetIntersectionStateIllegalStateException" start="1454787156233" dump="1454787156237"/><sessioninfo id="" start="1454787156242" dump="1454787156271"/><sessioninfo id="it.polimi.checker.ModelCheckingInfoTest testReset" start="1454787156276" dump="1454787156283"/><sessioninfo id="" start="1454787156286" dump="1454787156287"/><sessioninfo id="it.polimi.checker.ModelCheckingInfoTest testModelCheckingResults" start="1454787156291" dump="1454787156292"/><sessioninfo id="" start="1454787156297" dump="1454787156299"/><sessioninfo id="it.polimi.checker.ModelCheckingInfoTest testGetViolationTime" start="1454787156303" dump="1454787156303"/><sessioninfo id="" start="1454787156308" dump="1454787156308"/><sessioninfo id="it.polimi.checker.ModelCheckingInfoTest testSetViolationTime" start="1454787156312" dump="1454787156313"/><sessioninfo id="" start="1454787156317" dump="1454787156318"/><sessioninfo id="it.polimi.checker.ModelCheckingInfoTest testGetPossibleViolationTime" start="1454787156322" dump="1454787156323"/><sessioninfo id="" start="1454787156327" dump="1454787156328"/><sessioninfo id="it.polimi.checker.ModelCheckingInfoTest testSetPossibleViolationTime" start="1454787156332" dump="1454787156333"/><sessioninfo id="" start="1454787156337" dump="1454787156338"/><sessioninfo id="it.polimi.checker.ModelCheckingInfoTest testGetResult" start="1454787156342" dump="1454787156342"/><sessioninfo id="" start="1454787156350" dump="1454787156351"/><sessioninfo id="it.polimi.checker.ModelCheckingInfoTest testSetResult" start="1454787156354" dump="1454787156355"/><sessioninfo id="" start="1454787156359" dump="1454787156360"/><sessioninfo id="it.polimi.checker.ModelCheckingInfoTest testGetConstraintComputationTime" start="1454787156364" dump="1454787156365"/><sessioninfo id="" start="1454787156369" dump="1454787156370"/><sessioninfo id="it.polimi.checker.ModelCheckingInfoTest testSetConstraintComputationTime" start="1454787156374" dump="1454787156375"/><sessioninfo id="" start="1454787156379" dump="1454787156380"/><sessioninfo id="it.polimi.checker.ModelCheckingInfoTest testGetNumStatesSpecification" start="1454787156384" dump="1454787156385"/><sessioninfo id="" start="1454787156389" dump="1454787156390"/><sessioninfo id="it.polimi.checker.ModelCheckingInfoTest testSetNumStatesSpecification" start="1454787156394" dump="1454787156395"/><sessioninfo id="" start="1454787156399" dump="1454787156400"/><sessioninfo id="it.polimi.checker.ModelCheckingInfoTest testGetNumAcceptStatesSpecification" start="1454787156403" dump="1454787156404"/><sessioninfo id="" start="1454787156408" dump="1454787156409"/><sessioninfo id="it.polimi.checker.ModelCheckingInfoTest testSetNumAcceptStatesSpecification" start="1454787156413" dump="1454787156414"/><sessioninfo id="" start="1454787156418" dump="1454787156418"/><sessioninfo id="it.polimi.checker.ModelCheckingInfoTest testGetNumTransitionSpecification" start="1454787156423" dump="1454787156424"/><sessioninfo id="" start="1454787156430" dump="1454787156431"/><sessioninfo id="it.polimi.checker.ModelCheckingInfoTest testSetNumTransitionSpecification" start="1454787156434" dump="1454787156436"/><sessioninfo id="" start="1454787156440" dump="1454787156441"/><sessioninfo id="it.polimi.checker.ModelCheckingInfoTest testGetNumStatesModel" start="1454787156445" dump="1454787156447"/><sessioninfo id="" start="1454787156451" dump="1454787156452"/><sessioninfo id="it.polimi.checker.ModelCheckingInfoTest testSetNumStatesModel" start="1454787156456" dump="1454787156457"/><sessioninfo id="" start="1454787156462" dump="1454787156463"/><sessioninfo id="it.polimi.checker.ModelCheckingInfoTest testGetNumAcceptStatesModel" start="1454787156467" dump="1454787156467"/><sessioninfo id="" start="1454787156471" dump="1454787156472"/><sessioninfo id="it.polimi.checker.ModelCheckingInfoTest testSetNumAcceptStatesModel" start="1454787156477" dump="1454787156478"/><sessioninfo id="" start="1454787156482" dump="1454787156483"/><sessioninfo id="it.polimi.checker.ModelCheckingInfoTest testGetNumTransitionModel" start="1454787156487" dump="1454787156488"/><sessioninfo id="" start="1454787156494" dump="1454787156495"/><sessioninfo id="it.polimi.checker.ModelCheckingInfoTest testSetNumTransitionModel" start="1454787156501" dump="1454787156502"/><sessioninfo id="" start="1454787156506" dump="1454787156507"/><sessioninfo id="it.polimi.checker.ModelCheckingInfoTest testGetNumBlackBoxStatesModel" start="1454787156511" dump="1454787156512"/><sessioninfo id="" start="1454787156516" dump="1454787156517"/><sessioninfo id="it.polimi.checker.ModelCheckingInfoTest testSetNumBlackBoxStatesModel" start="1454787156521" dump="1454787156522"/><sessioninfo id="" start="1454787156527" dump="1454787156528"/><sessioninfo id="it.polimi.checker.ModelCheckingInfoTest testToStringHeader" start="1454787156532" dump="1454787156538"/><sessioninfo id="" start="1454787156542" dump="1454787156543"/><sessioninfo id="it.polimi.checker.ModelCheckingInfoTest testToString" start="1454787156546" dump="1454787156547"/><sessioninfo id="" start="1454787156551" dump="1454787156551"/><sessioninfo id="it.polimi.checker.ModelCheckingInfoTest testGetNumStatesIntersection" start="1454787156555" dump="1454787156557"/><sessioninfo id="" start="1454787156562" dump="1454787156562"/><sessioninfo id="it.polimi.checker.ModelCheckingInfoTest testSetNumStatesIntersection" start="1454787156566" dump="1454787156567"/><sessioninfo id="" start="1454787156570" dump="1454787156571"/><sessioninfo id="it.polimi.checker.ModelCheckingInfoTest testGetNumAcceptingStatesIntersection" start="1454787156574" dump="1454787156575"/><sessioninfo id="" start="1454787156578" dump="1454787156579"/><sessioninfo id="it.polimi.checker.ModelCheckingInfoTest testSetNumAcceptingStatesIntersection" start="1454787156583" dump="1454787156584"/><sessioninfo id="" start="1454787156587" dump="1454787156587"/><sessioninfo id="it.polimi.checker.ModelCheckingInfoTest testGetNumInitialStatesIntersection" start="1454787156591" dump="1454787156592"/><sessioninfo id="" start="1454787156595" dump="1454787156596"/><sessioninfo id="it.polimi.checker.ModelCheckingInfoTest testSetNumInitialStatesIntersection" start="1454787156599" dump="1454787156601"/><sessioninfo id="" start="1454787156605" dump="1454787156606"/><sessioninfo id="it.polimi.checker.ModelCheckingInfoTest testGetNumMixedStatesIntersection" start="1454787156609" dump="1454787156611"/><sessioninfo id="" start="1454787156614" dump="1454787156615"/><sessioninfo id="it.polimi.checker.ModelCheckingInfoTest testSetNumMixedStatesIntersection" start="1454787156621" dump="1454787156622"/><sessioninfo id="" start="1454787156627" dump="1454787156628"/><sessioninfo id="it.polimi.checker.ModelCheckingInfoTest testGetTotalVerificationTime" start="1454787156632" dump="1454787156633"/><sessioninfo id="" start="1454787156637" dump="1454787156637"/><sessioninfo id="it.polimi.checker.ModelCheckingInfoTest testSetTotalTime" start="1454787156641" dump="1454787156641"/><sessioninfo id="" start="1454787156645" dump="1454787156645"/><sessioninfo id="it.polimi.checker.ModelCheckingInfoTest testGetSimplificationTime" start="1454787156649" dump="1454787156650"/><sessioninfo id="" start="1454787156661" dump="1454787156661"/><sessioninfo id="it.polimi.checker.ModelCheckingInfoTest testSetSimplificationTime" start="1454787156665" dump="1454787156665"/><sessioninfo id="" start="1454787156669" dump="1454787156683"/><sessioninfo id="it.polimi.checker.intersection.acceptingpolicies.BAAcceptingPolicyTest testComuteNumberNullModelState" start="1454787156686" dump="1454787156688"/><sessioninfo id="" start="1454787156691" dump="1454787156692"/><sessioninfo id="it.polimi.checker.intersection.acceptingpolicies.BAAcceptingPolicyTest testComuteNumberClaimStateNotInTheSetOfStates" start="1454787156695" dump="1454787156695"/><sessioninfo id="" start="1454787156699" dump="1454787156702"/><sessioninfo id="it.polimi.checker.intersection.acceptingpolicies.BAAcceptingPolicyTest testComuteNumberNullClaimState" start="1454787156704" dump="1454787156705"/><sessioninfo id="" start="1454787156708" dump="1454787156710"/><sessioninfo id="it.polimi.checker.intersection.acceptingpolicies.BAAcceptingPolicyTest testBAAcceptingPolicy" start="1454787156714" dump="1454787156716"/><sessioninfo id="" start="1454787156719" dump="1454787156719"/><sessioninfo id="it.polimi.checker.intersection.acceptingpolicies.BAAcceptingPolicyTest testComuteNumberModelStateNotInTheSetOfStates" start="1454787156721" dump="1454787156722"/><sessioninfo id="" start="1454787156726" dump="1454787156727"/><sessioninfo id="it.polimi.checker.intersection.acceptingpolicies.BAAcceptingPolicyTest testComuteNumberNumberOutOfLowerBound" start="1454787156731" dump="1454787156732"/><sessioninfo id="" start="1454787156735" dump="1454787156736"/><sessioninfo id="it.polimi.checker.intersection.acceptingpolicies.BAAcceptingPolicyTest testComuteNumberNumberOutOfUpperBound" start="1454787156743" dump="1454787156744"/><sessioninfo id="" start="1454787156748" dump="1454787156749"/><sessioninfo id="it.polimi.checker.intersection.acceptingpolicies.BAAcceptingPolicyTest testComuteNumberOne" start="1454787156752" dump="1454787156753"/><sessioninfo id="" start="1454787156757" dump="1454787156758"/><sessioninfo id="it.polimi.checker.intersection.acceptingpolicies.BAAcceptingPolicyTest testComuteNumberOneb" start="1454787156761" dump="1454787156762"/><sessioninfo id="" start="1454787156765" dump="1454787156766"/><sessioninfo id="it.polimi.checker.intersection.acceptingpolicies.BAAcceptingPolicyTest testComuteNumberOnec" start="1454787156769" dump="1454787156770"/><sessioninfo id="" start="1454787156773" dump="1454787156774"/><sessioninfo id="it.polimi.checker.intersection.acceptingpolicies.BAAcceptingPolicyTest testComuteNumberTwo" start="1454787156778" dump="1454787156779"/><sessioninfo id="" start="1454787156783" dump="1454787156783"/><sessioninfo id="it.polimi.checker.intersection.acceptingpolicies.BAAcceptingPolicyTest testComuteNumberTwob" start="1454787156786" dump="1454787156787"/><sessioninfo id="" start="1454787156789" dump="1454787156790"/><sessioninfo id="it.polimi.checker.intersection.acceptingpolicies.BAAcceptingPolicyTest testComuteNumberZero" start="1454787156793" dump="1454787156794"/><sessioninfo id="" start="1454787156797" dump="1454787156797"/><sessioninfo id="it.polimi.checker.intersection.acceptingpolicies.BAAcceptingPolicyTest testComuteNumberZerob" start="1454787156800" dump="1454787156801"/><sessioninfo id="" start="1454787156804" dump="1454787156805"/><sessioninfo id="it.polimi.checker.intersection.acceptingpolicies.BAAcceptingPolicyTest testComuteNumberZeroc" start="1454787156808" dump="1454787156809"/><sessioninfo id="" start="1454787156812" dump="1454787156812"/><sessioninfo id="it.polimi.checker.intersection.acceptingpolicies.BAAcceptingPolicyTest testComuteInitNumberNullClaimState" start="1454787156815" dump="1454787156817"/><sessioninfo id="" start="1454787156820" dump="1454787156821"/><sessioninfo id="it.polimi.checker.intersection.acceptingpolicies.BAAcceptingPolicyTest testComuteInitNumberNullModelState" start="1454787156824" dump="1454787156824"/><sessioninfo id="" start="1454787156827" dump="1454787156828"/><sessioninfo id="it.polimi.checker.intersection.acceptingpolicies.BAAcceptingPolicyTest testComuteInitNumberNotContainedClaimState" start="1454787156831" dump="1454787156832"/><sessioninfo id="" start="1454787156835" dump="1454787156835"/><sessioninfo id="it.polimi.checker.intersection.acceptingpolicies.BAAcceptingPolicyTest testComuteInitNumberNotContainedModelState" start="1454787156838" dump="1454787156838"/><sessioninfo id="" start="1454787156841" dump="1454787156842"/><sessioninfo id="it.polimi.checker.intersection.acceptingpolicies.BAAcceptingPolicyTest testComuteInitNumber" start="1454787156844" dump="1454787156845"/><sessioninfo id="" start="1454787156848" dump="1454787156854"/><sessioninfo id="it.polimi.checker.intersection.IntersectionBuilderUpdateIntersectionTest testgetIntersectionStateIllegalArgumentNumber2" start="1454787156857" dump="1454787156859"/><sessioninfo id="" start="1454787156863" dump="1454787156864"/><sessioninfo id="it.polimi.checker.intersection.IntersectionBuilderUpdateIntersectionTest testgetIntersectionStateNullModelState" start="1454787156866" dump="1454787156868"/><sessioninfo id="" start="1454787156871" dump="1454787156872"/><sessioninfo id="it.polimi.checker.intersection.IntersectionBuilderUpdateIntersectionTest testgetIntersectionStateIllegalStateException" start="1454787156874" dump="1454787156875"/><sessioninfo id="" start="1454787156877" dump="1454787156878"/><sessioninfo id="it.polimi.checker.intersection.IntersectionBuilderUpdateIntersectionTest testgetIntersectionStateNullClaimState" start="1454787156882" dump="1454787156883"/><sessioninfo id="" start="1454787156886" dump="1454787156887"/><sessioninfo id="it.polimi.checker.intersection.IntersectionBuilderUpdateIntersectionTest testgetIntersectionStateIllegalArgumentClaimState" start="1454787156890" dump="1454787156892"/><sessioninfo id="" start="1454787156896" dump="1454787156897"/><sessioninfo id="it.polimi.checker.intersection.IntersectionBuilderUpdateIntersectionTest testgetIntersectionStateIllegalArgumentModelState" start="1454787156900" dump="1454787156901"/><sessioninfo id="" start="1454787156904" dump="1454787156904"/><sessioninfo id="it.polimi.checker.intersection.IntersectionBuilderUpdateIntersectionTest testgetIntersectionStateIllegalArgumentNumber" start="1454787156908" dump="1454787156909"/><sessioninfo id="" start="1454787156913" dump="1454787156914"/><sessioninfo id="it.polimi.checker.intersection.IntersectionBuilderUpdateIntersectionTest testUpdateIntersection" start="1454787156917" dump="1454787156919"/><sessioninfo id="" start="1454787156921" dump="1454787156922"/><sessioninfo id="it.polimi.checker.SatisfactionValueTest testToString" start="1454787156927" dump="1454787156928"/><sessioninfo id="" start="1454787156931" dump="1454787156933"/><sessioninfo id="it.polimi.checker.intersection.IntersectionBuilderRemoveIntersectionStateTest testUpdateIntersection" start="1454787156937" dump="1454787156957"/><sessioninfo id="" start="1454787156965" dump="1454787156966"/><sessioninfo id="it.polimi.checker.intersection.IntersectionBuilderRemoveIntersectionStateTest testUpdateIntersection2" start="1454787156969" dump="1454787156971"/><sessioninfo id="" start="1454787156973" dump="1454787156979"/><sessioninfo id="it.polimi.checker.intersection.IntersectionBuilderGetIntersectionStateTest testgetIntersectionStateIllegalArgumentNumber2" start="1454787156983" dump="1454787156985"/><sessioninfo id="" start="1454787156989" dump="1454787156989"/><sessioninfo id="it.polimi.checker.intersection.IntersectionBuilderGetIntersectionStateTest testgetIntersectionStateNullModelState" start="1454787156994" dump="1454787156996"/><sessioninfo id="" start="1454787157000" dump="1454787157000"/><sessioninfo id="it.polimi.checker.intersection.IntersectionBuilderGetIntersectionStateTest testgetIntersectionStateIllegalStateException" start="1454787157002" dump="1454787157004"/><sessioninfo id="" start="1454787157006" dump="1454787157006"/><sessioninfo id="it.polimi.checker.intersection.IntersectionBuilderGetIntersectionStateTest testgetIntersectionStateNullClaimState" start="1454787157009" dump="1454787157012"/><sessioninfo id="" start="1454787157015" dump="1454787157016"/><sessioninfo id="it.polimi.checker.intersection.IntersectionBuilderGetIntersectionStateTest testgetIntersectionStateIllegalArgumentClaimState" start="1454787157019" dump="1454787157021"/><sessioninfo id="" start="1454787157023" dump="1454787157024"/><sessioninfo id="it.polimi.checker.intersection.IntersectionBuilderGetIntersectionStateTest testgetIntersectionStateIllegalArgumentModelState" start="1454787157026" dump="1454787157029"/><sessioninfo id="" start="1454787157033" dump="1454787157033"/><sessioninfo id="it.polimi.checker.intersection.IntersectionBuilderGetIntersectionStateTest testgetIntersectionStateIllegalArgumentNumber" start="1454787157035" dump="1454787157037"/><sessioninfo id="" start="1454787157041" dump="1454787157042"/><sessioninfo id="it.polimi.checker.intersection.IntersectionBuilderGetIntersectionStateTest testgetIntersectionState0" start="1454787157044" dump="1454787157046"/><sessioninfo id="" start="1454787157048" dump="1454787157048"/><sessioninfo id="it.polimi.checker.intersection.IntersectionBuilderGetIntersectionStateTest testgetIntersectionState1" start="1454787157050" dump="1454787157052"/><sessioninfo id="" start="1454787157054" dump="1454787157055"/><sessioninfo id="it.polimi.checker.intersection.IntersectionBuilderGetIntersectionStateTest testgetIntersectionState2" start="1454787157057" dump="1454787157058"/><sessioninfo id="" start="1454787157061" dump="1454787157062"/><sessioninfo id="it.polimi.checker.intersection.IntersectionBuilderGetIntersectionStateTest testgetIntersectionState3" start="1454787157064" dump="1454787157065"/><sessioninfo id="" start="1454787157069" dump="1454787157071"/><sessioninfo id="it.polimi.checker.abstractor.AbstractorTest testPerformStatesNotcontainedInTheBA" start="1454787157077" dump="1454787157080"/><sessioninfo id="" start="1454787157087" dump="1454787157088"/><sessioninfo id="it.polimi.checker.abstractor.AbstractorTest testPerformNullBa" start="1454787157091" dump="1454787157092"/><sessioninfo id="" start="1454787157096" dump="1454787157096"/><sessioninfo id="it.polimi.checker.abstractor.AbstractorTest testPerformNullStates" start="1454787157100" dump="1454787157101"/><sessioninfo id="" start="1454787157104" dump="1454787157105"/><sessioninfo id="it.polimi.checker.abstractor.AbstractorTest testPerform" start="1454787157110" dump="1454787157113"/><sessioninfo id="" start="1454787157117" dump="1454787157121"/><sessioninfo id="it.polimi.checker.intersection.IntersectionBuilderGetClaimIntersectionStatesTest testGetNumberNullArgument" start="1454787157124" dump="1454787157126"/><sessioninfo id="" start="1454787157131" dump="1454787157132"/><sessioninfo id="it.polimi.checker.intersection.IntersectionBuilderGetClaimIntersectionStatesTest testGetNumberIllegalArgument" start="1454787157135" dump="1454787157137"/><sessioninfo id="" start="1454787157141" dump="1454787157142"/><sessioninfo id="it.polimi.checker.intersection.IntersectionBuilderGetClaimIntersectionStatesTest testGetNumber" start="1454787157146" dump="1454787157147"/><sessioninfo id="" start="1454787157151" dump="1454787157152"/><sessioninfo id="it.polimi.checker.intersection.IntersectionBuilderGetClaimIntersectionStatesTest testGetNumber2" start="1454787157158" dump="1454787157160"/><sessioninfo id="" start="1454787157165" dump="1454787157175"/><sessioninfo id="it.polimi.checker.intersection.IntersectionTransitionBuilderTest testIntersectionTransitionBuilder" start="1454787157182" dump="1454787157183"/><sessioninfo id="" start="1454787157187" dump="1454787157187"/><sessioninfo id="it.polimi.checker.intersection.IntersectionTransitionBuilderTest testSatisfiesNullClaimFormula" start="1454787157191" dump="1454787157192"/><sessioninfo id="" start="1454787157195" dump="1454787157196"/><sessioninfo id="it.polimi.checker.intersection.IntersectionTransitionBuilderTest testSatisfiesNullModelFormula" start="1454787157199" dump="1454787157200"/><sessioninfo id="" start="1454787157204" dump="1454787157207"/><sessioninfo id="it.polimi.checker.intersection.IntersectionTransitionBuilderTest testSatisfiesStuttering" start="1454787157211" dump="1454787157212"/><sessioninfo id="" start="1454787157216" dump="1454787157216"/><sessioninfo id="it.polimi.checker.intersection.IntersectionTransitionBuilderTest testSatisfiesSigma" start="1454787157224" dump="1454787157225"/><sessioninfo id="" start="1454787157228" dump="1454787157229"/><sessioninfo id="it.polimi.checker.intersection.IntersectionTransitionBuilderTest testClaimNegatedProposition" start="1454787157232" dump="1454787157233"/><sessioninfo id="" start="1454787157235" dump="1454787157236"/><sessioninfo id="it.polimi.checker.intersection.IntersectionTransitionBuilderTest testClaimProposition" start="1454787157238" dump="1454787157238"/><sessioninfo id="" start="1454787157241" dump="1454787157242"/><sessioninfo id="it.polimi.checker.intersection.IntersectionTransitionBuilderTest testClaimPropositionSatisfied" start="1454787157244" dump="1454787157245"/><sessioninfo id="" start="1454787157248" dump="1454787157248"/><sessioninfo id="it.polimi.checker.intersection.IntersectionTransitionBuilderTest testIsCompatibleNullModelTransition" start="1454787157251" dump="1454787157251"/><sessioninfo id="" start="1454787157254" dump="1454787157254"/><sessioninfo id="it.polimi.checker.intersection.IntersectionTransitionBuilderTest testIsCompatibleNullClaimTransition" start="1454787157256" dump="1454787157257"/><sessioninfo id="" start="1454787157259" dump="1454787157260"/><sessioninfo id="it.polimi.checker.intersection.IntersectionTransitionBuilderTest isCompatible" start="1454787157262" dump="1454787157262"/><sessioninfo id="" start="1454787157265" dump="1454787157265"/><sessioninfo id="it.polimi.checker.intersection.IntersectionTransitionBuilderTest testGetIntersectionNullClaimTransition" start="1454787157268" dump="1454787157268"/><sessioninfo id="" start="1454787157271" dump="1454787157271"/><sessioninfo id="it.polimi.checker.intersection.IntersectionTransitionBuilderTest testGetIntersectionTransition2" start="1454787157274" dump="1454787157274"/><sessioninfo id="" start="1454787157277" dump="1454787157277"/><sessioninfo id="it.polimi.checker.intersection.IntersectionTransitionBuilderTest testGetIntersectionTransition3" start="1454787157279" dump="1454787157280"/><sessioninfo id="" start="1454787157283" dump="1454787157283"/><sessioninfo id="it.polimi.checker.intersection.IntersectionTransitionBuilderTest testGetIntersectionTransition4" start="1454787157286" dump="1454787157287"/><sessioninfo id="" start="1454787157289" dump="1454787157289"/><sessioninfo id="it.polimi.checker.intersection.IntersectionTransitionBuilderTest testGetIntersectionTransition5" start="1454787157292" dump="1454787157293"/><sessioninfo id="" start="1454787157296" dump="1454787157296"/><sessioninfo id="it.polimi.checker.intersection.IntersectionTransitionBuilderTest testGetIntersectionTransition6" start="1454787157298" dump="1454787157299"/><sessioninfo id="" start="1454787157301" dump="1454787157301"/><sessioninfo id="it.polimi.checker.intersection.IntersectionTransitionBuilderTest testGetIntersectionTransition7" start="1454787157304" dump="1454787157304"/><sessioninfo id="" start="1454787157306" dump="1454787157309"/><sessioninfo id="it.polimi.checker.intersection.IntersectionBuilderGetIntersectionTransitionsBlackTest testUpdateIntersection" start="1454787157312" dump="1454787157314"/><sessioninfo id="" start="1454787157318" dump="1454787157320"/><sessioninfo id="it.polimi.checker.intersection.IntersectionBuilderGetClaimStateTest testGetNumberNullArgument" start="1454787157324" dump="1454787157326"/><sessioninfo id="" start="1454787157331" dump="1454787157332"/><sessioninfo id="it.polimi.checker.intersection.IntersectionBuilderGetClaimStateTest testGetNumberIllegalArgument" start="1454787157336" dump="1454787157337"/><sessioninfo id="" start="1454787157340" dump="1454787157341"/><sessioninfo id="it.polimi.checker.intersection.IntersectionBuilderGetClaimStateTest testGetNumber" start="1454787157344" dump="1454787157346"/><sessioninfo id="" start="1454787157349" dump="1454787157350"/><sessioninfo id="it.polimi.checker.intersection.IntersectionBuilderAlphabetTest test" start="1454787157353" dump="1454787157354"/><sessioninfo id="" start="1454787157357" dump="1454787157362"/><sessioninfo id="it.polimi.checker.intersection.acceptingpolicies.KripkeAcceptingPolicyTest testComuteNumberNullModelState" start="1454787157366" dump="1454787157367"/><sessioninfo id="" start="1454787157371" dump="1454787157372"/><sessioninfo id="it.polimi.checker.intersection.acceptingpolicies.KripkeAcceptingPolicyTest testComuteNumberNullClaimState" start="1454787157375" dump="1454787157376"/><sessioninfo id="" start="1454787157379" dump="1454787157379"/><sessioninfo id="it.polimi.checker.intersection.acceptingpolicies.KripkeAcceptingPolicyTest testComuteInitNumberNullClaimState" start="1454787157382" dump="1454787157382"/><sessioninfo id="" start="1454787157385" dump="1454787157385"/><sessioninfo id="it.polimi.checker.intersection.acceptingpolicies.KripkeAcceptingPolicyTest testComuteInitNumberNullModelState" start="1454787157389" dump="1454787157390"/><sessioninfo id="" start="1454787157393" dump="1454787157393"/><sessioninfo id="it.polimi.checker.intersection.acceptingpolicies.KripkeAcceptingPolicyTest testComuteInitNumberNotContainedClaimState" start="1454787157396" dump="1454787157397"/><sessioninfo id="" start="1454787157400" dump="1454787157401"/><sessioninfo id="it.polimi.checker.intersection.acceptingpolicies.KripkeAcceptingPolicyTest testComuteInitNumberNotContainedModelState" start="1454787157403" dump="1454787157404"/><sessioninfo id="" start="1454787157406" dump="1454787157407"/><sessioninfo id="it.polimi.checker.intersection.acceptingpolicies.KripkeAcceptingPolicyTest testComuteInitNumber" start="1454787157409" dump="1454787157410"/><sessioninfo id="" start="1454787157412" dump="1454787157413"/><sessioninfo id="it.polimi.checker.intersection.acceptingpolicies.KripkeAcceptingPolicyTest testKripkeAcceptingPolicyNullModel" start="1454787157415" dump="1454787157416"/><sessioninfo id="" start="1454787157419" dump="1454787157419"/><sessioninfo id="it.polimi.checker.intersection.acceptingpolicies.KripkeAcceptingPolicyTest testKripkeAcceptingPolicyNullClaim" start="1454787157421" dump="1454787157422"/><sessioninfo id="" start="1454787157424" dump="1454787157425"/><sessioninfo id="it.polimi.checker.intersection.acceptingpolicies.KripkeAcceptingPolicyTest testKripkeAcceptingPolicy" start="1454787157427" dump="1454787157428"/><sessioninfo id="" start="1454787157430" dump="1454787157431"/><sessioninfo id="it.polimi.checker.intersection.acceptingpolicies.KripkeAcceptingPolicyTest testComuteNumberIllegalArgument0" start="1454787157433" dump="1454787157434"/><sessioninfo id="" start="1454787157436" dump="1454787157436"/><sessioninfo id="it.polimi.checker.intersection.acceptingpolicies.KripkeAcceptingPolicyTest testComuteNumberIllegalArgument2" start="1454787157439" dump="1454787157440"/><sessioninfo id="" start="1454787157443" dump="1454787157444"/><sessioninfo id="it.polimi.checker.intersection.acceptingpolicies.KripkeAcceptingPolicyTest testComuteNumberStateOfTheClaimNotIncluded" start="1454787157447" dump="1454787157448"/><sessioninfo id="" start="1454787157452" dump="1454787157453"/><sessioninfo id="it.polimi.checker.intersection.acceptingpolicies.KripkeAcceptingPolicyTest testComuteNumberNotIncluded" start="1454787157457" dump="1454787157458"/><sessioninfo id="" start="1454787157462" dump="1454787157462"/><sessioninfo id="it.polimi.checker.intersection.acceptingpolicies.KripkeAcceptingPolicyTest testComuteNumberStateOfTheModelNotIncluded" start="1454787157466" dump="1454787157467"/><sessioninfo id="" start="1454787157469" dump="1454787157470"/><sessioninfo id="it.polimi.checker.intersection.acceptingpolicies.KripkeAcceptingPolicyTest testComuteNumber" start="1454787157472" dump="1454787157473"/><sessioninfo id="" start="1454787157475" dump="1454787157476"/><sessioninfo id="it.polimi.checker.intersection.acceptingpolicies.KripkeAcceptingPolicyTest testComuteNumber2" start="1454787157478" dump="1454787157478"/><sessioninfo id="" start="1454787157481" dump="1454787157482"/><sessioninfo id="it.polimi.checker.intersection.acceptingpolicies.KripkeAcceptingPolicyTest testComuteNumber3" start="1454787157484" dump="1454787157485"/><sessioninfo id="" start="1454787157487" dump="1454787157488"/><sessioninfo id="it.polimi.checker.intersection.acceptingpolicies.KripkeAcceptingPolicyTest testComuteNumber4" start="1454787157490" dump="1454787157491"/><sessioninfo id="" start="1454787157493" dump="1454787157495"/><sessioninfo id="it.polimi.checker.intersection.IntersectionBuilderGetModelIntersectionStatesTest testGetNumberNullArgument" start="1454787157498" dump="1454787157499"/><sessioninfo id="" start="1454787157502" dump="1454787157502"/><sessioninfo id="it.polimi.checker.intersection.IntersectionBuilderGetModelIntersectionStatesTest testGetNumberIllegalArgument" start="1454787157505" dump="1454787157506"/><sessioninfo id="" start="1454787157509" dump="1454787157510"/><sessioninfo id="it.polimi.checker.intersection.IntersectionBuilderGetModelIntersectionStatesTest testGetNumber" start="1454787157512" dump="1454787157513"/><sessioninfo id="" start="1454787157517" dump="1454787157517"/><sessioninfo id="it.polimi.checker.intersection.IntersectionBuilderGetModelIntersectionStatesTest testGetNumber2" start="1454787157521" dump="1454787157522"/><sessioninfo id="" start="1454787157525" dump="1454787157526"/><sessioninfo id="it.polimi.checker.intersection.acceptingpolicies.AcceptingPolicyTest testSetClaim" start="1454787157529" dump="1454787157531"/><sessioninfo id="" start="1454787157535" dump="1454787157535"/><sessioninfo id="it.polimi.checker.intersection.acceptingpolicies.AcceptingPolicyTest testGetBaAcceptingPolicy" start="1454787157540" dump="1454787157540"/><sessioninfo id="" start="1454787157543" dump="1454787157543"/><sessioninfo id="it.polimi.checker.intersection.acceptingpolicies.AcceptingPolicyTest testGetKripkeAcceptingPolicy" start="1454787157546" dump="1454787157547"/><sessioninfo id="" start="1454787157550" dump="1454787157551"/><sessioninfo id="it.polimi.checker.intersection.acceptingpolicies.AcceptingPolicyTest testSetModel" start="1454787157554" dump="1454787157554"/><sessioninfo id="" start="1454787157557" dump="1454787157559"/><sessioninfo id="it.polimi.checker.intersection.IntersectionBuilderGetIntersectionAutomatonTest testGetIntersection" start="1454787157563" dump="1454787157565"/><sessioninfo id="" start="1454787157568" dump="1454787157569"/><sessioninfo id="it.polimi.checker.intersection.IntersectionBuilderGetIntersectionAutomatonTest testGetIntersectionAutomatonIllegalState" start="1454787157571" dump="1454787157572"/><sessioninfo id="" start="1454787157575" dump="1454787157577"/><sessioninfo id="it.polimi.checker.intersection.IntersectionBuilderGetNumberTest testGetNumberNullArgument" start="1454787157579" dump="1454787157581"/><sessioninfo id="" start="1454787157583" dump="1454787157584"/><sessioninfo id="it.polimi.checker.intersection.IntersectionBuilderGetNumberTest testGetNumberIllegalArgument" start="1454787157588" dump="1454787157590"/><sessioninfo id="" start="1454787157596" dump="1454787157596"/><sessioninfo id="it.polimi.checker.intersection.IntersectionBuilderGetNumberTest testGetNumber" start="1454787157601" dump="1454787157603"/><sessioninfo id="" start="1454787157606" dump="1454787157609"/><sessioninfo id="it.polimi.checker.ModelCheckerTest testModelCheckerNullModel" start="1454787157612" dump="1454787157618"/><sessioninfo id="" start="1454787157621" dump="1454787157622"/><sessioninfo id="it.polimi.checker.ModelCheckerTest testModelCheckerNullClaim" start="1454787157624" dump="1454787157625"/><sessioninfo id="" start="1454787157629" dump="1454787157630"/><sessioninfo id="it.polimi.checker.ModelCheckerTest testCheck" start="1454787157634" dump="1454787157637"/><sessioninfo id="" start="1454787157641" dump="1454787157645"/><sessioninfo id="it.polimi.checker.ModelCheckerTest testCheck1" start="1454787157648" dump="1454787157650"/><sessioninfo id="" start="1454787157654" dump="1454787157655"/><sessioninfo id="it.polimi.checker.ModelCheckerTest testCheck2" start="1454787157658" dump="1454787157660"/><sessioninfo id="" start="1454787157664" dump="1454787157665"/><sessioninfo id="it.polimi.checker.ModelCheckerTest testCheck3" start="1454787157668" dump="1454787157669"/><sessioninfo id="" start="1454787157674" dump="1454787157674"/><sessioninfo id="it.polimi.checker.ModelCheckerTest testCheck5" start="1454787157677" dump="1454787157678"/><sessioninfo id="" start="1454787157680" dump="1454787157681"/><sessioninfo id="it.polimi.checker.ModelCheckerTest testCheck6" start="1454787157683" dump="1454787157685"/><sessioninfo id="" start="1454787157687" dump="1454787157688"/><sessioninfo id="it.polimi.checker.ModelCheckerTest testGetVerificationTimes" start="1454787157690" dump="1454787157691"/><sessioninfo id="" start="1454787157693" dump="1454787157694"/><sessioninfo id="it.polimi.checker.ModelCheckerTest testCheck7" start="1454787157696" dump="1454787157698"/><sessioninfo id="" start="1454787157701" dump="1454787157701"/><sessioninfo id="it.polimi.checker.ModelCheckerTest testCheckSize" start="1454787157704" dump="1454787157705"/><sessioninfo id="" start="1454787157707" dump="1454787157708"/><sessioninfo id="it.polimi.checker.ModelCheckerTest testCheckUpperIntersectionBuilderException" start="1454787157710" dump="1454787157712"/><sessioninfo id="" start="1454787157714" dump="1454787157715"/><sessioninfo id="it.polimi.checker.ModelCheckerTest testCheckLowerIntersectionBuilderNotPerformedException" start="1454787157717" dump="1454787157718"/><sessioninfo id="" start="1454787157720" dump="1454787157721"/><sessioninfo id="it.polimi.checker.ModelCheckerTest testCheckUpperIntersectionBuilderNotPerformedException" start="1454787157723" dump="1454787157723"/><sessioninfo id="" start="1454787157726" dump="1454787157727"/><sessioninfo id="it.polimi.checker.ModelCheckerTest testGetUpperIntersectionBuilderException" start="1454787157729" dump="1454787157730"/><sessioninfo id="" start="1454787157732" dump="1454787157732"/><sessioninfo id="it.polimi.checker.ModelCheckerTest testGetUpperIntersectionBuilder" start="1454787157734" dump="1454787157736"/><sessioninfo id="" start="1454787157739" dump="1454787157740"/><sessioninfo id="it.polimi.checker.ibablackboxstateremovel.IBABlackBoxRemoverTest testBlackBoxRemovalNull" start="1454787157743" dump="1454787157744"/><sessioninfo id="" start="1454787157746" dump="1454787157746"/><sessioninfo id="it.polimi.checker.ibablackboxstateremovel.IBABlackBoxRemoverTest testBlackBoxStateRemoval" start="1454787157749" dump="1454787157750"/><sessioninfo id="" start="1454787157754" dump="1454787157754"/><sessioninfo id="it.polimi.checker.ibablackboxstateremovel.IBABlackBoxRemoverTest testBlackBoxStateRemoval2" start="1454787157756" dump="1454787157757"/><sessioninfo id="" start="1454787157759" dump="1454787157760"/><sessioninfo id="it.polimi.checker.intersection.IntersectionBuilderGetModelTest test" start="1454787157763" dump="1454787157763"/><sessioninfo id="" start="1454787157767" dump="1454787157769"/><sessioninfo id="it.polimi.checker.intersection.IntersectionBuilderGetConstrainedTransitionsTest testGetConstrainedTransitionsIllegalArgumentState" start="1454787157773" dump="1454787157774"/><sessioninfo id="" start="1454787157778" dump="1454787157779"/><sessioninfo id="it.polimi.checker.intersection.IntersectionBuilderGetConstrainedTransitionsTest testGetConstrainedTransitionsNullPointer" start="1454787157783" dump="1454787157784"/><sessioninfo id="" start="1454787157787" dump="1454787157787"/><sessioninfo id="it.polimi.checker.intersection.IntersectionBuilderGetConstrainedTransitionsTest testGetConstrainedTransitionsIllegalState" start="1454787157790" dump="1454787157791"/><sessioninfo id="" start="1454787157793" dump="1454787157794"/><sessioninfo id="it.polimi.checker.intersection.IntersectionBuilderGetConstrainedTransitionsTest testGetConstrainedTransitions" start="1454787157796" dump="1454787157798"/><sessioninfo id="" start="1454787157802" dump="1454787157806"/><sessioninfo id="it.polimi.checker.intersection.IntersectionBuilderTest testComputeIntersection" start="1454787157809" dump="1454787157810"/><sessioninfo id="" start="1454787157813" dump="1454787157813"/><sessioninfo id="it.polimi.checker.intersection.IntersectionBuilderTest testIntersectionBuilderNullModel" start="1454787157817" dump="1454787157817"/><sessioninfo id="" start="1454787157820" dump="1454787157820"/><sessioninfo id="it.polimi.checker.intersection.IntersectionBuilderTest testIntersectionBuilderNullClaim" start="1454787157823" dump="1454787157823"/><sessioninfo id="" start="1454787157825" dump="1454787157826"/><sessioninfo id="it.polimi.checker.intersection.IntersectionBuilderTest testComputeIntersection1" start="1454787157828" dump="1454787157829"/><sessioninfo id="" start="1454787157831" dump="1454787157832"/><sessioninfo id="it.polimi.checker.intersection.IntersectionBuilderTest testComputeIntersection2" start="1454787157834" dump="1454787157835"/><sessioninfo id="" start="1454787157837" dump="1454787157838"/><sessioninfo id="it.polimi.checker.intersection.IntersectionBuilderTest testComputeIntersection3" start="1454787157842" dump="1454787157844"/><sessioninfo id="" start="1454787157848" dump="1454787157849"/><sessioninfo id="it.polimi.checker.intersection.IntersectionBuilderTest testComputeIntersection4" start="1454787157851" dump="1454787157852"/><sessioninfo id="" start="1454787157858" dump="1454787157858"/><sessioninfo id="it.polimi.checker.intersection.IntersectionBuilderTest testComputeIntersection5" start="1454787157861" dump="1454787157862"/><sessioninfo id="" start="1454787157868" dump="1454787157869"/><sessioninfo id="it.polimi.checker.intersection.IntersectionBuilderTest testComputeIntersection6" start="1454787157872" dump="1454787157873"/><sessioninfo id="" start="1454787157877" dump="1454787157878"/><sessioninfo id="it.polimi.checker.intersection.IntersectionBuilderTest testComputeIntersection7" start="1454787157881" dump="1454787157882"/><sessioninfo id="" start="1454787157887" dump="1454787157892"/><sessioninfo id="it.polimi.checker.emptiness.EmptinessCheckerTest testEmptinessCheckerNull" start="1454787157896" dump="1454787157897"/><sessioninfo id="" start="1454787157902" dump="1454787157902"/><sessioninfo id="it.polimi.checker.emptiness.EmptinessCheckerTest testEmptinessChecker" start="1454787157907" dump="1454787157907"/><sessioninfo id="" start="1454787157912" dump="1454787157913"/><sessioninfo id="it.polimi.checker.emptiness.EmptinessCheckerTest testIsEmpty0" start="1454787157918" dump="1454787157920"/><sessioninfo id="" start="1454787157925" dump="1454787157925"/><sessioninfo id="it.polimi.checker.emptiness.EmptinessCheckerTest testIsEmpty1" start="1454787157930" dump="1454787157931"/><sessioninfo id="" start="1454787157936" dump="1454787157937"/><sessioninfo id="it.polimi.checker.emptiness.EmptinessCheckerTest testIsEmpty2" start="1454787157940" dump="1454787157941"/><sessioninfo id="" start="1454787157944" dump="1454787157945"/><sessioninfo id="it.polimi.checker.emptiness.EmptinessCheckerTest testIsEmpty3" start="1454787157948" dump="1454787157949"/><sessioninfo id="" start="1454787157953" dump="1454787157954"/><sessioninfo id="it.polimi.checker.emptiness.EmptinessCheckerTest testIsEmpty4" start="1454787157957" dump="1454787157958"/><sessioninfo id="" start="1454787157962" dump="1454787157962"/><sessioninfo id="it.polimi.checker.emptiness.EmptinessCheckerTest testIsEmpty5" start="1454787157965" dump="1454787157966"/><sessioninfo id="" start="1454787157969" dump="1454787157969"/><sessioninfo id="it.polimi.checker.emptiness.EmptinessCheckerTest testIsEmpty6" start="1454787157971" dump="1454787157972"/><sessioninfo id="" start="1454787157977" dump="1454787157977"/><sessioninfo id="it.polimi.checker.emptiness.EmptinessCheckerTest testIsEmpty7" start="1454787157980" dump="1454787157980"/><sessioninfo id="" start="1454787157983" dump="1454787157984"/><sessioninfo id="it.polimi.checker.emptiness.EmptinessCheckerTest testgetCounterexample" start="1454787157987" dump="1454787157988"/><sessioninfo id="" start="1454787157991" dump="1454787157993"/><sessioninfo id="it.polimi.ConstantsTest test" start="1454787157997" dump="1454787157999"/><sessioninfo id="" start="1454787158004" dump="1454787158005"/><sessioninfo id="it.polimi.checker.intersection.IntersectionBuilderGetAcceptingPolicyTest test" start="1454787158009" dump="1454787158010"/><sessioninfo id="" start="1454787158013" dump="1454787158016"/><sessioninfo id="it.polimi.checker.intersection.IntersectionBuilderGetIntersectionStatesTest testgetIntersectionStateNullModelState" start="1454787158020" dump="1454787158022"/><sessioninfo id="" start="1454787158025" dump="1454787158026"/><sessioninfo id="it.polimi.checker.intersection.IntersectionBuilderGetIntersectionStatesTest testgetIntersectionStateIllegalStateException" start="1454787158030" dump="1454787158031"/><sessioninfo id="" start="1454787158034" dump="1454787158035"/><sessioninfo id="it.polimi.checker.intersection.IntersectionBuilderGetIntersectionStatesTest testgetIntersectionStateNullClaimState" start="1454787158038" dump="1454787158040"/><sessioninfo id="" start="1454787158043" dump="1454787158043"/><sessioninfo id="it.polimi.checker.intersection.IntersectionBuilderGetIntersectionStatesTest testgetIntersectionStateIllegalArgumentClaimState" start="1454787158045" dump="1454787158046"/><sessioninfo id="" start="1454787158050" dump="1454787158050"/><sessioninfo id="it.polimi.checker.intersection.IntersectionBuilderGetIntersectionStatesTest testgetIntersectionStateIllegalArgumentModelState" start="1454787158054" dump="1454787158055"/><sessioninfo id="" start="1454787158058" dump="1454787158059"/><sessioninfo id="it.polimi.checker.intersection.IntersectionBuilderGetIntersectionStatesTest testgetIntersectionStateIllegalArgumentNumber" start="1454787158062" dump="1454787158063"/><sessioninfo id="" start="1454787158067" dump="1454787158068"/><sessioninfo id="it.polimi.checker.intersection.IntersectionBuilderGetIntersectionStatesTest testgetIntersectionState0" start="1454787158072" dump="1454787158073"/><sessioninfo id="" start="1454787158076" dump="1454787158076"/><sessioninfo id="it.polimi.checker.intersection.IntersectionBuilderGetIntersectionStatesTest testgetIntersectionState1" start="1454787158079" dump="1454787158080"/><sessioninfo id="" start="1454787158084" dump="1454787158084"/><sessioninfo id="it.polimi.checker.intersection.IntersectionBuilderGetIntersectionStatesTest testgetIntersectionState2" start="1454787158087" dump="1454787158088"/><sessioninfo id="" start="1454787158092" dump="1454787158093"/><sessioninfo id="it.polimi.checker.intersection.IntersectionBuilderGetIntersectionStatesTest testgetIntersectionState3" start="1454787158096" dump="1454787158097"/><sessioninfo id="" start="1454787158099" dump="1454787158100"/><sessioninfo id="it.polimi.checker.intersection.IntersectionBuilderGetClaimTest test" start="1454787158104" dump="1454787158105"/><sessioninfo id="it.polimi.checker.intersection.IntersectionBuilderGetClaimTest test" start="1454787158109" dump="1454787158116"/><sessioninfo id="" start="1454922812655" dump="1454922813524"/><sessioninfo id="it.polimi.checker.intersection.IntersectionBuilderGetAcceptingPolicyTest test" start="1454922813528" dump="1454922813702"/><sessioninfo id="" start="1454922813708" dump="1454922813711"/><sessioninfo id="it.polimi.checker.intersection.IntersectionBuilderGetClaimTest test" start="1454922813717" dump="1454922813718"/><sessioninfo id="" start="1454922813723" dump="1454922813730"/><sessioninfo id="it.polimi.ConstantsTest test" start="1454922813734" dump="1454922813737"/><sessioninfo id="" start="1454922813741" dump="1454922813756"/><sessioninfo id="it.polimi.checker.intersection.IntersectionBuilderRemoveIntersectionStateTest testUpdateIntersection" start="1454922813760" dump="1454922813889"/><sessioninfo id="" start="1454922813894" dump="1454922813894"/><sessioninfo id="it.polimi.checker.intersection.IntersectionBuilderRemoveIntersectionStateTest testUpdateIntersection2" start="1454922813899" dump="1454922813902"/><sessioninfo id="" start="1454922813906" dump="1454922813908"/><sessioninfo id="it.polimi.checker.intersection.IntersectionBuilderGetIntersectionAutomatonTest testGetIntersectionAutomatonIllegalState" start="1454922813912" dump="1454922813914"/><sessioninfo id="" start="1454922813918" dump="1454922813919"/><sessioninfo id="it.polimi.checker.intersection.IntersectionBuilderGetIntersectionAutomatonTest testGetIntersection" start="1454922813923" dump="1454922813924"/><sessioninfo id="" start="1454922813928" dump="1454922813940"/><sessioninfo id="it.polimi.checker.intersection.IntersectionTransitionBuilderTest testIntersectionTransitionBuilder" start="1454922813946" dump="1454922813947"/><sessioninfo id="" start="1454922813952" dump="1454922813952"/><sessioninfo id="it.polimi.checker.intersection.IntersectionTransitionBuilderTest testSatisfiesNullClaimFormula" start="1454922813958" dump="1454922813959"/><sessioninfo id="" start="1454922813964" dump="1454922813964"/><sessioninfo id="it.polimi.checker.intersection.IntersectionTransitionBuilderTest testSatisfiesNullModelFormula" start="1454922813969" dump="1454922813970"/><sessioninfo id="" start="1454922813975" dump="1454922813976"/><sessioninfo id="it.polimi.checker.intersection.IntersectionTransitionBuilderTest testSatisfiesStuttering" start="1454922813980" dump="1454922813981"/><sessioninfo id="" start="1454922813985" dump="1454922813986"/><sessioninfo id="it.polimi.checker.intersection.IntersectionTransitionBuilderTest testSatisfiesSigma" start="1454922813990" dump="1454922813991"/><sessioninfo id="" start="1454922813996" dump="1454922813996"/><sessioninfo id="it.polimi.checker.intersection.IntersectionTransitionBuilderTest testClaimNegatedProposition" start="1454922814001" dump="1454922814002"/><sessioninfo id="" start="1454922814006" dump="1454922814007"/><sessioninfo id="it.polimi.checker.intersection.IntersectionTransitionBuilderTest testClaimProposition" start="1454922814011" dump="1454922814012"/><sessioninfo id="" start="1454922814017" dump="1454922814018"/><sessioninfo id="it.polimi.checker.intersection.IntersectionTransitionBuilderTest testClaimPropositionSatisfied" start="1454922814022" dump="1454922814023"/><sessioninfo id="" start="1454922814028" dump="1454922814029"/><sessioninfo id="it.polimi.checker.intersection.IntersectionTransitionBuilderTest testIsCompatibleNullModelTransition" start="1454922814034" dump="1454922814035"/><sessioninfo id="" start="1454922814039" dump="1454922814040"/><sessioninfo id="it.polimi.checker.intersection.IntersectionTransitionBuilderTest testIsCompatibleNullClaimTransition" start="1454922814045" dump="1454922814046"/><sessioninfo id="" start="1454922814050" dump="1454922814051"/><sessioninfo id="it.polimi.checker.intersection.IntersectionTransitionBuilderTest isCompatible" start="1454922814056" dump="1454922814057"/><sessioninfo id="" start="1454922814061" dump="1454922814062"/><sessioninfo id="it.polimi.checker.intersection.IntersectionTransitionBuilderTest testGetIntersectionNullClaimTransition" start="1454922814067" dump="1454922814068"/><sessioninfo id="" start="1454922814072" dump="1454922814073"/><sessioninfo id="it.polimi.checker.intersection.IntersectionTransitionBuilderTest testGetIntersectionTransition2" start="1454922814077" dump="1454922814079"/><sessioninfo id="" start="1454922814082" dump="1454922814083"/><sessioninfo id="it.polimi.checker.intersection.IntersectionTransitionBuilderTest testGetIntersectionTransition3" start="1454922814087" dump="1454922814088"/><sessioninfo id="" start="1454922814092" dump="1454922814093"/><sessioninfo id="it.polimi.checker.intersection.IntersectionTransitionBuilderTest testGetIntersectionTransition4" start="1454922814097" dump="1454922814098"/><sessioninfo id="" start="1454922814103" dump="1454922814104"/><sessioninfo id="it.polimi.checker.intersection.IntersectionTransitionBuilderTest testGetIntersectionTransition5" start="1454922814108" dump="1454922814111"/><sessioninfo id="" start="1454922814115" dump="1454922814116"/><sessioninfo id="it.polimi.checker.intersection.IntersectionTransitionBuilderTest testGetIntersectionTransition6" start="1454922814120" dump="1454922814121"/><sessioninfo id="" start="1454922814128" dump="1454922814129"/><sessioninfo id="it.polimi.checker.intersection.IntersectionTransitionBuilderTest testGetIntersectionTransition7" start="1454922814133" dump="1454922814134"/><sessioninfo id="" start="1454922814138" dump="1454922814153"/><sessioninfo id="it.polimi.checker.intersection.IntersectionBuilderGetIntersectionStateTest testgetIntersectionStateIllegalArgumentNumber2" start="1454922814157" dump="1454922814160"/><sessioninfo id="" start="1454922814164" dump="1454922814165"/><sessioninfo id="it.polimi.checker.intersection.IntersectionBuilderGetIntersectionStateTest testgetIntersectionStateIllegalStateException" start="1454922814170" dump="1454922814171"/><sessioninfo id="" start="1454922814176" dump="1454922814182"/><sessioninfo id="it.polimi.checker.intersection.IntersectionBuilderGetIntersectionStateTest testgetIntersectionStateNullModelState" start="1454922814194" dump="1454922814198"/><sessioninfo id="" start="1454922814202" dump="1454922814203"/><sessioninfo id="it.polimi.checker.intersection.IntersectionBuilderGetIntersectionStateTest testgetIntersectionStateNullClaimState" start="1454922814211" dump="1454922814214"/><sessioninfo id="" start="1454922814218" dump="1454922814218"/><sessioninfo id="it.polimi.checker.intersection.IntersectionBuilderGetIntersectionStateTest testgetIntersectionStateIllegalArgumentClaimState" start="1454922814221" dump="1454922814224"/><sessioninfo id="" start="1454922814228" dump="1454922814228"/><sessioninfo id="it.polimi.checker.intersection.IntersectionBuilderGetIntersectionStateTest testgetIntersectionStateIllegalArgumentModelState" start="1454922814232" dump="1454922814235"/><sessioninfo id="" start="1454922814239" dump="1454922814240"/><sessioninfo id="it.polimi.checker.intersection.IntersectionBuilderGetIntersectionStateTest testgetIntersectionStateIllegalArgumentNumber" start="1454922814245" dump="1454922814247"/><sessioninfo id="" start="1454922814251" dump="1454922814252"/><sessioninfo id="it.polimi.checker.intersection.IntersectionBuilderGetIntersectionStateTest testgetIntersectionState0" start="1454922814254" dump="1454922814258"/><sessioninfo id="" start="1454922814263" dump="1454922814263"/><sessioninfo id="it.polimi.checker.intersection.IntersectionBuilderGetIntersectionStateTest testgetIntersectionState1" start="1454922814269" dump="1454922814271"/><sessioninfo id="" start="1454922814274" dump="1454922814275"/><sessioninfo id="it.polimi.checker.intersection.IntersectionBuilderGetIntersectionStateTest testgetIntersectionState2" start="1454922814279" dump="1454922814281"/><sessioninfo id="" start="1454922814284" dump="1454922814284"/><sessioninfo id="it.polimi.checker.intersection.IntersectionBuilderGetIntersectionStateTest testgetIntersectionState3" start="1454922814288" dump="1454922814290"/><sessioninfo id="" start="1454922814293" dump="1454922814297"/><sessioninfo id="it.polimi.checker.intersection.acceptingpolicies.AcceptingPolicyTest testSetClaim" start="1454922814302" dump="1454922814302"/><sessioninfo id="" start="1454922814306" dump="1454922814307"/><sessioninfo id="it.polimi.checker.intersection.acceptingpolicies.AcceptingPolicyTest testSetModel" start="1454922814310" dump="1454922814311"/><sessioninfo id="" start="1454922814313" dump="1454922814314"/><sessioninfo id="it.polimi.checker.intersection.acceptingpolicies.AcceptingPolicyTest testGetBaAcceptingPolicy" start="1454922814317" dump="1454922814318"/><sessioninfo id="" start="1454922814320" dump="1454922814321"/><sessioninfo id="it.polimi.checker.intersection.acceptingpolicies.AcceptingPolicyTest testGetKripkeAcceptingPolicy" start="1454922814325" dump="1454922814326"/><sessioninfo id="" start="1454922814328" dump="1454922814339"/><sessioninfo id="it.polimi.checker.emptiness.EmptinessCheckerTest testEmptinessCheckerNull" start="1454922814344" dump="1454922814350"/><sessioninfo id="" start="1454922814354" dump="1454922814355"/><sessioninfo id="it.polimi.checker.emptiness.EmptinessCheckerTest testEmptinessChecker" start="1454922814359" dump="1454922814360"/><sessioninfo id="" start="1454922814362" dump="1454922814362"/><sessioninfo id="it.polimi.checker.emptiness.EmptinessCheckerTest testIsEmpty0" start="1454922814365" dump="1454922814368"/><sessioninfo id="" start="1454922814372" dump="1454922814372"/><sessioninfo id="it.polimi.checker.emptiness.EmptinessCheckerTest testIsEmpty1" start="1454922814376" dump="1454922814377"/><sessioninfo id="" start="1454922814384" dump="1454922814385"/><sessioninfo id="it.polimi.checker.emptiness.EmptinessCheckerTest testIsEmpty2" start="1454922814389" dump="1454922814390"/><sessioninfo id="" start="1454922814394" dump="1454922814395"/><sessioninfo id="it.polimi.checker.emptiness.EmptinessCheckerTest testIsEmpty3" start="1454922814399" dump="1454922814400"/><sessioninfo id="" start="1454922814404" dump="1454922814404"/><sessioninfo id="it.polimi.checker.emptiness.EmptinessCheckerTest testIsEmpty4" start="1454922814410" dump="1454922814411"/><sessioninfo id="" start="1454922814414" dump="1454922814414"/><sessioninfo id="it.polimi.checker.emptiness.EmptinessCheckerTest testIsEmpty5" start="1454922814417" dump="1454922814418"/><sessioninfo id="" start="1454922814420" dump="1454922814421"/><sessioninfo id="it.polimi.checker.emptiness.EmptinessCheckerTest testIsEmpty6" start="1454922814424" dump="1454922814425"/><sessioninfo id="" start="1454922814428" dump="1454922814429"/><sessioninfo id="it.polimi.checker.emptiness.EmptinessCheckerTest testIsEmpty7" start="1454922814433" dump="1454922814434"/><sessioninfo id="" start="1454922814438" dump="1454922814439"/><sessioninfo id="it.polimi.checker.emptiness.EmptinessCheckerTest testgetCounterexample" start="1454922814441" dump="1454922814442"/><sessioninfo id="" start="1454922814445" dump="1454922814447"/><sessioninfo id="it.polimi.checker.intersection.IntersectionBuilderGetModelIntersectionStatesTest testGetNumberNullArgument" start="1454922814451" dump="1454922814454"/><sessioninfo id="" start="1454922814460" dump="1454922814461"/><sessioninfo id="it.polimi.checker.intersection.IntersectionBuilderGetModelIntersectionStatesTest testGetNumberIllegalArgument" start="1454922814465" dump="1454922814467"/><sessioninfo id="" start="1454922814471" dump="1454922814472"/><sessioninfo id="it.polimi.checker.intersection.IntersectionBuilderGetModelIntersectionStatesTest testGetNumber" start="1454922814475" dump="1454922814477"/><sessioninfo id="" start="1454922814480" dump="1454922814483"/><sessioninfo id="it.polimi.checker.intersection.IntersectionBuilderGetModelIntersectionStatesTest testGetNumber2" start="1454922814487" dump="1454922814488"/><sessioninfo id="" start="1454922814492" dump="1454922814495"/><sessioninfo id="it.polimi.checker.abstractor.AbstractorTest testPerformNullBa" start="1454922814500" dump="1454922814506"/><sessioninfo id="" start="1454922814511" dump="1454922814511"/><sessioninfo id="it.polimi.checker.abstractor.AbstractorTest testPerformNullStates" start="1454922814516" dump="1454922814516"/><sessioninfo id="" start="1454922814521" dump="1454922814522"/><sessioninfo id="it.polimi.checker.abstractor.AbstractorTest testPerformStatesNotcontainedInTheBA" start="1454922814526" dump="1454922814527"/><sessioninfo id="" start="1454922814534" dump="1454922814540"/><sessioninfo id="it.polimi.checker.abstractor.AbstractorTest testPerform" start="1454922814545" dump="1454922814547"/><sessioninfo id="" start="1454922814552" dump="1454922814555"/><sessioninfo id="it.polimi.checker.intersection.IntersectionBuilderGetClaimStateTest testGetNumberNullArgument" start="1454922814560" dump="1454922814562"/><sessioninfo id="" start="1454922814567" dump="1454922814568"/><sessioninfo id="it.polimi.checker.intersection.IntersectionBuilderGetClaimStateTest testGetNumberIllegalArgument" start="1454922814571" dump="1454922814572"/><sessioninfo id="" start="1454922814576" dump="1454922814576"/><sessioninfo id="it.polimi.checker.intersection.IntersectionBuilderGetClaimStateTest testGetNumber" start="1454922814580" dump="1454922814582"/><sessioninfo id="" start="1454922814586" dump="1454922814590"/><sessioninfo id="it.polimi.checker.intersection.IntersectionBuilderGetConstrainedTransitionsTest testGetConstrainedTransitionsIllegalArgumentState" start="1454922814594" dump="1454922814598"/><sessioninfo id="" start="1454922814603" dump="1454922814604"/><sessioninfo id="it.polimi.checker.intersection.IntersectionBuilderGetConstrainedTransitionsTest testGetConstrainedTransitionsNullPointer" start="1454922814608" dump="1454922814610"/><sessioninfo id="" start="1454922814615" dump="1454922814616"/><sessioninfo id="it.polimi.checker.intersection.IntersectionBuilderGetConstrainedTransitionsTest testGetConstrainedTransitionsIllegalState" start="1454922814620" dump="1454922814624"/><sessioninfo id="" start="1454922814627" dump="1454922814628"/><sessioninfo id="it.polimi.checker.intersection.IntersectionBuilderGetConstrainedTransitionsTest testGetConstrainedTransitions" start="1454922814632" dump="1454922814634"/><sessioninfo id="" start="1454922814638" dump="1454922814641"/><sessioninfo id="it.polimi.checker.intersection.IntersectionBuilderGetNumberTest testGetNumberNullArgument" start="1454922814645" dump="1454922814647"/><sessioninfo id="" start="1454922814651" dump="1454922814652"/><sessioninfo id="it.polimi.checker.intersection.IntersectionBuilderGetNumberTest testGetNumberIllegalArgument" start="1454922814658" dump="1454922814660"/><sessioninfo id="" start="1454922814664" dump="1454922814664"/><sessioninfo id="it.polimi.checker.intersection.IntersectionBuilderGetNumberTest testGetNumber" start="1454922814667" dump="1454922814669"/><sessioninfo id="" start="1454922814672" dump="1454922814678"/><sessioninfo id="it.polimi.checker.intersection.IntersectionBuilderGetClaimIntersectionStatesTest testGetNumberNullArgument" start="1454922814682" dump="1454922814684"/><sessioninfo id="" start="1454922814688" dump="1454922814689"/><sessioninfo id="it.polimi.checker.intersection.IntersectionBuilderGetClaimIntersectionStatesTest testGetNumberIllegalArgument" start="1454922814693" dump="1454922814696"/><sessioninfo id="" start="1454922814700" dump="1454922814700"/><sessioninfo id="it.polimi.checker.intersection.IntersectionBuilderGetClaimIntersectionStatesTest testGetNumber" start="1454922814705" dump="1454922814706"/><sessioninfo id="" start="1454922814710" dump="1454922814710"/><sessioninfo id="it.polimi.checker.intersection.IntersectionBuilderGetClaimIntersectionStatesTest testGetNumber2" start="1454922814716" dump="1454922814718"/><sessioninfo id="" start="1454922814722" dump="1454922814726"/><sessioninfo id="it.polimi.checker.intersection.IntersectionBuilderGetModelStateTest testGetNumberNullArgument" start="1454922814730" dump="1454922814732"/><sessioninfo id="" start="1454922814736" dump="1454922814737"/><sessioninfo id="it.polimi.checker.intersection.IntersectionBuilderGetModelStateTest testGetNumberIllegalArgument" start="1454922814741" dump="1454922814743"/><sessioninfo id="" start="1454922814747" dump="1454922814748"/><sessioninfo id="it.polimi.checker.intersection.IntersectionBuilderGetModelStateTest testGetNumber" start="1454922814751" dump="1454922814753"/><sessioninfo id="" start="1454922814756" dump="1454922814760"/><sessioninfo id="it.polimi.checker.intersection.IntersectionBuilderUpdateIntersectionTest testgetIntersectionStateIllegalArgumentNumber2" start="1454922814764" dump="1454922814767"/><sessioninfo id="" start="1454922814772" dump="1454922814772"/><sessioninfo id="it.polimi.checker.intersection.IntersectionBuilderUpdateIntersectionTest testgetIntersectionStateIllegalStateException" start="1454922814777" dump="1454922814778"/><sessioninfo id="" start="1454922814782" dump="1454922814783"/><sessioninfo id="it.polimi.checker.intersection.IntersectionBuilderUpdateIntersectionTest testgetIntersectionStateNullModelState" start="1454922814788" dump="1454922814789"/><sessioninfo id="" start="1454922814793" dump="1454922814794"/><sessioninfo id="it.polimi.checker.intersection.IntersectionBuilderUpdateIntersectionTest testgetIntersectionStateNullClaimState" start="1454922814797" dump="1454922814799"/><sessioninfo id="" start="1454922814803" dump="1454922814804"/><sessioninfo id="it.polimi.checker.intersection.IntersectionBuilderUpdateIntersectionTest testgetIntersectionStateIllegalArgumentClaimState" start="1454922814807" dump="1454922814808"/><sessioninfo id="" start="1454922814812" dump="1454922814813"/><sessioninfo id="it.polimi.checker.intersection.IntersectionBuilderUpdateIntersectionTest testgetIntersectionStateIllegalArgumentModelState" start="1454922814816" dump="1454922814817"/><sessioninfo id="" start="1454922814820" dump="1454922814820"/><sessioninfo id="it.polimi.checker.intersection.IntersectionBuilderUpdateIntersectionTest testgetIntersectionStateIllegalArgumentNumber" start="1454922814824" dump="1454922814825"/><sessioninfo id="" start="1454922814830" dump="1454922814831"/><sessioninfo id="it.polimi.checker.intersection.IntersectionBuilderUpdateIntersectionTest testUpdateIntersection" start="1454922814835" dump="1454922814836"/><sessioninfo id="" start="1454922814841" dump="1454922814846"/><sessioninfo id="it.polimi.checker.intersection.IntersectionBuilderTest testIntersectionBuilderNullModel" start="1454922814850" dump="1454922814851"/><sessioninfo id="" start="1454922814854" dump="1454922814855"/><sessioninfo id="it.polimi.checker.intersection.IntersectionBuilderTest testComputeIntersection" start="1454922814859" dump="1454922814860"/><sessioninfo id="" start="1454922814863" dump="1454922814863"/><sessioninfo id="it.polimi.checker.intersection.IntersectionBuilderTest testIntersectionBuilderNullClaim" start="1454922814867" dump="1454922814868"/><sessioninfo id="" start="1454922814871" dump="1454922814871"/><sessioninfo id="it.polimi.checker.intersection.IntersectionBuilderTest testComputeIntersection1" start="1454922814875" dump="1454922814875"/><sessioninfo id="" start="1454922814882" dump="1454922814883"/><sessioninfo id="it.polimi.checker.intersection.IntersectionBuilderTest testComputeIntersection2" start="1454922814886" dump="1454922814887"/><sessioninfo id="" start="1454922814892" dump="1454922814893"/><sessioninfo id="it.polimi.checker.intersection.IntersectionBuilderTest testComputeIntersection3" start="1454922814896" dump="1454922814897"/><sessioninfo id="" start="1454922814900" dump="1454922814901"/><sessioninfo id="it.polimi.checker.intersection.IntersectionBuilderTest testComputeIntersection4" start="1454922814905" dump="1454922814907"/><sessioninfo id="" start="1454922814911" dump="1454922814911"/><sessioninfo id="it.polimi.checker.intersection.IntersectionBuilderTest testComputeIntersection5" start="1454922814915" dump="1454922814916"/><sessioninfo id="" start="1454922814918" dump="1454922814919"/><sessioninfo id="it.polimi.checker.intersection.IntersectionBuilderTest testComputeIntersection6" start="1454922814922" dump="1454922814923"/><sessioninfo id="" start="1454922814927" dump="1454922814927"/><sessioninfo id="it.polimi.checker.intersection.IntersectionBuilderTest testComputeIntersection7" start="1454922814930" dump="1454922814931"/><sessioninfo id="" start="1454922814934" dump="1454922814935"/><sessioninfo id="it.polimi.checker.SatisfactionValueTest testToString" start="1454922814938" dump="1454922814946"/><sessioninfo id="" start="1454922814956" dump="1454922814985"/><sessioninfo id="it.polimi.checker.intersection.acceptingpolicies.BAAcceptingPolicyTest testBAAcceptingPolicy" start="1454922814990" dump="1454922814991"/><sessioninfo id="" start="1454922814996" dump="1454922814997"/><sessioninfo id="it.polimi.checker.intersection.acceptingpolicies.BAAcceptingPolicyTest testComuteNumberNullClaimState" start="1454922815004" dump="1454922815004"/><sessioninfo id="" start="1454922815007" dump="1454922815008"/><sessioninfo id="it.polimi.checker.intersection.acceptingpolicies.BAAcceptingPolicyTest testComuteNumberNullModelState" start="1454922815011" dump="1454922815012"/><sessioninfo id="" start="1454922815016" dump="1454922815016"/><sessioninfo id="it.polimi.checker.intersection.acceptingpolicies.BAAcceptingPolicyTest testComuteNumberClaimStateNotInTheSetOfStates" start="1454922815020" dump="1454922815021"/><sessioninfo id="" start="1454922815024" dump="1454922815025"/><sessioninfo id="it.polimi.checker.intersection.acceptingpolicies.BAAcceptingPolicyTest testComuteNumberModelStateNotInTheSetOfStates" start="1454922815029" dump="1454922815029"/><sessioninfo id="" start="1454922815032" dump="1454922815033"/><sessioninfo id="it.polimi.checker.intersection.acceptingpolicies.BAAcceptingPolicyTest testComuteNumberNumberOutOfLowerBound" start="1454922815036" dump="1454922815037"/><sessioninfo id="" start="1454922815040" dump="1454922815041"/><sessioninfo id="it.polimi.checker.intersection.acceptingpolicies.BAAcceptingPolicyTest testComuteNumberNumberOutOfUpperBound" start="1454922815045" dump="1454922815046"/><sessioninfo id="" start="1454922815050" dump="1454922815050"/><sessioninfo id="it.polimi.checker.intersection.acceptingpolicies.BAAcceptingPolicyTest testComuteNumberOne" start="1454922815054" dump="1454922815055"/><sessioninfo id="" start="1454922815059" dump="1454922815059"/><sessioninfo id="it.polimi.checker.intersection.acceptingpolicies.BAAcceptingPolicyTest testComuteNumberOneb" start="1454922815064" dump="1454922815065"/><sessioninfo id="" start="1454922815068" dump="1454922815068"/><sessioninfo id="it.polimi.checker.intersection.acceptingpolicies.BAAcceptingPolicyTest testComuteNumberOnec" start="1454922815071" dump="1454922815072"/><sessioninfo id="" start="1454922815076" dump="1454922815076"/><sessioninfo id="it.polimi.checker.intersection.acceptingpolicies.BAAcceptingPolicyTest testComuteNumberTwo" start="1454922815079" dump="1454922815080"/><sessioninfo id="" start="1454922815084" dump="1454922815085"/><sessioninfo id="it.polimi.checker.intersection.acceptingpolicies.BAAcceptingPolicyTest testComuteNumberTwob" start="1454922815088" dump="1454922815088"/><sessioninfo id="" start="1454922815093" dump="1454922815094"/><sessioninfo id="it.polimi.checker.intersection.acceptingpolicies.BAAcceptingPolicyTest testComuteNumberZero" start="1454922815097" dump="1454922815097"/><sessioninfo id="" start="1454922815100" dump="1454922815100"/><sessioninfo id="it.polimi.checker.intersection.acceptingpolicies.BAAcceptingPolicyTest testComuteNumberZerob" start="1454922815103" dump="1454922815105"/><sessioninfo id="" start="1454922815109" dump="1454922815109"/><sessioninfo id="it.polimi.checker.intersection.acceptingpolicies.BAAcceptingPolicyTest testComuteNumberZeroc" start="1454922815114" dump="1454922815115"/><sessioninfo id="" start="1454922815119" dump="1454922815120"/><sessioninfo id="it.polimi.checker.intersection.acceptingpolicies.BAAcceptingPolicyTest testComuteInitNumberNullClaimState" start="1454922815125" dump="1454922815126"/><sessioninfo id="" start="1454922815130" dump="1454922815131"/><sessioninfo id="it.polimi.checker.intersection.acceptingpolicies.BAAcceptingPolicyTest testComuteInitNumberNullModelState" start="1454922815134" dump="1454922815134"/><sessioninfo id="" start="1454922815137" dump="1454922815138"/><sessioninfo id="it.polimi.checker.intersection.acceptingpolicies.BAAcceptingPolicyTest testComuteInitNumberNotContainedClaimState" start="1454922815141" dump="1454922815141"/><sessioninfo id="" start="1454922815144" dump="1454922815145"/><sessioninfo id="it.polimi.checker.intersection.acceptingpolicies.BAAcceptingPolicyTest testComuteInitNumberNotContainedModelState" start="1454922815148" dump="1454922815149"/><sessioninfo id="" start="1454922815154" dump="1454922815155"/><sessioninfo id="it.polimi.checker.intersection.acceptingpolicies.BAAcceptingPolicyTest testComuteInitNumber" start="1454922815158" dump="1454922815158"/><sessioninfo id="" start="1454922815162" dump="1454922815164"/><sessioninfo id="it.polimi.checker.intersection.IntersectionBuilderGetIntersectionTransitionsBlackTest testUpdateIntersection" start="1454922815168" dump="1454922815170"/><sessioninfo id="" start="1454922815174" dump="1454922815182"/><sessioninfo id="it.polimi.checker.intersection.acceptingpolicies.KripkeAcceptingPolicyTest testKripkeAcceptingPolicy" start="1454922815188" dump="1454922815189"/><sessioninfo id="" start="1454922815194" dump="1454922815194"/><sessioninfo id="it.polimi.checker.intersection.acceptingpolicies.KripkeAcceptingPolicyTest testKripkeAcceptingPolicyNullClaim" start="1454922815201" dump="1454922815202"/><sessioninfo id="" start="1454922815206" dump="1454922815207"/><sessioninfo id="it.polimi.checker.intersection.acceptingpolicies.KripkeAcceptingPolicyTest testComuteNumberIllegalArgument2" start="1454922815213" dump="1454922815214"/><sessioninfo id="" start="1454922815218" dump="1454922815219"/><sessioninfo id="it.polimi.checker.intersection.acceptingpolicies.KripkeAcceptingPolicyTest testComuteNumberStateOfTheClaimNotIncluded" start="1454922815225" dump="1454922815226"/><sessioninfo id="" start="1454922815230" dump="1454922815231"/><sessioninfo id="it.polimi.checker.intersection.acceptingpolicies.KripkeAcceptingPolicyTest testComuteNumberNotIncluded" start="1454922815235" dump="1454922815236"/><sessioninfo id="" start="1454922815240" dump="1454922815240"/><sessioninfo id="it.polimi.checker.intersection.acceptingpolicies.KripkeAcceptingPolicyTest testComuteNumberStateOfTheModelNotIncluded" start="1454922815245" dump="1454922815246"/><sessioninfo id="" start="1454922815248" dump="1454922815249"/><sessioninfo id="it.polimi.checker.intersection.acceptingpolicies.KripkeAcceptingPolicyTest testComuteNumber" start="1454922815252" dump="1454922815253"/><sessioninfo id="" start="1454922815256" dump="1454922815257"/><sessioninfo id="it.polimi.checker.intersection.acceptingpolicies.KripkeAcceptingPolicyTest testComuteNumber2" start="1454922815260" dump="1454922815260"/><sessioninfo id="" start="1454922815263" dump="1454922815263"/><sessioninfo id="it.polimi.checker.intersection.acceptingpolicies.KripkeAcceptingPolicyTest testComuteNumber3" start="1454922815268" dump="1454922815269"/><sessioninfo id="" start="1454922815274" dump="1454922815274"/><sessioninfo id="it.polimi.checker.intersection.acceptingpolicies.KripkeAcceptingPolicyTest testComuteNumber4" start="1454922815279" dump="1454922815280"/><sessioninfo id="" start="1454922815285" dump="1454922815286"/><sessioninfo id="it.polimi.checker.intersection.acceptingpolicies.KripkeAcceptingPolicyTest testKripkeAcceptingPolicyNullModel" start="1454922815290" dump="1454922815291"/><sessioninfo id="" start="1454922815294" dump="1454922815295"/><sessioninfo id="it.polimi.checker.intersection.acceptingpolicies.KripkeAcceptingPolicyTest testComuteNumberIllegalArgument0" start="1454922815300" dump="1454922815301"/><sessioninfo id="" start="1454922815305" dump="1454922815306"/><sessioninfo id="it.polimi.checker.intersection.acceptingpolicies.KripkeAcceptingPolicyTest testComuteNumberNullClaimState" start="1454922815310" dump="1454922815312"/><sessioninfo id="" start="1454922815316" dump="1454922815322"/><sessioninfo id="it.polimi.checker.intersection.acceptingpolicies.KripkeAcceptingPolicyTest testComuteNumberNullModelState" start="1454922815326" dump="1454922815327"/><sessioninfo id="" start="1454922815331" dump="1454922815331"/><sessioninfo id="it.polimi.checker.intersection.acceptingpolicies.KripkeAcceptingPolicyTest testComuteInitNumberNullClaimState" start="1454922815340" dump="1454922815341"/><sessioninfo id="" start="1454922815346" dump="1454922815346"/><sessioninfo id="it.polimi.checker.intersection.acceptingpolicies.KripkeAcceptingPolicyTest testComuteInitNumberNullModelState" start="1454922815350" dump="1454922815351"/><sessioninfo id="" start="1454922815357" dump="1454922815358"/><sessioninfo id="it.polimi.checker.intersection.acceptingpolicies.KripkeAcceptingPolicyTest testComuteInitNumberNotContainedClaimState" start="1454922815361" dump="1454922815362"/><sessioninfo id="" start="1454922815365" dump="1454922815366"/><sessioninfo id="it.polimi.checker.intersection.acceptingpolicies.KripkeAcceptingPolicyTest testComuteInitNumberNotContainedModelState" start="1454922815370" dump="1454922815370"/><sessioninfo id="" start="1454922815375" dump="1454922815375"/><sessioninfo id="it.polimi.checker.intersection.acceptingpolicies.KripkeAcceptingPolicyTest testComuteInitNumber" start="1454922815379" dump="1454922815379"/><sessioninfo id="" start="1454922815383" dump="1454922815386"/><sessioninfo id="it.polimi.checker.intersection.IntersectionBuilderGetIntersectionStatesTest testgetIntersectionStateIllegalStateException" start="1454922815390" dump="1454922815391"/><sessioninfo id="" start="1454922815396" dump="1454922815397"/><sessioninfo id="it.polimi.checker.intersection.IntersectionBuilderGetIntersectionStatesTest testgetIntersectionStateNullModelState" start="1454922815401" dump="1454922815402"/><sessioninfo id="" start="1454922815408" dump="1454922815408"/><sessioninfo id="it.polimi.checker.intersection.IntersectionBuilderGetIntersectionStatesTest testgetIntersectionStateNullClaimState" start="1454922815412" dump="1454922815413"/><sessioninfo id="" start="1454922815416" dump="1454922815417"/><sessioninfo id="it.polimi.checker.intersection.IntersectionBuilderGetIntersectionStatesTest testgetIntersectionStateIllegalArgumentClaimState" start="1454922815421" dump="1454922815423"/><sessioninfo id="" start="1454922815426" dump="1454922815427"/><sessioninfo id="it.polimi.checker.intersection.IntersectionBuilderGetIntersectionStatesTest testgetIntersectionStateIllegalArgumentModelState" start="1454922815432" dump="1454922815433"/><sessioninfo id="" start="1454922815438" dump="1454922815438"/><sessioninfo id="it.polimi.checker.intersection.IntersectionBuilderGetIntersectionStatesTest testgetIntersectionStateIllegalArgumentNumber" start="1454922815442" dump="1454922815445"/><sessioninfo id="" start="1454922815450" dump="1454922815450"/><sessioninfo id="it.polimi.checker.intersection.IntersectionBuilderGetIntersectionStatesTest testgetIntersectionState0" start="1454922815456" dump="1454922815457"/><sessioninfo id="" start="1454922815461" dump="1454922815462"/><sessioninfo id="it.polimi.checker.intersection.IntersectionBuilderGetIntersectionStatesTest testgetIntersectionState1" start="1454922815466" dump="1454922815467"/><sessioninfo id="" start="1454922815471" dump="1454922815472"/><sessioninfo id="it.polimi.checker.intersection.IntersectionBuilderGetIntersectionStatesTest testgetIntersectionState2" start="1454922815476" dump="1454922815478"/><sessioninfo id="" start="1454922815481" dump="1454922815481"/><sessioninfo id="it.polimi.checker.intersection.IntersectionBuilderGetIntersectionStatesTest testgetIntersectionState3" start="1454922815485" dump="1454922815486"/><sessioninfo id="" start="1454922815490" dump="1454922815491"/><sessioninfo id="it.polimi.checker.intersection.IntersectionBuilderPerformTest testgetIntersectionStateIllegalStateException" start="1454922815494" dump="1454922815497"/><sessioninfo id="" start="1454922815502" dump="1454922815508"/><sessioninfo id="it.polimi.checker.ModelCheckerTest testModelCheckerNullModel" start="1454922815513" dump="1454922815518"/><sessioninfo id="" start="1454922815522" dump="1454922815522"/><sessioninfo id="it.polimi.checker.ModelCheckerTest testModelCheckerNullClaim" start="1454922815525" dump="1454922815528"/><sessioninfo id="" start="1454922815532" dump="1454922815533"/><sessioninfo id="it.polimi.checker.ModelCheckerTest testCheck" start="1454922815537" dump="1454922815541"/><sessioninfo id="" start="1454922815545" dump="1454922815546"/><sessioninfo id="it.polimi.checker.ModelCheckerTest testCheck1" start="1454922815551" dump="1454922815553"/><sessioninfo id="" start="1454922815557" dump="1454922815558"/><sessioninfo id="it.polimi.checker.ModelCheckerTest testCheck2" start="1454922815561" dump="1454922815563"/><sessioninfo id="" start="1454922815567" dump="1454922815568"/><sessioninfo id="it.polimi.checker.ModelCheckerTest testCheck3" start="1454922815572" dump="1454922815573"/><sessioninfo id="" start="1454922815578" dump="1454922815579"/><sessioninfo id="it.polimi.checker.ModelCheckerTest testCheck5" start="1454922815583" dump="1454922815584"/><sessioninfo id="" start="1454922815588" dump="1454922815589"/><sessioninfo id="it.polimi.checker.ModelCheckerTest testCheck6" start="1454922815592" dump="1454922815593"/><sessioninfo id="" start="1454922815597" dump="1454922815598"/><sessioninfo id="it.polimi.checker.ModelCheckerTest testGetVerificationTimes" start="1454922815602" dump="1454922815603"/><sessioninfo id="" start="1454922815607" dump="1454922815607"/><sessioninfo id="it.polimi.checker.ModelCheckerTest testCheck7" start="1454922815612" dump="1454922815613"/><sessioninfo id="" start="1454922815617" dump="1454922815617"/><sessioninfo id="it.polimi.checker.ModelCheckerTest testCheckSize" start="1454922815621" dump="1454922815622"/><sessioninfo id="" start="1454922815627" dump="1454922815627"/><sessioninfo id="it.polimi.checker.ModelCheckerTest testCheckUpperIntersectionBuilderException" start="1454922815632" dump="1454922815633"/><sessioninfo id="" start="1454922815636" dump="1454922815637"/><sessioninfo id="it.polimi.checker.ModelCheckerTest testCheckLowerIntersectionBuilderNotPerformedException" start="1454922815640" dump="1454922815640"/><sessioninfo id="" start="1454922815644" dump="1454922815644"/><sessioninfo id="it.polimi.checker.ModelCheckerTest testCheckUpperIntersectionBuilderNotPerformedException" start="1454922815647" dump="1454922815647"/><sessioninfo id="" start="1454922815651" dump="1454922815652"/><sessioninfo id="it.polimi.checker.ModelCheckerTest testGetUpperIntersectionBuilderException" start="1454922815656" dump="1454922815656"/><sessioninfo id="" start="1454922815660" dump="1454922815662"/><sessioninfo id="it.polimi.checker.ModelCheckerTest testGetUpperIntersectionBuilder" start="1454922815666" dump="1454922815669"/><sessioninfo id="" start="1454922815671" dump="1454922815679"/><sessioninfo id="it.polimi.checker.ModelCheckingInfoTest testModelCheckingResults" start="1454922815684" dump="1454922815691"/><sessioninfo id="" start="1454922815695" dump="1454922815696"/><sessioninfo id="it.polimi.checker.ModelCheckingInfoTest testReset" start="1454922815702" dump="1454922815703"/><sessioninfo id="" start="1454922815708" dump="1454922815718"/><sessioninfo id="it.polimi.checker.ModelCheckingInfoTest testGetViolationTime" start="1454922815724" dump="1454922815724"/><sessioninfo id="" start="1454922815729" dump="1454922815730"/><sessioninfo id="it.polimi.checker.ModelCheckingInfoTest 
[...]
="METHOD" missed="0" covered="22"/><counter type="CLASS" missed="0" covered="1"/></class><class name="it/polimi/checker/intersection/IntersectionTransitionBuilder"><method name="&lt;init&gt;" desc="()V" line="38"><counter type="INSTRUCTION" missed="0" covered="8"/><counter type="LINE" missed="0" covered="3"/><counter type="COMPLEXITY" missed="0" covered="1"/><counter type="METHOD" missed="0" covered="1"/></method><method name="getIntersectionTransition" desc="(Lit/polimi/automata/transition/Transition;Lit/polimi/automata/transition/Transition;)Lit/polimi/automata/transition/Transition;" line="63"><counter type="INSTRUCTION" missed="0" covered="36"/><counter type="BRANCH" missed="0" covered="2"/><counter type="LINE" missed="0" covered="9"/><counter type="COMPLEXITY" missed="0" covered="2"/><counter type="METHOD" missed="0" covered="1"/></method><method name="isCompatible" desc="(Lit/polimi/automata/transition/Transition;Lit/polimi/automata/transition/Transition;)Z" line="103"><counter type="INSTRUCTION" missed="0" covered="15"/><counter type="LINE" missed="0" covered="6"/><counter type="COMPLEXITY" missed="0" covered="1"/><counter type="METHOD" missed="0" covered="1"/></method><method name="satisfies" desc="(Ljava/util/Set;Ljava/util/Set;)Z" line="133"><counter type="INSTRUCTION" missed="0" covered="68"/><counter type="BRANCH" missed="0" covered="12"/><counter type="LINE" missed="0" covered="17"/><counter type="COMPLEXITY" missed="0" covered="7"/><counter type="METHOD" missed="0" covered="1"/></method><counter type="INSTRUCTION" missed="0" covered="127"/><counter type="BRANCH" missed="0" covered="14"/><counter type="LINE" missed="0" covered="35"/><counter type="COMPLEXITY" missed="0" covered="11"/><counter type="METHOD" missed="0" covered="4"/><counter type="CLASS" missed="0" covered="1"/></class><sourcefile name="IntersectionTransitionBuilder.java"><line nr="38" mi="0" ci="2" mb="0" cb="0"/><line nr="39" mi="0" ci="5" mb="0" cb="0"/><line nr="40" mi="0" ci="1" mb="0" cb="0"/><line nr="63" mi="0" ci="3" mb="0" cb="0"/><line nr="64" mi="0" ci="1" mb="0" cb="0"/><line nr="65" mi="0" ci="3" mb="0" cb="0"/><line nr="66" mi="0" ci="1" mb="0" cb="0"/><line nr="67" mi="0" ci="5" mb="0" cb="2"/><line nr="68" mi="0" ci="8" mb="0" cb="0"/><line nr="69" mi="0" ci="4" mb="0" cb="0"/><line nr="70" mi="0" ci="5" mb="0" cb="0"/><line nr="72" mi="0" ci="6" mb="0" cb="0"/><line nr="103" mi="0" ci="2" mb="0" cb="0"/><line nr="104" mi="0" ci="2" mb="0" cb="0"/><line nr="105" mi="0" ci="2" mb="0" cb="0"/><line nr="106" mi="0" ci="2" mb="0" cb="0"/><line nr="107" mi="0" ci="5" mb="0" cb="0"/><line nr="108" mi="0" ci="2" mb="0" cb="0"/><line nr="133" mi="0" ci="4" mb="0" cb="0"/><line nr="135" mi="0" ci="4" mb="0" cb="0"/><line nr="137" mi="0" ci="4" mb="0" cb="0"/><line nr="138" mi="0" ci="2" mb="0" cb="0"/><line nr="139" mi="0" ci="4" mb="0" cb="2"/><line nr="140" mi="0" ci="4" mb="0" cb="0"/><line nr="145" mi="0" ci="6" mb="0" cb="2"/><line nr="146" mi="0" ci="2" mb="0" cb="0"/><line nr="149" mi="0" ci="11" mb="0" cb="2"/><line nr="157" mi="0" ci="3" mb="0" cb="2"/><line nr="158" mi="0" ci="5" mb="0" cb="0"/><line nr="159" mi="0" ci="4" mb="0" cb="2"/><line nr="160" mi="0" ci="2" mb="0" cb="0"/><line nr="167" mi="0" ci="5" mb="0" cb="0"/><line nr="168" mi="0" ci="4" mb="0" cb="2"/><line nr="169" mi="0" ci="2" mb="0" cb="0"/><line nr="173" mi="0" ci="2" mb="0" cb="0"/><counter type="INSTRUCTION" missed="0" covered="127"/><counter type="BRANCH" missed="0" covered="14"/><counter type="LINE" missed="0" covered="35"/><counter type="COMPLEXITY" missed="0" covered="11"/><counter type="METHOD" missed="0" covered="4"/><counter type="CLASS" missed="0" covered="1"/></sourcefile><sourcefile name="IntersectionBuilder.java"><line nr="120" mi="0" ci="3" mb="0" cb="0"/><line nr="121" mi="0" ci="3" mb="0" cb="0"/><line nr="122" mi="0" ci="1" mb="0" cb="0"/><line nr="123" mi="0" ci="4" mb="0" cb="0"/><line nr="124" mi="0" ci="3" mb="0" cb="0"/><line nr="125" mi="0" ci="1" mb="0" cb="0"/><line nr="128" mi="0" ci="5" mb="0" cb="0"/><line nr="129" mi="0" ci="3" mb="0" cb="0"/><line nr="130" mi="0" ci="5" mb="0" cb="0"/><line nr="131" mi="0" ci="3" mb="0" cb="0"/><line nr="132" mi="0" ci="3" mb="0" cb="0"/><line nr="133" mi="0" ci="3" mb="0" cb="0"/><line nr="134" mi="0" ci="4" mb="0" cb="0"/><line nr="135" mi="0" ci="4" mb="0" cb="0"/><line nr="143" mi="0" ci="5" mb="0" cb="0"/><line nr="144" mi="0" ci="5" mb="0" cb="0"/><line nr="145" mi="0" ci="3" mb="0" cb="0"/><line nr="146" mi="0" ci="3" mb="0" cb="0"/><line nr="147" mi="0" ci="5" mb="0" cb="0"/><line nr="148" mi="0" ci="5" mb="0" cb="0"/><line nr="149" mi="0" ci="5" mb="0" cb="0"/><line nr="150" mi="0" ci="5" mb="0" cb="0"/><line nr="151" mi="0" ci="5" mb="0" cb="0"/><line nr="152" mi="0" ci="1" mb="0" cb="0"/><line nr="161" mi="0" ci="3" mb="0" cb="2"/><line nr="162" mi="0" ci="2" mb="0" cb="0"/><line nr="164" mi="0" ci="13" mb="0" cb="2"/><line nr="165" mi="0" ci="13" mb="0" cb="2"/><line nr="166" mi="0" ci="5" mb="0" cb="0"/><line nr="167" mi="0" ci="4" mb="0" cb="0"/><line nr="168" mi="0" ci="1" mb="0" cb="0"/><line nr="171" mi="0" ci="2" mb="0" cb="0"/><line nr="172" mi="0" ci="3" mb="0" cb="0"/><line nr="173" mi="0" ci="2" mb="0" cb="0"/><line nr="174" mi="0" ci="2" mb="0" cb="0"/><line nr="175" mi="0" ci="3" mb="0" cb="0"/><line nr="176" mi="0" ci="2" mb="0" cb="0"/><line nr="178" mi="0" ci="2" mb="0" cb="0"/><line nr="179" mi="0" ci="3" mb="0" cb="0"/><line nr="180" mi="0" ci="2" mb="0" cb="0"/><line nr="182" mi="0" ci="2" mb="0" cb="0"/><line nr="184" mi="0" ci="3" mb="0" cb="0"/><line nr="191" mi="0" ci="1" mb="0" cb="0"/><line nr="192" mi="0" ci="3" mb="0" cb="0"/><line nr="212" mi="0" ci="1" mb="0" cb="0"/><line nr="213" mi="0" ci="2" mb="0" cb="0"/><line nr="214" mi="0" ci="1" mb="0" cb="0"/><line nr="215" mi="0" ci="3" mb="0" cb="0"/><line nr="216" mi="0" ci="1" mb="0" cb="0"/><line nr="218" mi="0" ci="6" mb="0" cb="0"/><line nr="219" mi="0" ci="9" mb="0" cb="0"/><line nr="220" mi="0" ci="5" mb="0" cb="0"/><line nr="221" mi="0" ci="5" mb="0" cb="0"/><line nr="222" mi="0" ci="5" mb="0" cb="0"/><line nr="224" mi="0" ci="3" mb="0" cb="0"/><line nr="225" mi="0" ci="3" mb="0" cb="0"/><line nr="227" mi="0" ci="2" mb="0" cb="0"/><line nr="228" mi="0" ci="3" mb="0" cb="0"/><line nr="229" mi="0" ci="2" mb="0" cb="0"/><line nr="230" mi="0" ci="2" mb="0" cb="0"/><line nr="231" mi="0" ci="3" mb="0" cb="0"/><line nr="232" mi="0" ci="2" mb="0" cb="0"/><line nr="234" mi="0" ci="5" mb="0" cb="2"/><line nr="235" mi="0" ci="9" mb="0" cb="0"/><line nr="236" mi="0" ci="5" mb="0" cb="2"/><line nr="237" mi="0" ci="3" mb="0" cb="0"/><line nr="238" mi="0" ci="3" mb="0" cb="0"/><line nr="239" mi="0" ci="4" mb="0" cb="0"/><line nr="240" mi="0" ci="3" mb="0" cb="0"/><line nr="241" mi="0" ci="5" mb="0" cb="0"/><line nr="245" mi="0" ci="5" mb="0" cb="2"/><line nr="246" mi="0" ci="9" mb="0" cb="0"/><line nr="247" mi="0" ci="5" mb="0" cb="2"/><line nr="248" mi="0" ci="3" mb="0" cb="0"/><line nr="249" mi="0" ci="3" mb="0" cb="0"/><line nr="250" mi="0" ci="4" mb="0" cb="0"/><line nr="251" mi="0" ci="3" mb="0" cb="0"/><line nr="252" mi="0" ci="5" mb="0" cb="0"/><line nr="255" mi="0" ci="4" mb="0" cb="0"/><line nr="256" mi="0" ci="1" mb="0" cb="0"/><line nr="285" mi="0" ci="3" mb="0" cb="0"/><line nr="286" mi="0" ci="1" mb="0" cb="0"/><line nr="288" mi="0" ci="3" mb="0" cb="0"/><line nr="289" mi="0" ci="1" mb="0" cb="0"/><line nr="290" mi="0" ci="3" mb="0" cb="0"/><line nr="291" mi="0" ci="1" mb="0" cb="0"/><line nr="293" mi="0" ci="1" mb="0" cb="0"/><line nr="294" mi="0" ci="5" mb="0" cb="0"/><line nr="295" mi="0" ci="5" mb="0" cb="0"/><line nr="296" mi="0" ci="2" mb="0" cb="0"/><line nr="297" mi="0" ci="2" mb="0" cb="0"/><line nr="299" mi="0" ci="1" mb="0" cb="0"/><line nr="300" mi="0" ci="5" mb="0" cb="0"/><line nr="301" mi="0" ci="5" mb="0" cb="0"/><line nr="302" mi="0" ci="2" mb="0" cb="0"/><line nr="303" mi="0" ci="2" mb="0" cb="0"/><line nr="304" mi="0" ci="9" mb="0" cb="4"/><line nr="305" mi="0" ci="1" mb="0" cb="0"/><line nr="307" mi="0" ci="6" mb="0" cb="0"/><line nr="308" mi="0" ci="1" mb="0" cb="0"/><line nr="330" mi="0" ci="3" mb="0" cb="0"/><line nr="331" mi="0" ci="1" mb="0" cb="0"/><line nr="332" mi="0" ci="3" mb="0" cb="0"/><line nr="333" mi="0" ci="1" mb="0" cb="0"/><line nr="334" mi="0" ci="3" mb="0" cb="0"/><line nr="335" mi="0" ci="1" mb="0" cb="0"/><line nr="337" mi="0" ci="1" mb="0" cb="0"/><line nr="338" mi="0" ci="5" mb="0" cb="0"/><line nr="339" mi="0" ci="5" mb="0" cb="0"/><line nr="340" mi="0" ci="2" mb="0" cb="0"/><line nr="341" mi="0" ci="2" mb="0" cb="0"/><line nr="343" mi="0" ci="1" mb="0" cb="0"/><line nr="344" mi="0" ci="5" mb="0" cb="0"/><line nr="345" mi="0" ci="5" mb="0" cb="0"/><line nr="346" mi="0" ci="2" mb="0" cb="0"/><line nr="347" mi="0" ci="2" mb="0" cb="0"/><line nr="348" mi="0" ci="5" mb="0" cb="2"/><line nr="349" mi="0" ci="4" mb="0" cb="0"/><line nr="351" mi="0" ci="8" mb="0" cb="2"/><line nr="352" mi="0" ci="4" mb="0" cb="0"/><line nr="354" mi="0" ci="1" mb="0" cb="0"/><line nr="355" mi="0" ci="6" mb="0" cb="0"/><line nr="356" mi="0" ci="7" mb="0" cb="0"/><line nr="384" mi="0" ci="3" mb="0" cb="0"/><line nr="385" mi="0" ci="1" mb="0" cb="0"/><line nr="387" mi="0" ci="3" mb="0" cb="0"/><line nr="388" mi="0" ci="1" mb="0" cb="0"/><line nr="389" mi="0" ci="3" mb="0" cb="0"/><line nr="390" mi="0" ci="1" mb="0" cb="0"/><line nr="392" mi="0" ci="1" mb="0" cb="0"/><line nr="393" mi="0" ci="5" mb="0" cb="0"/><line nr="394" mi="0" ci="5" mb="0" cb="0"/><line nr="395" mi="0" ci="2" mb="0" cb="0"/><line nr="396" mi="0" ci="2" mb="0" cb="0"/><line nr="398" mi="0" ci="1" mb="0" cb="0"/><line nr="399" mi="0" ci="5" mb="0" cb="0"/><line nr="400" mi="0" ci="5" mb="0" cb="0"/><line nr="401" mi="0" ci="2" mb="0" cb="0"/><line nr="402" mi="0" ci="2" mb="0" cb="0"/><line nr="403" mi="0" ci="9" mb="0" cb="4"/><line nr="404" mi="0" ci="1" mb="0" cb="0"/><line nr="406" mi="0" ci="5" mb="0" cb="2"/><line nr="407" mi="0" ci="2" mb="0" cb="0"/><line nr="409" mi="0" ci="8" mb="0" cb="2"/><line nr="410" mi="0" ci="2" mb="0" cb="0"/><line nr="412" mi="0" ci="8" mb="0" cb="0"/><line nr="413" mi="0" ci="4" mb="0" cb="2"/><line nr="414" mi="0" ci="2" mb="0" cb="0"/><line nr="416" mi="0" ci="9" mb="0" cb="0"/><line nr="417" mi="0" ci="4" mb="0" cb="0"/><line nr="437" mi="0" ci="3" mb="0" cb="0"/><line nr="438" mi="0" ci="1" mb="0" cb="0"/><line nr="439" mi="0" ci="3" mb="0" cb="0"/><line nr="440" mi="0" ci="1" mb="0" cb="0"/><line nr="441" mi="0" ci="1" mb="0" cb="0"/><line nr="442" mi="0" ci="5" mb="0" cb="0"/><line nr="443" mi="0" ci="9" mb="0" cb="0"/><line nr="445" mi="0" ci="5" mb="0" cb="0"/><line nr="464" mi="0" ci="3" mb="0" cb="0"/><line nr="465" mi="0" ci="1" mb="0" cb="0"/><line nr="466" mi="0" ci="3" mb="0" cb="0"/><line nr="467" mi="0" ci="1" mb="0" cb="0"/><line nr="469" mi="0" ci="1" mb="0" cb="0"/><line nr="470" mi="0" ci="5" mb="0" cb="0"/><line nr="471" mi="0" ci="5" mb="0" cb="0"/><line nr="472" mi="0" ci="2" mb="0" cb="0"/><line nr="473" mi="0" ci="2" mb="0" cb="0"/><line nr="474" mi="0" ci="5" mb="0" cb="0"/><line nr="493" mi="0" ci="3" mb="0" cb="0"/><line nr="494" mi="0" ci="1" mb="0" cb="0"/><line nr="496" mi="0" ci="4" mb="0" cb="0"/><line nr="499" mi="0" ci="1" mb="0" cb="0"/><line nr="500" mi="0" ci="5" mb="0" cb="0"/><line nr="501" mi="0" ci="5" mb="0" cb="0"/><line nr="502" mi="0" ci="2" mb="0" cb="0"/><line nr="503" mi="0" ci="2" mb="0" cb="0"/><line nr="504" mi="0" ci="5" mb="0" cb="0"/><line nr="516" mi="0" ci="1" mb="0" cb="0"/><line nr="517" mi="0" ci="2" mb="0" cb="0"/><line nr="518" mi="0" ci="1" mb="0" cb="0"/><line nr="519" mi="0" ci="3" mb="0" cb="0"/><line nr="537" mi="0" ci="3" mb="0" cb="0"/><line nr="538" mi="0" ci="1" mb="0" cb="0"/><line nr="540" mi="0" ci="1" mb="0" cb="0"/><line nr="541" mi="0" ci="4" mb="0" cb="0"/><line nr="542" mi="0" ci="1" mb="0" cb="0"/><line nr="543" mi="0" ci="1" mb="0" cb="0"/><line nr="544" mi="0" ci="6" mb="0" cb="0"/><line nr="561" mi="0" ci="3" mb="0" cb="0"/><line nr="562" mi="0" ci="1" mb="0" cb="0"/><line nr="564" mi="0" ci="1" mb="0" cb="0"/><line nr="565" mi="0" ci="4" mb="0" cb="0"/><line nr="566" mi="0" ci="1" mb="0" cb="0"/><line nr="567" mi="0" ci="1" mb="0" cb="0"/><line nr="568" mi="0" ci="6" mb="0" cb="0"/><line nr="577" mi="0" ci="3" mb="0" cb="0"/><line nr="586" mi="0" ci="3" mb="0" cb="0"/><line nr="596" mi="0" ci="3" mb="0" cb="0"/><line nr="612" mi="0" ci="3" mb="0" cb="0"/><line nr="613" mi="0" ci="1" mb="0" cb="0"/><line nr="615" mi="0" ci="1" mb="0" cb="0"/><line nr="616" mi="0" ci="4" mb="0" cb="0"/><line nr="617" mi="0" ci="1" mb="0" cb="0"/><line nr="618" mi="0" ci="5" mb="0" cb="0"/><line nr="619" mi="0" ci="2" mb="0" cb="0"/><line nr="620" mi="0" ci="2" mb="0" cb="0"/><line nr="622" mi="0" ci="7" mb="0" cb="0"/><line nr="640" mi="0" ci="4" mb="0" cb="0"/><line nr="641" mi="0" ci="5" mb="0" cb="0"/><line nr="643" mi="0" ci="3" mb="0" cb="0"/><line nr="644" mi="0" ci="4" mb="0" cb="0"/><line nr="645" mi="0" ci="4" mb="0" cb="0"/><line nr="663" mi="0" ci="6" mb="0" cb="0"/><line nr="665" mi="0" ci="6" mb="0" cb="0"/><line nr="668" mi="0" ci="6" mb="0" cb="2"/><line nr="669" mi="0" ci="9" mb="0" cb="0"/><line nr="670" mi="0" ci="4" mb="0" cb="0"/><line nr="673" mi="0" ci="4" mb="0" cb="0"/><line nr="674" mi="0" ci="3" mb="0" cb="0"/><line nr="675" mi="0" ci="3" mb="0" cb="0"/><line nr="676" mi="0" ci="3" mb="0" cb="0"/><line nr="677" mi="0" ci="5" mb="0" cb="0"/><line nr="678" mi="0" ci="1" mb="0" cb="0"/><line nr="681" mi="0" ci="5" mb="0" cb="2"/><line nr="682" mi="0" ci="9" mb="0" cb="0"/><line nr="686" mi="0" ci="5" mb="0" cb="2"/><line nr="687" mi="0" ci="9" mb="0" cb="0"/><line nr="690" mi="0" ci="3" mb="0" cb="0"/><line nr="691" mi="0" ci="3" mb="0" cb="2"/><line nr="695" mi="0" ci="3" mb="0" cb="0"/><line nr="696" mi="0" ci="2" mb="0" cb="0"/><line nr="697" mi="0" ci="3" mb="0" cb="0"/><line nr="698" mi="0" ci="2" mb="0" cb="0"/><line nr="700" mi="0" ci="4" mb="0" cb="0"/><line nr="701" mi="0" ci="3" mb="0" cb="0"/><line nr="703" mi="0" ci="3" mb="0" cb="0"/><line nr="704" mi="0" ci="3" mb="0" cb="0"/><line nr="706" mi="0" ci="3" mb="0" cb="0"/><line nr="707" mi="0" ci="2" mb="0" cb="0"/><line nr="708" mi="0" ci="1" mb="0" cb="0"/><line nr="709" mi="0" ci="4" mb="0" cb="0"/><line nr="710" mi="0" ci="2" mb="0" cb="0"/><line nr="716" mi="0" ci="5" mb="0" cb="2"/><line nr="718" mi="0" ci="5" mb="0" cb="2"/><line nr="719" mi="0" ci="9" mb="0" cb="0"/><line nr="721" mi="0" ci="3" mb="0" cb="0"/><line nr="722" mi="0" ci="2" mb="0" cb="0"/><line nr="724" mi="0" ci="4" mb="0" cb="0"/><line nr="725" mi="0" ci="3" mb="0" cb="0"/><line nr="727" mi="0" ci="4" mb="0" cb="0"/><line nr="728" mi="0" ci="2" mb="0" cb="0"/><line nr="730" mi="0" ci="4" mb="0" cb="0"/><line nr="731" mi="0" ci="3" mb="0" cb="0"/><line nr="733" mi="0" ci="3" mb="0" cb="0"/><line nr="734" mi="0" ci="2" mb="0" cb="0"/><line nr="735" mi="0" ci="1" mb="0" cb="0"/><line nr="737" mi="0" ci="4" mb="0" cb="0"/><line nr="738" mi="0" ci="2" mb="0" cb="0"/><line nr="742" mi="0" ci="2" mb="0" cb="0"/><line nr="749" mi="0" ci="4" mb="0" cb="0"/><line nr="750" mi="0" ci="5" mb="0" cb="0"/><line nr="751" mi="0" ci="6" mb="0" cb="0"/><line nr="752" mi="0" ci="5" mb="0" cb="0"/><line nr="754" mi="0" ci="5" mb="0" cb="2"/><line nr="755" mi="0" ci="4" mb="0" cb="0"/><line nr="756" mi="0" ci="4" mb="0" cb="0"/><line nr="757" mi="0" ci="6" mb="0" cb="0"/><line nr="758" mi="0" ci="5" mb="0" cb="0"/><line nr="759" mi="0" ci="6" mb="0" cb="0"/><line nr="761" mi="0" ci="1" mb="0" cb="0"/><line nr="762" mi="0" ci="8" mb="0" cb="2"/><line nr="763" mi="0" ci="4" mb="0" cb="0"/><line nr="764" mi="0" ci="6" mb="0" cb="0"/><line nr="765" mi="0" ci="9" mb="0" cb="0"/><line nr="766" mi="0" ci="1" mb="0" cb="0"/><line nr="767" mi="0" ci="8" mb="0" cb="0"/><line nr="768" mi="0" ci="6" mb="1" cb="1"/><line nr="769" mi="0" ci="8" mb="0" cb="0"/><line nr="770" mi="0" ci="7" mb="0" cb="0"/><line nr="775" mi="0" ci="6" mb="0" cb="0"/><line nr="776" mi="0" ci="6" mb="0" cb="0"/><line nr="777" mi="0" ci="1" mb="0" cb="0"/><line nr="795" mi="0" ci="7" mb="0" cb="0"/><line nr="796" mi="0" ci="4" mb="0" cb="0"/><line nr="797" mi="0" ci="6" mb="0" cb="2"/><line nr="798" mi="0" ci="6" mb="1" cb="1"/><line nr="799" mi="0" ci="4" mb="1" cb="1"/><line nr="800" mi="4" ci="0" mb="0" cb="0"/><line nr="801" mi="1" ci="0" mb="0" cb="0"/><line nr="802" mi="0" ci="2" mb="1" cb="1"/><line nr="803" mi="0" ci="4" mb="0" cb="0"/><line nr="808" mi="0" ci="3" mb="0" cb="2"/><line nr="809" mi="0" ci="4" mb="0" cb="0"/><line nr="811" mi="0" ci="5" mb="0" cb="2"/><line nr="812" mi="0" ci="4" mb="0" cb="0"/><line nr="814" mi="0" ci="1" mb="0" cb="0"/><line nr="821" mi="0" ci="6" mb="0" cb="0"/><line nr="822" mi="0" ci="6" mb="0" cb="0"/><line nr="823" mi="0" ci="1" mb="0" cb="0"/><counter type="INSTRUCTION" missed="5" covered="1068"/><counter type="BRANCH" missed="4" covered="58"/><counter type="LINE" missed="2" covered="297"/><counter type="COMPLEXITY" missed="4" covered="49"/><counter type="METHOD" missed="0" covered="22"/><counter type="CLASS" missed="0" covered="1"/></sourcefile><counter type="INSTRUCTION" missed="5" covered="1195"/><counter type="BRANCH" missed="4" covered="72"/><counter type="LINE" missed="2" covered="332"/><counter type="COMPLEXITY" missed="4" covered="60"/><counter type="METHOD" missed="0" covered="26"/><counter type="CLASS" missed="0" covered="2"/></package><package name="it/polimi/checker/ibablackboxstateremove"><class name="it/polimi/checker/ibablackboxstateremove/IBABlackBoxRemover"><method name="&lt;init&gt;" desc="(Lit/polimi/automata/IBA;)V" line="32"><counter type="INSTRUCTION" missed="0" covered="10"/><counter type="LINE" missed="0" covered="4"/><counter type="COMPLEXITY" missed="0" covered="1"/><counter type="METHOD" missed="0" covered="1"/></method><method name="removeBlackBoxes" desc="()Lit/polimi/automata/IBA;" line="50"><counter type="INSTRUCTION" missed="0" covered="26"/><counter type="BRANCH" missed="0" covered="2"/><counter type="LINE" missed="0" covered="7"/><counter type="COMPLEXITY" missed="0" covered="2"/><counter type="METHOD" missed="0" covered="1"/></method><counter type="INSTRUCTION" missed="0" covered="36"/><counter type="BRANCH" missed="0" covered="2"/><counter type="LINE" missed="0" covered="11"/><counter type="COMPLEXITY" missed="0" covered="3"/><counter type="METHOD" missed="0" covered="2"/><counter type="CLASS" missed="0" covered="1"/></class><sourcefile name="IBABlackBoxRemover.java"><line nr="32" mi="0" ci="2" mb="0" cb="0"/><line nr="33" mi="0" ci="4" mb="0" cb="0"/><line nr="35" mi="0" ci="3" mb="0" cb="0"/><line nr="37" mi="0" ci="1" mb="0" cb="0"/><line nr="50" mi="0" ci="4" mb="0" cb="0"/><line nr="52" mi="0" ci="3" mb="0" cb="0"/><line nr="53" mi="0" ci="3" mb="0" cb="0"/><line nr="54" mi="0" ci="10" mb="0" cb="2"/><line nr="55" mi="0" ci="3" mb="0" cb="0"/><line nr="56" mi="0" ci="1" mb="0" cb="0"/><line nr="58" mi="0" ci="2" mb="0" cb="0"/><counter type="INSTRUCTION" missed="0" covered="36"/><counter type="BRANCH" missed="0" covered="2"/><counter type="LINE" missed="0" covered="11"/><counter type="COMPLEXITY" missed="0" covered="3"/><counter type="METHOD" missed="0" covered="2"/><counter type="CLASS" missed="0" covered="1"/></sourcefile><counter type="INSTRUCTION" missed="0" covered="36"/><counter type="BRANCH" missed="0" covered="2"/><counter type="LINE" missed="0" covered="11"/><counter type="COMPLEXITY" missed="0" covered="3"/><counter type="METHOD" missed="0" covered="2"/><counter type="CLASS" missed="0" covered="1"/></package><counter type="INSTRUCTION" missed="65" covered="2398"/><counter type="BRANCH" missed="6" covered="138"/><counter type="LINE" missed="11" covered="673"/><counter type="COMPLEXITY" missed="14" covered="171"/><counter type="METHOD" missed="8" covered="105"/><counter type="CLASS" missed="0" covered="15"/></report>