<?xml version="1.0" encoding="UTF-8" standalone="yes"?><!DOCTYPE report PUBLIC "-//JACOCO//DTD Report 1.0//EN" "report.dtd"><report name="CHIAAutomataIO"><sessioninfo id="" start="1454787130421" dump="1454787131088"/><sessioninfo id="it.polimi.automata.io.out.transitions.TransitionToElementTransformerTest testTransitionToElementTransformer_Null" start="1454787131091" dump="1454787131105"/><sessioninfo id="" start="1454787131108" dump="1454787131109"/><sessioninfo id="it.polimi.automata.io.out.transitions.TransitionToElementTransformerTest testTransitionToElementTransformer" start="1454787131112" dump="1454787131145"/><sessioninfo id="" start="1454787131147" dump="1454787131148"/><sessioninfo id="it.polimi.automata.io.out.transitions.TransitionToElementTransformerTest testTransitionToElementTransform_Null" start="1454787131150" dump="1454787131152"/><sessioninfo id="" start="1454787131154" dump="1454787131155"/><sessioninfo id="it.polimi.automata.io.out.transitions.TransitionToElementTransformerTest testTransitionToElementTransform" start="1454787131158" dump="1454787131176"/><sessioninfo id="" start="1454787131179" dump="1454787131183"/><sessioninfo id="it.polimi.automata.io.out.transitions.IntBATransitionToElementTransformerTest testTransformIllegalArgument" start="1454787131186" dump="1454787131224"/><sessioninfo id="" start="1454787131226" dump="1454787131227"/><sessioninfo id="it.polimi.automata.io.out.transitions.IntBATransitionToElementTransformerTest testTransformNotConstrained" start="1454787131230" dump="1454787131242"/><sessioninfo id="" start="1454787131245" dump="1454787131246"/><sessioninfo id="it.polimi.automata.io.out.transitions.IntBATransitionToElementTransformerTest testTransformConstrained" start="1454787131249" dump="1454787131251"/><sessioninfo id="" start="1454787131254" dump="1454787131254"/><sessioninfo id="it.polimi.automata.io.out.transitions.IntBATransitionToElementTransformerTest testTransitionToElementTransformer_NullDocument" start="1454787131258" dump="1454787131259"/><sessioninfo id="" start="1454787131262" dump="1454787131262"/><sessioninfo id="it.polimi.automata.io.out.transitions.IntBATransitionToElementTransformerTest testTransitionToElementTransformer_NullBA" start="1454787131265" dump="1454787131267"/><sessioninfo id="" start="1454787131271" dump="1454787131272"/><sessioninfo id="it.polimi.automata.io.out.transitions.IntBATransitionToElementTransformerTest testTransformNullPointerException" start="1454787131275" dump="1454787131277"/><sessioninfo id="" start="1454787131280" dump="1454787131287"/><sessioninfo id="it.polimi.automata.io.out.states.IntBAStateToElementTransformerTest testIBAStateToElementTransformerNull" start="1454787131290" dump="1454787131295"/><sessioninfo id="" start="1454787131298" dump="1454787131299"/><sessioninfo id="it.polimi.automata.io.out.states.IntBAStateToElementTransformerTest testStateToElementTrasformer" start="1454787131302" dump="1454787131304"/><sessioninfo id="" start="1454787131307" dump="1454787131308"/><sessioninfo id="it.polimi.automata.io.out.states.IntBAStateToElementTransformerTest testStateToElementTrasformerNull" start="1454787131311" dump="1454787131314"/><sessioninfo id="" start="1454787131316" dump="1454787131317"/><sessioninfo id="it.polimi.automata.io.out.states.IntBAStateToElementTransformerTest testStateToElementTrasformerNotBAState" start="1454787131321" dump="1454787131327"/><sessioninfo id="" start="1454787131330" dump="1454787131331"/><sessioninfo id="it.polimi.automata.io.out.states.IntBAStateToElementTransformerTest testStateToElementTrasformerNotInitialNotAcceptingState" start="1454787131333" dump="1454787131335"/><sessioninfo id="" start="1454787131338" dump="1454787131340"/><sessioninfo id="it.polimi.automata.io.out.states.IntBAStateToElementTransformerTest testStateToElementTrasformerInitialAcceptingState" start="1454787131343" dump="1454787131345"/><sessioninfo id="" start="1454787131348" dump="1454787131353"/><sessioninfo id="it.polimi.automata.io.in.propositions.StringToModelPropositionsTest testTransformNull" start="1454787131355" dump="1454787131357"/><sessioninfo id="" start="1454787131360" dump="1454787131360"/><sessioninfo id="it.polimi.automata.io.in.propositions.StringToModelPropositionsTest testTransformIllegalArgument" start="1454787131363" dump="1454787131364"/><sessioninfo id="" start="1454787131366" dump="1454787131367"/><sessioninfo id="it.polimi.automata.io.in.propositions.StringToModelPropositionsTest testTransformAtomicProposition" start="1454787131370" dump="1454787131371"/><sessioninfo id="" start="1454787131374" dump="1454787131375"/><sessioninfo id="it.polimi.automata.io.in.propositions.StringToModelPropositionsTest testTransformPropositionalFormula" start="1454787131378" dump="1454787131379"/><sessioninfo id="" start="1454787131381" dump="1454787131382"/><sessioninfo id="it.polimi.automata.io.in.propositions.StringToModelPropositionsTest testTransformIllegalArgumentNegatedProposition" start="1454787131385" dump="1454787131388"/><sessioninfo id="" start="1454787131391" dump="1454787131393"/><sessioninfo id="it.polimi.automata.io.in.propositions.StringToModelPropositionsTest testTransformIllegalArgumentSigma" start="1454787131396" dump="1454787131397"/><sessioninfo id="" start="1454787131398" dump="1454787131400"/><sessioninfo id="it.polimi.automata.ConstantsTest test" start="1454787131403" dump="1454787131407"/><sessioninfo id="" start="1454787131410" dump="1454787131495"/><sessioninfo id="it.polimi.automata.io.in.transitions.IBAElementToTransitionTransformerTest testTransformNullElement" start="1454787131499" dump="1454787132048"/><sessioninfo id="" start="1454787132060" dump="1454787132061"/><sessioninfo id="it.polimi.automata.io.in.transitions.IBAElementToTransitionTransformerTest testTransformNoIdTransition" start="1454787132086" dump="1454787132127"/><sessioninfo id="" start="1454787132146" dump="1454787132149"/><sessioninfo id="it.polimi.automata.io.in.transitions.IBAElementToTransitionTransformerTest testTransformNoStringIdTransition" start="1454787132205" dump="1454787132331"/><sessioninfo id="" start="1454787132358" dump="1454787132363"/><sessioninfo id="it.polimi.automata.io.in.transitions.IBAElementToTransitionTransformerTest testTransformNoSourceTransition" start="1454787132387" dump="1454787132408"/><sessioninfo id="" start="1454787132422" dump="1454787132424"/><sessioninfo id="it.polimi.automata.io.in.transitions.IBAElementToTransitionTransformerTest testTransformNoDestinationTransition" start="1454787132433" dump="1454787132441"/><sessioninfo id="" start="1454787132450" dump="1454787132485"/><sessioninfo id="it.polimi.automata.io.in.transitions.IBAElementToTransitionTransformerTest testTransformNoCorrectSourceState" start="1454787132494" dump="1454787132534"/><sessioninfo id="" start="1454787132544" dump="1454787132545"/><sessioninfo id="it.polimi.automata.io.in.transitions.IBAElementToTransitionTransformerTest testTransformNoCorrectDestinationState" start="1454787132554" dump="1454787132562"/><sessioninfo id="" start="1454787132570" dump="1454787132571"/><sessioninfo id="it.polimi.automata.io.in.transitions.IBAElementToTransitionTransformerTest testTransformNoCorrectTransitionId" start="1454787132599" dump="1454787132612"/><sessioninfo id="" start="1454787132624" dump="1454787132625"/><sessioninfo id="it.polimi.automata.io.in.transitions.IBAElementToTransitionTransformerTest testTransformTransitionNoPropositions" start="1454787132633" dump="1454787132643"/><sessioninfo id="" start="1454787132702" dump="1454787132702"/><sessioninfo id="it.polimi.automata.io.in.transitions.IBAElementToTransitionTransformerTest testIBAElementToTransitionTransformerNullMap" start="1454787132723" dump="1454787132730"/><sessioninfo id="" start="1454787132738" dump="1454787132739"/><sessioninfo id="it.polimi.automata.io.in.transitions.IBAElementToTransitionTransformerTest testIBAElementToTransitionTransformerStateDifference" start="1454787132751" dump="1454787132758"/><sessioninfo id="" start="1454787132770" dump="1454787132784"/><sessioninfo id="it.polimi.automata.io.in.transitions.IBAElementToTransitionTransformerTest testIBAElementToTransitionTransformer" start="1454787132799" dump="1454787132811"/><sessioninfo id="" start="1454787132831" dump="1454787132832"/><sessioninfo id="it.polimi.automata.io.in.transitions.IBAElementToTransitionTransformerTest testTransform" start="1454787132841" dump="1454787132855"/><sessioninfo id="" start="1454787132867" dump="1454787132883"/><sessioninfo id="it.polimi.automata.io.in.states.BAElementToStateTransformerTest test" start="1454787132939" dump="1454787132946"/><sessioninfo id="" start="1454787132958" dump="1454787132960"/><sessioninfo id="it.polimi.automata.io.in.states.BAElementToStateTransformerTest transform_Null" start="1454787132969" dump="1454787132973"/><sessioninfo id="" start="1454787132981" dump="1454787132982"/><sessioninfo id="it.polimi.automata.io.in.states.BAElementToStateTransformerTest transform_NoName" start="1454787132990" dump="1454787132995"/><sessioninfo id="" start="1454787133003" dump="1454787133004"/><sessioninfo id="it.polimi.automata.io.in.states.BAElementToStateTransformerTest transform_NoId" start="1454787133012" dump="1454787133016"/><sessioninfo id="" start="1454787133025" dump="1454787133026"/><sessioninfo id="it.polimi.automata.io.in.states.BAElementToStateTransformerTest transformNoInitialNoAccepting" start="1454787133035" dump="1454787133039"/><sessioninfo id="" start="1454787133049" dump="1454787133050"/><sessioninfo id="it.polimi.automata.io.in.states.BAElementToStateTransformerTest transform" start="1454787133056" dump="1454787133061"/><sessioninfo id="" start="1454787133070" dump="1454787133073"/><sessioninfo id="it.polimi.automata.io.out.ModelToStringTrasformerTest testPerform" start="1454787133082" dump="1454787133207"/><sessioninfo id="" start="1454787133216" dump="1454787133221"/><sessioninfo id="it.polimi.automata.io.out.ModelToStringTrasformerTest testModelToStringTrasformer" start="1454787133241" dump="1454787133242"/><sessioninfo id="" start="1454787133251" dump="1454787133251"/><sessioninfo id="it.polimi.automata.io.out.ModelToStringTrasformerTest testModelToStringTrasformerNull" start="1454787133261" dump="1454787133261"/><sessioninfo id="" start="1454787133270" dump="1454787133278"/><sessioninfo id="it.polimi.automata.io.in.ModelReaderTest test" start="1454787133291" dump="1454787133522"/><sessioninfo id="" start="1454787133537" dump="1454787133540"/><sessioninfo id="it.polimi.automata.io.in.ModelReaderTest testModelReaderNullString" start="1454787133552" dump="1454787133553"/><sessioninfo id="" start="1454787133567" dump="1454787133568"/><sessioninfo id="it.polimi.automata.io.in.ModelReaderTest testModelReaderNullFile" start="1454787133578" dump="1454787133579"/><sessioninfo id="" start="1454787133589" dump="1454787133589"/><sessioninfo id="it.polimi.automata.io.in.ModelReaderTest testPerformStringPath" start="1454787133600" dump="1454787133620"/><sessioninfo id="" start="1454787133629" dump="1454787133638"/><sessioninfo id="it.polimi.automata.io.in.transitions.BAElementToTransitionTransformerTest testBAElementToTransitionTransformerNullBa" start="1454787133649" dump="1454787133656"/><sessioninfo id="" start="1454787133664" dump="1454787133665"/><sessioninfo id="it.polimi.automata.io.in.transitions.BAElementToTransitionTransformerTest testBAElementToTransitionTransformerNullMap" start="1454787133677" dump="1454787133685"/><sessioninfo id="" start="1454787133695" dump="1454787133696"/><sessioninfo id="it.polimi.automata.io.in.transitions.BAElementToTransitionTransformerTest testBAElementToTransitionTransformerStateDifference" start="1454787133704" dump="1454787133709"/><sessioninfo id="" start="1454787133721" dump="1454787133721"/><sessioninfo id="it.polimi.automata.io.in.transitions.BAElementToTransitionTransformerTest testBAElementToTransitionTransformer" start="1454787133731" dump="1454787133739"/><sessioninfo id="" start="1454787133751" dump="1454787133751"/><sessioninfo id="it.polimi.automata.io.in.transitions.BAElementToTransitionTransformerTest testTransformNullElement" start="1454787133763" dump="1454787133768"/><sessioninfo id="" start="1454787133778" dump="1454787133778"/><sessioninfo id="it.polimi.automata.io.in.transitions.BAElementToTransitionTransformerTest testTransformNoIdTransition" start="1454787133786" dump="1454787133791"/><sessioninfo id="" start="1454787133801" dump="1454787133802"/><sessioninfo id="it.polimi.automata.io.in.transitions.BAElementToTransitionTransformerTest testTransformNoStringIdTransition" start="1454787133813" dump="1454787133817"/><sessioninfo id="" start="1454787133827" dump="1454787133828"/><sessioninfo id="it.polimi.automata.io.in.transitions.BAElementToTransitionTransformerTest testTransformNoSourceTransition" start="1454787133836" dump="1454787133841"/><sessioninfo id="" start="1454787133848" dump="1454787133849"/><sessioninfo id="it.polimi.automata.io.in.transitions.BAElementToTransitionTransformerTest testTransformNoDestinationTransition" start="1454787133856" dump="1454787133861"/><sessioninfo id="" start="1454787133872" dump="1454787133873"/><sessioninfo id="it.polimi.automata.io.in.transitions.BAElementToTransitionTransformerTest testTransformNoCorrectSourceState" start="1454787133882" dump="1454787133886"/><sessioninfo id="" start="1454787133894" dump="1454787133894"/><sessioninfo id="it.polimi.automata.io.in.transitions.BAElementToTransitionTransformerTest testTransformNoCorrectDestinationState" start="1454787133902" dump="1454787133907"/><sessioninfo id="" start="1454787133915" dump="1454787133916"/><sessioninfo id="it.polimi.automata.io.in.transitions.BAElementToTransitionTransformerTest testTransformNoCorrectTransitionId" start="1454787133924" dump="1454787133929"/><sessioninfo id="" start="1454787133938" dump="1454787133939"/><sessioninfo id="it.polimi.automata.io.in.transitions.BAElementToTransitionTransformerTest testTransformTransitionNoPropositions" start="1454787133948" dump="1454787133953"/><sessioninfo id="" start="1454787133963" dump="1454787133964"/><sessioninfo id="it.polimi.automata.io.in.transitions.BAElementToTransitionTransformerTest testTransform" start="1454787133974" dump="1454787133980"/><sessioninfo id="" start="1454787133989" dump="1454787133992"/><sessioninfo id="it.polimi.automata.io.in.propositions.StringToClaimPropositionsTest testTransformNull" start="1454787134003" dump="1454787134004"/><sessioninfo id="" start="1454787134013" dump="1454787134014"/><sessioninfo id="it.polimi.automata.io.in.propositions.StringToClaimPropositionsTest testTransformIllegalArgument" start="1454787134023" dump="1454787134023"/><sessioninfo id="" start="1454787134036" dump="1454787134037"/><sessioninfo id="it.polimi.automata.io.in.propositions.StringToClaimPropositionsTest testTransformAtomicProposition" start="1454787134048" dump="1454787134049"/><sessioninfo id="" start="1454787134060" dump="1454787134061"/><sessioninfo id="it.polimi.automata.io.in.propositions.StringToClaimPropositionsTest testTransformSigma" start="1454787134067" dump="1454787134068"/><sessioninfo id="" start="1454787134078" dump="1454787134079"/><sessioninfo id="it.polimi.automata.io.in.propositions.StringToClaimPropositionsTest testTransformPropositionalFormula" start="1454787134087" dump="1454787134089"/><sessioninfo id="" start="1454787134099" dump="1454787134099"/><sessioninfo id="it.polimi.automata.io.in.propositions.StringToClaimPropositionsTest testTransformPropositionalFormulaNegatedProposition" start="1454787134110" dump="1454787134111"/><sessioninfo id="" start="1454787134117" dump="1454787134121"/><sessioninfo id="it.polimi.automata.io.out.propositions.IGraphPropositionsToStringTransformerTest testNullPointerProposition" start="1454787134131" dump="1454787134167"/><sessioninfo id="" start="1454787134183" dump="1454787134189"/><sessioninfo id="it.polimi.automata.io.out.propositions.IGraphPropositionsToStringTransformerTest testTransformIGraphProposition" start="1454787134201" dump="1454787134203"/><sessioninfo id="" start="1454787134214" dump="1454787134215"/><sessioninfo id="it.polimi.automata.io.out.propositions.IGraphPropositionsToStringTransformerTest testTransformSetIGraphProposition" start="1454787134227" dump="1454787134231"/><sessioninfo id="" start="1454787134241" dump="1454787134242"/><sessioninfo id="it.polimi.automata.io.out.propositions.IGraphPropositionsToStringTransformerTest testTransformSigmaProposition" start="1454787134254" dump="1454787134255"/><sessioninfo id="" start="1454787134267" dump="1454787134270"/><sessioninfo id="it.polimi.automata.io.out.states.StateToElementTrasformerTest testTransformNull" start="1454787134280" dump="1454787134283"/><sessioninfo id="" start="1454787134293" dump="1454787134294"/><sessioninfo id="it.polimi.automata.io.out.states.StateToElementTrasformerTest testTransform" start="1454787134311" dump="1454787134313"/><sessioninfo id="" start="1454787134328" dump="1454787134329"/><sessioninfo id="it.polimi.automata.io.out.states.StateToElementTrasformerTest testStateToElementTrasformer" start="1454787134340" dump="1454787134342"/><sessioninfo id="" start="1454787134353" dump="1454787134353"/><sessioninfo id="it.polimi.automata.io.out.states.StateToElementTrasformerTest testStateToElementTrasformerNull" start="1454787134363" dump="1454787134364"/><sessioninfo id="" start="1454787134371" dump="1454787134374"/><sessioninfo id="it.polimi.automata.io.out.transitions.BATransitionToElementTransformerTest testTransformIllegalArgument" start="1454787134382" dump="1454787134384"/><sessioninfo id="" start="1454787134396" dump="1454787134396"/><sessioninfo id="it.polimi.automata.io.out.transitions.BATransitionToElementTransformerTest testTransform" start="1454787134407" dump="1454787134410"/><sessioninfo id="" start="1454787134421" dump="1454787134421"/><sessioninfo id="it.polimi.automata.io.out.transitions.BATransitionToElementTransformerTest testTransitionToElementTransformer_NullDocument" start="1454787134430" dump="1454787134431"/><sessioninfo id="" start="1454787134441" dump="1454787134442"/><sessioninfo id="it.polimi.automata.io.out.transitions.BATransitionToElementTransformerTest testTransitionToElementTransformer_NullBA" start="1454787134452" dump="1454787134454"/><sessioninfo id="" start="1454787134462" dump="1454787134462"/><sessioninfo id="it.polimi.automata.io.out.transitions.BATransitionToElementTransformerTest testTransformNullPointerException" start="1454787134471" dump="1454787134473"/><sessioninfo id="" start="1454787134486" dump="1454787134488"/><sessioninfo id="it.polimi.automata.io.out.ClaimToStringTrasformerTest testPerform" start="1454787134498" dump="1454787134505"/><sessioninfo id="" start="1454787134516" dump="1454787134516"/><sessioninfo id="it.polimi.automata.io.out.ClaimToStringTrasformerTest testClaimToStringTrasformer" start="1454787134529" dump="1454787134530"/><sessioninfo id="" start="1454787134540" dump="1454787134541"/><sessioninfo id="it.polimi.automata.io.out.ClaimToStringTrasformerTest testClaimToStringTrasformerNull" start="1454787134552" dump="1454787134552"/><sessioninfo id="" start="1454787134563" dump="1454787134566"/><sessioninfo id="it.polimi.automata.io.out.states.IBAStateToElementTransformerTest testIBAStateToElementTransformerNull" start="1454787134577" dump="1454787134579"/><sessioninfo id="" start="1454787134586" dump="1454787134586"/><sessioninfo id="it.polimi.automata.io.out.states.IBAStateToElementTransformerTest testStateToElementTrasformer" start="1454787134594" dump="1454787134596"/><sessioninfo id="" start="1454787134607" dump="1454787134608"/><sessioninfo id="it.polimi.automata.io.out.states.IBAStateToElementTransformerTest testStateToElementTrasformerNull" start="1454787134618" dump="1454787134620"/><sessioninfo id="" start="1454787134631" dump="1454787134631"/><sessioninfo id="it.polimi.automata.io.out.states.IBAStateToElementTransformerTest testStateToElementTrasformerNotBAState" start="1454787134647" dump="1454787134651"/><sessioninfo id="" start="1454787134668" dump="1454787134669"/><sessioninfo id="it.polimi.automata.io.out.states.IBAStateToElementTransformerTest testStateToElementTrasformerNotInitialNotAcceptingState" start="1454787134677" dump="1454787134679"/><sessioninfo id="" start="1454787134687" dump="1454787134688"/><sessioninfo id="it.polimi.automata.io.out.states.IBAStateToElementTransformerTest testStateToElementTrasformerInitialAcceptingState" start="1454787134697" dump="1454787134700"/><sessioninfo id="" start="1454787134711" dump="1454787134718"/><sessioninfo id="it.polimi.automata.io.in.states.IBAElementToStateTransformerTest test" start="1454787134731" dump="1454787134735"/><sessioninfo id="" start="1454787134756" dump="1454787134758"/><sessioninfo id="it.polimi.automata.io.in.states.IBAElementToStateTransformerTest transform_Null" start="1454787134781" dump="1454787134788"/><sessioninfo id="" start="1454787134801" dump="1454787134802"/><sessioninfo id="it.polimi.automata.io.in.states.IBAElementToStateTransformerTest transform_NoName" start="1454787134814" dump="1454787134818"/><sessioninfo id="" start="1454787134830" dump="1454787134831"/><sessioninfo id="it.polimi.automata.io.in.states.IBAElementToStateTransformerTest transform_NoId" start="1454787134843" dump="1454787134847"/><sessioninfo id="" start="1454787134859" dump="1454787134859"/><sessioninfo id="it.polimi.automata.io.in.states.IBAElementToStateTransformerTest transformNoInitialNoAccepting" start="1454787134871" dump="1454787134875"/><sessioninfo id="" start="1454787134887" dump="1454787134888"/><sessioninfo id="it.polimi.automata.io.in.states.IBAElementToStateTransformerTest transform" start="1454787134896" dump="1454787134900"/><sessioninfo id="" start="1454787134911" dump="1454787134914"/><sessioninfo id="it.polimi.automata.io.out.states.BAStateToElementTransformerTest testBAStateToElementTransformerNull" start="1454787134926" dump="1454787134928"/><sessioninfo id="" start="1454787134939" dump="1454787134940"/><sessioninfo id="it.polimi.automata.io.out.states.BAStateToElementTransformerTest testStateToElementTrasformer" start="1454787134956" dump="1454787134959"/><sessioninfo id="" start="1454787134966" dump="1454787134967"/><sessioninfo id="it.polimi.automata.io.out.states.BAStateToElementTransformerTest testStateToElementTrasformerNull" start="1454787134978" dump="1454787134979"/><sessioninfo id="" start="1454787134989" dump="1454787134990"/><sessioninfo id="it.polimi.automata.io.out.states.BAStateToElementTransformerTest testStateToElementTrasformerNotBAState" start="1454787134997" dump="1454787134998"/><sessioninfo id="" start="1454787135009" dump="1454787135009"/><sessioninfo id="it.polimi.automata.io.out.states.BAStateToElementTransformerTest testStateToElementTrasformerNotInitialNotAcceptingState" start="1454787135020" dump="1454787135022"/><sessioninfo id="" start="1454787135030" dump="1454787135031"/><sessioninfo id="it.polimi.automata.io.out.states.BAStateToElementTransformerTest testStateToElementTrasformerInitialAcceptingState" start="1454787135040" dump="1454787135041"/><sessioninfo id="" start="1454787135053" dump="1454787135055"/><sessioninfo id="it.polimi.automata.io.out.propositions.PropositionToElementTrasformerTest testTransform" start="1454787135067" dump="1454787135068"/><sessioninfo id="" start="1454787135079" dump="1454787135080"/><sessioninfo id="it.polimi.automata.io.out.propositions.PropositionToElementTrasformerTest testTransform_Null" start="1454787135087" dump="1454787135088"/><sessioninfo id="" start="1454787135110" dump="1454787135114"/><sessioninfo id="it.polimi.automata.io.out.propositions.PropositionToElementTrasformerTest testPropositionToElementTrasformer_Null" start="1454787135125" dump="1454787135125"/><sessioninfo id="" start="1454787135132" dump="1454787135134"/><sessioninfo id="it.polimi.automata.io.in.ClaimeReaderTest testClaimeReaderNullString" start="1454787135141" dump="1454787135143"/><sessioninfo id="" start="1454787135155" dump="1454787135155"/><sessioninfo id="it.polimi.automata.io.in.ClaimeReaderTest testClaimeReaderNullFile" start="1454787135164" dump="1454787135165"/><sessioninfo id="" start="1454787135177" dump="1454787135178"/><sessioninfo id="it.polimi.automata.io.in.ClaimeReaderTest testTransform" start="1454787135188" dump="1454787135207"/><sessioninfo id="" start="1454787135214" dump="1454787135215"/><sessioninfo id="it.polimi.automata.io.in.ClaimeReaderTest testTransformStringPath" start="1454787135222" dump="1454787135236"/><sessioninfo id="it.polimi.automata.io.in.ClaimeReaderTest testTransformStringPath" start="1454787135244" dump="1454787135249"/><sessioninfo id="" start="1454922806477" dump="1454922807218"/><sessioninfo id="it.polimi.automata.io.in.ClaimeReaderTest testClaimeReaderNullString" start="1454922807221" dump="1454922807297"/><sessioninfo id="" start="1454922807300" dump="1454922807302"/><sessioninfo id="it.polimi.automata.io.in.ClaimeReaderTest testClaimeReaderNullFile" start="1454922807306" dump="1454922807307"/><sessioninfo id="" start="1454922807310" dump="1454922807311"/><sessioninfo id="it.polimi.automata.io.in.ClaimeReaderTest testTransform" start="1454922807314" dump="1454922807683"/><sessioninfo id="" start="1454922807688" dump="1454922807689"/><sessioninfo id="it.polimi.automata.io.in.ClaimeReaderTest testTransformStringPath" start="1454922807694" dump="1454922807715"/><sessioninfo id="" start="1454922807725" dump="1454922807733"/><sessioninfo id="it.polimi.automata.io.out.states.IntBAStateToElementTransformerTest testStateToElementTrasformer" start="1454922807739" dump="1454922807752"/><sessioninfo id="" start="1454922807756" dump="1454922807757"/><sessioninfo id="it.polimi.automata.io.out.states.IntBAStateToElementTransformerTest testStateToElementTrasformerNull" start="1454922807761" dump="1454922807764"/><sessioninfo id="" start="1454922807770" dump="1454922807771"/><sessioninfo id="it.polimi.automata.io.out.states.IntBAStateToElementTransformerTest testStateToElementTrasformerNotBAState" start="1454922807775" dump="1454922807777"/><sessioninfo id="" start="1454922807782" dump="1454922807783"/><sessioninfo id="it.polimi.automata.io.out.states.IntBAStateToElementTransformerTest testStateToElementTrasformerNotInitialNotAcceptingState" start="1454922807788" dump="1454922807791"/><sessioninfo id="" start="1454922807795" dump="1454922807796"/><sessioninfo id="it.polimi.automata.io.out.states.IntBAStateToElementTransformerTest testStateToElementTrasformerInitialAcceptingState" start="1454922807800" dump="1454922807803"/><sessioninfo id="" start="1454922807807" dump="1454922807808"/><sessioninfo id="it.polimi.automata.io.out.states.IntBAStateToElementTransformerTest testIBAStateToElementTransformerNull" start="1454922807812" dump="1454922807813"/><sessioninfo id="" start="1454922807817" dump="1454922807823"/><sessioninfo id="it.polimi.automata.io.out.transitions.IntBATransitionToElementTransformerTest testTransformIllegalArgument" start="1454922807826" dump="1454922807836"/><sessioninfo id="" start="1454922807840" dump="1454922807841"/><sessioninfo id="it.polimi.automata.io.out.transitions.IntBATransitionToElementTransformerTest testTransitionToElementTransformer_NullDocument" start="1454922807845" dump="1454922807845"/><sessioninfo id="" start="1454922807849" dump="1454922807850"/><sessioninfo id="it.polimi.automata.io.out.transitions.IntBATransitionToElementTransformerTest testTransitionToElementTransformer_NullBA" start="1454922807853" dump="1454922807857"/><sessioninfo id="" start="1454922807862" dump="1454922807863"/><sessioninfo id="it.polimi.automata.io.out.transitions.IntBATransitionToElementTransformerTest testTransformNullPointerException" start="1454922807867" dump="1454922807869"/><sessioninfo id="" start="1454922807874" dump="1454922807875"/><sessioninfo id="it.polimi.automata.io.out.transitions.IntBATransitionToElementTransformerTest testTransformConstrained" start="1454922807879" dump="1454922807884"/><sessioninfo id="" start="1454922807888" dump="1454922807890"/><sessioninfo id="it.polimi.automata.io.out.transitions.IntBATransitionToElementTransformerTest testTransformNotConstrained" start="1454922807894" dump="1454922807895"/><sessioninfo id="" start="1454922807899" dump="1454922807974"/><sessioninfo id="it.polimi.automata.io.in.states.IBAElementToStateTransformerTest test" start="1454922807981" dump="1454922808368"/><sessioninfo id="" start="1454922808377" dump="1454922808378"/><sessioninfo id="it.polimi.automata.io.in.states.IBAElementToStateTransformerTest transform_Null" start="1454922808387" dump="1454922808393"/><sessioninfo id="" start="1454922808402" dump="1454922808403"/><sessioninfo id="it.polimi.automata.io.in.states.IBAElementToStateTransformerTest transform_NoName" start="1454922808413" dump="1454922808420"/><sessioninfo id="" start="1454922808430" dump="1454922808431"/><sessioninfo id="it.polimi.automata.io.in.states.IBAElementToStateTransformerTest transform_NoId" start="1454922808441" dump="1454922808447"/><sessioninfo id="" start="1454922808456" dump="1454922808457"/><sessioninfo id="it.polimi.automata.io.in.states.IBAElementToStateTransformerTest transformNoInitialNoAccepting" start="1454922808467" dump="1454922808478"/><sessioninfo id="" start="1454922808488" dump="1454922808488"/><sessioninfo id="it.polimi.automata.io.in.states.IBAElementToStateTransformerTest transform" start="1454922808498" dump="1454922808506"/><sessioninfo id="" start="1454922808516" dump="1454922808520"/><sessioninfo id="it.polimi.automata.io.out.states.BAStateToElementTransformerTest testBAStateToElementTransformerNull" start="1454922808530" dump="1454922808532"/><sessioninfo id="" start="1454922808542" dump="1454922808543"/><sessioninfo id="it.polimi.automata.io.out.states.BAStateToElementTransformerTest testStateToElementTrasformer" start="1454922808552" dump="1454922808557"/><sessioninfo id="" start="1454922808566" dump="1454922808567"/><sessioninfo id="it.polimi.automata.io.out.states.BAStateToElementTransformerTest testStateToElementTrasformerNull" start="1454922808578" dump="1454922808580"/><sessioninfo id="" start="1454922808589" dump="1454922808589"/><sessioninfo id="it.polimi.automata.io.out.states.BAStateToElementTransformerTest testStateToElementTrasformerNotBAState" start="1454922808599" dump="1454922808601"/><sessioninfo id="" start="1454922808611" dump="1454922808611"/><sessioninfo id="it.polimi.automata.io.out.states.BAStateToElementTransformerTest testStateToElementTrasformerNotInitialNotAcceptingState" start="1454922808621" dump="1454922808624"/><sessioninfo id="" start="1454922808636" dump="1454922808637"/><sessioninfo id="it.polimi.automata.io.out.states.BAStateToElementTransformerTest testStateToElementTrasformerInitialAcceptingState" start="1454922808646" dump="1454922808648"/><sessioninfo id="" start="1454922808657" dump="1454922808663"/><sessioninfo id="it.polimi.automata.io.in.propositions.StringToModelPropositionsTest testTransformPropositionalFormula" start="1454922808673" dump="1454922808676"/><sessioninfo id="" start="1454922808686" dump="1454922808687"/><sessioninfo id="it.polimi.automata.io.in.propositions.StringToModelPropositionsTest testTransformIllegalArgument" start="1454922808698" dump="1454922808699"/><sessioninfo id="" start="1454922808710" dump="1454922808711"/><sessioninfo id="it.polimi.automata.io.in.propositions.StringToModelPropositionsTest testTransformNull" start="1454922808723" dump="1454922808724"/><sessioninfo id="" start="1454922808735" dump="1454922808736"/><sessioninfo id="it.polimi.automata.io.in.propositions.StringToModelPropositionsTest testTransformAtomicProposition" start="1454922808747" dump="1454922808748"/><sessioninfo id="" start="1454922808756" dump="1454922808758"/><sessioninfo id="it.polimi.automata.io.in.propositions.StringToModelPropositionsTest testTransformIllegalArgumentNegatedProposition" start="1454922808770" dump="1454922808772"/><sessioninfo id="" start="1454922808781" dump="1454922808782"/><sessioninfo id="it.polimi.automata.io.in.propositions.StringToModelPropositionsTest testTransformIllegalArgumentSigma" start="1454922808792" dump="1454922808794"/><sessioninfo id="" start="1454922808805" dump="1454922808813"/><sessioninfo id="it.polimi.automata.io.in.transitions.BAElementToTransitionTransformerTest testBAElementToTransitionTransformerNullBa" start="1454922808823" dump="1454922808845"/><sessioninfo id="" start="1454922808858" dump="1454922808859"/><sessioninfo id="it.polimi.automata.io.in.transitions.BAElementToTransitionTransformerTest testBAElementToTransitionTransformerNullMap" start="1454922808872" dump="1454922808885"/><sessioninfo id="" start="1454922808893" dump="1454922808894"/><sessioninfo id="it.polimi.automata.io.in.transitions.BAElementToTransitionTransformerTest testBAElementToTransitionTransformerStateDifference" start="1454922808901" dump="1454922808909"/><sessioninfo id="" start="1454922808916" dump="1454922808917"/><sessioninfo id="it.polimi.automata.io.in.transitions.BAElementToTransitionTransformerTest testBAElementToTransitionTransformer" start="1454922808923" dump="1454922808931"/><sessioninfo id="" start="1454922808939" dump="1454922808940"/><sessioninfo id="it.polimi.automata.io.in.transitions.BAElementToTransitionTransformerTest testTransformNullElement" start="1454922808949" dump="1454922808957"/><sessioninfo id="" start="1454922808967" dump="1454922808968"/><sessioninfo id="it.polimi.automata.io.in.transitions.BAElementToTransitionTransformerTest testTransformNoIdTransition" start="1454922808975" dump="1454922808982"/><sessioninfo id="" start="1454922808993" dump="1454922808994"/><sessioninfo id="it.polimi.automata.io.in.transitions.BAElementToTransitionTransformerTest testTransformNoStringIdTransition" start="1454922809002" dump="1454922809007"/><sessioninfo id="" start="1454922809016" dump="1454922809017"/><sessioninfo id="it.polimi.automata.io.in.transitions.BAElementToTransitionTransformerTest testTransformNoSourceTransition" start="1454922809025" dump="1454922809033"/><sessioninfo id="" start="1454922809041" dump="1454922809045"/><sessioninfo id="it.polimi.automata.io.in.transitions.BAElementToTransitionTransformerTest testTransformNoDestinationTransition" start="1454922809051" dump="1454922809060"/><sessioninfo id="" start="1454922809068" dump="1454922809069"/><sessioninfo id="it.polimi.automata.io.in.transitions.BAElementToTransitionTransformerTest testTransformNoCorrectSourceState" start="1454922809077" dump="1454922809082"/><sessioninfo id="" start="1454922809092" dump="1454922809092"/><sessioninfo id="it.polimi.automata.io.in.transitions.BAElementToTransitionTransformerTest testTransformNoCorrectDestinationState" start="1454922809098" dump="1454922809105"/><sessioninfo id="" start="1454922809111" dump="1454922809112"/><sessioninfo id="it.polimi.automata.io.in.transitions.BAElementToTransitionTransformerTest testTransformNoCorrectTransitionId" start="1454922809121" dump="1454922809129"/><sessioninfo id="" start="1454922809135" dump="1454922809135"/><sessioninfo id="it.polimi.automata.io.in.transitions.BAElementToTransitionTransformerTest testTransformTransitionNoPropositions" start="1454922809143" dump="1454922809148"/><sessioninfo id="" start="1454922809154" dump="1454922809155"/><sessioninfo id="it.polimi.automata.io.in.transitions.BAElementToTransitionTransformerTest testTransform" start="1454922809160" dump="1454922809165"/><sessioninfo id="" start="1454922809171" dump="1454922809174"/><sessioninfo id="it.polimi.automata.io.out.transitions.BATransitionToElementTransformerTest testTransformIllegalArgument" start="1454922809181" dump="1454922809183"/><sessioninfo id="" start="1454922809188" dump="1454922809189"/><sessioninfo id="it.polimi.automata.io.out.transitions.BATransitionToElementTransformerTest testTransitionToElementTransformer_NullDocument" start="1454922809195" dump="1454922809195"/><sessioninfo id="" start="1454922809201" dump="1454922809201"/><sessioninfo id="it.polimi.automata.io.out.transitions.BATransitionToElementTransformerTest testTransitionToElementTransformer_NullBA" start="1454922809207" dump="1454922809210"/><sessioninfo id="" start="1454922809217" dump="1454922809219"/><sessioninfo id="it.polimi.automata.io.out.transitions.BATransitionToElementTransformerTest testTransformNullPointerException" start="1454922809225" dump="1454922809226"/><sessioninfo id="" start="1454922809233" dump="1454922809234"/><sessioninfo id="it.polimi.automata.io.out.transitions.BATransitionToElementTransformerTest testTransform" start="1454922809241" dump="1454922809243"/><sessioninfo id="" start="1454922809249" dump="1454922809252"/><sessioninfo id="it.polimi.automata.io.in.propositions.StringToClaimPropositionsTest testTransformPropositionalFormula" start="1454922809266" dump="1454922809267"/><sessioninfo id="" start="1454922809277" dump="1454922809278"/><sessioninfo id="it.polimi.automata.io.in.propositions.StringToClaimPropositionsTest testTransformIllegalArgument" start="1454922809288" dump="1454922809290"/><sessioninfo id="" start="1454922809305" dump="1454922809306"/><sessioninfo id="it.polimi.automata.io.in.propositions.StringToClaimPropositionsTest testTransformNull" start="1454922809320" dump="1454922809321"/><sessioninfo id="" start="1454922809329" dump="1454922809330"/><sessioninfo id="it.polimi.automata.io.in.propositions.StringToClaimPropositionsTest testTransformAtomicProposition" start="1454922809341" dump="1454922809342"/><sessioninfo id="" start="1454922809351" dump="1454922809351"/><sessioninfo id="it.polimi.automata.io.in.propositions.StringToClaimPropositionsTest testTransformSigma" start="1454922809360" dump="1454922809360"/><sessioninfo id="" start="1454922809367" dump="1454922809368"/><sessioninfo id="it.polimi.automata.io.in.propositions.StringToClaimPropositionsTest testTransformPropositionalFormulaNegatedProposition" start="1454922809376" dump="1454922809377"/><sessioninfo id="" start="1454922809383" dump="1454922809388"/><sessioninfo id="it.polimi.automata.io.out.states.IBAStateToElementTransformerTest testStateToElementTrasformer" start="1454922809395" dump="1454922809398"/><sessioninfo id="" start="1454922809404" dump="1454922809405"/><sessioninfo id="it.polimi.automata.io.out.states.IBAStateToElementTransformerTest testStateToElementTrasformerNull" start="1454922809412" dump="1454922809413"/><sessioninfo id="" start="1454922809419" dump="1454922809420"/><sessioninfo id="it.polimi.automata.io.out.states.IBAStateToElementTransformerTest testStateToElementTrasformerNotBAState" start="1454922809428" dump="1454922809430"/><sessioninfo id="" start="1454922809436" dump="1454922809437"/><sessioninfo id="it.polimi.automata.io.out.states.IBAStateToElementTransformerTest testStateToElementTrasformerNotInitialNotAcceptingState" start="1454922809446" dump="1454922809448"/><sessioninfo id="" start="1454922809453" dump="1454922809454"/><sessioninfo id="it.polimi.automata.io.out.states.IBAStateToElementTransformerTest testStateToElementTrasformerInitialAcceptingState" start="1454922809460" dump="1454922809461"/><sessioninfo id="" start="1454922809467" dump="1454922809467"/><sessioninfo id="it.polimi.automata.io.out.states.IBAStateToElementTransformerTest testIBAStateToElementTransformerNull" start="1454922809472" dump="1454922809474"/><sessioninfo id="" start="1454922809479" dump="1454922809484"/><sessioninfo id="it.polimi.automata.io.in.transitions.IBAElementToTransitionTransformerTest testTransformNullElement" start="1454922809491" dump="1454922809495"/><sessioninfo id="" start="1454922809500" dump="1454922809501"/><sessioninfo id="it.polimi.automata.io.in.transitions.IBAElementToTransitionTransformerTest testTransformNoIdTransition" start="1454922809506" dump="1454922809511"/><sessioninfo id="" start="1454922809517" dump="1454922809518"/><sessioninfo id="it.polimi.automata.io.in.transitions.IBAElementToTransitionTransformerTest testTransformNoStringIdTransition" start="1454922809524" dump="1454922809528"/><sessioninfo id="" start="1454922809534" dump="1454922809535"/><sessioninfo id="it.polimi.automata.io.in.transitions.IBAElementToTransitionTransformerTest testTransformNoSourceTransition" start="1454922809543" dump="1454922809549"/><sessioninfo id="" start="1454922809554" dump="1454922809555"/><sessioninfo id="it.polimi.automata.io.in.transitions.IBAElementToTransitionTransformerTest testTransformNoDestinationTransition" start="1454922809560" dump="1454922809563"/><sessioninfo id="" start="1454922809569" dump="1454922809569"/><sessioninfo id="it.polimi.automata.io.in.transitions.IBAElementToTransitionTransformerTest testTransformNoCorrectSourceState" start="1454922809575" dump="1454922809578"/><sessioninfo id="" start="1454922809583" dump="1454922809584"/><sessioninfo id="it.polimi.automata.io.in.transitions.IBAElementToTransitionTransformerTest testTransformNoCorrectDestinationState" start="1454922809589" dump="1454922809592"/><sessioninfo id="" start="1454922809598" dump="1454922809598"/><sessioninfo id="it.polimi.automata.io.in.transitions.IBAElementToTransitionTransformerTest testTransformNoCorrectTransitionId" start="1454922809603" dump="1454922809607"/><sessioninfo id="" start="1454922809612" dump="1454922809612"/><sessioninfo id="it.polimi.automata.io.in.transitions.IBAElementToTransitionTransformerTest testTransformTransitionNoPropositions" start="1454922809617" dump="1454922809620"/><sessioninfo id="" start="1454922809628" dump="1454922809628"/><sessioninfo id="it.polimi.automata.io.in.transitions.IBAElementToTransitionTransformerTest testTransform" start="1454922809633" dump="1454922809636"/><sessioninfo id="" start="1454922809643" dump="1454922809643"/><sessioninfo id="it.polimi.automata.io.in.transitions.IBAElementToTransitionTransformerTest testIBAElementToTransitionTransformer" start="1454922809648" dump="1454922809651"/><sessioninfo id="" start="1454922809659" dump="1454922809659"/><sessioninfo id="it.polimi.automata.io.in.transitions.IBAElementToTransitionTransformerTest testIBAElementToTransitionTransformerNullMap" start="1454922809665" dump="1454922809668"/><sessioninfo id="" start="1454922809673" dump="1454922809674"/><sessioninfo id="it.polimi.automata.io.in.transitions.IBAElementToTransitionTransformerTest testIBAElementToTransitionTransformerStateDifference" start="1454922809679" dump="1454922809682"/><sessioninfo id="" start="1454922809687" dump="1454922809689"/><sessioninfo id="it.polimi.automata.io.out.ModelToStringTrasformerTest testPerform" start="1454922809697" dump="1454922809772"/><sessioninfo id="" start="1454922809779" dump="1454922809780"/><sessioninfo id="it.polimi.automata.io.out.ModelToStringTrasformerTest testModelToStringTrasformer" start="1454922809785" dump="1454922809785"/><sessioninfo id="" start="1454922809791" dump="1454922809791"/><sessioninfo id="it.polimi.automata.io.out.ModelToStringTrasformerTest testModelToStringTrasformerNull" start="1454922809799" dump="1454922809799"/><sessioninfo id="" start="1454922809807" dump="1454922809809"/><sessioninfo id="it.polimi.automata.io.out.transitions.TransitionToElementTransformerTest testTransitionToElementTransformer_Null" start="1454922809814" dump="1454922809814"/><sessioninfo id="" start="1454922809820" dump="1454922809821"/><sessioninfo id="it.polimi.automata.io.out.transitions.TransitionToElementTransformerTest testTransitionToElementTransformer" start="1454922809826" dump="1454922809827"/><sessioninfo id="" start="1454922809834" dump="1454922809835"/><sessioninfo id="it.polimi.automata.io.out.transitions.TransitionToElementTransformerTest testTransitionToElementTransform_Null" start="1454922809840" dump="1454922809841"/><sessioninfo id="" start="1454922809851" dump="1454922809852"/><sessioninfo id="it.polimi.automata.io.out.transitions.TransitionToElementTransformerTest testTransitionToElementTransform" start="1454922809859" dump="1454922809860"/><sessioninfo id="" start="1454922809867" dump="1454922809870"/><sessioninfo id="it.polimi.automata.io.in.states.BAElementToStateTransformerTest test" start="1454922809877" dump="1454922809880"/><sessioninfo id="" start="1454922809886" dump="1454922809887"/><sessioninfo id="it.polimi.automata.io.in.states.BAElementToStateTransformerTest transform_Null" start="1454922809892" dump="1454922809894"/><sessioninfo id="" start="1454922809900" dump="1454922809900"/><sessioninfo id="it.polimi.automata.io.in.states.BAElementToStateTransformerTest transform_NoName" start="1454922809908" dump="1454922809910"/><sessioninfo id="" start="1454922809918" dump="1454922809919"/><sessioninfo id="it.polimi.automata.io.in.states.BAElementToStateTransformerTest transform_NoId" start="1454922809925" dump="1454922809928"/><sessioninfo id="" start="1454922809936" dump="1454922809937"/><sessioninfo id="it.polimi.automata.io.in.states.BAElementToStateTransformerTest transformNoInitialNoAccepting" start="1454922809943" dump="1454922809945"/><sessioninfo id="" start="1454922809951" dump="1454922809952"/><sessioninfo id="it.polimi.automata.io.in.states.BAElementToStateTransformerTest transform" start="1454922809959" dump="1454922809961"/><sessioninfo id="" start="1454922809967" dump="1454922809970"/><sessioninfo id="it.polimi.automata.io.out.ClaimToStringTrasformerTest testClaimToStringTrasformer" start="1454922809977" dump="1454922809979"/><sessioninfo id="" start="1454922809986" dump="1454922809986"/><sessioninfo id="it.polimi.automata.io.out.ClaimToStringTrasformerTest testClaimToStringTrasformerNull" start="1454922809992" dump="1454922809992"/><sessioninfo id="" start="1454922809998" dump="1454922809998"/><sessioninfo id="it.polimi.automata.io.out.ClaimToStringTrasformerTest testPerform" start="1454922810004" dump="1454922810010"/><sessioninfo id="" start="1454922810021" dump="1454922810024"/><sessioninfo id="it.polimi.automata.io.out.states.StateToElementTrasformerTest testTransformNull" start="1454922810033" dump="1454922810035"/><sessioninfo id="" start="1454922810043" dump="1454922810045"/><sessioninfo id="it.polimi.automata.io.out.states.StateToElementTrasformerTest testStateToElementTrasformer" start="1454922810052" dump="1454922810053"/><sessioninfo id="" start="1454922810059" dump="1454922810059"/><sessioninfo id="it.polimi.automata.io.out.states.StateToElementTrasformerTest testStateToElementTrasformerNull" start="1454922810067" dump="1454922810068"/><sessioninfo id="" start="1454922810076" dump="1454922810077"/><sessioninfo id="it.polimi.automata.io.out.states.StateToElementTrasformerTest testTransform" start="1454922810085" dump="1454922810086"/><sessioninfo id="" start="1454922810092" dump="1454922810094"/><sessioninfo id="it.polimi.automata.io.out.propositions.IGraphPropositionsToStringTransformerTest testNullPointerProposition" start="1454922810100" dump="1454922810124"/><sessioninfo id="" start="1454922810136" dump="1454922810137"/><sessioninfo id="it.polimi.automata.io.out.propositions.IGraphPropositionsToStringTransformerTest testTransformIGraphProposition" start="1454922810149" dump="1454922810151"/><sessioninfo id="" start="1454922810164" dump="1454922810164"/><sessioninfo id="it.polimi.automata.io.out.propositions.IGraphPropositionsToStringTransformerTest testTransformSetIGraphProposition" start="1454922810174" dump="1454922810176"/><sessioninfo id="" start="1454922810187" dump="1454922810187"/><sessioninfo id="it.polimi.automata.io.out.propositions.IGraphPropositionsToStringTransformerTest testTransformSigmaProposition" start="1454922810198" dump="1454922810199"/><sessioninfo id="" start="1454922810209" dump="1454922810210"/><sessioninfo id="it.polimi.automata.io.out.propositions.PropositionToElementTrasformerTest testPropositionToElementTrasformer_Null" start="1454922810219" dump="1454922810220"/><sessioninfo id="" start="1454922810231" dump="1454922810231"/><sessioninfo id="it.polimi.automata.io.out.propositions.PropositionToElementTrasformerTest testTransform_Null" start="1454922810240" dump="1454922810242"/><sessioninfo id="" start="1454922810251" dump="1454922810251"/><sessioninfo id="it.polimi.automata.io.out.propositions.PropositionToElementTrasformerTest testTransform" start="1454922810261" dump="1454922810262"/><sessioninfo id="" start="1454922810269" dump="1454922810272"/><sessioninfo id="it.polimi.automata.io.in.ModelReaderTest test" start="1454922810280" dump="1454922810325"/><sessioninfo id="" start="1454922810345" dump="1454922810346"/><sessioninfo id="it.polimi.automata.io.in.ModelReaderTest testModelReaderNullString" start="1454922810364" dump="1454922810366"/><sessioninfo id="" start="1454922810380" dump="1454922810381"/><sessioninfo id="it.polimi.automata.io.in.ModelReaderTest testModelReaderNullFile" start="1454922810397" dump="1454922810398"/><sessioninfo id="" start="1454922810411" dump="1454922810412"/><sessioninfo id="it.polimi.automata.io.in.ModelReaderTest testPerformStringPath" start="1454922810425" dump="1454922810447"/><sessioninfo id="" start="1454922810455" dump="1454922810463"/><sessioninfo id="it.polimi.automata.ConstantsTest test" start="1454922810473" dump="1454922810476"/><sessioninfo id="it.polimi.automata.ConstantsTest test" start="1454922810486" dump="1454922810491"/><sessioninfo id="" start="1454923154712" dump="1454923155462"/><sessioninfo id="it.polimi.automata.ConstantsTest test" start="1454923155466" dump="1454923155473"/><sessioninfo id="" start="1454923155475" dump="1454923155561"/><sessioninfo id="it.polimi.automata.io.in.transitions.IBAElementToTransitionTransformerTest testIBAElementToTransitionTransformer" start="1454923155564" dump="1454923155995"/><sessioninfo id="" start="1454923156002" dump="1454923156003"/><sessioninfo id="it.polimi.automata.io.in.transitions.IBAElementToTransitionTransformerTest testIBAElementToTransitionTransformerNullMap" start="1454923156010" dump="1454923156021"/><sessioninfo id="" start="1454923156031" dump="1454923156031"/><sessioninfo id="it.polimi.automata.io.in.transitions.IBAElementToTransitionTransformerTest testIBAElementToTransitionTransformerStateDifference" start="1454923156040" dump="1454923156053"/><sessioninfo id="" start="1454923156063" dump="1454923156064"/><sessioninfo id="it.polimi.automata.io.in.transitions.IBAElementToTransitionTransformerTest testTransformNullElement" start="1454923156073" dump="1454923156083"/><sessioninfo id="" start="1454923156093" dump="1454923156093"/><sessioninfo id="it.polimi.automata.io.in.transitions.IBAElementToTransitionTransformerTest testTransformNoIdTransition" start="1454923156103" dump="1454923156113"/><sessioninfo id="" start="1454923156123" dump="1454923156123"/><sessioninfo id="it.polimi.automata.io.in.transitions.IBAElementToTransitionTransformerTest testTransformNoStringIdTransition" start="1454923156131" dump="1454923156139"/><sessioninfo id="" start="1454923156149" dump="1454923156150"/><sessioninfo id="it.polimi.automata.io.in.transitions.IBAElementToTransitionTransformerTest testTransformNoSourceTransition" start="1454923156159" dump="1454923156167"/><sessioninfo id="" start="1454923156176" dump="1454923156176"/><sessioninfo id="it.polimi.automata.io.in.transitions.IBAElementToTransitionTransformerTest testTransformNoDestinationTransition" start="1454923156184" dump="1454923156191"/><sessioninfo id="" start="1454923156200" dump="1454923156201"/><sessioninfo id="it.polimi.automata.io.in.transitions.IBAElementToTransitionTransformerTest testTransformNoCorrectSourceState" start="1454923156210" dump="1454923156217"/><sessioninfo id="" start="1454923156228" dump="1454923156229"/><sessioninfo id="it.polimi.automata.io.in.transitions.IBAElementToTransitionTransformerTest testTransformNoCorrectDestinationState" start="1454923156237" dump="1454923156245"/><sessioninfo id="" start="1454923156255" dump="1454923156256"/><sessioninfo id="it.polimi.automata.io.in.transitions.IBAElementToTransitionTransformerTest testTransformNoCorrectTransitionId" start="1454923156263" dump="1454923156270"/><sessioninfo id="" start="1454923156280" dump="1454923156281"/><sessioninfo id="it.polimi.automata.io.in.transitions.IBAElementToTransitionTransformerTest testTransformTransitionNoPropositions" start="1454923156288" dump="1454923156300"/><sessioninfo id="" start="1454923156307" dump="1454923156308"/><sessioninfo id="it.polimi.automata.io.in.transitions.IBAElementToTransitionTransformerTest testTransform" start="1454923156314" dump="1454923156324"/><sessioninfo id="" start="1454923156332" dump="1454923156337"/><sessioninfo id="it.polimi.automata.io.out.transitions.IntBATransitionToElementTransformerTest testTransformIllegalArgument" start="1454923156345" dump="1454923156389"/><sessioninfo id="" start="1454923156399" dump="1454923156400"/><sessioninfo id="it.polimi.automata.io.out.transitions.IntBATransitionToElementTransformerTest testTransformConstrained" start="1454923156407" dump="1454923156416"/><sessioninfo id="" start="1454923156424" dump="1454923156425"/><sessioninfo id="it.polimi.automata.io.out.transitions.IntBATransitionToElementTransformerTest testTransitionToElementTransformer_NullDocument" start="1454923156432" dump="1454923156433"/><sessioninfo id="" start="1454923156441" dump="1454923156442"/><sessioninfo id="it.polimi.automata.io.out.transitions.IntBATransitionToElementTransformerTest testTransitionToElementTransformer_NullBA" start="1454923156451" dump="1454923156453"/><sessioninfo id="" start="1454923156461" dump="1454923156462"/><sessioninfo id="it.polimi.automata.io.out.transitions.IntBATransitionToElementTransformerTest testTransformNullPointerException" start="1454923156470" dump="1454923156472"/><sessioninfo id="" start="1454923156481" dump="1454923156482"/><sessioninfo id="it.polimi.automata.io.out.transitions.IntBATransitionToElementTransformerTest testTransformNotConstrained" start="1454923156490" dump="1454923156492"/><sessioninfo id="" start="1454923156500" dump="1454923156503"/><sessioninfo id="it.polimi.automata.io.out.transitions.TransitionToElementTransformerTest testTransitionToElementTransformer_Null" start="1454923156512" dump="1454923156514"/><sessioninfo id="" start="1454923156522" dump="1454923156522"/><sessioninfo id="it.polimi.automata.io.out.transitions.TransitionToElementTransformerTest testTransitionToElementTransformer" start="1454923156530" dump="1454923156532"/><sessioninfo id="" start="1454923156540" dump="1454923156543"/><sessioninfo id="it.polimi.automata.io.out.transitions.TransitionToElementTransformerTest testTransitionToElementTransform_Null" start="1454923156551" dump="1454923156553"/><sessioninfo id="" start="1454923156561" dump="1454923156562"/><sessioninfo id="it.polimi.automata.io.out.transitions.TransitionToElementTransformerTest testTransitionToElementTransform" start="1454923156570" dump="1454923156573"/><sessioninfo id="" start="1454923156582" dump="1454923156590"/><sessioninfo id="it.polimi.automata.io.in.ClaimeReaderTest testClaimeReaderNullString" start="1454923156600" dump="1454923156655"/><sessioninfo id="" start="1454923156665" dump="1454923156666"/><sessioninfo id="it.polimi.automata.io.in.ClaimeReaderTest testClaimeReaderNullFile" start="1454923156675" dump="1454923156676"/><sessioninfo id="" start="1454923156684" dump="1454923156685"/><sessioninfo id="it.polimi.automata.io.in.ClaimeReaderTest testTransform" start="1454923156694" dump="1454923156810"/><sessioninfo id="" start="1454923156819" dump="1454923156820"/><sessioninfo id="it.polimi.automata.io.in.ClaimeReaderTest testTransformStringPath" start="1454923156829" dump="1454923156846"/><sessioninfo id="" start="1454923156856" dump="1454923156866"/><sessioninfo id="it.polimi.automata.io.in.transitions.BAElementToTransitionTransformerTest testBAElementToTransitionTransformerNullBa" start="1454923156876" dump="1454923156883"/><sessioninfo id="" start="1454923156897" dump="1454923156898"/><sessioninfo id="it.polimi.automata.io.in.transitions.BAElementToTransitionTransformerTest testBAElementToTransitionTransformerNullMap" start="1454923156910" dump="1454923156916"/><sessioninfo id="" start="1454923156925" dump="1454923156926"/><sessioninfo id="it.polimi.automata.io.in.transitions.BAElementToTransitionTransformerTest testBAElementToTransitionTransformerStateDifference" start="1454923156934" dump="1454923156940"/><sessioninfo id="" start="1454923156948" dump="1454923156949"/><sessioninfo id="it.polimi.automata.io.in.transitions.BAElementToTransitionTransformerTest testBAElementToTransitionTransformer" start="1454923156958" dump="1454923156963"/><sessioninfo id="" start="1454923156972" dump="1454923156973"/><sessioninfo id="it.polimi.automata.io.in.transitions.BAElementToTransitionTransformerTest testTransformNullElement" start="1454923156983" dump="1454923156988"/><sessioninfo id="" start="1454923156997" dump="1454923156998"/><sessioninfo id="it.polimi.automata.io.in.transitions.BAElementToTransitionTransformerTest testTransformNoIdTransition" start="1454923157008" dump="1454923157015"/><sessioninfo id="" start="1454923157024" dump="1454923157025"/><sessioninfo id="it.polimi.automata.io.in.transitions.BAElementToTransitionTransformerTest testTransformNoStringIdTransition" start="1454923157034" dump="1454923157038"/><sessioninfo id="" start="1454923157048" dump="1454923157049"/><sessioninfo id="it.polimi.automata.io.in.transitions.BAElementToTransitionTransformerTest testTransformNoSourceTransition" start="1454923157058" dump="1454923157063"/><sessioninfo id="" start="1454923157070" dump="1454923157071"/><sessioninfo id="it.polimi.automata.io.in.transitions.BAElementToTransitionTransformerTest testTransformNoDestinationTransition" start="1454923157079" dump="1454923157085"/><sessioninfo id="" start="1454923157093" dump="1454923157094"/><sessioninfo id="it.polimi.automata.io.in.transitions.BAElementToTransitionTransformerTest testTransformNoCorrectSourceState" start="1454923157100" dump="1454923157104"/><sessioninfo id="" start="1454923157112" dump="1454923157113"/><sessioninfo id="it.polimi.automata.io.in.transitions.BAElementToTransitionTransformerTest testTransformNoCorrectDestinationState" start="1454923157122" dump="1454923157127"/><sessioninfo id="" start="1454923157136" dump="1454923157136"/><sessioninfo id="it.polimi.automata.io.in.transitions.BAElementToTransitionTransformerTest testTransformNoCorrectTransitionId" start="1454923157145" dump="1454923157149"/><sessioninfo id="" start="1454923157158" dump="1454923157159"/><sessioninfo id="it.polimi.automata.io.in.transitions.BAElementToTransitionTransformerTest testTransformTransitionNoPropositions" start="1454923157167" dump="1454923157172"/><sessioninfo id="" start="1454923157183" dump="1454923157183"/><sessioninfo id="it.polimi.automata.io.in.transitions.BAElementToTransitionTransformerTest testTransform" start="1454923157192" dump="1454923157196"/><sessioninfo id="" start="1454923157206" dump="1454923157215"/><sessioninfo id="it.polimi.automata.io.in.ModelReaderTest test" start="1454923157226" dump="1454923157256"/><sessioninfo id="" start="1454923157267" dump="1454923157268"/><sessioninfo id="it.polimi.automata.io.in.ModelReaderTest testModelReaderNullString" start="1454923157281" dump="1454923157283"/><sessioninfo id="" start="1454923157293" dump="1454923157293"/><sessioninfo id="it.polimi.automata.io.in.ModelReaderTest testModelReaderNullFile" start="1454923157302" dump="1454923157303"/><sessioninfo id="" start="1454923157313" dump="1454923157313"/><sessioninfo id="it.polimi.automata.io.in.ModelReaderTest testPerformStringPath" start="1454923157322" dump="1454923157342"/><sessioninfo id="" start="1454923157354" dump="1454923157358"/><sessioninfo id="it.polimi.automata.io.in.states.BAElementToStateTransformerTest test" start="1454923157368" dump="1454923157372"/><sessioninfo id="" start="1454923157381" dump="1454923157382"/><sessioninfo id="it.polimi.automata.io.in.states.BAElementToStateTransformerTest transform_Null" start="1454923157393" dump="1454923157396"/><sessioninfo id="" start="1454923157406" dump="1454923157407"/><sessioninfo id="it.polimi.automata.io.in.states.BAElementToStateTransformerTest transform_NoName" start="1454923157418" dump="1454923157422"/><sessioninfo id="" start="1454923157433" dump="1454923157434"/><sessioninfo id="it.polimi.automata.io.in.states.BAElementToStateTransformerTest transform_NoId" start="1454923157441" dump="1454923157445"/><sessioninfo id="" start="1454923157452" dump="1454923157453"/><sessioninfo id="it.polimi.automata.io.in.states.BAElementToStateTransformerTest transformNoInitialNoAccepting" start="1454923157462" dump="1454923157465"/><sessioninfo id="" start="1454923157475" dump="1454923157476"/><sessioninfo id="it.polimi.automata.io.in.states.BAElementToStateTransformerTest transform" start="1454923157488" dump="1454923157491"/><sessioninfo id="" start="1454923157501" dump="1454923157504"/><sessioninfo id="it.polimi.automata.io.out.ClaimToStringTrasformerTest testClaimToStringTrasformer" start="1454923157513" dump="1454923157515"/><sessioninfo id="" start="1454923157523" dump="1454923157524"/><sessioninfo id="it.polimi.automata.io.out.ClaimToStringTrasformerTest testClaimToStringTrasformerNull" start="1454923157533" dump="1454923157534"/><sessioninfo id="" start="1454923157544" dump="1454923157545"/><sessioninfo id="it.polimi.automata.io.out.ClaimToStringTrasformerTest testPerform" start="1454923157552" dump="1454923157610"/><sessioninfo id="" start="1454923157617" dump="1454923157626"/><sessioninfo id="it.polimi.automata.io.in.propositions.StringToClaimPropositionsTest testTransformIllegalArgument" start="1454923157637" dump="1454923157638"/><sessioninfo id="" start="1454923157648" dump="1454923157649"/><sessioninfo id="it.polimi.automata.io.in.propositions.StringToClaimPropositionsTest testTransformNull" start="1454923157658" dump="1454923157660"/><sessioninfo id="" start="1454923157670" dump="1454923157671"/><sessioninfo id="it.polimi.automata.io.in.propositions.StringToClaimPropositionsTest testTransformAtomicProposition" start="1454923157680" dump="1454923157682"/><sessioninfo id="" start="1454923157691" dump="1454923157692"/><sessioninfo id="it.polimi.automata.io.in.propositions.StringToClaimPropositionsTest testTransformSigma" start="1454923157701" dump="1454923157702"/><sessioninfo id="" start="1454923157711" dump="1454923157711"/><sessioninfo id="it.polimi.automata.io.in.propositions.StringToClaimPropositionsTest testTransformPropositionalFormula" start="1454923157721" dump="1454923157722"/><sessioninfo id="" start="1454923157730" dump="1454923157731"/><sessioninfo id="it.polimi.automata.io.in.propositions.StringToClaimPropositionsTest testTransformPropositionalFormulaNegatedProposition" start="1454923157740" dump="1454923157741"/><sessioninfo id="" start="1454923157751" dump="1454923157754"/><sessioninfo id="it.polimi.automata.io.out.transitions.BATransitionToElementTransformerTest testTransformIllegalArgument" start="1454923157765" dump="1454923157767"/><sessioninfo id="" start="1454923157777" dump="1454923157778"/><sessioninfo id="it.polimi.automata.io.out.transitions.BATransitionToElementTransformerTest testTransitionToElementTransformer_NullDocument" start="1454923157784" dump="1454923157785"/><sessioninfo id="" start="1454923157793" dump="1454923157794"/><sessioninfo id="it.polimi.automata.io.out.transitions.BATransitionToElementTransformerTest testTransitionToElementTransformer_NullBA" start="1454923157801" dump="1454923157803"/><sessioninfo id="" start="1454923157810" dump="1454923157811"/><sessioninfo id="it.polimi.automata.io.out.transitions.BATransitionToElementTransformerTest testTransformNullPointerException" start="1454923157819" dump="1454923157821"/><sessioninfo id="" start="1454923157828" dump="1454923157829"/><sessioninfo id="it.polimi.automata.io.out.transitions.BATransitionToElementTransformerTest testTransform" start="1454923157835" dump="1454923157836"/><sessioninfo id="" start="1454923157843" dump="1454923157845"/><sessioninfo id="it.polimi.automata.io.out.states.BAStateToElementTransformerTest testBAStateToElementTransformerNull" start="1454923157852" dump="1454923157853"/><sessioninfo id="" start="1454923157862" dump="1454923157863"/><sessioninfo id="it.polimi.automata.io.out.states.BAStateToElementTransformerTest testStateToElementTrasformer" start="1454923157869" dump="1454923157870"/><sessioninfo id="" start="1454923157876" dump="1454923157877"/><sessioninfo id="it.polimi.automata.io.out.states.BAStateToElementTransformerTest testStateToElementTrasformerNull" start="1454923157887" dump="1454923157888"/><sessioninfo id="" start="1454923157898" dump="1454923157899"/><sessioninfo id="it.polimi.automata.io.out.states.BAStateToElementTransformerTest testStateToElementTrasformerNotBAState" start="1454923157907" dump="1454923157909"/><sessioninfo id="" start="1454923157915" dump="1454923157915"/><sessioninfo id="it.polimi.automata.io.out.states.BAStateToElementTransformerTest testStateToElementTrasformerNotInitialNotAcceptingState" start="1454923157926" dump="1454923157927"/><sessioninfo id="" start="1454923157934" dump="1454923157935"/><sessioninfo id="it.polimi.automata.io.out.states.BAStateToElementTransformerTest testStateToElementTrasformerInitialAcceptingState" start="1454923157943" dump="1454923157944"/><sessioninfo id="" start="1454923157951" dump="1454923157955"/><sessioninfo id="it.polimi.automata.io.out.states.IntBAStateToElementTransformerTest testStateToElementTrasformer" start="1454923157962" dump="1454923157968"/><sessioninfo id="" start="1454923157976" dump="1454923157977"/><sessioninfo id="it.polimi.automata.io.out.states.IntBAStateToElementTransformerTest testStateToElementTrasformerNull" start="1454923157983" dump="1454923157984"/><sessioninfo id="" start="1454923157995" dump="1454923157996"/><sessioninfo id="it.polimi.automata.io.out.states.IntBAStateToElementTransformerTest testStateToElementTrasformerNotBAState" start="1454923158004" dump="1454923158005"/><sessioninfo id="" start="1454923158012" dump="1454923158013"/><sessioninfo id="it.polimi.automata.io.out.states.IntBAStateToElementTransformerTest testStateToElementTrasformerNotInitialNotAcceptingState" start="1454923158020" dump="1454923158021"/><sessioninfo id="" start="1454923158029" dump="1454923158029"/><sessioninfo id="it.polimi.automata.io.out.states.IntBAStateToElementTransformerTest testStateToElementTrasformerInitialAcceptingState" start="1454923158035" dump="1454923158037"/><sessioninfo id="" start="1454923158044" dump="1454923158044"/><sessioninfo id="it.polimi.automata.io.out.states.IntBAStateToElementTransformerTest testIBAStateToElementTransformerNull" start="1454923158050" dump="1454923158051"/><sessioninfo id="" start="1454923158058" dump="1454923158060"/><sessioninfo id="it.polimi.automata.io.out.ModelToStringTrasformerTest testPerform" start="1454923158067" dump="1454923158072"/><sessioninfo id="" start="1454923158078" dump="1454923158079"/><sessioninfo id="it.polimi.automata.io.out.ModelToStringTrasformerTest testModelToStringTrasformer" start="1454923158085" dump="1454923158085"/><sessioninfo id="" start="1454923158092" dump="1454923158092"/><sessioninfo id="it.polimi.automata.io.out.ModelToStringTrasformerTest testModelToStringTrasformerNull" start="1454923158101" dump="1454923158101"/><sessioninfo id="" start="1454923158108" dump="1454923158110"/><sessioninfo id="it.polimi.automata.io.out.states.StateToElementTrasformerTest testStateToElementTrasformer" start="1454923158119" dump="1454923158120"/><sessioninfo id="" start="1454923158127" dump="1454923158127"/><sessioninfo id="it.polimi.automata.io.out.states.StateToElementTrasformerTest testStateToElementTrasformerNull" start="1454923158133" dump="1454923158133"/><sessioninfo id="" start="1454923158139" dump="1454923158139"/><sessioninfo id="it.polimi.automata.io.out.states.StateToElementTrasformerTest testTransformNull" start="1454923158146" dump="1454923158148"/><sessioninfo id="" start="1454923158156" dump="1454923158156"/><sessioninfo id="it.polimi.automata.io.out.states.StateToElementTrasformerTest testTransform" start="1454923158163" dump="1454923158165"/><sessioninfo id="" start="1454923158172" dump="1454923158174"/><sessioninfo id="it.polimi.automata.io.out.propositions.PropositionToElementTrasformerTest testTransform_Null" start="1454923158180" dump="1454923158181"/><sessioninfo id="" start="1454923158187" dump="1454923158188"/><sessioninfo id="it.polimi.automata.io.out.propositions.PropositionToElementTrasformerTest testPropositionToElementTrasformer_Null" start="1454923158193" dump="1454923158194"/><sessioninfo id="" start="1454923158199" dump="1454923158200"/><sessioninfo id="it.polimi.automata.io.out.propositions.PropositionToElementTrasformerTest testTransform" start="1454923158206" dump="1454923158206"/><sessioninfo id="" start="1454923158214" dump="1454923158216"/><sessioninfo id="it.polimi.automata.io.out.propositions.IGraphPropositionsToStringTransformerTest testNullPointerProposition" start="1454923158223" dump="1454923158250"/><sessioninfo id="" start="1454923158263" dump="1454923158264"/><sessioninfo id="it.polimi.automata.io.out.propositions.IGraphPropositionsToStringTransformerTest testTransformIGraphProposition" start="1454923158275" dump="1454923158277"/><sessioninfo id="" start="1454923158288" dump="1454923158289"/><sessioninfo id="it.polimi.automata.io.out.propositions.IGraphPropositionsToStringTransformerTest testTransformSetIGraphProposition" start="1454923158297" dump="1454923158298"/><sessioninfo id="" start="1454923158306" dump="1454923158306"/><sessioninfo id="it.polimi.automata.io.out.propositions.IGraphPropositionsToStringTransformerTest testTransformSigmaProposition" start="1454923158316" dump="1454923158318"/><sessioninfo id="" start="1454923158325" dump="1454923158327"/><sessioninfo id="it.polimi.automata.io.out.states.IBAStateToElementTransformerTest testStateToElementTrasformer" start="1454923158333" dump="1454923158335"/><sessioninfo id="" start="1454923158343" dump="1454923158344"/><sessioninfo id="it.polimi.automata.io.out.states.IBAStateToElementTransformerTest testStateToElementTrasformerNull" start="1454923158350" dump="1454923158351"/><sessioninfo id="" start="1454923158358" dump="1454923158359"/><sessioninfo id="it.polimi.automata.io.out.states.IBAStateToElementTransformerTest testStateToElementTrasformerNotBAState" start="1454923158367" dump="1454923158369"/><sessioninfo id="" start="1454923158376" dump="1454923158379"/><sessioninfo id="it.polimi.automata.io.out.states.IBAStateToElementTransformerTest testStateToElementTrasformerNotInitialNotAcceptingState" start="1454923158387" dump="1454923158388"/><sessioninfo id="" start="1454923158394" dump="1454923158394"/><sessioninfo id="it.polimi.automata.io.out.states.IBAStateToElementTransformerTest testStateToElementTrasformerInitialAcceptingState" start="1454923158400" dump="1454923158401"/><sessioninfo id="" start="1454923158407" dump="1454923158408"/><sessioninfo id="it.polimi.automata.io.out.states.IBAStateToElementTransformerTest testIBAStateToElementTransformerNull" start="1454923158413" dump="1454923158414"/><sessioninfo id="" start="1454923158421" dump="1454923158424"/><sessioninfo id="it.polimi.automata.io.in.propositions.StringToModelPropositionsTest testTransformIllegalArgument" start="1454923158429" dump="1454923158430"/><sessioninfo id="" start="1454923158437" dump="1454923158438"/><sessioninfo id="it.polimi.automata.io.in.propositions.StringToModelPropositionsTest testTransformNull" start="1454923158443" dump="1454923158444"/><sessioninfo id="" start="1454923158451" dump="1454923158452"/><sessioninfo id="it.polimi.automata.io.in.propositions.StringToModelPropositionsTest testTransformAtomicProposition" start="1454923158457" dump="1454923158459"/><sessioninfo id="" start="1454923158466" dump="1454923158466"/><sessioninfo id="it.polimi.automata.io.in.propositions.StringToModelPropositionsTest testTransformPropositionalFormula" start="1454923158472" dump="1454923158473"/><sessioninfo id="" start="1454923158481" dump="1454923158482"/><sessioninfo id="it.polimi.automata.io.in.propositions.StringToModelPropositionsTest testTransformIllegalArgumentNegatedProposition" start="1454923158489" dump="1454923158489"/><sessioninfo id="" start="1454923158495" dump="1454923158496"/><sessioninfo id="it.polimi.automata.io.in.propositions.StringToModelPropositionsTest testTransformIllegalArgumentSigma" start="1454923158502" dump="1454923158502"/><sessioninfo id="" start="1454923158508" dump="1454923158511"/><sessioninfo id="it.polimi.automata.io.in.states.IBAElementToStateTransformerTest test" start="1454923158516" dump="1454923158520"/><sessioninfo id="" start="1454923158527" dump="1454923158527"/><sessioninfo id="it.polimi.automata.io.in.states.IBAElementToStateTransformerTest transform_Null" start="1454923158533" dump="1454923158535"/><sessioninfo id="" start="1454923158540" dump="1454923158541"/><sessioninfo id="it.polimi.automata.io.in.states.IBAElementToStateTransformerTest transform_NoName" start="1454923158550" dump="1454923158554"/><sessioninfo id="" start="1454923158563" dump="1454923158564"/><sessioninfo id="it.polimi.automata.io.in.states.IBAElementToStateTransformerTest transform_NoId" start="1454923158572" dump="1454923158574"/><sessioninfo id="" start="1454923158582" dump="1454923158582"/><sessioninfo id="it.polimi.automata.io.in.states.IBAElementToStateTransformerTest transformNoInitialNoAccepting" start="1454923158589" dump="1454923158592"/><sessioninfo id="" start="1454923158598" dump="1454923158599"/><sessioninfo id="it.polimi.automata.io.in.states.IBAElementToStateTransformerTest transform" start="1454923158605" dump="1454923158608"/><sessioninfo id="it.polimi.automata.io.in.states.IBAElementToStateTransformerTest transform" start="1454923158615" dump="1454923158620"/><package name="it/polimi/automata/io/in/states"><class name="it/polimi/automata/io/in/states/BAElementToStateTransformer"><method name="&lt;init&gt;" desc="(Lit/polimi/automata/BA;)V" line="38"><counter type="INSTRUCTION" missed="0" covered="15"/><counter type="LINE" missed="0" covered="5"/><counter type="COMPLEXITY" missed="0" covered="1"/><counter type="METHOD" missed="0" covered="1"/></method><method name="transform" desc="(Lorg/w3c/dom/Element;)Lit/polimi/automata/state/State;" line="59"><counter type="INSTRUCTION" missed="0" covered="63"/><counter type="BRANCH" missed="0" covered="8"/><counter type="LINE" missed="0" covered="19"/><counter type="COMPLEXITY" missed="0" covered="5"/><counter type="METHOD" missed="0" covered="1"/></method><counter type="INSTRUCTION" missed="0" covered="78"/><counter type="BRANCH" missed="0" covered="8"/><counter type="LINE" missed="0" covered="24"/><counter type="COMPLEXITY" missed="0" covered="6"/><counter type="METHOD" missed="0" covered="2"/><counter type="CLASS" missed="0" covered="1"/></class><class name="it/polimi/automata/io/in/states/IBAElementToStateTransformer"><method name="&lt;init&gt;" desc="(Lit/polimi/automata/IBA;)V" line="40"><counter type="INSTRUCTION" missed="0" covered="15"/><counter type="LINE" missed="0" covered="5"/><counter type="COMPLEXITY" missed="0" covered="1"/><counter type="METHOD" missed="0" covered="1"/></method><method name="transform" desc="(Lorg/w3c/dom/Element;)Lit/polimi/automata/state/State;" line="62"><counter type="INSTRUCTION" missed="0" covered="78"/><counter type="BRANCH" missed="0" covered="12"/><counter type="LINE" missed="0" covered="27"/><counter type="COMPLEXITY" missed="0" covered="7"/><counter type="METHOD" missed="0" covered="1"/></method><counter type="INSTRUCTION" missed="0" covered="93"/><counter type="BRANCH" missed="0" covered="12"/><counter type="LINE" missed="0" covered="32"/><counter type="COMPLEXITY" missed="0" covered="8"/><counter type="METHOD" missed="0" covered="2"/><counter type="CLASS" missed="0" covered="1"/></class><sourcefile name="BAElementToStateTransformer.java"><line nr="38" mi="0" ci="2" mb="0" cb="0"/><line nr="39" mi="0" ci="4" mb="0" cb="0"/><line nr="41" mi="0" ci="5" mb="0" cb="0"/><line nr="42" mi="0" ci="3" mb="0" cb="0"/><line nr="43" mi="0" ci="1" mb="0" cb="0"/><line nr="59" mi="0" ci="4" mb="0" cb="0"/><line nr="60" mi="0" ci="3" mb="0" cb="0"/><line nr="61" mi="0" ci="2" mb="0" cb="0"/><line nr="64" mi="0" ci="2" mb="0" cb="0"/><line nr="65" mi="0" ci="1" mb="0" cb="0"/><line nr="66" mi="0" ci="2" mb="0" cb="0"/><line nr="71" mi="0" ci="4" mb="0" cb="0"/><line nr="72" mi="0" ci="1" mb="0" cb="0"/><line nr="74" mi="0" ci="6" mb="0" cb="0"/><line nr="75" mi="0" ci="2" mb="0" cb="0"/><line nr="77" mi="0" ci="4" mb="0" cb="0"/><line nr="79" mi="0" ci="3" mb="0" cb="0"/><line nr="80" mi="0" ci="4" mb="0" cb="2"/><line nr="81" mi="0" ci="4" mb="0" cb="2"/><line nr="82" mi="0" ci="4" mb="0" cb="0"/><line nr="84" mi="0" ci="7" mb="0" cb="2"/><line nr="85" mi="0" ci="4" mb="0" cb="2"/><line nr="87" mi="0" ci="4" mb="0" cb="0"/><line nr="89" mi="0" ci="2" mb="0" cb="0"/><counter type="INSTRUCTION" missed="0" covered="78"/><counter type="BRANCH" missed="0" covered="8"/><counter type="LINE" missed="0" covered="24"/><counter type="COMPLEXITY" missed="0" covered="6"/><counter type="METHOD" missed="0" covered="2"/><counter type="CLASS" missed="0" covered="1"/></sourcefile><sourcefile name="IBAElementToStateTransformer.java"><line nr="40" mi="0" ci="2" mb="0" cb="0"/><line nr="41" mi="0" ci="4" mb="0" cb="0"/><line nr="44" mi="0" ci="5" mb="0" cb="0"/><line nr="45" mi="0" ci="3" mb="0" cb="0"/><line nr="46" mi="0" ci="1" mb="0" cb="0"/><line nr="62" mi="0" ci="4" mb="0" cb="0"/><line nr="63" mi="0" ci="3" mb="0" cb="0"/><line nr="64" mi="0" ci="2" mb="0" cb="0"/><line nr="67" mi="0" ci="2" mb="0" cb="0"/><line nr="68" mi="0" ci="1" mb="0" cb="0"/><line nr="69" mi="0" ci="2" mb="0" cb="0"/><line nr="74" mi="0" ci="4" mb="0" cb="0"/><line nr="75" mi="0" ci="1" mb="0" cb="0"/><line nr="77" mi="0" ci="6" mb="0" cb="0"/><line nr="78" mi="0" ci="2" mb="0" cb="0"/><line nr="80" mi="0" ci="4" mb="0" cb="0"/><line nr="82" mi="0" ci="3" mb="0" cb="0"/><line nr="83" mi="0" ci="4" mb="0" cb="2"/><line nr="84" mi="0" ci="3" mb="0" cb="2"/><line nr="86" mi="0" ci="1" mb="0" cb="0"/><line nr="87" mi="0" ci="4" mb="0" cb="0"/><line nr="89" mi="0" ci="3" mb="0" cb="0"/><line nr="90" mi="0" ci="4" mb="0" cb="2"/><line nr="91" mi="0" ci="3" mb="0" cb="2"/><line nr="93" mi="0" ci="1" mb="0" cb="0"/><line nr="94" mi="0" ci="4" mb="0" cb="0"/><line nr="96" mi="0" ci="3" mb="0" cb="0"/><line nr="97" mi="0" ci="4" mb="0" cb="2"/><line nr="98" mi="0" ci="3" mb="0" cb="2"/><line nr="100" mi="0" ci="1" mb="0" cb="0"/><line nr="101" mi="0" ci="4" mb="0" cb="0"/><line nr="103" mi="0" ci="2" mb="0" cb="0"/><counter type="INSTRUCTION" missed="0" covered="93"/><counter type="BRANCH" missed="0" covered="12"/><counter type="LINE" missed="0" covered="32"/><counter type="COMPLEXITY" missed="0" covered="8"/><counter type="METHOD" missed="0" covered="2"/><counter type="CLASS" missed="0" covered="1"/></sourcefile><counter type="INSTRUCTION" missed="0" covered="171"/><counter type="BRANCH" missed="0" covered="20"/><counter type="LINE" missed="0" covered="56"/><counter type="COMPLEXITY" missed="0" covered="14"/><counter type="METHOD" missed="0" covered="4"/><counter type="CLASS" missed="0" covered="2"/></package><package name="it/polimi/automata/io/in/propositions"><class name="it/polimi/automata/io/in/propositions/StringToClaimPropositions"><method name="&lt;init&gt;" desc="()V" line="22"><counter type="INSTRUCTION" missed="0" covered="3"/><counter type="LINE" missed="0" covered="1"/><counter type="COMPLEXITY" missed="0" covered="1"/><counter type="METHOD" missed="0" covered="1"/></method><method name="transform" desc="(Ljava/lang/String;)L
[...]
0"><counter type="INSTRUCTION" missed="0" covered="38"/><counter type="LINE" missed="0" covered="10"/><counter type="COMPLEXITY" missed="0" covered="1"/><counter type="METHOD" missed="0" covered="1"/></method><counter type="INSTRUCTION" missed="0" covered="48"/><counter type="LINE" missed="0" covered="14"/><counter type="COMPLEXITY" missed="0" covered="2"/><counter type="METHOD" missed="0" covered="2"/><counter type="CLASS" missed="0" covered="1"/></class><sourcefile name="IBAStateToElementTransformer.java"><line nr="32" mi="0" ci="4" mb="0" cb="0"/><line nr="33" mi="0" ci="1" mb="0" cb="0"/><line nr="47" mi="0" ci="4" mb="0" cb="0"/><line nr="49" mi="0" ci="4" mb="0" cb="0"/><line nr="52" mi="0" ci="7" mb="0" cb="2"/><line nr="53" mi="0" ci="3" mb="0" cb="0"/><line nr="54" mi="0" ci="2" mb="0" cb="0"/><line nr="55" mi="0" ci="3" mb="0" cb="0"/><line nr="56" mi="0" ci="4" mb="0" cb="0"/><line nr="59" mi="0" ci="2" mb="0" cb="0"/><counter type="INSTRUCTION" missed="0" covered="34"/><counter type="BRANCH" missed="0" covered="2"/><counter type="LINE" missed="0" covered="10"/><counter type="COMPLEXITY" missed="0" covered="3"/><counter type="METHOD" missed="0" covered="2"/><counter type="CLASS" missed="0" covered="1"/></sourcefile><sourcefile name="IntBAStateToElementTransformer.java"><line nr="35" mi="0" ci="4" mb="0" cb="0"/><line nr="36" mi="0" ci="1" mb="0" cb="0"/><line nr="40" mi="0" ci="4" mb="0" cb="0"/><line nr="42" mi="0" ci="4" mb="0" cb="0"/><line nr="44" mi="0" ci="7" mb="0" cb="2"/><line nr="46" mi="0" ci="3" mb="0" cb="0"/><line nr="47" mi="0" ci="2" mb="0" cb="0"/><line nr="48" mi="0" ci="3" mb="0" cb="0"/><line nr="49" mi="0" ci="4" mb="0" cb="0"/><line nr="52" mi="0" ci="2" mb="0" cb="0"/><counter type="INSTRUCTION" missed="0" covered="34"/><counter type="BRANCH" missed="0" covered="2"/><counter type="LINE" missed="0" covered="10"/><counter type="COMPLEXITY" missed="0" covered="3"/><counter type="METHOD" missed="0" covered="2"/><counter type="CLASS" missed="0" covered="1"/></sourcefile><sourcefile name="BAStateToElementTransformer.java"><line nr="40" mi="0" ci="3" mb="0" cb="0"/><line nr="41" mi="0" ci="4" mb="0" cb="0"/><line nr="43" mi="0" ci="3" mb="0" cb="0"/><line nr="44" mi="0" ci="1" mb="0" cb="0"/><line nr="58" mi="0" ci="4" mb="0" cb="0"/><line nr="59" mi="0" ci="7" mb="0" cb="0"/><line nr="62" mi="0" ci="4" mb="0" cb="0"/><line nr="63" mi="0" ci="6" mb="0" cb="2"/><line nr="65" mi="0" ci="3" mb="0" cb="0"/><line nr="66" mi="0" ci="2" mb="0" cb="0"/><line nr="67" mi="0" ci="3" mb="0" cb="0"/><line nr="68" mi="0" ci="4" mb="0" cb="0"/><line nr="70" mi="0" ci="6" mb="0" cb="2"/><line nr="72" mi="0" ci="3" mb="0" cb="0"/><line nr="73" mi="0" ci="2" mb="0" cb="0"/><line nr="74" mi="0" ci="3" mb="0" cb="0"/><line nr="75" mi="0" ci="4" mb="0" cb="0"/><line nr="77" mi="0" ci="2" mb="0" cb="0"/><counter type="INSTRUCTION" missed="0" covered="64"/><counter type="BRANCH" missed="0" covered="4"/><counter type="LINE" missed="0" covered="18"/><counter type="COMPLEXITY" missed="0" covered="4"/><counter type="METHOD" missed="0" covered="2"/><counter type="CLASS" missed="0" covered="1"/></sourcefile><sourcefile name="StateToElementTrasformer.java"><line nr="34" mi="0" ci="2" mb="0" cb="0"/><line nr="35" mi="0" ci="4" mb="0" cb="0"/><line nr="37" mi="0" ci="3" mb="0" cb="0"/><line nr="38" mi="0" ci="1" mb="0" cb="0"/><line nr="50" mi="0" ci="4" mb="0" cb="0"/><line nr="52" mi="0" ci="3" mb="0" cb="0"/><line nr="53" mi="0" ci="2" mb="0" cb="0"/><line nr="56" mi="0" ci="5" mb="0" cb="0"/><line nr="57" mi="0" ci="5" mb="0" cb="0"/><line nr="58" mi="0" ci="4" mb="0" cb="0"/><line nr="61" mi="0" ci="5" mb="0" cb="0"/><line nr="62" mi="0" ci="4" mb="0" cb="0"/><line nr="63" mi="0" ci="4" mb="0" cb="0"/><line nr="65" mi="0" ci="2" mb="0" cb="0"/><counter type="INSTRUCTION" missed="0" covered="48"/><counter type="LINE" missed="0" covered="14"/><counter type="COMPLEXITY" missed="0" covered="2"/><counter type="METHOD" missed="0" covered="2"/><counter type="CLASS" missed="0" covered="1"/></sourcefile><counter type="INSTRUCTION" missed="0" covered="180"/><counter type="BRANCH" missed="0" covered="8"/><counter type="LINE" missed="0" covered="52"/><counter type="COMPLEXITY" missed="0" covered="12"/><counter type="METHOD" missed="0" covered="8"/><counter type="CLASS" missed="0" covered="4"/></package><package name="it/polimi/automata/io/out/transitions"><class name="it/polimi/automata/io/out/transitions/TransitionToElementTransformer"><method name="&lt;init&gt;" desc="(Lorg/w3c/dom/Document;)V" line="38"><counter type="INSTRUCTION" missed="0" covered="10"/><counter type="LINE" missed="0" covered="4"/><counter type="COMPLEXITY" missed="0" covered="1"/><counter type="METHOD" missed="0" covered="1"/></method><method name="transform" desc="(Lit/polimi/automata/transition/Transition;)Lorg/w3c/dom/Element;" line="54"><counter type="INSTRUCTION" missed="0" covered="42"/><counter type="LINE" missed="0" covered="12"/><counter type="COMPLEXITY" missed="0" covered="1"/><counter type="METHOD" missed="0" covered="1"/></method><counter type="INSTRUCTION" missed="0" covered="52"/><counter type="LINE" missed="0" covered="16"/><counter type="COMPLEXITY" missed="0" covered="2"/><counter type="METHOD" missed="0" covered="2"/><counter type="CLASS" missed="0" covered="1"/></class><class name="it/polimi/automata/io/out/transitions/IntBATransitionToElementTransformer"><method name="&lt;init&gt;" desc="(Lit/polimi/automata/IntersectionBA;Lorg/w3c/dom/Document;)V" line="38"><counter type="INSTRUCTION" missed="0" covered="5"/><counter type="LINE" missed="0" covered="2"/><counter type="COMPLEXITY" missed="0" covered="1"/><counter type="METHOD" missed="0" covered="1"/></method><method name="transform" desc="(Lit/polimi/automata/transition/Transition;)Lorg/w3c/dom/Element;" line="54"><counter type="INSTRUCTION" missed="0" covered="25"/><counter type="BRANCH" missed="0" covered="2"/><counter type="LINE" missed="0" covered="8"/><counter type="COMPLEXITY" missed="0" covered="2"/><counter type="METHOD" missed="0" covered="1"/></method><counter type="INSTRUCTION" missed="0" covered="30"/><counter type="BRANCH" missed="0" covered="2"/><counter type="LINE" missed="0" covered="10"/><counter type="COMPLEXITY" missed="0" covered="3"/><counter type="METHOD" missed="0" covered="2"/><counter type="CLASS" missed="0" covered="1"/></class><class name="it/polimi/automata/io/out/transitions/BATransitionToElementTransformer"><method name="&lt;init&gt;" desc="(Lit/polimi/automata/BA;Lorg/w3c/dom/Document;)V" line="42"><counter type="INSTRUCTION" missed="0" covered="11"/><counter type="LINE" missed="0" covered="4"/><counter type="COMPLEXITY" missed="0" covered="1"/><counter type="METHOD" missed="0" covered="1"/></method><method name="transform" desc="(Lit/polimi/automata/transition/Transition;)Lorg/w3c/dom/Element;" line="59"><counter type="INSTRUCTION" missed="0" covered="51"/><counter type="LINE" missed="0" covered="15"/><counter type="COMPLEXITY" missed="0" covered="1"/><counter type="METHOD" missed="0" covered="1"/></method><counter type="INSTRUCTION" missed="0" covered="62"/><counter type="LINE" missed="0" covered="19"/><counter type="COMPLEXITY" missed="0" covered="2"/><counter type="METHOD" missed="0" covered="2"/><counter type="CLASS" missed="0" covered="1"/></class><sourcefile name="TransitionToElementTransformer.java"><line nr="38" mi="0" ci="2" mb="0" cb="0"/><line nr="39" mi="0" ci="4" mb="0" cb="0"/><line nr="40" mi="0" ci="3" mb="0" cb="0"/><line nr="41" mi="0" ci="1" mb="0" cb="0"/><line nr="54" mi="0" ci="4" mb="0" cb="0"/><line nr="57" mi="0" ci="3" mb="0" cb="0"/><line nr="58" mi="0" ci="2" mb="0" cb="0"/><line nr="60" mi="0" ci="5" mb="0" cb="0"/><line nr="61" mi="0" ci="5" mb="0" cb="0"/><line nr="62" mi="0" ci="4" mb="0" cb="0"/><line nr="65" mi="0" ci="3" mb="0" cb="0"/><line nr="66" mi="0" ci="2" mb="0" cb="0"/><line nr="68" mi="0" ci="6" mb="0" cb="0"/><line nr="69" mi="0" ci="2" mb="0" cb="0"/><line nr="70" mi="0" ci="4" mb="0" cb="0"/><line nr="72" mi="0" ci="2" mb="0" cb="0"/><counter type="INSTRUCTION" missed="0" covered="52"/><counter type="LINE" missed="0" covered="16"/><counter type="COMPLEXITY" missed="0" covered="2"/><counter type="METHOD" missed="0" covered="2"/><counter type="CLASS" missed="0" covered="1"/></sourcefile><sourcefile name="BATransitionToElementTransformer.java"><line nr="42" mi="0" ci="3" mb="0" cb="0"/><line nr="43" mi="0" ci="4" mb="0" cb="0"/><line nr="44" mi="0" ci="3" mb="0" cb="0"/><line nr="45" mi="0" ci="1" mb="0" cb="0"/><line nr="59" mi="0" ci="4" mb="0" cb="0"/><line nr="62" mi="0" ci="3" mb="0" cb="0"/><line nr="63" mi="0" ci="4" mb="0" cb="0"/><line nr="66" mi="0" ci="4" mb="0" cb="0"/><line nr="69" mi="0" ci="3" mb="0" cb="0"/><line nr="70" mi="0" ci="2" mb="0" cb="0"/><line nr="71" mi="0" ci="7" mb="0" cb="0"/><line nr="72" mi="0" ci="1" mb="0" cb="0"/><line nr="73" mi="0" ci="4" mb="0" cb="0"/><line nr="76" mi="0" ci="3" mb="0" cb="0"/><line nr="77" mi="0" ci="2" mb="0" cb="0"/><line nr="78" mi="0" ci="6" mb="0" cb="0"/><line nr="79" mi="0" ci="2" mb="0" cb="0"/><line nr="80" mi="0" ci="4" mb="0" cb="0"/><line nr="82" mi="0" ci="2" mb="0" cb="0"/><counter type="INSTRUCTION" missed="0" covered="62"/><counter type="LINE" missed="0" covered="19"/><counter type="COMPLEXITY" missed="0" covered="2"/><counter type="METHOD" missed="0" covered="2"/><counter type="CLASS" missed="0" covered="1"/></sourcefile><sourcefile name="IntBATransitionToElementTransformer.java"><line nr="38" mi="0" ci="4" mb="0" cb="0"/><line nr="39" mi="0" ci="1" mb="0" cb="0"/><line nr="54" mi="0" ci="4" mb="0" cb="0"/><line nr="56" mi="0" ci="5" mb="0" cb="0"/><line nr="57" mi="0" ci="2" mb="0" cb="2"/><line nr="58" mi="0" ci="3" mb="0" cb="0"/><line nr="59" mi="0" ci="2" mb="0" cb="0"/><line nr="60" mi="0" ci="3" mb="0" cb="0"/><line nr="61" mi="0" ci="4" mb="0" cb="0"/><line nr="63" mi="0" ci="2" mb="0" cb="0"/><counter type="INSTRUCTION" missed="0" covered="30"/><counter type="BRANCH" missed="0" covered="2"/><counter type="LINE" missed="0" covered="10"/><counter type="COMPLEXITY" missed="0" covered="3"/><counter type="METHOD" missed="0" covered="2"/><counter type="CLASS" missed="0" covered="1"/></sourcefile><counter type="INSTRUCTION" missed="0" covered="144"/><counter type="BRANCH" missed="0" covered="2"/><counter type="LINE" missed="0" covered="45"/><counter type="COMPLEXITY" missed="0" covered="7"/><counter type="METHOD" missed="0" covered="6"/><counter type="CLASS" missed="0" covered="3"/></package><package name="it/polimi/automata/io/in/transitions"><class name="it/polimi/automata/io/in/transitions/BAElementToTransitionTransformer"><method name="&lt;init&gt;" desc="(Lit/polimi/automata/BA;Ljava/util/Map;)V" line="62"><counter type="INSTRUCTION" missed="0" covered="32"/><counter type="LINE" missed="0" covered="11"/><counter type="COMPLEXITY" missed="0" covered="1"/><counter type="METHOD" missed="0" covered="1"/></method><method name="transform" desc="(Lorg/w3c/dom/Element;)Lit/polimi/automata/transition/Transition;" line="97"><counter type="INSTRUCTION" missed="0" covered="124"/><counter type="BRANCH" missed="0" covered="2"/><counter type="LINE" missed="0" covered="39"/><counter type="COMPLEXITY" missed="0" covered="2"/><counter type="METHOD" missed="0" covered="1"/></method><counter type="INSTRUCTION" missed="0" covered="156"/><counter type="BRANCH" missed="0" covered="2"/><counter type="LINE" missed="0" covered="50"/><counter type="COMPLEXITY" missed="0" covered="3"/><counter type="METHOD" missed="0" covered="2"/><counter type="CLASS" missed="0" covered="1"/></class><class name="it/polimi/automata/io/in/transitions/IBAElementToTransitionTransformer"><method name="&lt;init&gt;" desc="(Lit/polimi/automata/IBA;Ljava/util/Map;)V" line="62"><counter type="INSTRUCTION" missed="0" covered="32"/><counter type="LINE" missed="0" covered="13"/><counter type="COMPLEXITY" missed="0" covered="1"/><counter type="METHOD" missed="0" covered="1"/></method><method name="transform" desc="(Lorg/w3c/dom/Element;)Lit/polimi/automata/transition/Transition;" line="97"><counter type="INSTRUCTION" missed="0" covered="122"/><counter type="BRANCH" missed="0" covered="2"/><counter type="LINE" missed="0" covered="45"/><counter type="COMPLEXITY" missed="0" covered="2"/><counter type="METHOD" missed="0" covered="1"/></method><counter type="INSTRUCTION" missed="0" covered="154"/><counter type="BRANCH" missed="0" covered="2"/><counter type="LINE" missed="0" covered="58"/><counter type="COMPLEXITY" missed="0" covered="3"/><counter type="METHOD" missed="0" covered="2"/><counter type="CLASS" missed="0" covered="1"/></class><sourcefile name="IBAElementToTransitionTransformer.java"><line nr="62" mi="0" ci="2" mb="0" cb="0"/><line nr="64" mi="0" ci="3" mb="0" cb="0"/><line nr="65" mi="0" ci="1" mb="0" cb="0"/><line nr="66" mi="0" ci="3" mb="0" cb="0"/><line nr="67" mi="0" ci="1" mb="0" cb="0"/><line nr="69" mi="0" ci="1" mb="0" cb="0"/><line nr="71" mi="0" ci="3" mb="0" cb="0"/><line nr="72" mi="0" ci="5" mb="0" cb="0"/><line nr="73" mi="0" ci="1" mb="0" cb="0"/><line nr="74" mi="0" ci="5" mb="0" cb="0"/><line nr="75" mi="0" ci="3" mb="0" cb="0"/><line nr="76" mi="0" ci="3" mb="0" cb="0"/><line nr="77" mi="0" ci="1" mb="0" cb="0"/><line nr="97" mi="0" ci="3" mb="0" cb="0"/><line nr="98" mi="0" ci="1" mb="0" cb="0"/><line nr="99" mi="0" ci="2" mb="0" cb="0"/><line nr="100" mi="0" ci="2" mb="0" cb="0"/><line nr="101" mi="0" ci="1" mb="0" cb="0"/><line nr="103" mi="0" ci="1" mb="0" cb="0"/><line nr="104" mi="0" ci="3" mb="0" cb="0"/><line nr="105" mi="0" ci="1" mb="0" cb="0"/><line nr="107" mi="0" ci="1" mb="0" cb="0"/><line nr="108" mi="0" ci="3" mb="0" cb="0"/><line nr="109" mi="0" ci="1" mb="0" cb="0"/><line nr="111" mi="0" ci="1" mb="0" cb="0"/><line nr="112" mi="0" ci="2" mb="0" cb="0"/><line nr="113" mi="0" ci="2" mb="0" cb="0"/><line nr="114" mi="0" ci="1" mb="0" cb="0"/><line nr="115" mi="0" ci="2" mb="0" cb="0"/><line nr="116" mi="0" ci="2" mb="0" cb="0"/><line nr="118" mi="0" ci="1" mb="0" cb="0"/><line nr="119" mi="0" ci="5" mb="0" cb="0"/><line nr="120" mi="0" ci="5" mb="0" cb="0"/><line nr="121" mi="0" ci="2" mb="0" cb="0"/><line nr="122" mi="0" ci="2" mb="0" cb="0"/><line nr="124" mi="0" ci="1" mb="0" cb="0"/><line nr="125" mi="0" ci="5" mb="0" cb="0"/><line nr="126" mi="0" ci="5" mb="0" cb="0"/><line nr="127" mi="0" ci="2" mb="0" cb="0"/><line nr="128" mi="0" ci="2" mb="0" cb="0"/><line nr="130" mi="0" ci="2" mb="0" cb="0"/><line nr="132" mi="0" ci="1" mb="0" cb="0"/><line nr="133" mi="0" ci="2" mb="0" cb="0"/><line nr="134" mi="0" ci="2" mb="0" cb="0"/><line nr="135" mi="0" ci="2" mb="0" cb="0"/><line nr="136" mi="0" ci="4" mb="0" cb="0"/><line nr="137" mi="0" ci="8" mb="0" cb="0"/><line nr="138" mi="0" ci="2" mb="0" cb="0"/><line nr="141" mi="0" ci="4" mb="0" cb="0"/><line nr="142" mi="0" ci="1" mb="0" cb="0"/><line nr="143" mi="0" ci="3" mb="0" cb="2"/><line nr="144" mi="0" ci="4" mb="0" cb="0"/><line nr="145" mi="0" ci="2" mb="0" cb="0"/><line nr="146" mi="0" ci="2" mb="0" cb="0"/><line nr="150" mi="0" ci="6" mb="0" cb="0"/><line nr="152" mi="0" ci="9" mb="0" cb="0"/><line nr="153" mi="0" ci="7" mb="0" cb="0"/><line nr="154" mi="0" ci="2" mb="0" cb="0"/><counter type="INSTRUCTION" missed="0" covered="154"/><counter type="BRANCH" missed="0" covered="2"/><counter type="LINE" missed="0" covered="58"/><counter type="COMPLEXITY" missed="0" covered="3"/><counter type="METHOD" missed="0" covered="2"/><counter type="CLASS" missed="0" covered="1"/></sourcefile><sourcefile name="BAElementToTransitionTransformer.java"><line nr="62" mi="0" ci="2" mb="0" cb="0"/><line nr="63" mi="0" ci="4" mb="0" cb="0"/><line nr="65" mi="0" ci="4" mb="0" cb="0"/><line nr="67" mi="0" ci="1" mb="0" cb="0"/><line nr="68" mi="0" ci="1" mb="0" cb="0"/><line nr="70" mi="0" ci="6" mb="0" cb="0"/><line nr="71" mi="0" ci="2" mb="0" cb="0"/><line nr="73" mi="0" ci="5" mb="0" cb="0"/><line nr="74" mi="0" ci="3" mb="0" cb="0"/><line nr="75" mi="0" ci="3" mb="0" cb="0"/><line nr="77" mi="0" ci="1" mb="0" cb="0"/><line nr="97" mi="0" ci="4" mb="0" cb="0"/><line nr="99" mi="0" ci="3" mb="0" cb="0"/><line nr="100" mi="0" ci="2" mb="0" cb="0"/><line nr="102" mi="0" ci="2" mb="0" cb="0"/><line nr="103" mi="0" ci="1" mb="0" cb="0"/><line nr="104" mi="0" ci="2" mb="0" cb="0"/><line nr="106" mi="0" ci="2" mb="0" cb="0"/><line nr="107" mi="0" ci="1" mb="0" cb="0"/><line nr="108" mi="0" ci="2" mb="0" cb="0"/><line nr="111" mi="0" ci="2" mb="0" cb="0"/><line nr="112" mi="0" ci="2" mb="0" cb="0"/><line nr="113" mi="0" ci="1" mb="0" cb="0"/><line nr="114" mi="0" ci="2" mb="0" cb="0"/><line nr="115" mi="0" ci="2" mb="0" cb="0"/><line nr="116" mi="0" ci="1" mb="0" cb="0"/><line nr="117" mi="0" ci="3" mb="0" cb="0"/><line nr="118" mi="0" ci="1" mb="0" cb="0"/><line nr="119" mi="0" ci="12" mb="0" cb="0"/><line nr="123" mi="0" ci="3" mb="0" cb="0"/><line nr="124" mi="0" ci="1" mb="0" cb="0"/><line nr="125" mi="0" ci="12" mb="0" cb="0"/><line nr="130" mi="0" ci="2" mb="0" cb="0"/><line nr="132" mi="0" ci="2" mb="0" cb="0"/><line nr="133" mi="0" ci="2" mb="0" cb="0"/><line nr="134" mi="0" ci="1" mb="0" cb="0"/><line nr="135" mi="0" ci="1" mb="0" cb="0"/><line nr="136" mi="0" ci="7" mb="0" cb="0"/><line nr="137" mi="0" ci="7" mb="0" cb="0"/><line nr="139" mi="0" ci="1" mb="0" cb="0"/><line nr="141" mi="0" ci="4" mb="0" cb="0"/><line nr="142" mi="0" ci="2" mb="0" cb="0"/><line nr="143" mi="0" ci="2" mb="0" cb="2"/><line nr="144" mi="0" ci="5" mb="0" cb="0"/><line nr="145" mi="0" ci="2" mb="0" cb="0"/><line nr="146" mi="0" ci="1" mb="0" cb="0"/><line nr="150" mi="0" ci="6" mb="0" cb="0"/><line nr="152" mi="0" ci="12" mb="0" cb="0"/><line nr="153" mi="0" ci="4" mb="0" cb="0"/><line nr="154" mi="0" ci="2" mb="0" cb="0"/><counter type="INSTRUCTION" missed="0" covered="156"/><counter type="BRANCH" missed="0" covered="2"/><counter type="LINE" missed="0" covered="50"/><counter type="COMPLEXITY" missed="0" covered="3"/><counter type="METHOD" missed="0" covered="2"/><counter type="CLASS" missed="0" covered="1"/></sourcefile><counter type="INSTRUCTION" missed="0" covered="310"/><counter type="BRANCH" missed="0" covered="4"/><counter type="LINE" missed="0" covered="108"/><counter type="COMPLEXITY" missed="0" covered="6"/><counter type="METHOD" missed="0" covered="4"/><counter type="CLASS" missed="0" covered="2"/></package><package name="it/polimi/automata"><class name="it/polimi/automata/AutomataIOConstants"><method name="&lt;init&gt;" desc="()V" line="105"><counter type="INSTRUCTION" missed="0" covered="3"/><counter type="LINE" missed="0" covered="2"/><counter type="COMPLEXITY" missed="0" covered="1"/><counter type="METHOD" missed="0" covered="1"/></method><counter type="INSTRUCTION" missed="0" covered="3"/><counter type="LINE" missed="0" covered="2"/><counter type="COMPLEXITY" missed="0" covered="1"/><counter type="METHOD" missed="0" covered="1"/><counter type="CLASS" missed="0" covered="1"/></class><sourcefile name="AutomataIOConstants.java"><line nr="105" mi="0" ci="2" mb="0" cb="0"/><line nr="107" mi="0" ci="1" mb="0" cb="0"/><counter type="INSTRUCTION" missed="0" covered="3"/><counter type="LINE" missed="0" covered="2"/><counter type="COMPLEXITY" missed="0" covered="1"/><counter type="METHOD" missed="0" covered="1"/><counter type="CLASS" missed="0" covered="1"/></sourcefile><counter type="INSTRUCTION" missed="0" covered="3"/><counter type="LINE" missed="0" covered="2"/><counter type="COMPLEXITY" missed="0" covered="1"/><counter type="METHOD" missed="0" covered="1"/><counter type="CLASS" missed="0" covered="1"/></package><counter type="INSTRUCTION" missed="110" covered="1953"/><counter type="BRANCH" missed="3" covered="79"/><counter type="LINE" missed="38" covered="572"/><counter type="COMPLEXITY" missed="13" covered="121"/><counter type="METHOD" missed="10" covered="83"/><counter type="CLASS" missed="1" covered="29"/></report>